---------------------------------------------------------------
[ 2019-04-09T09:42:48+08:00 ] 103.214.85.216 GET pml.zhihuo.com.cn/
[运行时间：0.646468s] [吞吐率：1.55req/s] [内存消耗：2,721.95kb] [文件加载：64]
[ info ] [ BEHAVIOR ] Run Closure @app_init [ RunTime:0.000057s ]
[ info ] [ CACHE ] INIT File
[ info ] [ BEHAVIOR ] Run Closure @app_init [ RunTime:0.006639s ]
[ info ] [ LANG ] /www/wwwroot/pml_zhihuo_com_cn/pml/thinkphp/lang/zh-cn.php
[ info ] [ ROUTE ] array (
  'type' => 'module',
  'module' => 
  array (
    0 => '',
    1 => NULL,
    2 => NULL,
  ),
)
[ info ] [ HEADER ] array (
  'cookie' => 'Hm_lvt_f8d0a8c400404989e195270b0bbf060a=1553327948,1553500638,1553739685,1553941255',
  'accept-language' => 'zh-CN,zh;q=0.9',
  'accept-encoding' => 'gzip, deflate',
  'referer' => 'http://127.0.0.1:8080/PersonalCenter',
  'accept' => 'image/webp,image/apng,image/*,*/*;q=0.8',
  'user-agent' => 'Mozilla/5.0 (Windows NT 10.0; Win64; x64) AppleWebKit/537.36 (KHTML, like Gecko) Chrome/73.0.3683.86 Safari/537.36',
  'connection' => 'keep-alive',
  'host' => 'pml.zhihuo.com.cn',
  'content-type' => '',
  'content-length' => '',
)
[ info ] [ PARAM ] array (
)
[ info ] [ LANG ] /www/wwwroot/pml_zhihuo_com_cn/pml/public/../application/index/lang/zh-cn.php
[ info ] [ BEHAVIOR ] Run app\common\behavior\Common @module_init [ RunTime:0.059883s ]
[ info ] [ LANG ] /www/wwwroot/pml_zhihuo_com_cn/pml/public/../application/index/lang/zh-cn/index.php
[ info ] [ RUN ] app\index\controller\Index->index[ /www/wwwroot/pml_zhihuo_com_cn/pml/application/index/controller/Index.php ]
[ info ] [ VIEW ] /www/wwwroot/pml_zhihuo_com_cn/pml/public/../application/index/view/index/index.html [ array (
  0 => 'user',
  1 => 'site',
  2 => 'config',
) ]
[ info ] [ LOG ] INIT File
---------------------------------------------------------------
[ 2019-04-09T09:42:48+08:00 ] 103.214.85.216 POST pml.zhihuo.com.cn/api/user/get_userinfo
[运行时间：0.688634s] [吞吐率：1.45req/s] [内存消耗：3,263.40kb] [文件加载：70]
[ info ] [ BEHAVIOR ] Run Closure @app_init [ RunTime:0.000034s ]
[ info ] [ CACHE ] INIT File
[ info ] [ BEHAVIOR ] Run Closure @app_init [ RunTime:0.006639s ]
[ info ] [ LANG ] /www/wwwroot/pml_zhihuo_com_cn/pml/thinkphp/lang/zh-cn.php
[ info ] [ ROUTE ] array (
  'type' => 'module',
  'module' => 
  array (
    0 => 'api',
    1 => 'user',
    2 => 'get_userinfo',
  ),
)
[ info ] [ HEADER ] array (
  'accept-language' => 'zh-CN,zh;q=0.9',
  'accept-encoding' => 'gzip, deflate',
  'referer' => 'http://127.0.0.1:8080/PersonalCenter',
  'content-type' => 'application/x-www-form-urlencoded',
  'user-agent' => 'Mozilla/5.0 (Windows NT 10.0; Win64; x64) AppleWebKit/537.36 (KHTML, like Gecko) Chrome/73.0.3683.86 Safari/537.36',
  'origin' => 'http://127.0.0.1:8080',
  'accept' => 'application/json, text/plain, */*',
  'content-length' => '42',
  'connection' => 'keep-alive',
  'host' => 'pml.zhihuo.com.cn',
)
[ info ] [ PARAM ] array (
  'token' => '4b793da8-d838-473a-b152-d059fd93914b',
)
[ info ] [ LANG ] /www/wwwroot/pml_zhihuo_com_cn/pml/public/../application/api/lang/zh-cn.php
[ info ] [ BEHAVIOR ] Run app\common\behavior\Common @module_init [ RunTime:0.039365s ]
[ info ] [ DB ] INIT mysql
[ info ] [ TOKEN ] INIT Mysql
[ info ] [ LANG ] /www/wwwroot/pml_zhihuo_com_cn/pml/public/../application/api/lang/zh-cn/user.php
[ info ] [ RUN ] app\api\controller\User->get_userinfo[ /www/wwwroot/pml_zhihuo_com_cn/pml/application/api/controller/User.php ]
[ info ] [ LOG ] INIT File
[ sql ] [ DB ] CONNECT:[ UseTime:0.003573s ] mysql:host=106.15.230.197;dbname=pml_zhihuo_com_c;charset=utf8
[ sql ] [ SQL ] SHOW COLUMNS FROM `pml_user_token` [ RunTime:0.002886s ]
[ sql ] [ SQL ] SELECT * FROM `pml_user_token` WHERE  `token` = '8488b19c70b99586d5f63137d02f926801c4ad2c' LIMIT 1 [ RunTime:0.002320s ]
[ sql ] [ SQL ] SHOW COLUMNS FROM `pml_user` [ RunTime:0.002898s ]
[ sql ] [ SQL ] SELECT * FROM `pml_user` WHERE  `id` = 12 LIMIT 1 [ RunTime:0.002347s ]
[ sql ] [ SQL ] SELECT * FROM `pml_user_token` WHERE  `token` = '8488b19c70b99586d5f63137d02f926801c4ad2c' LIMIT 1 [ RunTime:0.002372s ]
---------------------------------------------------------------
[ 2019-04-09T11:35:31+08:00 ] 103.214.85.216 GET pml.zhihuo.com.cn/
[运行时间：0.036341s] [吞吐率：27.52req/s] [内存消耗：2,721.95kb] [文件加载：64]
[ info ] [ BEHAVIOR ] Run Closure @app_init [ RunTime:0.000034s ]
[ info ] [ CACHE ] INIT File
[ info ] [ BEHAVIOR ] Run Closure @app_init [ RunTime:0.001342s ]
[ info ] [ LANG ] /www/wwwroot/pml_zhihuo_com_cn/pml/thinkphp/lang/zh-cn.php
[ info ] [ ROUTE ] array (
  'type' => 'module',
  'module' => 
  array (
    0 => '',
    1 => NULL,
    2 => NULL,
  ),
)
[ info ] [ HEADER ] array (
  'cookie' => 'Hm_lvt_f8d0a8c400404989e195270b0bbf060a=1553327948,1553500638,1553739685,1553941255',
  'accept-language' => 'zh-CN,zh;q=0.9',
  'accept-encoding' => 'gzip, deflate',
  'referer' => 'http://127.0.0.1:8080/PersonalCenter',
  'accept' => 'image/webp,image/apng,image/*,*/*;q=0.8',
  'user-agent' => 'Mozilla/5.0 (Windows NT 10.0; Win64; x64) AppleWebKit/537.36 (KHTML, like Gecko) Chrome/73.0.3683.86 Safari/537.36',
  'connection' => 'keep-alive',
  'host' => 'pml.zhihuo.com.cn',
  'content-type' => '',
  'content-length' => '',
)
[ info ] [ PARAM ] array (
)
[ info ] [ LANG ] /www/wwwroot/pml_zhihuo_com_cn/pml/public/../application/index/lang/zh-cn.php
[ info ] [ BEHAVIOR ] Run app\common\behavior\Common @module_init [ RunTime:0.002107s ]
[ info ] [ LANG ] /www/wwwroot/pml_zhihuo_com_cn/pml/public/../application/index/lang/zh-cn/index.php
[ info ] [ RUN ] app\index\controller\Index->index[ /www/wwwroot/pml_zhihuo_com_cn/pml/application/index/controller/Index.php ]
[ info ] [ VIEW ] /www/wwwroot/pml_zhihuo_com_cn/pml/public/../application/index/view/index/index.html [ array (
  0 => 'user',
  1 => 'site',
  2 => 'config',
) ]
[ info ] [ LOG ] INIT File
---------------------------------------------------------------
[ 2019-04-09T11:35:31+08:00 ] 103.214.85.216 POST pml.zhihuo.com.cn/api/user/get_userinfo
[运行时间：0.091956s] [吞吐率：10.87req/s] [内存消耗：3,263.40kb] [文件加载：70]
[ info ] [ BEHAVIOR ] Run Closure @app_init [ RunTime:0.000034s ]
[ info ] [ CACHE ] INIT File
[ info ] [ BEHAVIOR ] Run Closure @app_init [ RunTime:0.001323s ]
[ info ] [ LANG ] /www/wwwroot/pml_zhihuo_com_cn/pml/thinkphp/lang/zh-cn.php
[ info ] [ ROUTE ] array (
  'type' => 'module',
  'module' => 
  array (
    0 => 'api',
    1 => 'user',
    2 => 'get_userinfo',
  ),
)
[ info ] [ HEADER ] array (
  'accept-language' => 'zh-CN,zh;q=0.9',
  'accept-encoding' => 'gzip, deflate',
  'referer' => 'http://127.0.0.1:8080/PersonalCenter',
  'content-type' => 'application/x-www-form-urlencoded',
  'user-agent' => 'Mozilla/5.0 (Windows NT 10.0; Win64; x64) AppleWebKit/537.36 (KHTML, like Gecko) Chrome/73.0.3683.86 Safari/537.36',
  'origin' => 'http://127.0.0.1:8080',
  'accept' => 'application/json, text/plain, */*',
  'content-length' => '42',
  'connection' => 'keep-alive',
  'host' => 'pml.zhihuo.com.cn',
)
[ info ] [ PARAM ] array (
  'token' => '4b793da8-d838-473a-b152-d059fd93914b',
)
[ info ] [ LANG ] /www/wwwroot/pml_zhihuo_com_cn/pml/public/../application/api/lang/zh-cn.php
[ info ] [ BEHAVIOR ] Run app\common\behavior\Common @module_init [ RunTime:0.002036s ]
[ info ] [ DB ] INIT mysql
[ info ] [ TOKEN ] INIT Mysql
[ info ] [ LANG ] /www/wwwroot/pml_zhihuo_com_cn/pml/public/../application/api/lang/zh-cn/user.php
[ info ] [ RUN ] app\api\controller\User->get_userinfo[ /www/wwwroot/pml_zhihuo_com_cn/pml/application/api/controller/User.php ]
[ info ] [ LOG ] INIT File
[ sql ] [ DB ] CONNECT:[ UseTime:0.003350s ] mysql:host=106.15.230.197;dbname=pml_zhihuo_com_c;charset=utf8
[ sql ] [ SQL ] SHOW COLUMNS FROM `pml_user_token` [ RunTime:0.026514s ]
[ sql ] [ SQL ] SELECT * FROM `pml_user_token` WHERE  `token` = '8488b19c70b99586d5f63137d02f926801c4ad2c' LIMIT 1 [ RunTime:0.002142s ]
[ sql ] [ SQL ] SHOW COLUMNS FROM `pml_user` [ RunTime:0.013291s ]
[ sql ] [ SQL ] SELECT * FROM `pml_user` WHERE  `id` = 12 LIMIT 1 [ RunTime:0.002183s ]
[ sql ] [ SQL ] SELECT * FROM `pml_user_token` WHERE  `token` = '8488b19c70b99586d5f63137d02f926801c4ad2c' LIMIT 1 [ RunTime:0.002102s ]
---------------------------------------------------------------
[ 2019-04-09T14:44:02+08:00 ] 103.214.85.216 GET pml.zhihuo.com.cn/
[运行时间：0.035660s] [吞吐率：28.04req/s] [内存消耗：2,721.95kb] [文件加载：64]
[ info ] [ BEHAVIOR ] Run Closure @app_init [ RunTime:0.000027s ]
[ info ] [ CACHE ] INIT File
[ info ] [ BEHAVIOR ] Run Closure @app_init [ RunTime:0.001350s ]
[ info ] [ LANG ] /www/wwwroot/pml_zhihuo_com_cn/pml/thinkphp/lang/zh-cn.php
[ info ] [ ROUTE ] array (
  'type' => 'module',
  'module' => 
  array (
    0 => '',
    1 => NULL,
    2 => NULL,
  ),
)
[ info ] [ HEADER ] array (
  'cookie' => 'Hm_lvt_f8d0a8c400404989e195270b0bbf060a=1553327948,1553500638,1553739685,1553941255',
  'accept-language' => 'zh-CN,zh;q=0.9',
  'accept-encoding' => 'gzip, deflate',
  'referer' => 'http://127.0.0.1:8080/PersonalCenter',
  'accept' => 'image/webp,image/apng,image/*,*/*;q=0.8',
  'user-agent' => 'Mozilla/5.0 (Windows NT 10.0; Win64; x64) AppleWebKit/537.36 (KHTML, like Gecko) Chrome/73.0.3683.86 Safari/537.36',
  'connection' => 'keep-alive',
  'host' => 'pml.zhihuo.com.cn',
  'content-type' => '',
  'content-length' => '',
)
[ info ] [ PARAM ] array (
)
[ info ] [ LANG ] /www/wwwroot/pml_zhihuo_com_cn/pml/public/../application/index/lang/zh-cn.php
[ info ] [ BEHAVIOR ] Run app\common\behavior\Common @module_init [ RunTime:0.002110s ]
[ info ] [ LANG ] /www/wwwroot/pml_zhihuo_com_cn/pml/public/../application/index/lang/zh-cn/index.php
[ info ] [ RUN ] app\index\controller\Index->index[ /www/wwwroot/pml_zhihuo_com_cn/pml/application/index/controller/Index.php ]
[ info ] [ VIEW ] /www/wwwroot/pml_zhihuo_com_cn/pml/public/../application/index/view/index/index.html [ array (
  0 => 'user',
  1 => 'site',
  2 => 'config',
) ]
[ info ] [ LOG ] INIT File
---------------------------------------------------------------
[ 2019-04-09T14:44:02+08:00 ] 103.214.85.216 POST pml.zhihuo.com.cn/api/user/get_userinfo
[运行时间：0.056372s] [吞吐率：17.74req/s] [内存消耗：3,263.40kb] [文件加载：70]
[ info ] [ BEHAVIOR ] Run Closure @app_init [ RunTime:0.000021s ]
[ info ] [ CACHE ] INIT File
[ info ] [ BEHAVIOR ] Run Closure @app_init [ RunTime:0.001201s ]
[ info ] [ LANG ] /www/wwwroot/pml_zhihuo_com_cn/pml/thinkphp/lang/zh-cn.php
[ info ] [ ROUTE ] array (
  'type' => 'module',
  'module' => 
  array (
    0 => 'api',
    1 => 'user',
    2 => 'get_userinfo',
  ),
)
[ info ] [ HEADER ] array (
  'accept-language' => 'zh-CN,zh;q=0.9',
  'accept-encoding' => 'gzip, deflate',
  'referer' => 'http://127.0.0.1:8080/PersonalCenter',
  'content-type' => 'application/x-www-form-urlencoded',
  'user-agent' => 'Mozilla/5.0 (Windows NT 10.0; Win64; x64) AppleWebKit/537.36 (KHTML, like Gecko) Chrome/73.0.3683.86 Safari/537.36',
  'origin' => 'http://127.0.0.1:8080',
  'accept' => 'application/json, text/plain, */*',
  'content-length' => '42',
  'connection' => 'keep-alive',
  'host' => 'pml.zhihuo.com.cn',
)
[ info ] [ PARAM ] array (
  'token' => '4b793da8-d838-473a-b152-d059fd93914b',
)
[ info ] [ LANG ] /www/wwwroot/pml_zhihuo_com_cn/pml/public/../application/api/lang/zh-cn.php
[ info ] [ BEHAVIOR ] Run app\common\behavior\Common @module_init [ RunTime:0.002119s ]
[ info ] [ DB ] INIT mysql
[ info ] [ TOKEN ] INIT Mysql
[ info ] [ LANG ] /www/wwwroot/pml_zhihuo_com_cn/pml/public/../application/api/lang/zh-cn/user.php
[ info ] [ RUN ] app\api\controller\User->get_userinfo[ /www/wwwroot/pml_zhihuo_com_cn/pml/application/api/controller/User.php ]
[ info ] [ LOG ] INIT File
[ sql ] [ DB ] CONNECT:[ UseTime:0.003648s ] mysql:host=106.15.230.197;dbname=pml_zhihuo_com_c;charset=utf8
[ sql ] [ SQL ] SHOW COLUMNS FROM `pml_user_token` [ RunTime:0.002871s ]
[ sql ] [ SQL ] SELECT * FROM `pml_user_token` WHERE  `token` = '8488b19c70b99586d5f63137d02f926801c4ad2c' LIMIT 1 [ RunTime:0.002324s ]
[ sql ] [ SQL ] SHOW COLUMNS FROM `pml_user` [ RunTime:0.002823s ]
[ sql ] [ SQL ] SELECT * FROM `pml_user` WHERE  `id` = 12 LIMIT 1 [ RunTime:0.002404s ]
[ sql ] [ SQL ] SELECT * FROM `pml_user_token` WHERE  `token` = '8488b19c70b99586d5f63137d02f926801c4ad2c' LIMIT 1 [ RunTime:0.002294s ]
---------------------------------------------------------------
[ 2019-04-09T15:17:00+08:00 ] 103.214.85.216 POST pml.zhihuo.com.cn/api/user/login
[运行时间：0.332201s] [吞吐率：3.01req/s] [内存消耗：3,387.89kb] [文件加载：72]
[ info ] [ BEHAVIOR ] Run Closure @app_init [ RunTime:0.000038s ]
[ info ] [ CACHE ] INIT File
[ info ] [ BEHAVIOR ] Run Closure @app_init [ RunTime:0.000939s ]
[ info ] [ LANG ] /www/wwwroot/pml_zhihuo_com_cn/pml/thinkphp/lang/zh-cn.php
[ info ] [ ROUTE ] array (
  'type' => 'module',
  'module' => 
  array (
    0 => 'api',
    1 => 'user',
    2 => 'login',
  ),
)
[ info ] [ HEADER ] array (
  'cookie' => 'Hm_lvt_f8d0a8c400404989e195270b0bbf060a=1553651363,1554358916,1554378940',
  'accept-language' => 'zh-CN,zh;q=0.9',
  'accept-encoding' => 'gzip, deflate',
  'user-agent' => 'Mozilla/5.0 (Windows NT 10.0; Win64; x64) AppleWebKit/537.36 (KHTML, like Gecko) Chrome/73.0.3683.86 Safari/537.36',
  'content-type' => 'multipart/form-data; boundary=----WebKitFormBoundaryjwtr6oHuH2o9IyYW',
  'accept' => '*/*',
  'content-length' => '244',
  'connection' => 'keep-alive',
  'host' => 'pml.zhihuo.com.cn',
)
[ info ] [ PARAM ] array (
  'account' => 'shuai',
  'password' => '123456',
)
[ info ] [ LANG ] /www/wwwroot/pml_zhihuo_com_cn/pml/public/../application/api/lang/zh-cn.php
[ info ] [ BEHAVIOR ] Run app\common\behavior\Common @module_init [ RunTime:0.001487s ]
[ info ] [ DB ] INIT mysql
[ info ] [ LANG ] /www/wwwroot/pml_zhihuo_com_cn/pml/public/../application/api/lang/zh-cn/user.php
[ info ] [ RUN ] app\api\controller\User->login[ /www/wwwroot/pml_zhihuo_com_cn/pml/application/api/controller/User.php ]
[ info ] [ TOKEN ] INIT Mysql
[ info ] [ LOG ] INIT File
[ sql ] [ DB ] CONNECT:[ UseTime:0.003412s ] mysql:host=106.15.230.197;dbname=pml_zhihuo_com_c;charset=utf8
[ sql ] [ SQL ] SHOW COLUMNS FROM `pml_user` [ RunTime:0.002951s ]
[ sql ] [ SQL ] SELECT * FROM `pml_user` WHERE  `username` = 'shuai' LIMIT 1 [ RunTime:0.133371s ]
[ sql ] [ SQL ] SELECT * FROM `pml_user` WHERE  `id` = 11 LIMIT 1 [ RunTime:0.002210s ]
[ sql ] [ SQL ] UPDATE `pml_user`  SET `successions`=2,`prevtime`=1554688007,`logintime`=1554794220,`updatetime`=1554794220  WHERE  `id` = 11 [ RunTime:0.029010s ]
[ sql ] [ SQL ] SHOW COLUMNS FROM `pml_user_token` [ RunTime:0.002625s ]
[ sql ] [ SQL ] INSERT INTO `pml_user_token` (`token` , `user_id` , `createtime` , `expiretime`) VALUES ('6deccc2cd9124ddde7f63a715db0268988151f12' , 11 , 1554794220 , 1557386220) [ RunTime:0.035218s ]
[ sql ] [ SQL ] SELECT * FROM `pml_user_token` WHERE  `token` = '6deccc2cd9124ddde7f63a715db0268988151f12' LIMIT 1 [ RunTime:0.002270s ]
---------------------------------------------------------------
[ 2019-04-09T15:18:04+08:00 ] 103.214.85.216 POST pml.zhihuo.com.cn/api/project/pay_king
[运行时间：0.204854s] [吞吐率：4.88req/s] [内存消耗：3,356.09kb] [文件加载：72]
[ info ] [ BEHAVIOR ] Run Closure @app_init [ RunTime:0.000019s ]
[ info ] [ CACHE ] INIT File
[ info ] [ BEHAVIOR ] Run Closure @app_init [ RunTime:0.000982s ]
[ info ] [ LANG ] /www/wwwroot/pml_zhihuo_com_cn/pml/thinkphp/lang/zh-cn.php
[ info ] [ ROUTE ] array (
  'type' => 'module',
  'module' => 
  array (
    0 => 'api',
    1 => 'project',
    2 => 'pay_king',
  ),
)
[ info ] [ HEADER ] array (
  'cookie' => 'Hm_lvt_f8d0a8c400404989e195270b0bbf060a=1553651363,1554358916,1554378940',
  'accept-language' => 'zh-CN,zh;q=0.9',
  'accept-encoding' => 'gzip, deflate',
  'user-agent' => 'Mozilla/5.0 (Windows NT 10.0; Win64; x64) AppleWebKit/537.36 (KHTML, like Gecko) Chrome/73.0.3683.86 Safari/537.36',
  'content-type' => 'multipart/form-data; boundary=----WebKitFormBoundarybK6ZBuNqBiSlyX7Q',
  'accept' => '*/*',
  'content-length' => '172',
  'connection' => 'keep-alive',
  'host' => 'pml.zhihuo.com.cn',
)
[ info ] [ PARAM ] array (
  'token' => 'fe4023e1-0ae1-4ff1-b335-4774c4702b38',
)
[ info ] [ LANG ] /www/wwwroot/pml_zhihuo_com_cn/pml/public/../application/api/lang/zh-cn.php
[ info ] [ BEHAVIOR ] Run app\common\behavior\Common @module_init [ RunTime:0.001503s ]
[ info ] [ DB ] INIT mysql
[ info ] [ TOKEN ] INIT Mysql
[ info ] [ LANG ] /www/wwwroot/pml_zhihuo_com_cn/pml/public/../application/api/lang/zh-cn/project.php
[ info ] [ RUN ] app\api\controller\Project->pay_king[ /www/wwwroot/pml_zhihuo_com_cn/pml/application/api/controller/Project.php ]
[ info ] [ LOG ] INIT File
[ sql ] [ DB ] CONNECT:[ UseTime:0.008690s ] mysql:host=106.15.230.197;dbname=pml_zhihuo_com_c;charset=utf8
[ sql ] [ SQL ] SHOW COLUMNS FROM `pml_user_token` [ RunTime:0.006188s ]
[ sql ] [ SQL ] SELECT * FROM `pml_user_token` WHERE  `token` = '6deccc2cd9124ddde7f63a715db0268988151f12' LIMIT 1 [ RunTime:0.005750s ]
[ sql ] [ SQL ] SHOW COLUMNS FROM `pml_user` [ RunTime:0.006272s ]
[ sql ] [ SQL ] SELECT * FROM `pml_user` WHERE  `id` = 11 LIMIT 1 [ RunTime:0.019559s ]
---------------------------------------------------------------
[ 2019-04-09T15:20:09+08:00 ] 103.214.85.216 POST pml.zhihuo.com.cn/api/project/pay_king
[运行时间：0.093024s] [吞吐率：10.75req/s] [内存消耗：3,356.15kb] [文件加载：72]
[ info ] [ BEHAVIOR ] Run Closure @app_init [ RunTime:0.000023s ]
[ info ] [ CACHE ] INIT File
[ info ] [ BEHAVIOR ] Run Closure @app_init [ RunTime:0.000956s ]
[ info ] [ LANG ] /www/wwwroot/pml_zhihuo_com_cn/pml/thinkphp/lang/zh-cn.php
[ info ] [ ROUTE ] array (
  'type' => 'module',
  'module' => 
  array (
    0 => 'api',
    1 => 'project',
    2 => 'pay_king',
  ),
)
[ info ] [ HEADER ] array (
  'cookie' => 'Hm_lvt_f8d0a8c400404989e195270b0bbf060a=1553651363,1554358916,1554378940',
  'accept-language' => 'zh-CN,zh;q=0.9',
  'accept-encoding' => 'gzip, deflate',
  'user-agent' => 'Mozilla/5.0 (Windows NT 10.0; Win64; x64) AppleWebKit/537.36 (KHTML, like Gecko) Chrome/73.0.3683.86 Safari/537.36',
  'content-type' => 'multipart/form-data; boundary=----WebKitFormBoundaryTABGWXWEuy6uL6sL',
  'accept' => '*/*',
  'content-length' => '271',
  'connection' => 'keep-alive',
  'host' => 'pml.zhihuo.com.cn',
)
[ info ] [ PARAM ] array (
  'token' => 'fe4023e1-0ae1-4ff1-b335-4774c4702b38',
  'project_id' => '19',
)
[ info ] [ LANG ] /www/wwwroot/pml_zhihuo_com_cn/pml/public/../application/api/lang/zh-cn.php
[ info ] [ BEHAVIOR ] Run app\common\behavior\Common @module_init [ RunTime:0.001491s ]
[ info ] [ DB ] INIT mysql
[ info ] [ TOKEN ] INIT Mysql
[ info ] [ LANG ] /www/wwwroot/pml_zhihuo_com_cn/pml/public/../application/api/lang/zh-cn/project.php
[ info ] [ RUN ] app\api\controller\Project->pay_king[ /www/wwwroot/pml_zhihuo_com_cn/pml/application/api/controller/Project.php ]
[ info ] [ LOG ] INIT File
[ sql ] [ DB ] CONNECT:[ UseTime:0.005863s ] mysql:host=106.15.230.197;dbname=pml_zhihuo_com_c;charset=utf8
[ sql ] [ SQL ] SHOW COLUMNS FROM `pml_user_token` [ RunTime:0.004339s ]
[ sql ] [ SQL ] SELECT * FROM `pml_user_token` WHERE  `token` = '6deccc2cd9124ddde7f63a715db0268988151f12' LIMIT 1 [ RunTime:0.003858s ]
[ sql ] [ SQL ] SHOW COLUMNS FROM `pml_user` [ RunTime:0.004336s ]
[ sql ] [ SQL ] SELECT * FROM `pml_user` WHERE  `id` = 11 LIMIT 1 [ RunTime:0.003891s ]
---------------------------------------------------------------
[ 2019-04-09T15:20:22+08:00 ] 103.214.85.216 POST pml.zhihuo.com.cn/api/project/pay_king
[运行时间：0.089871s] [吞吐率：11.13req/s] [内存消耗：3,356.15kb] [文件加载：72]
[ info ] [ BEHAVIOR ] Run Closure @app_init [ RunTime:0.000020s ]
[ info ] [ CACHE ] INIT File
[ info ] [ BEHAVIOR ] Run Closure @app_init [ RunTime:0.001001s ]
[ info ] [ LANG ] /www/wwwroot/pml_zhihuo_com_cn/pml/thinkphp/lang/zh-cn.php
[ info ] [ ROUTE ] array (
  'type' => 'module',
  'module' => 
  array (
    0 => 'api',
    1 => 'project',
    2 => 'pay_king',
  ),
)
[ info ] [ HEADER ] array (
  'cookie' => 'Hm_lvt_f8d0a8c400404989e195270b0bbf060a=1553651363,1554358916,1554378940',
  'accept-language' => 'zh-CN,zh;q=0.9',
  'accept-encoding' => 'gzip, deflate',
  'user-agent' => 'Mozilla/5.0 (Windows NT 10.0; Win64; x64) AppleWebKit/537.36 (KHTML, like Gecko) Chrome/73.0.3683.86 Safari/537.36',
  'content-type' => 'multipart/form-data; boundary=----WebKitFormBoundaryTWpoFeSehy2uRBaw',
  'accept' => '*/*',
  'content-length' => '271',
  'connection' => 'keep-alive',
  'host' => 'pml.zhihuo.com.cn',
)
[ info ] [ PARAM ] array (
  'token' => 'fe4023e1-0ae1-4ff1-b335-4774c4702b38',
  'project_id' => '19',
)
[ info ] [ LANG ] /www/wwwroot/pml_zhihuo_com_cn/pml/public/../application/api/lang/zh-cn.php
[ info ] [ BEHAVIOR ] Run app\common\behavior\Common @module_init [ RunTime:0.001502s ]
[ info ] [ DB ] INIT mysql
[ info ] [ TOKEN ] INIT Mysql
[ info ] [ LANG ] /www/wwwroot/pml_zhihuo_com_cn/pml/public/../application/api/lang/zh-cn/project.php
[ info ] [ RUN ] app\api\controller\Project->pay_king[ /www/wwwroot/pml_zhihuo_com_cn/pml/application/api/controller/Project.php ]
[ info ] [ LOG ] INIT File
[ sql ] [ DB ] CONNECT:[ UseTime:0.003537s ] mysql:host=106.15.230.197;dbname=pml_zhihuo_com_c;charset=utf8
[ sql ] [ SQL ] SHOW COLUMNS FROM `pml_user_token` [ RunTime:0.002818s ]
[ sql ] [ SQL ] SELECT * FROM `pml_user_token` WHERE  `token` = '6deccc2cd9124ddde7f63a715db0268988151f12' LIMIT 1 [ RunTime:0.002329s ]
[ sql ] [ SQL ] SHOW COLUMNS FROM `pml_user` [ RunTime:0.002855s ]
[ sql ] [ SQL ] SELECT * FROM `pml_user` WHERE  `id` = 11 LIMIT 1 [ RunTime:0.002339s ]
---------------------------------------------------------------
[ 2019-04-09T15:20:29+08:00 ] 103.214.85.216 POST pml.zhihuo.com.cn/api/project/pay_king
[运行时间：0.105242s] [吞吐率：9.50req/s] [内存消耗：3,356.15kb] [文件加载：72]
[ info ] [ BEHAVIOR ] Run Closure @app_init [ RunTime:0.000020s ]
[ info ] [ CACHE ] INIT File
[ info ] [ BEHAVIOR ] Run Closure @app_init [ RunTime:0.001024s ]
[ info ] [ LANG ] /www/wwwroot/pml_zhihuo_com_cn/pml/thinkphp/lang/zh-cn.php
[ info ] [ ROUTE ] array (
  'type' => 'module',
  'module' => 
  array (
    0 => 'api',
    1 => 'project',
    2 => 'pay_king',
  ),
)
[ info ] [ HEADER ] array (
  'cookie' => 'Hm_lvt_f8d0a8c400404989e195270b0bbf060a=1553651363,1554358916,1554378940',
  'accept-language' => 'zh-CN,zh;q=0.9',
  'accept-encoding' => 'gzip, deflate',
  'user-agent' => 'Mozilla/5.0 (Windows NT 10.0; Win64; x64) AppleWebKit/537.36 (KHTML, like Gecko) Chrome/73.0.3683.86 Safari/537.36',
  'content-type' => 'multipart/form-data; boundary=----WebKitFormBoundaryjB96GJxuxDz6AAyR',
  'accept' => '*/*',
  'content-length' => '271',
  'connection' => 'keep-alive',
  'host' => 'pml.zhihuo.com.cn',
)
[ info ] [ PARAM ] array (
  'token' => 'fe4023e1-0ae1-4ff1-b335-4774c4702b38',
  'project_id' => '19',
)
[ info ] [ LANG ] /www/wwwroot/pml_zhihuo_com_cn/pml/public/../application/api/lang/zh-cn.php
[ info ] [ BEHAVIOR ] Run app\common\behavior\Common @module_init [ RunTime:0.001471s ]
[ info ] [ DB ] INIT mysql
[ info ] [ TOKEN ] INIT Mysql
[ info ] [ LANG ] /www/wwwroot/pml_zhihuo_com_cn/pml/public/../application/api/lang/zh-cn/project.php
[ info ] [ RUN ] app\api\controller\Project->pay_king[ /www/wwwroot/pml_zhihuo_com_cn/pml/application/api/controller/Project.php ]
[ info ] [ LOG ] INIT File
[ sql ] [ DB ] CONNECT:[ UseTime:0.006020s ] mysql:host=106.15.230.197;dbname=pml_zhihuo_com_c;charset=utf8
[ sql ] [ SQL ] SHOW COLUMNS FROM `pml_user_token` [ RunTime:0.004428s ]
[ sql ] [ SQL ] SELECT * FROM `pml_user_token` WHERE  `token` = '6deccc2cd9124ddde7f63a715db0268988151f12' LIMIT 1 [ RunTime:0.003902s ]
[ sql ] [ SQL ] SHOW COLUMNS FROM `pml_user` [ RunTime:0.004497s ]
[ sql ] [ SQL ] SELECT * FROM `pml_user` WHERE  `id` = 11 LIMIT 1 [ RunTime:0.003965s ]
---------------------------------------------------------------
[ 2019-04-09T15:20:55+08:00 ] 103.214.85.216 POST pml.zhihuo.com.cn/api/project/pay_king
[运行时间：0.068092s] [吞吐率：14.69req/s] [内存消耗：3,357.15kb] [文件加载：72]
[ info ] [ BEHAVIOR ] Run Closure @app_init [ RunTime:0.000018s ]
[ info ] [ CACHE ] INIT File
[ info ] [ BEHAVIOR ] Run Closure @app_init [ RunTime:0.000949s ]
[ info ] [ LANG ] /www/wwwroot/pml_zhihuo_com_cn/pml/thinkphp/lang/zh-cn.php
[ info ] [ ROUTE ] array (
  'type' => 'module',
  'module' => 
  array (
    0 => 'api',
    1 => 'project',
    2 => 'pay_king',
  ),
)
[ info ] [ HEADER ] array (
  'cookie' => 'Hm_lvt_f8d0a8c400404989e195270b0bbf060a=1553651363,1554358916,1554378940',
  'accept-language' => 'zh-CN,zh;q=0.9',
  'accept-encoding' => 'gzip, deflate',
  'user-agent' => 'Mozilla/5.0 (Windows NT 10.0; Win64; x64) AppleWebKit/537.36 (KHTML, like Gecko) Chrome/73.0.3683.86 Safari/537.36',
  'content-type' => 'multipart/form-data; boundary=----WebKitFormBoundarypekwFDI4aewvT3nz',
  'accept' => '*/*',
  'content-length' => '271',
  'connection' => 'keep-alive',
  'host' => 'pml.zhihuo.com.cn',
)
[ info ] [ PARAM ] array (
  'token' => 'fe4023e1-0ae1-4ff1-b335-4774c4702b38',
  'project_id' => '19',
)
[ info ] [ LANG ] /www/wwwroot/pml_zhihuo_com_cn/pml/public/../application/api/lang/zh-cn.php
[ info ] [ BEHAVIOR ] Run app\common\behavior\Common @module_init [ RunTime:0.001740s ]
[ info ] [ DB ] INIT mysql
[ info ] [ TOKEN ] INIT Mysql
[ info ] [ LANG ] /www/wwwroot/pml_zhihuo_com_cn/pml/public/../application/api/lang/zh-cn/project.php
[ info ] [ RUN ] app\api\controller\Project->pay_king[ /www/wwwroot/pml_zhihuo_com_cn/pml/application/api/controller/Project.php ]
[ info ] [ LOG ] INIT File
[ sql ] [ DB ] CONNECT:[ UseTime:0.006154s ] mysql:host=106.15.230.197;dbname=pml_zhihuo_com_c;charset=utf8
[ sql ] [ SQL ] SHOW COLUMNS FROM `pml_user_token` [ RunTime:0.004520s ]
[ sql ] [ SQL ] SELECT * FROM `pml_user_token` WHERE  `token` = '6deccc2cd9124ddde7f63a715db0268988151f12' LIMIT 1 [ RunTime:0.004035s ]
[ sql ] [ SQL ] SHOW COLUMNS FROM `pml_user` [ RunTime:0.004507s ]
[ sql ] [ SQL ] SELECT * FROM `pml_user` WHERE  `id` = 11 LIMIT 1 [ RunTime:0.004071s ]
---------------------------------------------------------------
[ 2019-04-09T15:21:15+08:00 ] 103.214.85.216 POST pml.zhihuo.com.cn/api/project/pay_king
[运行时间：0.069725s] [吞吐率：14.34req/s] [内存消耗：3,357.15kb] [文件加载：72]
[ info ] [ BEHAVIOR ] Run Closure @app_init [ RunTime:0.000025s ]
[ info ] [ CACHE ] INIT File
[ info ] [ BEHAVIOR ] Run Closure @app_init [ RunTime:0.000978s ]
[ info ] [ LANG ] /www/wwwroot/pml_zhihuo_com_cn/pml/thinkphp/lang/zh-cn.php
[ info ] [ ROUTE ] array (
  'type' => 'module',
  'module' => 
  array (
    0 => 'api',
    1 => 'project',
    2 => 'pay_king',
  ),
)
[ info ] [ HEADER ] array (
  'cookie' => 'Hm_lvt_f8d0a8c400404989e195270b0bbf060a=1553651363,1554358916,1554378940',
  'accept-language' => 'zh-CN,zh;q=0.9',
  'accept-encoding' => 'gzip, deflate',
  'user-agent' => 'Mozilla/5.0 (Windows NT 10.0; Win64; x64) AppleWebKit/537.36 (KHTML, like Gecko) Chrome/73.0.3683.86 Safari/537.36',
  'content-type' => 'multipart/form-data; boundary=----WebKitFormBoundaryHG9q5eCoXIGbKfus',
  'accept' => '*/*',
  'content-length' => '271',
  'connection' => 'keep-alive',
  'host' => 'pml.zhihuo.com.cn',
)
[ info ] [ PARAM ] array (
  'token' => 'fe4023e1-0ae1-4ff1-b335-4774c4702b38',
  'project_id' => '19',
)
[ info ] [ LANG ] /www/wwwroot/pml_zhihuo_com_cn/pml/public/../application/api/lang/zh-cn.php
[ info ] [ BEHAVIOR ] Run app\common\behavior\Common @module_init [ RunTime:0.001575s ]
[ info ] [ DB ] INIT mysql
[ info ] [ TOKEN ] INIT Mysql
[ info ] [ LANG ] /www/wwwroot/pml_zhihuo_com_cn/pml/public/../application/api/lang/zh-cn/project.php
[ info ] [ RUN ] app\api\controller\Project->pay_king[ /www/wwwroot/pml_zhihuo_com_cn/pml/application/api/controller/Project.php ]
[ info ] [ LOG ] INIT File
[ sql ] [ DB ] CONNECT:[ UseTime:0.005662s ] mysql:host=106.15.230.197;dbname=pml_zhihuo_com_c;charset=utf8
[ sql ] [ SQL ] SHOW COLUMNS FROM `pml_user_token` [ RunTime:0.004143s ]
[ sql ] [ SQL ] SELECT * FROM `pml_user_token` WHERE  `token` = '6deccc2cd9124ddde7f63a715db0268988151f12' LIMIT 1 [ RunTime:0.003669s ]
[ sql ] [ SQL ] SHOW COLUMNS FROM `pml_user` [ RunTime:0.004412s ]
[ sql ] [ SQL ] SELECT * FROM `pml_user` WHERE  `id` = 11 LIMIT 1 [ RunTime:0.003726s ]
---------------------------------------------------------------
[ 2019-04-09T15:21:15+08:00 ] 103.214.85.216 POST pml.zhihuo.com.cn/api/project/pay_king
[运行时间：0.073295s] [吞吐率：13.64req/s] [内存消耗：3,357.15kb] [文件加载：72]
[ info ] [ BEHAVIOR ] Run Closure @app_init [ RunTime:0.000020s ]
[ info ] [ CACHE ] INIT File
[ info ] [ BEHAVIOR ] Run Closure @app_init [ RunTime:0.000946s ]
[ info ] [ LANG ] /www/wwwroot/pml_zhihuo_com_cn/pml/thinkphp/lang/zh-cn.php
[ info ] [ ROUTE ] array (
  'type' => 'module',
  'module' => 
  array (
    0 => 'api',
    1 => 'project',
    2 => 'pay_king',
  ),
)
[ info ] [ HEADER ] array (
  'cookie' => 'Hm_lvt_f8d0a8c400404989e195270b0bbf060a=1553651363,1554358916,1554378940',
  'accept-language' => 'zh-CN,zh;q=0.9',
  'accept-encoding' => 'gzip, deflate',
  'user-agent' => 'Mozilla/5.0 (Windows NT 10.0; Win64; x64) AppleWebKit/537.36 (KHTML, like Gecko) Chrome/73.0.3683.86 Safari/537.36',
  'content-type' => 'multipart/form-data; boundary=----WebKitFormBoundaryFhM1Gg8A8LBENdum',
  'accept' => '*/*',
  'content-length' => '271',
  'connection' => 'keep-alive',
  'host' => 'pml.zhihuo.com.cn',
)
[ info ] [ PARAM ] array (
  'token' => 'fe4023e1-0ae1-4ff1-b335-4774c4702b38',
  'project_id' => '19',
)
[ info ] [ LANG ] /www/wwwroot/pml_zhihuo_com_cn/pml/public/../application/api/lang/zh-cn.php
[ info ] [ BEHAVIOR ] Run app\common\behavior\Common @module_init [ RunTime:0.001498s ]
[ info ] [ DB ] INIT mysql
[ info ] [ TOKEN ] INIT Mysql
[ info ] [ LANG ] /www/wwwroot/pml_zhihuo_com_cn/pml/public/../application/api/lang/zh-cn/project.php
[ info ] [ RUN ] app\api\controller\Project->pay_king[ /www/wwwroot/pml_zhihuo_com_cn/pml/application/api/controller/Project.php ]
[ info ] [ LOG ] INIT File
[ sql ] [ DB ] CONNECT:[ UseTime:0.005048s ] mysql:host=106.15.230.197;dbname=pml_zhihuo_com_c;charset=utf8
[ sql ] [ SQL ] SHOW COLUMNS FROM `pml_user_token` [ RunTime:0.003659s ]
[ sql ] [ SQL ] SELECT * FROM `pml_user_token` WHERE  `token` = '6deccc2cd9124ddde7f63a715db0268988151f12' LIMIT 1 [ RunTime:0.003183s ]
[ sql ] [ SQL ] SHOW COLUMNS FROM `pml_user` [ RunTime:0.003671s ]
[ sql ] [ SQL ] SELECT * FROM `pml_user` WHERE  `id` = 11 LIMIT 1 [ RunTime:0.003219s ]
---------------------------------------------------------------
[ 2019-04-09T15:21:16+08:00 ] 103.214.85.216 POST pml.zhihuo.com.cn/api/project/pay_king
[运行时间：0.066874s] [吞吐率：14.95req/s] [内存消耗：3,357.15kb] [文件加载：72]
[ info ] [ BEHAVIOR ] Run Closure @app_init [ RunTime:0.000020s ]
[ info ] [ CACHE ] INIT File
[ info ] [ BEHAVIOR ] Run Closure @app_init [ RunTime:0.000944s ]
[ info ] [ LANG ] /www/wwwroot/pml_zhihuo_com_cn/pml/thinkphp/lang/zh-cn.php
[ info ] [ ROUTE ] array (
  'type' => 'module',
  'module' => 
  array (
    0 => 'api',
    1 => 'project',
    2 => 'pay_king',
  ),
)
[ info ] [ HEADER ] array (
  'cookie' => 'Hm_lvt_f8d0a8c400404989e195270b0bbf060a=1553651363,1554358916,1554378940',
  'accept-language' => 'zh-CN,zh;q=0.9',
  'accept-encoding' => 'gzip, deflate',
  'user-agent' => 'Mozilla/5.0 (Windows NT 10.0; Win64; x64) AppleWebKit/537.36 (KHTML, like Gecko) Chrome/73.0.3683.86 Safari/537.36',
  'content-type' => 'multipart/form-data; boundary=----WebKitFormBoundarygyB9FqId1kD7ZUxr',
  'accept' => '*/*',
  'content-length' => '271',
  'connection' => 'keep-alive',
  'host' => 'pml.zhihuo.com.cn',
)
[ info ] [ PARAM ] array (
  'token' => 'fe4023e1-0ae1-4ff1-b335-4774c4702b38',
  'project_id' => '19',
)
[ info ] [ LANG ] /www/wwwroot/pml_zhihuo_com_cn/pml/public/../application/api/lang/zh-cn.php
[ info ] [ BEHAVIOR ] Run app\common\behavior\Common @module_init [ RunTime:0.001506s ]
[ info ] [ DB ] INIT mysql
[ info ] [ TOKEN ] INIT Mysql
[ info ] [ LANG ] /www/wwwroot/pml_zhihuo_com_cn/pml/public/../application/api/lang/zh-cn/project.php
[ info ] [ RUN ] app\api\controller\Project->pay_king[ /www/wwwroot/pml_zhihuo_com_cn/pml/application/api/controller/Project.php ]
[ info ] [ LOG ] INIT File
[ sql ] [ DB ] CONNECT:[ UseTime:0.003590s ] mysql:host=106.15.230.197;dbname=pml_zhihuo_com_c;charset=utf8
[ sql ] [ SQL ] SHOW COLUMNS FROM `pml_user_token` [ RunTime:0.002836s ]
[ sql ] [ SQL ] SELECT * FROM `pml_user_token` WHERE  `token` = '6deccc2cd9124ddde7f63a715db0268988151f12' LIMIT 1 [ RunTime:0.002282s ]
[ sql ] [ SQL ] SHOW COLUMNS FROM `pml_user` [ RunTime:0.002882s ]
[ sql ] [ SQL ] SELECT * FROM `pml_user` WHERE  `id` = 11 LIMIT 1 [ RunTime:0.002338s ]
---------------------------------------------------------------
[ 2019-04-09T15:21:16+08:00 ] 103.214.85.216 POST pml.zhihuo.com.cn/api/project/pay_king
[运行时间：0.075397s] [吞吐率：13.26req/s] [内存消耗：3,357.15kb] [文件加载：72]
[ info ] [ BEHAVIOR ] Run Closure @app_init [ RunTime:0.000021s ]
[ info ] [ CACHE ] INIT File
[ info ] [ BEHAVIOR ] Run Closure @app_init [ RunTime:0.000960s ]
[ info ] [ LANG ] /www/wwwroot/pml_zhihuo_com_cn/pml/thinkphp/lang/zh-cn.php
[ info ] [ ROUTE ] array (
  'type' => 'module',
  'module' => 
  array (
    0 => 'api',
    1 => 'project',
    2 => 'pay_king',
  ),
)
[ info ] [ HEADER ] array (
  'cookie' => 'Hm_lvt_f8d0a8c400404989e195270b0bbf060a=1553651363,1554358916,1554378940',
  'accept-language' => 'zh-CN,zh;q=0.9',
  'accept-encoding' => 'gzip, deflate',
  'user-agent' => 'Mozilla/5.0 (Windows NT 10.0; Win64; x64) AppleWebKit/537.36 (KHTML, like Gecko) Chrome/73.0.3683.86 Safari/537.36',
  'content-type' => 'multipart/form-data; boundary=----WebKitFormBoundaryw3qAUS0eEajJznKm',
  'accept' => '*/*',
  'content-length' => '271',
  'connection' => 'keep-alive',
  'host' => 'pml.zhihuo.com.cn',
)
[ info ] [ PARAM ] array (
  'token' => 'fe4023e1-0ae1-4ff1-b335-4774c4702b38',
  'project_id' => '19',
)
[ info ] [ LANG ] /www/wwwroot/pml_zhihuo_com_cn/pml/public/../application/api/lang/zh-cn.php
[ info ] [ BEHAVIOR ] Run app\common\behavior\Common @module_init [ RunTime:0.001593s ]
[ info ] [ DB ] INIT mysql
[ info ] [ TOKEN ] INIT Mysql
[ info ] [ LANG ] /www/wwwroot/pml_zhihuo_com_cn/pml/public/../application/api/lang/zh-cn/project.php
[ info ] [ RUN ] app\api\controller\Project->pay_king[ /www/wwwroot/pml_zhihuo_com_cn/pml/application/api/controller/Project.php ]
[ info ] [ LOG ] INIT File
[ sql ] [ DB ] CONNECT:[ UseTime:0.006622s ] mysql:host=106.15.230.197;dbname=pml_zhihuo_com_c;charset=utf8
[ sql ] [ SQL ] SHOW COLUMNS FROM `pml_user_token` [ RunTime:0.004850s ]
[ sql ] [ SQL ] SELECT * FROM `pml_user_token` WHERE  `token` = '6deccc2cd9124ddde7f63a715db0268988151f12' LIMIT 1 [ RunTime:0.004321s ]
[ sql ] [ SQL ] SHOW COLUMNS FROM `pml_user` [ RunTime:0.004798s ]
[ sql ] [ SQL ] SELECT * FROM `pml_user` WHERE  `id` = 11 LIMIT 1 [ RunTime:0.004387s ]
---------------------------------------------------------------
[ 2019-04-09T15:21:57+08:00 ] 103.214.85.216 POST pml.zhihuo.com.cn/api/project/pay_king
[运行时间：0.099689s] [吞吐率：10.03req/s] [内存消耗：3,356.15kb] [文件加载：72]
[ info ] [ BEHAVIOR ] Run Closure @app_init [ RunTime:0.000023s ]
[ info ] [ CACHE ] INIT File
[ info ] [ BEHAVIOR ] Run Closure @app_init [ RunTime:0.000984s ]
[ info ] [ LANG ] /www/wwwroot/pml_zhihuo_com_cn/pml/thinkphp/lang/zh-cn.php
[ info ] [ ROUTE ] array (
  'type' => 'module',
  'module' => 
  array (
    0 => 'api',
    1 => 'project',
    2 => 'pay_king',
  ),
)
[ info ] [ HEADER ] array (
  'cookie' => 'Hm_lvt_f8d0a8c400404989e195270b0bbf060a=1553651363,1554358916,1554378940',
  'accept-language' => 'zh-CN,zh;q=0.9',
  'accept-encoding' => 'gzip, deflate',
  'user-agent' => 'Mozilla/5.0 (Windows NT 10.0; Win64; x64) AppleWebKit/537.36 (KHTML, like Gecko) Chrome/73.0.3683.86 Safari/537.36',
  'content-type' => 'multipart/form-data; boundary=----WebKitFormBoundary0HxtPeEOGrb06eel',
  'accept' => '*/*',
  'content-length' => '271',
  'connection' => 'keep-alive',
  'host' => 'pml.zhihuo.com.cn',
)
[ info ] [ PARAM ] array (
  'token' => 'fe4023e1-0ae1-4ff1-b335-4774c4702b38',
  'project_id' => '19',
)
[ info ] [ LANG ] /www/wwwroot/pml_zhihuo_com_cn/pml/public/../application/api/lang/zh-cn.php
[ info ] [ BEHAVIOR ] Run app\common\behavior\Common @module_init [ RunTime:0.001541s ]
[ info ] [ DB ] INIT mysql
[ info ] [ TOKEN ] INIT Mysql
[ info ] [ LANG ] /www/wwwroot/pml_zhihuo_com_cn/pml/public/../application/api/lang/zh-cn/project.php
[ info ] [ RUN ] app\api\controller\Project->pay_king[ /www/wwwroot/pml_zhihuo_com_cn/pml/application/api/controller/Project.php ]
[ info ] [ LOG ] INIT File
[ sql ] [ DB ] CONNECT:[ UseTime:0.005443s ] mysql:host=106.15.230.197;dbname=pml_zhihuo_com_c;charset=utf8
[ sql ] [ SQL ] SHOW COLUMNS FROM `pml_user_token` [ RunTime:0.004028s ]
[ sql ] [ SQL ] SELECT * FROM `pml_user_token` WHERE  `token` = '6deccc2cd9124ddde7f63a715db0268988151f12' LIMIT 1 [ RunTime:0.003493s ]
[ sql ] [ SQL ] SHOW COLUMNS FROM `pml_user` [ RunTime:0.004097s ]
[ sql ] [ SQL ] SELECT * FROM `pml_user` WHERE  `id` = 11 LIMIT 1 [ RunTime:0.003535s ]
---------------------------------------------------------------
[ 2019-04-09T15:22:00+08:00 ] 103.214.85.216 POST pml.zhihuo.com.cn/api/project/pay_king
[运行时间：0.059405s] [吞吐率：16.83req/s] [内存消耗：3,356.15kb] [文件加载：72]
[ info ] [ BEHAVIOR ] Run Closure @app_init [ RunTime:0.000017s ]
[ info ] [ CACHE ] INIT File
[ info ] [ BEHAVIOR ] Run Closure @app_init [ RunTime:0.000978s ]
[ info ] [ LANG ] /www/wwwroot/pml_zhihuo_com_cn/pml/thinkphp/lang/zh-cn.php
[ info ] [ ROUTE ] array (
  'type' => 'module',
  'module' => 
  array (
    0 => 'api',
    1 => 'project',
    2 => 'pay_king',
  ),
)
[ info ] [ HEADER ] array (
  'cookie' => 'Hm_lvt_f8d0a8c400404989e195270b0bbf060a=1553651363,1554358916,1554378940',
  'accept-language' => 'zh-CN,zh;q=0.9',
  'accept-encoding' => 'gzip, deflate',
  'user-agent' => 'Mozilla/5.0 (Windows NT 10.0; Win64; x64) AppleWebKit/537.36 (KHTML, like Gecko) Chrome/73.0.3683.86 Safari/537.36',
  'content-type' => 'multipart/form-data; boundary=----WebKitFormBoundaryOdYEDhTCA5zhWdNB',
  'accept' => '*/*',
  'content-length' => '271',
  'connection' => 'keep-alive',
  'host' => 'pml.zhihuo.com.cn',
)
[ info ] [ PARAM ] array (
  'token' => 'fe4023e1-0ae1-4ff1-b335-4774c4702b38',
  'project_id' => '19',
)
[ info ] [ LANG ] /www/wwwroot/pml_zhihuo_com_cn/pml/public/../application/api/lang/zh-cn.php
[ info ] [ BEHAVIOR ] Run app\common\behavior\Common @module_init [ RunTime:0.001492s ]
[ info ] [ DB ] INIT mysql
[ info ] [ TOKEN ] INIT Mysql
[ info ] [ LANG ] /www/wwwroot/pml_zhihuo_com_cn/pml/public/../application/api/lang/zh-cn/project.php
[ info ] [ RUN ] app\api\controller\Project->pay_king[ /www/wwwroot/pml_zhihuo_com_cn/pml/application/api/controller/Project.php ]
[ info ] [ LOG ] INIT File
[ sql ] [ DB ] CONNECT:[ UseTime:0.005870s ] mysql:host=106.15.230.197;dbname=pml_zhihuo_com_c;charset=utf8
[ sql ] [ SQL ] SHOW COLUMNS FROM `pml_user_token` [ RunTime:0.004328s ]
[ sql ] [ SQL ] SELECT * FROM `pml_user_token` WHERE  `token` = '6deccc2cd9124ddde7f63a715db0268988151f12' LIMIT 1 [ RunTime:0.003808s ]
[ sql ] [ SQL ] SHOW COLUMNS FROM `pml_user` [ RunTime:0.004345s ]
[ sql ] [ SQL ] SELECT * FROM `pml_user` WHERE  `id` = 11 LIMIT 1 [ RunTime:0.003891s ]
---------------------------------------------------------------
[ 2019-04-09T15:22:00+08:00 ] 103.214.85.216 POST pml.zhihuo.com.cn/api/project/pay_king
[运行时间：0.055001s] [吞吐率：18.18req/s] [内存消耗：3,356.15kb] [文件加载：72]
[ info ] [ BEHAVIOR ] Run Closure @app_init [ RunTime:0.000018s ]
[ info ] [ CACHE ] INIT File
[ info ] [ BEHAVIOR ] Run Closure @app_init [ RunTime:0.000948s ]
[ info ] [ LANG ] /www/wwwroot/pml_zhihuo_com_cn/pml/thinkphp/lang/zh-cn.php
[ info ] [ ROUTE ] array (
  'type' => 'module',
  'module' => 
  array (
    0 => 'api',
    1 => 'project',
    2 => 'pay_king',
  ),
)
[ info ] [ HEADER ] array (
  'cookie' => 'Hm_lvt_f8d0a8c400404989e195270b0bbf060a=1553651363,1554358916,1554378940',
  'accept-language' => 'zh-CN,zh;q=0.9',
  'accept-encoding' => 'gzip, deflate',
  'user-agent' => 'Mozilla/5.0 (Windows NT 10.0; Win64; x64) AppleWebKit/537.36 (KHTML, like Gecko) Chrome/73.0.3683.86 Safari/537.36',
  'content-type' => 'multipart/form-data; boundary=----WebKitFormBoundaryi770Bf9AL8AtgFFk',
  'accept' => '*/*',
  'content-length' => '271',
  'connection' => 'keep-alive',
  'host' => 'pml.zhihuo.com.cn',
)
[ info ] [ PARAM ] array (
  'token' => 'fe4023e1-0ae1-4ff1-b335-4774c4702b38',
  'project_id' => '19',
)
[ info ] [ LANG ] /www/wwwroot/pml_zhihuo_com_cn/pml/public/../application/api/lang/zh-cn.php
[ info ] [ BEHAVIOR ] Run app\common\behavior\Common @module_init [ RunTime:0.001543s ]
[ info ] [ DB ] INIT mysql
[ info ] [ TOKEN ] INIT Mysql
[ info ] [ LANG ] /www/wwwroot/pml_zhihuo_com_cn/pml/public/../application/api/lang/zh-cn/project.php
[ info ] [ RUN ] app\api\controller\Project->pay_king[ /www/wwwroot/pml_zhihuo_com_cn/pml/application/api/controller/Project.php ]
[ info ] [ LOG ] INIT File
[ sql ] [ DB ] CONNECT:[ UseTime:0.003518s ] mysql:host=106.15.230.197;dbname=pml_zhihuo_com_c;charset=utf8
[ sql ] [ SQL ] SHOW COLUMNS FROM `pml_user_token` [ RunTime:0.002765s ]
[ sql ] [ SQL ] SELECT * FROM `pml_user_token` WHERE  `token` = '6deccc2cd9124ddde7f63a715db0268988151f12' LIMIT 1 [ RunTime:0.002288s ]
[ sql ] [ SQL ] SHOW COLUMNS FROM `pml_user` [ RunTime:0.002810s ]
[ sql ] [ SQL ] SELECT * FROM `pml_user` WHERE  `id` = 11 LIMIT 1 [ RunTime:0.002336s ]
---------------------------------------------------------------
[ 2019-04-09T15:22:00+08:00 ] 103.214.85.216 POST pml.zhihuo.com.cn/api/project/pay_king
[运行时间：0.064763s] [吞吐率：15.44req/s] [内存消耗：3,356.15kb] [文件加载：72]
[ info ] [ BEHAVIOR ] Run Closure @app_init [ RunTime:0.000018s ]
[ info ] [ CACHE ] INIT File
[ info ] [ BEHAVIOR ] Run Closure @app_init [ RunTime:0.001008s ]
[ info ] [ LANG ] /www/wwwroot/pml_zhihuo_com_cn/pml/thinkphp/lang/zh-cn.php
[ info ] [ ROUTE ] array (
  'type' => 'module',
  'module' => 
  array (
    0 => 'api',
    1 => 'project',
    2 => 'pay_king',
  ),
)
[ info ] [ HEADER ] array (
  'cookie' => 'Hm_lvt_f8d0a8c400404989e195270b0bbf060a=1553651363,1554358916,1554378940',
  'accept-language' => 'zh-CN,zh;q=0.9',
  'accept-encoding' => 'gzip, deflate',
  'user-agent' => 'Mozilla/5.0 (Windows NT 10.0; Win64; x64) AppleWebKit/537.36 (KHTML, like Gecko) Chrome/73.0.3683.86 Safari/537.36',
  'content-type' => 'multipart/form-data; boundary=----WebKitFormBoundary4B8bvBLGlTEYB3qe',
  'accept' => '*/*',
  'content-length' => '271',
  'connection' => 'keep-alive',
  'host' => 'pml.zhihuo.com.cn',
)
[ info ] [ PARAM ] array (
  'token' => 'fe4023e1-0ae1-4ff1-b335-4774c4702b38',
  'project_id' => '19',
)
[ info ] [ LANG ] /www/wwwroot/pml_zhihuo_com_cn/pml/public/../application/api/lang/zh-cn.php
[ info ] [ BEHAVIOR ] Run app\common\behavior\Common @module_init [ RunTime:0.001495s ]
[ info ] [ DB ] INIT mysql
[ info ] [ TOKEN ] INIT Mysql
[ info ] [ LANG ] /www/wwwroot/pml_zhihuo_com_cn/pml/public/../application/api/lang/zh-cn/project.php
[ info ] [ RUN ] app\api\controller\Project->pay_king[ /www/wwwroot/pml_zhihuo_com_cn/pml/application/api/controller/Project.php ]
[ info ] [ LOG ] INIT File
[ sql ] [ DB ] CONNECT:[ UseTime:0.005964s ] mysql:host=106.15.230.197;dbname=pml_zhihuo_com_c;charset=utf8
[ sql ] [ SQL ] SHOW COLUMNS FROM `pml_user_token` [ RunTime:0.004474s ]
[ sql ] [ SQL ] SELECT * FROM `pml_user_token` WHERE  `token` = '6deccc2cd9124ddde7f63a715db0268988151f12' LIMIT 1 [ RunTime:0.003904s ]
[ sql ] [ SQL ] SHOW COLUMNS FROM `pml_user` [ RunTime:0.004527s ]
[ sql ] [ SQL ] SELECT * FROM `pml_user` WHERE  `id` = 11 LIMIT 1 [ RunTime:0.004000s ]
---------------------------------------------------------------
[ 2019-04-09T15:22:01+08:00 ] 103.214.85.216 POST pml.zhihuo.com.cn/api/project/pay_king
[运行时间：0.075489s] [吞吐率：13.25req/s] [内存消耗：3,356.15kb] [文件加载：72]
[ info ] [ BEHAVIOR ] Run Closure @app_init [ RunTime:0.000020s ]
[ info ] [ CACHE ] INIT File
[ info ] [ BEHAVIOR ] Run Closure @app_init [ RunTime:0.000968s ]
[ info ] [ LANG ] /www/wwwroot/pml_zhihuo_com_cn/pml/thinkphp/lang/zh-cn.php
[ info ] [ ROUTE ] array (
  'type' => 'module',
  'module' => 
  array (
    0 => 'api',
    1 => 'project',
    2 => 'pay_king',
  ),
)
[ info ] [ HEADER ] array (
  'cookie' => 'Hm_lvt_f8d0a8c400404989e195270b0bbf060a=1553651363,1554358916,1554378940',
  'accept-language' => 'zh-CN,zh;q=0.9',
  'accept-encoding' => 'gzip, deflate',
  'user-agent' => 'Mozilla/5.0 (Windows NT 10.0; Win64; x64) AppleWebKit/537.36 (KHTML, like Gecko) Chrome/73.0.3683.86 Safari/537.36',
  'content-type' => 'multipart/form-data; boundary=----WebKitFormBoundarypsdzV2eSEDz4O7sg',
  'accept' => '*/*',
  'content-length' => '271',
  'connection' => 'keep-alive',
  'host' => 'pml.zhihuo.com.cn',
)
[ info ] [ PARAM ] array (
  'token' => 'fe4023e1-0ae1-4ff1-b335-4774c4702b38',
  'project_id' => '19',
)
[ info ] [ LANG ] /www/wwwroot/pml_zhihuo_com_cn/pml/public/../application/api/lang/zh-cn.php
[ info ] [ BEHAVIOR ] Run app\common\behavior\Common @module_init [ RunTime:0.001464s ]
[ info ] [ DB ] INIT mysql
[ info ] [ TOKEN ] INIT Mysql
[ info ] [ LANG ] /www/wwwroot/pml_zhihuo_com_cn/pml/public/../application/api/lang/zh-cn/project.php
[ info ] [ RUN ] app\api\controller\Project->pay_king[ /www/wwwroot/pml_zhihuo_com_cn/pml/application/api/controller/Project.php ]
[ info ] [ LOG ] INIT File
[ sql ] [ DB ] CONNECT:[ UseTime:0.008766s ] mysql:host=106.15.230.197;dbname=pml_zhihuo_com_c;charset=utf8
[ sql ] [ SQL ] SHOW COLUMNS FROM `pml_user_token` [ RunTime:0.006383s ]
[ sql ] [ SQL ] SELECT * FROM `pml_user_token` WHERE  `token` = '6deccc2cd9124ddde7f63a715db0268988151f12' LIMIT 1 [ RunTime:0.005758s ]
[ sql ] [ SQL ] SHOW COLUMNS FROM `pml_user` [ RunTime:0.006411s ]
[ sql ] [ SQL ] SELECT * FROM `pml_user` WHERE  `id` = 11 LIMIT 1 [ RunTime:0.005778s ]
---------------------------------------------------------------
[ 2019-04-09T15:22:01+08:00 ] 103.214.85.216 POST pml.zhihuo.com.cn/api/project/pay_king
[运行时间：0.061840s] [吞吐率：16.17req/s] [内存消耗：3,356.15kb] [文件加载：72]
[ info ] [ BEHAVIOR ] Run Closure @app_init [ RunTime:0.000020s ]
[ info ] [ CACHE ] INIT File
[ info ] [ BEHAVIOR ] Run Closure @app_init [ RunTime:0.000998s ]
[ info ] [ LANG ] /www/wwwroot/pml_zhihuo_com_cn/pml/thinkphp/lang/zh-cn.php
[ info ] [ ROUTE ] array (
  'type' => 'module',
  'module' => 
  array (
    0 => 'api',
    1 => 'project',
    2 => 'pay_king',
  ),
)
[ info ] [ HEADER ] array (
  'cookie' => 'Hm_lvt_f8d0a8c400404989e195270b0bbf060a=1553651363,1554358916,1554378940',
  'accept-language' => 'zh-CN,zh;q=0.9',
  'accept-encoding' => 'gzip, deflate',
  'user-agent' => 'Mozilla/5.0 (Windows NT 10.0; Win64; x64) AppleWebKit/537.36 (KHTML, like Gecko) Chrome/73.0.3683.86 Safari/537.36',
  'content-type' => 'multipart/form-data; boundary=----WebKitFormBoundary4Bn6DFDZaqxrx5Hf',
  'accept' => '*/*',
  'content-length' => '271',
  'connection' => 'keep-alive',
  'host' => 'pml.zhihuo.com.cn',
)
[ info ] [ PARAM ] array (
  'token' => 'fe4023e1-0ae1-4ff1-b335-4774c4702b38',
  'project_id' => '19',
)
[ info ] [ LANG ] /www/wwwroot/pml_zhihuo_com_cn/pml/public/../application/api/lang/zh-cn.php
[ info ] [ BEHAVIOR ] Run app\common\behavior\Common @module_init [ RunTime:0.001577s ]
[ info ] [ DB ] INIT mysql
[ info ] [ TOKEN ] INIT Mysql
[ info ] [ LANG ] /www/wwwroot/pml_zhihuo_com_cn/pml/public/../application/api/lang/zh-cn/project.php
[ info ] [ RUN ] app\api\controller\Project->pay_king[ /www/wwwroot/pml_zhihuo_com_cn/pml/application/api/controller/Project.php ]
[ info ] [ LOG ] INIT File
[ sql ] [ DB ] CONNECT:[ UseTime:0.005529s ] mysql:host=106.15.230.197;dbname=pml_zhihuo_com_c;charset=utf8
[ sql ] [ SQL ] SHOW COLUMNS FROM `pml_user_token` [ RunTime:0.004086s ]
[ sql ] [ SQL ] SELECT * FROM `pml_user_token` WHERE  `token` = '6deccc2cd9124ddde7f63a715db0268988151f12' LIMIT 1 [ RunTime:0.003611s ]
[ sql ] [ SQL ] SHOW COLUMNS FROM `pml_user` [ RunTime:0.004136s ]
[ sql ] [ SQL ] SELECT * FROM `pml_user` WHERE  `id` = 11 LIMIT 1 [ RunTime:0.003649s ]
---------------------------------------------------------------
[ 2019-04-09T15:22:17+08:00 ] 103.214.85.216 POST pml.zhihuo.com.cn/api/project/pay_king
[运行时间：0.067291s] [吞吐率：14.86req/s] [内存消耗：3,330.34kb] [文件加载：68]
[ info ] [ BEHAVIOR ] Run Closure @app_init [ RunTime:0.000017s ]
[ info ] [ CACHE ] INIT File
[ info ] [ BEHAVIOR ] Run Closure @app_init [ RunTime:0.000920s ]
[ info ] [ LANG ] /www/wwwroot/pml_zhihuo_com_cn/pml/thinkphp/lang/zh-cn.php
[ info ] [ ROUTE ] array (
  'type' => 'module',
  'module' => 
  array (
    0 => 'api',
    1 => 'project',
    2 => 'pay_king',
  ),
)
[ info ] [ HEADER ] array (
  'cookie' => 'Hm_lvt_f8d0a8c400404989e195270b0bbf060a=1553651363,1554358916,1554378940',
  'accept-language' => 'zh-CN,zh;q=0.9',
  'accept-encoding' => 'gzip, deflate',
  'user-agent' => 'Mozilla/5.0 (Windows NT 10.0; Win64; x64) AppleWebKit/537.36 (KHTML, like Gecko) Chrome/73.0.3683.86 Safari/537.36',
  'content-type' => 'multipart/form-data; boundary=----WebKitFormBoundaryh44nJfTFHkqJLtNm',
  'accept' => '*/*',
  'content-length' => '271',
  'connection' => 'keep-alive',
  'host' => 'pml.zhihuo.com.cn',
)
[ info ] [ PARAM ] array (
  'token' => 'fe4023e1-0ae1-4ff1-b335-4774c4702b38',
  'project_id' => '19',
)
[ info ] [ LANG ] /www/wwwroot/pml_zhihuo_com_cn/pml/public/../application/api/lang/zh-cn.php
[ info ] [ BEHAVIOR ] Run app\common\behavior\Common @module_init [ RunTime:0.001510s ]
[ info ] [ DB ] INIT mysql
[ info ] [ TOKEN ] INIT Mysql
[ info ] [ LANG ] /www/wwwroot/pml_zhihuo_com_cn/pml/public/../application/api/lang/zh-cn/project.php
[ info ] [ RUN ] app\api\controller\Project->pay_king[ /www/wwwroot/pml_zhihuo_com_cn/pml/application/api/controller/Project.php ]
[ info ] [ LOG ] INIT File
[ sql ] [ DB ] CONNECT:[ UseTime:0.008278s ] mysql:host=106.15.230.197;dbname=pml_zhihuo_com_c;charset=utf8
[ sql ] [ SQL ] SHOW COLUMNS FROM `pml_user_token` [ RunTime:0.005894s ]
[ sql ] [ SQL ] SELECT * FROM `pml_user_token` WHERE  `token` = '6deccc2cd9124ddde7f63a715db0268988151f12' LIMIT 1 [ RunTime:0.005435s ]
[ sql ] [ SQL ] SHOW COLUMNS FROM `pml_user` [ RunTime:0.005923s ]
[ sql ] [ SQL ] SELECT * FROM `pml_user` WHERE  `id` = 11 LIMIT 1 [ RunTime:0.005477s ]
---------------------------------------------------------------
[ 2019-04-09T15:23:00+08:00 ] 103.214.85.216 POST pml.zhihuo.com.cn/api/project/pay_king
[运行时间：0.169063s] [吞吐率：5.91req/s] [内存消耗：3,478.66kb] [文件加载：74]
[ info ] [ BEHAVIOR ] Run Closure @app_init [ RunTime:0.000017s ]
[ info ] [ CACHE ] INIT File
[ info ] [ BEHAVIOR ] Run Closure @app_init [ RunTime:0.000932s ]
[ info ] [ LANG ] /www/wwwroot/pml_zhihuo_com_cn/pml/thinkphp/lang/zh-cn.php
[ info ] [ ROUTE ] array (
  'type' => 'module',
  'module' => 
  array (
    0 => 'api',
    1 => 'project',
    2 => 'pay_king',
  ),
)
[ info ] [ HEADER ] array (
  'cookie' => 'Hm_lvt_f8d0a8c400404989e195270b0bbf060a=1553651363,1554358916,1554378940',
  'accept-language' => 'zh-CN,zh;q=0.9',
  'accept-encoding' => 'gzip, deflate',
  'user-agent' => 'Mozilla/5.0 (Windows NT 10.0; Win64; x64) AppleWebKit/537.36 (KHTML, like Gecko) Chrome/73.0.3683.86 Safari/537.36',
  'content-type' => 'multipart/form-data; boundary=----WebKitFormBoundaryCysLYOwYXc2JqJC3',
  'accept' => '*/*',
  'content-length' => '271',
  'connection' => 'keep-alive',
  'host' => 'pml.zhihuo.com.cn',
)
[ info ] [ PARAM ] array (
  'token' => 'fe4023e1-0ae1-4ff1-b335-4774c4702b38',
  'project_id' => '19',
)
[ info ] [ LANG ] /www/wwwroot/pml_zhihuo_com_cn/pml/public/../application/api/lang/zh-cn.php
[ info ] [ BEHAVIOR ] Run app\common\behavior\Common @module_init [ RunTime:0.001493s ]
[ info ] [ DB ] INIT mysql
[ info ] [ TOKEN ] INIT Mysql
[ info ] [ LANG ] /www/wwwroot/pml_zhihuo_com_cn/pml/public/../application/api/lang/zh-cn/project.php
[ info ] [ RUN ] app\api\controller\Project->pay_king[ /www/wwwroot/pml_zhihuo_com_cn/pml/application/api/controller/Project.php ]
[ info ] [ LOG ] INIT File
[ sql ] [ DB ] CONNECT:[ UseTime:0.006277s ] mysql:host=106.15.230.197;dbname=pml_zhihuo_com_c;charset=utf8
[ sql ] [ SQL ] SHOW COLUMNS FROM `pml_user_token` [ RunTime:0.004693s ]
[ sql ] [ SQL ] SELECT * FROM `pml_user_token` WHERE  `token` = '6deccc2cd9124ddde7f63a715db0268988151f12' LIMIT 1 [ RunTime:0.004132s ]
[ sql ] [ SQL ] SHOW COLUMNS FROM `pml_user` [ RunTime:0.004650s ]
[ sql ] [ SQL ] SELECT * FROM `pml_user` WHERE  `id` = 11 LIMIT 1 [ RunTime:0.004183s ]
[ error ] [0]致命错误: Undefined class constant 'pty_token'[/www/wwwroot/pml_zhihuo_com_cn/pml/application/api/controller/Project.php:245]
---------------------------------------------------------------
[ 2019-04-09T15:23:10+08:00 ] 103.214.85.216 POST pml.zhihuo.com.cn/api/project/pay_king
[运行时间：0.058294s] [吞吐率：17.15req/s] [内存消耗：3,330.34kb] [文件加载：68]
[ info ] [ BEHAVIOR ] Run Closure @app_init [ RunTime:0.000016s ]
[ info ] [ CACHE ] INIT File
[ info ] [ BEHAVIOR ] Run Closure @app_init [ RunTime:0.001001s ]
[ info ] [ LANG ] /www/wwwroot/pml_zhihuo_com_cn/pml/thinkphp/lang/zh-cn.php
[ info ] [ ROUTE ] array (
  'type' => 'module',
  'module' => 
  array (
    0 => 'api',
    1 => 'project',
    2 => 'pay_king',
  ),
)
[ info ] [ HEADER ] array (
  'cookie' => 'Hm_lvt_f8d0a8c400404989e195270b0bbf060a=1553651363,1554358916,1554378940',
  'accept-language' => 'zh-CN,zh;q=0.9',
  'accept-encoding' => 'gzip, deflate',
  'user-agent' => 'Mozilla/5.0 (Windows NT 10.0; Win64; x64) AppleWebKit/537.36 (KHTML, like Gecko) Chrome/73.0.3683.86 Safari/537.36',
  'content-type' => 'multipart/form-data; boundary=----WebKitFormBoundaryypDpsxc8WPvnA35C',
  'accept' => '*/*',
  'content-length' => '271',
  'connection' => 'keep-alive',
  'host' => 'pml.zhihuo.com.cn',
)
[ info ] [ PARAM ] array (
  'token' => 'fe4023e1-0ae1-4ff1-b335-4774c4702b38',
  'project_id' => '19',
)
[ info ] [ LANG ] /www/wwwroot/pml_zhihuo_com_cn/pml/public/../application/api/lang/zh-cn.php
[ info ] [ BEHAVIOR ] Run app\common\behavior\Common @module_init [ RunTime:0.001516s ]
[ info ] [ DB ] INIT mysql
[ info ] [ TOKEN ] INIT Mysql
[ info ] [ LANG ] /www/wwwroot/pml_zhihuo_com_cn/pml/public/../application/api/lang/zh-cn/project.php
[ info ] [ RUN ] app\api\controller\Project->pay_king[ /www/wwwroot/pml_zhihuo_com_cn/pml/application/api/controller/Project.php ]
[ info ] [ LOG ] INIT File
[ sql ] [ DB ] CONNECT:[ UseTime:0.003637s ] mysql:host=106.15.230.197;dbname=pml_zhihuo_com_c;charset=utf8
[ sql ] [ SQL ] SHOW COLUMNS FROM `pml_user_token` [ RunTime:0.002847s ]
[ sql ] [ SQL ] SELECT * FROM `pml_user_token` WHERE  `token` = '6deccc2cd9124ddde7f63a715db0268988151f12' LIMIT 1 [ RunTime:0.002373s ]
[ sql ] [ SQL ] SHOW COLUMNS FROM `pml_user` [ RunTime:0.002842s ]
[ sql ] [ SQL ] SELECT * FROM `pml_user` WHERE  `id` = 11 LIMIT 1 [ RunTime:0.002398s ]
---------------------------------------------------------------
[ 2019-04-09T15:26:16+08:00 ] 103.214.85.216 POST pml.zhihuo.com.cn/api/project/pay_king
[运行时间：0.069631s] [吞吐率：14.36req/s] [内存消耗：3,356.09kb] [文件加载：72]
[ info ] [ BEHAVIOR ] Run Closure @app_init [ RunTime:0.000019s ]
[ info ] [ CACHE ] INIT File
[ info ] [ BEHAVIOR ] Run Closure @app_init [ RunTime:0.000980s ]
[ info ] [ LANG ] /www/wwwroot/pml_zhihuo_com_cn/pml/thinkphp/lang/zh-cn.php
[ info ] [ ROUTE ] array (
  'type' => 'module',
  'module' => 
  array (
    0 => 'api',
    1 => 'project',
    2 => 'pay_king',
  ),
)
[ info ] [ HEADER ] array (
  'cookie' => 'Hm_lvt_f8d0a8c400404989e195270b0bbf060a=1553651363,1554358916,1554378940',
  'accept-language' => 'zh-CN,zh;q=0.9',
  'accept-encoding' => 'gzip, deflate',
  'user-agent' => 'Mozilla/5.0 (Windows NT 10.0; Win64; x64) AppleWebKit/537.36 (KHTML, like Gecko) Chrome/73.0.3683.86 Safari/537.36',
  'content-type' => 'multipart/form-data; boundary=----WebKitFormBoundaryLh03y3sj6zkKUfVY',
  'accept' => '*/*',
  'content-length' => '271',
  'connection' => 'keep-alive',
  'host' => 'pml.zhihuo.com.cn',
)
[ info ] [ PARAM ] array (
  'token' => 'fe4023e1-0ae1-4ff1-b335-4774c4702b38',
  'project_id' => '19',
)
[ info ] [ LANG ] /www/wwwroot/pml_zhihuo_com_cn/pml/public/../application/api/lang/zh-cn.php
[ info ] [ BEHAVIOR ] Run app\common\behavior\Common @module_init [ RunTime:0.001551s ]
[ info ] [ DB ] INIT mysql
[ info ] [ TOKEN ] INIT Mysql
[ info ] [ LANG ] /www/wwwroot/pml_zhihuo_com_cn/pml/public/../application/api/lang/zh-cn/project.php
[ info ] [ RUN ] app\api\controller\Project->pay_king[ /www/wwwroot/pml_zhihuo_com_cn/pml/application/api/controller/Project.php ]
[ info ] [ LOG ] INIT File
[ sql ] [ DB ] CONNECT:[ UseTime:0.006574s ] mysql:host=106.15.230.197;dbname=pml_zhihuo_com_c;charset=utf8
[ sql ] [ SQL ] SHOW COLUMNS FROM `pml_user_token` [ RunTime:0.004920s ]
[ sql ] [ SQL ] SELECT * FROM `pml_user_token` WHERE  `token` = '6deccc2cd9124ddde7f63a715db0268988151f12' LIMIT 1 [ RunTime:0.004364s ]
[ sql ] [ SQL ] SHOW COLUMNS FROM `pml_user` [ RunTime:0.005067s ]
[ sql ] [ SQL ] SELECT * FROM `pml_user` WHERE  `id` = 11 LIMIT 1 [ RunTime:0.004427s ]
---------------------------------------------------------------
[ 2019-04-09T15:26:54+08:00 ] 103.214.85.216 POST pml.zhihuo.com.cn/api/project/keyword_optimizer
[运行时间：0.059531s] [吞吐率：16.80req/s] [内存消耗：3,356.21kb] [文件加载：72]
[ info ] [ BEHAVIOR ] Run Closure @app_init [ RunTime:0.000016s ]
[ info ] [ CACHE ] INIT File
[ info ] [ BEHAVIOR ] Run Closure @app_init [ RunTime:0.000934s ]
[ info ] [ LANG ] /www/wwwroot/pml_zhihuo_com_cn/pml/thinkphp/lang/zh-cn.php
[ info ] [ ROUTE ] array (
  'type' => 'module',
  'module' => 
  array (
    0 => 'api',
    1 => 'project',
    2 => 'keyword_optimizer',
  ),
)
[ info ] [ HEADER ] array (
  'cookie' => 'Hm_lvt_f8d0a8c400404989e195270b0bbf060a=1553651363,1554358916,1554378940',
  'accept-language' => 'zh-CN,zh;q=0.9',
  'accept-encoding' => 'gzip, deflate',
  'user-agent' => 'Mozilla/5.0 (Windows NT 10.0; Win64; x64) AppleWebKit/537.36 (KHTML, like Gecko) Chrome/73.0.3683.86 Safari/537.36',
  'content-type' => 'multipart/form-data; boundary=----WebKitFormBoundarytW4KIemZjVBPow3b',
  'accept' => '*/*',
  'content-length' => '271',
  'connection' => 'keep-alive',
  'host' => 'pml.zhihuo.com.cn',
)
[ info ] [ PARAM ] array (
  'token' => 'fe4023e1-0ae1-4ff1-b335-4774c4702b38',
  'project_id' => '19',
)
[ info ] [ LANG ] /www/wwwroot/pml_zhihuo_com_cn/pml/public/../application/api/lang/zh-cn.php
[ info ] [ BEHAVIOR ] Run app\common\behavior\Common @module_init [ RunTime:0.001492s ]
[ info ] [ DB ] INIT mysql
[ info ] [ TOKEN ] INIT Mysql
[ info ] [ LANG ] /www/wwwroot/pml_zhihuo_com_cn/pml/public/../application/api/lang/zh-cn/project.php
[ info ] [ RUN ] app\api\controller\Project->keyword_optimizer[ /www/wwwroot/pml_zhihuo_com_cn/pml/application/api/controller/Project.php ]
[ info ] [ LOG ] INIT File
[ sql ] [ DB ] CONNECT:[ UseTime:0.005601s ] mysql:host=106.15.230.197;dbname=pml_zhihuo_com_c;charset=utf8
[ sql ] [ SQL ] SHOW COLUMNS FROM `pml_user_token` [ RunTime:0.004156s ]
[ sql ] [ SQL ] SELECT * FROM `pml_user_token` WHERE  `token` = '6deccc2cd9124ddde7f63a715db0268988151f12' LIMIT 1 [ RunTime:0.003653s ]
[ sql ] [ SQL ] SHOW COLUMNS FROM `pml_user` [ RunTime:0.004159s ]
[ sql ] [ SQL ] SELECT * FROM `pml_user` WHERE  `id` = 11 LIMIT 1 [ RunTime:0.003699s ]
---------------------------------------------------------------
[ 2019-04-09T15:26:56+08:00 ] 103.214.85.216 POST pml.zhihuo.com.cn/api/project/keyword_optimizer
[运行时间：0.061427s] [吞吐率：16.28req/s] [内存消耗：3,356.21kb] [文件加载：72]
[ info ] [ BEHAVIOR ] Run Closure @app_init [ RunTime:0.000019s ]
[ info ] [ CACHE ] INIT File
[ info ] [ BEHAVIOR ] Run Closure @app_init [ RunTime:0.000967s ]
[ info ] [ LANG ] /www/wwwroot/pml_zhihuo_com_cn/pml/thinkphp/lang/zh-cn.php
[ info ] [ ROUTE ] array (
  'type' => 'module',
  'module' => 
  array (
    0 => 'api',
    1 => 'project',
    2 => 'keyword_optimizer',
  ),
)
[ info ] [ HEADER ] array (
  'cookie' => 'Hm_lvt_f8d0a8c400404989e195270b0bbf060a=1553651363,1554358916,1554378940',
  'accept-language' => 'zh-CN,zh;q=0.9',
  'accept-encoding' => 'gzip, deflate',
  'user-agent' => 'Mozilla/5.0 (Windows NT 10.0; Win64; x64) AppleWebKit/537.36 (KHTML, like Gecko) Chrome/73.0.3683.86 Safari/537.36',
  'content-type' => 'multipart/form-data; boundary=----WebKitFormBoundaryC4zvqkAwxMoLn4k5',
  'accept' => '*/*',
  'content-length' => '271',
  'connection' => 'keep-alive',
  'host' => 'pml.zhihuo.com.cn',
)
[ info ] [ PARAM ] array (
  'token' => 'fe4023e1-0ae1-4ff1-b335-4774c4702b38',
  'project_id' => '19',
)
[ info ] [ LANG ] /www/wwwroot/pml_zhihuo_com_cn/pml/public/../application/api/lang/zh-cn.php
[ info ] [ BEHAVIOR ] Run app\common\behavior\Common @module_init [ RunTime:0.001523s ]
[ info ] [ DB ] INIT mysql
[ info ] [ TOKEN ] INIT Mysql
[ info ] [ LANG ] /www/wwwroot/pml_zhihuo_com_cn/pml/public/../application/api/lang/zh-cn/project.php
[ info ] [ RUN ] app\api\controller\Project->keyword_optimizer[ /www/wwwroot/pml_zhihuo_com_cn/pml/application/api/controller/Project.php ]
[ info ] [ LOG ] INIT File
[ sql ] [ DB ] CONNECT:[ UseTime:0.005803s ] mysql:host=106.15.230.197;dbname=pml_zhihuo_com_c;charset=utf8
[ sql ] [ SQL ] SHOW COLUMNS FROM `pml_user_token` [ RunTime:0.004367s ]
[ sql ] [ SQL ] SELECT * FROM `pml_user_token` WHERE  `token` = '6deccc2cd9124ddde7f63a715db0268988151f12' LIMIT 1 [ RunTime:0.003790s ]
[ sql ] [ SQL ] SHOW COLUMNS FROM `pml_user` [ RunTime:0.004252s ]
[ sql ] [ SQL ] SELECT * FROM `pml_user` WHERE  `id` = 11 LIMIT 1 [ RunTime:0.003866s ]
---------------------------------------------------------------
[ 2019-04-09T15:27:27+08:00 ] 103.214.85.216 POST pml.zhihuo.com.cn/api/project/keyword_optimizer
[运行时间：0.073635s] [吞吐率：13.58req/s] [内存消耗：3,356.21kb] [文件加载：72]
[ info ] [ BEHAVIOR ] Run Closure @app_init [ RunTime:0.000016s ]
[ info ] [ CACHE ] INIT File
[ info ] [ BEHAVIOR ] Run Closure @app_init [ RunTime:0.000950s ]
[ info ] [ LANG ] /www/wwwroot/pml_zhihuo_com_cn/pml/thinkphp/lang/zh-cn.php
[ info ] [ ROUTE ] array (
  'type' => 'module',
  'module' => 
  array (
    0 => 'api',
    1 => 'project',
    2 => 'keyword_optimizer',
  ),
)
[ info ] [ HEADER ] array (
  'cookie' => 'Hm_lvt_f8d0a8c400404989e195270b0bbf060a=1553651363,1554358916,1554378940',
  'accept-language' => 'zh-CN,zh;q=0.9',
  'accept-encoding' => 'gzip, deflate',
  'user-agent' => 'Mozilla/5.0 (Windows NT 10.0; Win64; x64) AppleWebKit/537.36 (KHTML, like Gecko) Chrome/73.0.3683.86 Safari/537.36',
  'content-type' => 'multipart/form-data; boundary=----WebKitFormBoundarysuEdWLMFB8y7f8QT',
  'accept' => '*/*',
  'content-length' => '271',
  'connection' => 'keep-alive',
  'host' => 'pml.zhihuo.com.cn',
)
[ info ] [ PARAM ] array (
  'token' => 'fe4023e1-0ae1-4ff1-b335-4774c4702b38',
  'project_id' => '19',
)
[ info ] [ LANG ] /www/wwwroot/pml_zhihuo_com_cn/pml/public/../application/api/lang/zh-cn.php
[ info ] [ BEHAVIOR ] Run app\common\behavior\Common @module_init [ RunTime:0.001505s ]
[ info ] [ DB ] INIT mysql
[ info ] [ TOKEN ] INIT Mysql
[ info ] [ LANG ] /www/wwwroot/pml_zhihuo_com_cn/pml/public/../application/api/lang/zh-cn/project.php
[ info ] [ RUN ] app\api\controller\Project->keyword_optimizer[ /www/wwwroot/pml_zhihuo_com_cn/pml/application/api/controller/Project.php ]
[ info ] [ LOG ] INIT File
[ sql ] [ DB ] CONNECT:[ UseTime:0.008171s ] mysql:host=106.15.230.197;dbname=pml_zhihuo_com_c;charset=utf8
[ sql ] [ SQL ] SHOW COLUMNS FROM `pml_user_token` [ RunTime:0.005872s ]
[ sql ] [ SQL ] SELECT * FROM `pml_user_token` WHERE  `token` = '6deccc2cd9124ddde7f63a715db0268988151f12' LIMIT 1 [ RunTime:0.005427s ]
[ sql ] [ SQL ] SHOW COLUMNS FROM `pml_user` [ RunTime:0.005956s ]
[ sql ] [ SQL ] SELECT * FROM `pml_user` WHERE  `id` = 11 LIMIT 1 [ RunTime:0.005474s ]
---------------------------------------------------------------
[ 2019-04-09T15:27:27+08:00 ] 103.214.85.216 POST pml.zhihuo.com.cn/api/project/keyword_optimizer
[运行时间：0.064123s] [吞吐率：15.60req/s] [内存消耗：3,356.21kb] [文件加载：72]
[ info ] [ BEHAVIOR ] Run Closure @app_init [ RunTime:0.000017s ]
[ info ] [ CACHE ] INIT File
[ info ] [ BEHAVIOR ] Run Closure @app_init [ RunTime:0.000931s ]
[ info ] [ LANG ] /www/wwwroot/pml_zhihuo_com_cn/pml/thinkphp/lang/zh-cn.php
[ info ] [ ROUTE ] array (
  'type' => 'module',
  'module' => 
  array (
    0 => 'api',
    1 => 'project',
    2 => 'keyword_optimizer',
  ),
)
[ info ] [ HEADER ] array (
  'cookie' => 'Hm_lvt_f8d0a8c400404989e195270b0bbf060a=1553651363,1554358916,1554378940',
  'accept-language' => 'zh-CN,zh;q=0.9',
  'accept-encoding' => 'gzip, deflate',
  'user-agent' => 'Mozilla/5.0 (Windows NT 10.0; Win64; x64) AppleWebKit/537.36 (KHTML, like Gecko) Chrome/73.0.3683.86 Safari/537.36',
  'content-type' => 'multipart/form-data; boundary=----WebKitFormBoundaryeSxuKma7T2q76EE6',
  'accept' => '*/*',
  'content-length' => '271',
  'connection' => 'keep-alive',
  'host' => 'pml.zhihuo.com.cn',
)
[ info ] [ PARAM ] array (
  'token' => 'fe4023e1-0ae1-4ff1-b335-4774c4702b38',
  'project_id' => '19',
)
[ info ] [ LANG ] /www/wwwroot/pml_zhihuo_com_cn/pml/public/../application/api/lang/zh-cn.php
[ info ] [ BEHAVIOR ] Run app\common\behavior\Common @module_init [ RunTime:0.001491s ]
[ info ] [ DB ] INIT mysql
[ info ] [ TOKEN ] INIT Mysql
[ info ] [ LANG ] /www/wwwroot/pml_zhihuo_com_cn/pml/public/../application/api/lang/zh-cn/project.php
[ info ] [ RUN ] app\api\controller\Project->keyword_optimizer[ /www/wwwroot/pml_zhihuo_com_cn/pml/application/api/controller/Project.php ]
[ info ] [ LOG ] INIT File
[ sql ] [ DB ] CONNECT:[ UseTime:0.006712s ] mysql:host=106.15.230.197;dbname=pml_zhihuo_com_c;charset=utf8
[ sql ] [ SQL ] SHOW COLUMNS FROM `pml_user_token` [ RunTime:0.004861s ]
[ sql ] [ SQL ] SELECT * FROM `pml_user_token` WHERE  `token` = '6deccc2cd9124ddde7f63a715db0268988151f12' LIMIT 1 [ RunTime:0.004377s ]
[ sql ] [ SQL ] SHOW COLUMNS FROM `pml_user` [ RunTime:0.004881s ]
[ sql ] [ SQL ] SELECT * FROM `pml_user` WHERE  `id` = 11 LIMIT 1 [ RunTime:0.004440s ]
---------------------------------------------------------------
[ 2019-04-09T15:27:28+08:00 ] 103.214.85.216 POST pml.zhihuo.com.cn/api/project/keyword_optimizer
[运行时间：0.077079s] [吞吐率：12.97req/s] [内存消耗：3,356.21kb] [文件加载：72]
[ info ] [ BEHAVIOR ] Run Closure @app_init [ RunTime:0.000017s ]
[ info ] [ CACHE ] INIT File
[ info ] [ BEHAVIOR ] Run Closure @app_init [ RunTime:0.000942s ]
[ info ] [ LANG ] /www/wwwroot/pml_zhihuo_com_cn/pml/thinkphp/lang/zh-cn.php
[ info ] [ ROUTE ] array (
  'type' => 'module',
  'module' => 
  array (
    0 => 'api',
    1 => 'project',
    2 => 'keyword_optimizer',
  ),
)
[ info ] [ HEADER ] array (
  'cookie' => 'Hm_lvt_f8d0a8c400404989e195270b0bbf060a=1553651363,1554358916,1554378940',
  'accept-language' => 'zh-CN,zh;q=0.9',
  'accept-encoding' => 'gzip, deflate',
  'user-agent' => 'Mozilla/5.0 (Windows NT 10.0; Win64; x64) AppleWebKit/537.36 (KHTML, like Gecko) Chrome/73.0.3683.86 Safari/537.36',
  'content-type' => 'multipart/form-data; boundary=----WebKitFormBoundaryXBI0t0jYIFTbVyLG',
  'accept' => '*/*',
  'content-length' => '271',
  'connection' => 'keep-alive',
  'host' => 'pml.zhihuo.com.cn',
)
[ info ] [ PARAM ] array (
  'token' => 'fe4023e1-0ae1-4ff1-b335-4774c4702b38',
  'project_id' => '19',
)
[ info ] [ LANG ] /www/wwwroot/pml_zhihuo_com_cn/pml/public/../application/api/lang/zh-cn.php
[ info ] [ BEHAVIOR ] Run app\common\behavior\Common @module_init [ RunTime:0.001509s ]
[ info ] [ DB ] INIT mysql
[ info ] [ TOKEN ] INIT Mysql
[ info ] [ LANG ] /www/wwwroot/pml_zhihuo_com_cn/pml/public/../application/api/lang/zh-cn/project.php
[ info ] [ RUN ] app\api\controller\Project->keyword_optimizer[ /www/wwwroot/pml_zhihuo_com_cn/pml/application/api/controller/Project.php ]
[ info ] [ LOG ] INIT File
[ sql ] [ DB ] CONNECT:[ UseTime:0.009279s ] mysql:host=106.15.230.197;dbname=pml_zhihuo_com_c;charset=utf8
[ sql ] [ SQL ] SHOW COLUMNS FROM `pml_user_token` [ RunTime:0.006651s ]
[ sql ] [ SQL ] SELECT * FROM `pml_user_token` WHERE  `token` = '6deccc2cd9124ddde7f63a715db0268988151f12' LIMIT 1 [ RunTime:0.006187s ]
[ sql ] [ SQL ] SHOW COLUMNS FROM `pml_user` [ RunTime:0.006650s ]
[ sql ] [ SQL ] SELECT * FROM `pml_user` WHERE  `id` = 11 LIMIT 1 [ RunTime:0.006205s ]
---------------------------------------------------------------
[ 2019-04-09T15:28:56+08:00 ] 103.214.85.216 POST pml.zhihuo.com.cn/api/project/keyword_optimizer
[运行时间：0.086342s] [吞吐率：11.58req/s] [内存消耗：3,356.21kb] [文件加载：72]
[ info ] [ BEHAVIOR ] Run Closure @app_init [ RunTime:0.000017s ]
[ info ] [ CACHE ] INIT File
[ info ] [ BEHAVIOR ] Run Closure @app_init [ RunTime:0.000949s ]
[ info ] [ LANG ] /www/wwwroot/pml_zhihuo_com_cn/pml/thinkphp/lang/zh-cn.php
[ info ] [ ROUTE ] array (
  'type' => 'module',
  'module' => 
  array (
    0 => 'api',
    1 => 'project',
    2 => 'keyword_optimizer',
  ),
)
[ info ] [ HEADER ] array (
  'cookie' => 'Hm_lvt_f8d0a8c400404989e195270b0bbf060a=1553651363,1554358916,1554378940',
  'accept-language' => 'zh-CN,zh;q=0.9',
  'accept-encoding' => 'gzip, deflate',
  'user-agent' => 'Mozilla/5.0 (Windows NT 10.0; Win64; x64) AppleWebKit/537.36 (KHTML, like Gecko) Chrome/73.0.3683.86 Safari/537.36',
  'content-type' => 'multipart/form-data; boundary=----WebKitFormBoundaryM0ZkUV7lk4O591mi',
  'accept' => '*/*',
  'content-length' => '271',
  'connection' => 'keep-alive',
  'host' => 'pml.zhihuo.com.cn',
)
[ info ] [ PARAM ] array (
  'token' => 'fe4023e1-0ae1-4ff1-b335-4774c4702b38',
  'project_id' => '19',
)
[ info ] [ LANG ] /www/wwwroot/pml_zhihuo_com_cn/pml/public/../application/api/lang/zh-cn.php
[ info ] [ BEHAVIOR ] Run app\common\behavior\Common @module_init [ RunTime:0.001477s ]
[ info ] [ DB ] INIT mysql
[ info ] [ TOKEN ] INIT Mysql
[ info ] [ LANG ] /www/wwwroot/pml_zhihuo_com_cn/pml/public/../application/api/lang/zh-cn/project.php
[ info ] [ RUN ] app\api\controller\Project->keyword_optimizer[ /www/wwwroot/pml_zhihuo_com_cn/pml/application/api/controller/Project.php ]
[ info ] [ LOG ] INIT File
[ sql ] [ DB ] CONNECT:[ UseTime:0.003379s ] mysql:host=106.15.230.197;dbname=pml_zhihuo_com_c;charset=utf8
[ sql ] [ SQL ] SHOW COLUMNS FROM `pml_user_token` [ RunTime:0.002653s ]
[ sql ] [ SQL ] SELECT * FROM `pml_user_token` WHERE  `token` = '6deccc2cd9124ddde7f63a715db0268988151f12' LIMIT 1 [ RunTime:0.002190s ]
[ sql ] [ SQL ] SHOW COLUMNS FROM `pml_user` [ RunTime:0.002654s ]
[ sql ] [ SQL ] SELECT * FROM `pml_user` WHERE  `id` = 11 LIMIT 1 [ RunTime:0.002231s ]
---------------------------------------------------------------
[ 2019-04-09T15:28:57+08:00 ] 103.214.85.216 POST pml.zhihuo.com.cn/api/project/keyword_optimizer
[运行时间：0.051792s] [吞吐率：19.31req/s] [内存消耗：3,356.21kb] [文件加载：72]
[ info ] [ BEHAVIOR ] Run Closure @app_init [ RunTime:0.000025s ]
[ info ] [ CACHE ] INIT File
[ info ] [ BEHAVIOR ] Run Closure @app_init [ RunTime:0.000971s ]
[ info ] [ LANG ] /www/wwwroot/pml_zhihuo_com_cn/pml/thinkphp/lang/zh-cn.php
[ info ] [ ROUTE ] array (
  'type' => 'module',
  'module' => 
  array (
    0 => 'api',
    1 => 'project',
    2 => 'keyword_optimizer',
  ),
)
[ info ] [ HEADER ] array (
  'cookie' => 'Hm_lvt_f8d0a8c400404989e195270b0bbf060a=1553651363,1554358916,1554378940',
  'accept-language' => 'zh-CN,zh;q=0.9',
  'accept-encoding' => 'gzip, deflate',
  'user-agent' => 'Mozilla/5.0 (Windows NT 10.0; Win64; x64) AppleWebKit/537.36 (KHTML, like Gecko) Chrome/73.0.3683.86 Safari/537.36',
  'content-type' => 'multipart/form-data; boundary=----WebKitFormBoundaryoZXIVHQTZB03hOJk',
  'accept' => '*/*',
  'content-length' => '271',
  'connection' => 'keep-alive',
  'host' => 'pml.zhihuo.com.cn',
)
[ info ] [ PARAM ] array (
  'token' => 'fe4023e1-0ae1-4ff1-b335-4774c4702b38',
  'project_id' => '19',
)
[ info ] [ LANG ] /www/wwwroot/pml_zhihuo_com_cn/pml/public/../application/api/lang/zh-cn.php
[ info ] [ BEHAVIOR ] Run app\common\behavior\Common @module_init [ RunTime:0.001488s ]
[ info ] [ DB ] INIT mysql
[ info ] [ TOKEN ] INIT Mysql
[ info ] [ LANG ] /www/wwwroot/pml_zhihuo_com_cn/pml/public/../application/api/lang/zh-cn/project.php
[ info ] [ RUN ] app\api\controller\Project->keyword_optimizer[ /www/wwwroot/pml_zhihuo_com_cn/pml/application/api/controller/Project.php ]
[ info ] [ LOG ] INIT File
[ sql ] [ DB ] CONNECT:[ UseTime:0.003444s ] mysql:host=106.15.230.197;dbname=pml_zhihuo_com_c;charset=utf8
[ sql ] [ SQL ] SHOW COLUMNS FROM `pml_user_token` [ RunTime:0.002772s ]
[ sql ] [ SQL ] SELECT * FROM `pml_user_token` WHERE  `token` = '6deccc2cd9124ddde7f63a715db0268988151f12' LIMIT 1 [ RunTime:0.002273s ]
[ sql ] [ SQL ] SHOW COLUMNS FROM `pml_user` [ RunTime:0.002844s ]
[ sql ] [ SQL ] SELECT * FROM `pml_user` WHERE  `id` = 11 LIMIT 1 [ RunTime:0.002338s ]
---------------------------------------------------------------
[ 2019-04-09T15:32:10+08:00 ] 103.214.85.216 POST pml.zhihuo.com.cn/api/project/keyword_optimizer
[运行时间：0.098643s] [吞吐率：10.14req/s] [内存消耗：3,356.21kb] [文件加载：72]
[ info ] [ BEHAVIOR ] Run Closure @app_init [ RunTime:0.000018s ]
[ info ] [ CACHE ] INIT File
[ info ] [ BEHAVIOR ] Run Closure @app_init [ RunTime:0.000945s ]
[ info ] [ LANG ] /www/wwwroot/pml_zhihuo_com_cn/pml/thinkphp/lang/zh-cn.php
[ info ] [ ROUTE ] array (
  'type' => 'module',
  'module' => 
  array (
    0 => 'api',
    1 => 'project',
    2 => 'keyword_optimizer',
  ),
)
[ info ] [ HEADER ] array (
  'cookie' => 'Hm_lvt_f8d0a8c400404989e195270b0bbf060a=1553651363,1554358916,1554378940',
  'accept-language' => 'zh-CN,zh;q=0.9',
  'accept-encoding' => 'gzip, deflate',
  'user-agent' => 'Mozilla/5.0 (Windows NT 10.0; Win64; x64) AppleWebKit/537.36 (KHTML, like Gecko) Chrome/73.0.3683.86 Safari/537.36',
  'content-type' => 'multipart/form-data; boundary=----WebKitFormBoundarybU4oRBRtn7SKWije',
  'accept' => '*/*',
  'content-length' => '271',
  'connection' => 'keep-alive',
  'host' => 'pml.zhihuo.com.cn',
)
[ info ] [ PARAM ] array (
  'token' => 'fe4023e1-0ae1-4ff1-b335-4774c4702b38',
  'project_id' => '19',
)
[ info ] [ LANG ] /www/wwwroot/pml_zhihuo_com_cn/pml/public/../application/api/lang/zh-cn.php
[ info ] [ BEHAVIOR ] Run app\common\behavior\Common @module_init [ RunTime:0.001542s ]
[ info ] [ DB ] INIT mysql
[ info ] [ TOKEN ] INIT Mysql
[ info ] [ LANG ] /www/wwwroot/pml_zhihuo_com_cn/pml/public/../application/api/lang/zh-cn/project.php
[ info ] [ RUN ] app\api\controller\Project->keyword_optimizer[ /www/wwwroot/pml_zhihuo_com_cn/pml/application/api/controller/Project.php ]
[ info ] [ LOG ] INIT File
[ sql ] [ DB ] CONNECT:[ UseTime:0.005737s ] mysql:host=106.15.230.197;dbname=pml_zhihuo_com_c;charset=utf8
[ sql ] [ SQL ] SHOW COLUMNS FROM `pml_user_token` [ RunTime:0.004238s ]
[ sql ] [ SQL ] SELECT * FROM `pml_user_token` WHERE  `token` = '6deccc2cd9124ddde7f63a715db0268988151f12' LIMIT 1 [ RunTime:0.003716s ]
[ sql ] [ SQL ] SHOW COLUMNS FROM `pml_user` [ RunTime:0.004213s ]
[ sql ] [ SQL ] SELECT * FROM `pml_user` WHERE  `id` = 11 LIMIT 1 [ RunTime:0.003814s ]
