---------------------------------------------------------------
[ 2019-09-02T01:00:03+08:00 ] 106.15.230.197 GET pml.zhihuo.com.cn/api/Startreptile/index
[运行时间：1.923736s] [吞吐率：0.52req/s] [内存消耗：3,949.35kb] [文件加载：75]
[ info ] [ BEHAVIOR ] Run Closure @app_init [ RunTime:0.000028s ]
[ info ] [ CACHE ] INIT File
[ info ] [ BEHAVIOR ] Run Closure @app_init [ RunTime:0.001878s ]
[ info ] [ LANG ] /www/wwwroot/pml_zhihuo_com_cn/pml/thinkphp/lang/zh-cn.php
[ info ] [ ROUTE ] array (
  'type' => 'module',
  'module' => 
  array (
    0 => 'api',
    1 => 'Startreptile',
    2 => 'index',
  ),
)
[ info ] [ HEADER ] array (
  'accept' => '*/*',
  'host' => 'pml.zhihuo.com.cn',
  'user-agent' => 'curl/7.29.0',
  'content-type' => '',
  'content-length' => '',
)
[ info ] [ PARAM ] array (
)
[ info ] [ LANG ] /www/wwwroot/pml_zhihuo_com_cn/pml/public/../application/api/lang/zh-cn.php
[ info ] [ BEHAVIOR ] Run app\common\behavior\Common @module_init [ RunTime:0.002420s ]
[ info ] [ RUN ] app\api\controller\Startreptile->index[ /www/wwwroot/pml_zhihuo_com_cn/pml/application/api/controller/Startreptile.php ]
[ info ] [ DB ] INIT mysql
[ info ] [ LOG ] INIT File
[ sql ] [ DB ] CONNECT:[ UseTime:0.005779s ] mysql:host=106.15.230.197;dbname=pml_zhihuo_com_c;charset=utf8
[ sql ] [ SQL ] SHOW COLUMNS FROM `pml_projcet` [ RunTime:0.023154s ]
[ sql ] [ SQL ] SELECT `b`.`id`,`b`.`keyword_name`,`b`.`channel_name`,`channel_id`,`a`.`address`,`b`.`project_id` FROM `pml_projcet` `a` INNER JOIN `pml_order` `b` ON `a`.`id`=`b`.`project_id` WHERE  (  a.status="1" ) [ RunTime:0.032118s ]
---------------------------------------------------------------
[ 2019-09-02T03:33:09+08:00 ] 66.249.71.54 GET pml.zhihuo.com.cn/admin/index/login?url=%2Fadmin%2Fcash%3Fref%3Daddtabs
[运行时间：0.118363s] [吞吐率：8.45req/s] [内存消耗：2,889.32kb] [文件加载：67]
[ info ] [ BEHAVIOR ] Run Closure @app_init [ RunTime:0.001649s ]
[ info ] [ CACHE ] INIT File
[ info ] [ BEHAVIOR ] Run Closure @app_init [ RunTime:0.002528s ]
[ info ] [ ROUTE ] array (
  'type' => 'module',
  'module' => 
  array (
    0 => 'admin',
    1 => 'index',
    2 => 'login',
  ),
)
[ info ] [ HEADER ] array (
  'accept-encoding' => 'gzip,deflate,br',
  'user-agent' => 'Mozilla/5.0 (Linux; Android 6.0.1; Nexus 5X Build/MMB29P) AppleWebKit/537.36 (KHTML, like Gecko) Chrome/41.0.2272.96 Mobile Safari/537.36 (compatible; Googlebot/2.1; +http://www.google.com/bot.html)',
  'from' => 'googlebot(at)googlebot.com',
  'accept' => 'text/html,application/xhtml+xml,application/xml;q=0.9,image/webp,image/apng,*/*;q=0.8,application/signed-exchange;v=b3',
  'connection' => 'keep-alive',
  'upgrade-insecure-requests' => '1',
  'referer' => 'http://pml.zhihuo.com.cn/admin/cash?ref=addtabs',
  'cookie' => 'PHPSESSID=q3okmfh3vja5q4sie104v4s3h0',
  'accept-language' => 'en-US',
  'host' => 'pml.zhihuo.com.cn',
  'content-type' => '',
  'content-length' => '',
)
[ info ] [ PARAM ] array (
  'url' => '/admin/cash?ref=addtabs',
)
[ info ] [ BEHAVIOR ] Run app\common\behavior\Common @module_init [ RunTime:0.002669s ]
[ info ] [ SESSION ] INIT array (
  'id' => '',
  'var_session_id' => '',
  'prefix' => 'think',
  'type' => '',
  'auto_start' => true,
)
[ info ] [ RUN ] app\admin\controller\Index->login[ /www/wwwroot/pml_zhihuo_com_cn/pml/application/admin/controller/Index.php ]
[ info ] [ VIEW ] /www/wwwroot/pml_zhihuo_com_cn/pml/public/../application/admin/view/index/login.html [ array (
  0 => 'breadcrumb',
  1 => 'site',
  2 => 'config',
  3 => 'auth',
  4 => 'admin',
  5 => 'background',
  6 => 'title',
) ]
[ info ] [ BEHAVIOR ] Run app\admin\behavior\AdminLog @app_end [ RunTime:0.000369s ]
[ info ] [ LOG ] INIT File
---------------------------------------------------------------
[ 2019-09-02T07:00:04+08:00 ] 106.15.230.197 GET pml.zhihuo.com.cn/api/Startranking/index
[运行时间：2.627596s] [吞吐率：0.38req/s] [内存消耗：4,147.81kb] [文件加载：73]
[ info ] [ BEHAVIOR ] Run Closure @app_init [ RunTime:0.026163s ]
[ info ] [ CACHE ] INIT File
[ info ] [ BEHAVIOR ] Run Closure @app_init [ RunTime:0.001879s ]
[ info ] [ LANG ] /www/wwwroot/pml_zhihuo_com_cn/pml/thinkphp/lang/zh-cn.php
[ info ] [ ROUTE ] array (
  'type' => 'module',
  'module' => 
  array (
    0 => 'api',
    1 => 'Startranking',
    2 => 'index',
  ),
)
[ info ] [ HEADER ] array (
  'accept' => '*/*',
  'host' => 'pml.zhihuo.com.cn',
  'user-agent' => 'curl/7.29.0',
  'content-type' => '',
  'content-length' => '',
)
[ info ] [ PARAM ] array (
)
[ info ] [ LANG ] /www/wwwroot/pml_zhihuo_com_cn/pml/public/../application/api/lang/zh-cn.php
[ info ] [ BEHAVIOR ] Run app\common\behavior\Common @module_init [ RunTime:0.002401s ]
[ info ] [ RUN ] app\api\controller\Startranking->index[ /www/wwwroot/pml_zhihuo_com_cn/pml/application/api/controller/Startranking.php ]
[ info ] [ DB ] INIT mysql
[ info ] [ LOG ] INIT File
[ sql ] [ DB ] CONNECT:[ UseTime:0.006301s ] mysql:host=106.15.230.197;dbname=pml_zhihuo_com_c;charset=utf8
[ sql ] [ SQL ] SHOW COLUMNS FROM `pml_projcet` [ RunTime:0.011325s ]
[ sql ] [ SQL ] SELECT `id` FROM `pml_projcet` WHERE  (  status="1" ) [ RunTime:0.004260s ]
[ sql ] [ SQL ] SHOW COLUMNS FROM `pml_consumption` [ RunTime:0.031014s ]
[ sql ] [ SQL ] SELECT * FROM `pml_consumption` WHERE  `projcet_id` = 263  AND (  '2019-09-02 00:00:00'< create_time and create_time < '2019-09-02 23:59:59' ) LIMIT 1 [ RunTime:0.070786s ]
[ sql ] [ SQL ] SELECT * FROM `pml_projcet` WHERE  `id` = 263  AND `pay_status` = '1' LIMIT 1 [ RunTime:0.004128s ]
[ sql ] [ SQL ] SELECT `b`.`id`,`b`.`keyword_name`,`b`.`channel_name`,`channel_id`,`a`.`address`,`a`.`days`,`b`.`create_time`,`project_id`,`b`.`reach_count`,`b`.`user_id` FROM `pml_projcet` `a` INNER JOIN `pml_order` `b` ON `a`.`id`=`b`.`project_id` WHERE  (  project_id="263" ) [ RunTime:0.005418s ]
[ sql ] [ SQL ] SHOW COLUMNS FROM `pml_order` [ RunTime:0.004838s ]
[ sql ] [ SQL ] SELECT `user_id`,`id`,`reach_count` FROM `pml_order` WHERE  `channel_name` = '搜狗PC'  AND `keyword_name` = '飞客'  AND `project_id` = 263 LIMIT 1 [ RunTime:0.004403s ]
[ sql ] [ SQL ] UPDATE `pml_order`  SET `taday_ranking`=2,`reach_count`=66,`complete_status`=1  WHERE  `channel_name` = '搜狗PC'  AND `keyword_name` = '飞客'  AND `project_id` = 263 [ RunTime:0.006739s ]
[ sql ] [ SQL ] SELECT b.id as order_id,`b`.`project_num`,`b`.`channel_id`,`b`.`channel_name`,`b`.`keyword_id`,`b`.`keyword_name`,`b`.`taday_ranking`,`b`.`price`,`b`.`project_id`,`a`.`name`,`b`.`user_id`,`a`.`amount` FROM `pml_projcet` `a` INNER JOIN `pml_order` `b` ON `a`.`id`=`b`.`project_id` WHERE  (  b.id="3806" ) [ RunTime:0.004153s ]
[ sql ] [ SQL ] SHOW COLUMNS FROM `pml_user` [ RunTime:0.004767s ]
[ sql ] [ SQL ] SELECT `username` FROM `pml_user` WHERE  (  id="40" ) LIMIT 1 [ RunTime:0.004060s ]
[ sql ] [ SQL ] UPDATE `pml_projcet`  SET `amount`=14605  WHERE  (  id="263" ) [ RunTime:0.004063s ]
[ sql ] [ SQL ] INSERT INTO `pml_consumption` (`order_sn` , `channel_id` , `channel_name` , `keyword_id` , `ranking` , `money` , `user_id` , `user_name` , `projcet_id` , `projcet_name` , `status` , `is_qualified` , `order_id`) VALUES ( '86_20190701_Ex7T1Y_40',2,'搜狗PC',643,2,'5.00',40,'lnj',263,'飞流',1,1,3806 ) [ RunTime:0.004307s ]
[ sql ] [ SQL ] SELECT `user_id`,`id`,`reach_count` FROM `pml_order` WHERE  `channel_name` = '360移动'  AND `keyword_name` = '飞客'  AND `project_id` = 263 LIMIT 1 [ RunTime:0.004110s ]
[ sql ] [ SQL ] UPDATE `pml_order`  SET `taday_ranking`=1,`reach_count`=66,`complete_status`=1  WHERE  `channel_name` = '360移动'  AND `keyword_name` = '飞客'  AND `project_id` = 263 [ RunTime:0.006335s ]
[ sql ] [ SQL ] SELECT b.id as order_id,`b`.`project_num`,`b`.`channel_id`,`b`.`channel_name`,`b`.`keyword_id`,`b`.`keyword_name`,`b`.`taday_ranking`,`b`.`price`,`b`.`project_id`,`a`.`name`,`b`.`user_id`,`a`.`amount` FROM `pml_projcet` `a` INNER JOIN `pml_order` `b` ON `a`.`id`=`b`.`project_id` WHERE  (  b.id="3809" ) [ RunTime:0.004158s ]
[ sql ] [ SQL ] SELECT `username` FROM `pml_user` WHERE  (  id="40" ) LIMIT 1 [ RunTime:0.003932s ]
[ sql ] [ SQL ] UPDATE `pml_projcet`  SET `amount`=14600  WHERE  (  id="263" ) [ RunTime:0.004025s ]
[ sql ] [ SQL ] INSERT INTO `pml_consumption` (`order_sn` , `channel_id` , `channel_name` , `keyword_id` , `ranking` , `money` , `user_id` , `user_name` , `projcet_id` , `projcet_name` , `status` , `is_qualified` , `order_id`) VALUES ( '86_20190701_Ex7T1Y_40',7,'360移动',643,1,'5.00',40,'lnj',263,'飞流',1,1,3809 ) [ RunTime:0.004038s ]
[ sql ] [ SQL ] SELECT `user_id`,`id`,`reach_count` FROM `pml_order` WHERE  `channel_name` = '搜狗移动'  AND `keyword_name` = '飞客'  AND `project_id` = 263 LIMIT 1 [ RunTime:0.004138s ]
[ sql ] [ SQL ] UPDATE `pml_order`  SET `taday_ranking`=1,`reach_count`=57,`complete_status`=1  WHERE  `channel_name` = '搜狗移动'  AND `keyword_name` = '飞客'  AND `project_id` = 263 [ RunTime:0.006295s ]
[ sql ] [ SQL ] SELECT b.id as order_id,`b`.`project_num`,`b`.`channel_id`,`b`.`channel_name`,`b`.`keyword_id`,`b`.`keyword_name`,`b`.`taday_ranking`,`b`.`price`,`b`.`project_id`,`a`.`name`,`b`.`user_id`,`a`.`amount` FROM `pml_projcet` `a` INNER JOIN `pml_order` `b` ON `a`.`id`=`b`.`project_id` WHERE  (  b.id="3807" ) [ RunTime:0.004152s ]
[ sql ] [ SQL ] SELECT `username` FROM `pml_user` WHERE  (  id="40" ) LIMIT 1 [ RunTime:0.003937s ]
[ sql ] [ SQL ] UPDATE `pml_projcet`  SET `amount`=14595  WHERE  (  id="263" ) [ RunTime:0.004097s ]
[ sql ] [ SQL ] INSERT INTO `pml_consumption` (`order_sn` , `channel_id` , `channel_name` , `keyword_id` , `ranking` , `money` , `user_id` , `user_name` , `projcet_id` , `projcet_name` , `status` , `is_qualified` , `order_id`) VALUES ( '86_20190701_Ex7T1Y_40',4,'搜狗移动',643,1,'5.00',40,'lnj',263,'飞流',1,1,3807 ) [ RunTime:0.004018s ]
[ sql ] [ SQL ] SELECT `user_id`,`id`,`reach_count` FROM `pml_order` WHERE  `channel_name` = '360PC'  AND `keyword_name` = '飞客'  AND `project_id` = 263 LIMIT 1 [ RunTime:0.004087s ]
[ sql ] [ SQL ] UPDATE `pml_order`  SET `taday_ranking`=1,`reach_count`=66,`complete_status`=1  WHERE  `channel_name` = '360PC'  AND `keyword_name` = '飞客'  AND `project_id` = 263 [ RunTime:0.006224s ]
[ sql ] [ SQL ] SELECT b.id as order_id,`b`.`project_num`,`b`.`channel_id`,`b`.`channel_name`,`b`.`keyword_id`,`b`.`keyword_name`,`b`.`taday_ranking`,`b`.`price`,`b`.`project_id`,`a`.`name`,`b`.`user_id`,`a`.`amount` FROM `pml_projcet` `a` INNER JOIN `pml_order` `b` ON `a`.`id`=`b`.`project_id` WHERE  (  b.id="3808" ) [ RunTime:0.004208s ]
[ sql ] [ SQL ] SELECT `username` FROM `pml_user` WHERE  (  id="40" ) LIMIT 1 [ RunTime:0.003927s ]
[ sql ] [ SQL ] UPDATE `pml_projcet`  SET `amount`=14590  WHERE  (  id="263" ) [ RunTime:0.004023s ]
[ sql ] [ SQL ] INSERT INTO `pml_consumption` (`order_sn` , `channel_id` , `channel_name` , `keyword_id` , `ranking` , `money` , `user_id` , `user_name` , `projcet_id` , `projcet_name` , `status` , `is_qualified` , `order_id`) VALUES ( '86_20190701_Ex7T1Y_40',5,'360PC',643,1,'5.00',40,'lnj',263,'飞流',1,1,3808 ) [ RunTime:0.004038s ]
[ sql ] [ SQL ] SELECT `user_id`,`id`,`reach_count` FROM `pml_order` WHERE  `channel_name` = '360移动'  AND `keyword_name` = '飞客茶馆'  AND `project_id` = 263 LIMIT 1 [ RunTime:0.004310s ]
[ sql ] [ SQL ] UPDATE `pml_order`  SET `taday_ranking`=1,`reach_count`=66,`complete_status`=1  WHERE  `channel_name` = '360移动'  AND `keyword_name` = '飞客茶馆'  AND `project_id` = 263 [ RunTime:0.006321s ]
[ sql ] [ SQL ] SELECT b.id as order_id,`b`.`project_num`,`b`.`channel_id`,`b`.`channel_name`,`b`.`keyword_id`,`b`.`keyword_name`,`b`.`taday_ranking`,`b`.`price`,`b`.`project_id`,`a`.`name`,`b`.`user_id`,`a`.`amount` FROM `pml_projcet` `a` INNER JOIN `pml_order` `b` ON `a`.`id`=`b`.`project_id` WHERE  (  b.id="3816" ) [ RunTime:0.004129s ]
[ sql ] [ SQL ] SELECT `username` FROM `pml_user` WHERE  (  id="40" ) LIMIT 1 [ RunTime:0.003923s ]
[ sql ] [ SQL ] UPDATE `pml_projcet`  SET `amount`=14585  WHERE  (  id="263" ) [ RunTime:0.004061s ]
[ sql ] [ SQL ] INSERT INTO `pml_consumption` (`order_sn` , `channel_id` , `channel_name` , `keyword_id` , `ranking` , `money` , `user_id` , `user_name` , `projcet_id` , `projcet_name` , `status` , `is_qualified` , `order_id`) VALUES ( '86_20190701_Ex7T1Y_40',7,'360移动',644,1,'5.00',40,'lnj',263,'飞流',1,1,3816 ) [ RunTime:0.004019s ]
[ sql ] [ SQL ] SELECT `user_id`,`id`,`reach_count` FROM `pml_order` WHERE  `channel_name` = '百度PC'  AND `keyword_name` = '飞客'  AND `project_id` = 263 LIMIT 1 [ RunTime:0.004101s ]
[ sql ] [ SQL ] UPDATE `pml_order`  SET `taday_ranking`=1,`reach_count`=66,`complete_status`=1  WHERE  `channel_name` = '百度PC'  AND `keyword_name` = '飞客'  AND `project_id` = 263 [ RunTime:0.006281s ]
[ sql ] [ SQL ] SELECT b.id as order_id,`b`.`project_num`,`b`.`channel_id`,`b`.`channel_name`,`b`.`keyword_id`,`b`.`keyword_name`,`b`.`taday_ranking`,`b`.`price`,`b`.`project_id`,`a`.`name`,`b`.`user_id`,`a`.`amount` FROM `pml_projcet` `a` INNER JOIN `pml_order` `b` ON `a`.`id`=`b`.`project_id` WHERE  (  b.id="3804" ) [ RunTime:0.004140s ]
[ sql ] [ SQL ] SELECT `username` FROM `pml_user` WHERE  (  id="40" ) LIMIT 1 [ RunTime:0.003940s ]
[ sql ] [ SQL ] UPDATE `pml_projcet`  SET `amount`=14580  WHERE  (  id="263" ) [ RunTime:0.004018s ]
[ sql ] [ SQL ] INSERT INTO `pml_consumption` (`order_sn` , `channel_id` , `channel_name` , `keyword_id` , `ranking` , `money` , `user_id` , `user_name` , `projcet_id` , `projcet_name` , `status` , `is_qualified` , `order_id`) VALUES ( '86_20190701_Ex7T1Y_40',1,'百度PC',643,1,'5.00',40,'lnj',263,'飞流',1,1,3804 ) [ RunTime:0.004038s ]
[ sql ] [ SQL ] SELECT `user_id`,`id`,`reach_count` FROM `pml_order` WHERE  `channel_name` = '搜狗移动'  AND `keyword_name` = '飞客茶馆'  AND `project_id` = 263 LIMIT 1 [ RunTime:0.004078s ]
[ sql ] [ SQL ] UPDATE `pml_order`  SET `taday_ranking`=100,`complete_status`=0  WHERE  `channel_name` = '搜狗移动'  AND `keyword_name` = '飞客茶馆'  AND `project_id` = 263 [ RunTime:0.006292s ]
[ sql ] [ SQL ] SELECT `user_id`,`id`,`reach_count` FROM `pml_order` WHERE  `channel_name` = '百度PC'  AND `keyword_name` = '飞客茶馆'  AND `project_id` = 263 LIMIT 1 [ RunTime:0.004074s ]
[ sql ] [ SQL ] UPDATE `pml_order`  SET `taday_ranking`=1,`reach_count`=66,`complete_status`=1  WHERE  `channel_name` = '百度PC'  AND `keyword_name` = '飞客茶馆'  AND `project_id` = 263 [ RunTime:0.006318s ]
[ sql ] [ SQL ] SELECT b.id as order_id,`b`.`project_num`,`b`.`channel_id`,`b`.`channel_name`,`b`.`keyword_id`,`b`.`keyword_name`,`b`.`taday_ranking`,`b`.`price`,`b`.`project_id`,`a`.`name`,`b`.`user_id`,`a`.`amount` FROM `pml_projcet` `a` INNER JOIN `pml_order` `b` ON `a`.`id`=`b`.`project_id` WHERE  (  b.id="3811" ) [ RunTime:0.004152s ]
[ sql ] [ SQL ] SELECT `username` FROM `pml_user` WHERE  (  id="40" ) LIMIT 1 [ RunTime:0.003944s ]
[ sql ] [ SQL ] UPDATE `pml_projcet`  SET `amount`=14575  WHERE  (  id="263" ) [ RunTime:0.004019s ]
[ sql ] [ SQL ] INSERT INTO `pml_consumption` (`order_sn` , `channel_id` , `channel_name` , `keyword_id` , `ranking` , `money` , `user_id` , `user_name` , `projcet_id` , `projcet_name` , `status` , `is_qualified` , `order_id`) VALUES ( '86_20190701_Ex7T1Y_40',1,'百度PC',644,1,'5.00',40,'lnj',263,'飞流',1,1,3811 ) [ RunTime:0.004056s ]
[ sql ] [ SQL ] SELECT `user_id`,`id`,`reach_count` FROM `pml_order` WHERE  `channel_name` = '神马'  AND `keyword_name` = '飞客'  AND `project_id` = 263 LIMIT 1 [ RunTime:0.004154s ]
[ sql ] [ SQL ] UPDATE `pml_order`  SET `taday_ranking`=11,`complete_status`=0  WHERE  `channel_name` = '神马'  AND `keyword_name` = '飞客'  AND `project_id` = 263 [ RunTime:0.006344s ]
[ sql ] [ SQL ] SELECT `user_id`,`id`,`reach_count` FROM `pml_order` WHERE  `channel_name` = '360PC'  AND `keyword_name` = '飞客茶馆'  AND `project_id` = 263 LIMIT 1 [ RunTime:0.004098s ]
[ sql ] [ SQL ] UPDATE `pml_order`  SET `taday_ranking`=1,`reach_count`=66,`complete_status`=1  WHERE  `channel_name` = '360PC'  AND `keyword_name` = '飞客茶馆'  AND `project_id` = 263 [ RunTime:0.006366s ]
[ sql ] [ SQL ] SELECT b.id as order_id,`b`.`project_num`,`b`.`channel_id`,`b`.`channel_name`,`b`.`keyword_id`,`b`.`keyword_name`,`b`.`taday_ranking`,`b`.`price`,`b`.`project_id`,`a`.`name`,`b`.`user_id`,`a`.`amount` FROM `pml_projcet` `a` INNER JOIN `pml_order` `b` ON `a`.`id`=`b`.`project_id` WHERE  (  b.id="3815" ) [ RunTime:0.004105s ]
[ sql ] [ SQL ] SELECT `username` FROM `pml_user` WHERE  (  id="40" ) LIMIT 1 [ RunTime:0.003936s ]
[ sql ] [ SQL ] UPDATE `pml_projcet`  SET `amount`=14570  WHERE  (  id="263" ) [ RunTime:0.004051s ]
[ sql ] [ SQL ] INSERT INTO `pml_consumption` (`order_sn` , `channel_id` , `channel_name` , `keyword_id` , `ranking` , `money` , `user_id` , `user_name` , `projcet_id` , `projcet_name` , `status` , `is_qualified` , `order_id`) VALUES ( '86_20190701_Ex7T1Y_40',5,'360PC',644,1,'5.00',40,'lnj',263,'飞流',1,1,3815 ) [ RunTime:0.004010s ]
[ sql ] [ SQL ] SELECT `user_id`,`id`,`reach_count` FROM `pml_order` WHERE  `channel_name` = '百度移动'  AND `keyword_name` = '飞客'  AND `project_id` = 263 LIMIT 1 [ RunTime:0.004104s ]
[ sql ] [ SQL ] UPDATE `pml_order`  SET `taday_ranking`=4,`reach_count`=66,`complete_status`=1  WHERE  `channel_name` = '百度移动'  AND `keyword_name` = '飞客'  AND `project_id` = 263 [ RunTime:0.006317s ]
[ sql ] [ SQL ] SELECT b.id as order_id,`b`.`project_num`,`b`.`channel_id`,`b`.`channel_name`,`b`.`keyword_id`,`b`.`keyword_name`,`b`.`taday_ranking`,`b`.`price`,`b`.`project_id`,`a`.`name`,`b`.`user_id`,`a`.`amount` FROM `pml_projcet` `a` INNER JOIN `pml_order` `b` ON `a`.`id`=`b`.`project_id` WHERE  (  b.id="3805" ) [ RunTime:0.004128s ]
[ sql ] [ SQL ] SELECT `username` FROM `pml_user` WHERE  (  id="40" ) LIMIT 1 [ RunTime:0.003921s ]
[ sql ] [ SQL ] UPDATE `pml_projcet`  SET `amount`=14565  WHERE  (  id="263" ) [ RunTime:0.004073s ]
[ sql ] [ SQL ] INSERT INTO `pml_consumption` (`order_sn` , `channel_id` , `channel_name` , `keyword_id` , `ranking` , `money` , `user_id` , `user_name` , `projcet_id` , `projcet_name` , `status` , `is_qualified` , `order_id`) VALUES ( '86_20190701_Ex7T1Y_40',3,'百度移动',643,4,'5.00',40,'lnj',263,'飞流',1,1,3805 ) [ RunTime:0.004005s ]
[ sql ] [ SQL ] SELECT `user_id`,`id`,`reach_count` FROM `pml_order` WHERE  `channel_name` = '百度移动'  AND `keyword_name` = '飞客茶馆'  AND `project_id` = 263 LIMIT 1 [ RunTime:0.004075s ]
[ sql ] [ SQL ] UPDATE `pml_order`  SET `taday_ranking`=3,`reach_count`=66,`complete_status`=1  WHERE  `channel_name` = '百度移动'  AND `keyword_name` = '飞客茶馆'  AND `project_id` = 263 [ RunTime:0.006293s ]
[ sql ] [ SQL ] SELECT b.id as order_id,`b`.`project_num`,`b`.`channel_id`,`b`.`channel_name`,`b`.`keyword_id`,`b`.`keyword_name`,`b`.`taday_ranking`,`b`.`price`,`b`.`project_id`,`a`.`name`,`b`.`user_id`,`a`.`amount` FROM `pml_projcet` `a` INNER JOIN `pml_order` `b` ON `a`.`id`=`b`.`project_id` WHERE  (  b.id="3812" ) [ RunTime:0.004130s ]
[ sql ] [ SQL ] SELECT `username` FROM `pml_user` WHERE  (  id="40" ) LIMIT 1 [ RunTime:0.003911s ]
[ sql ] [ SQL ] UPDATE `pml_projcet`  SET `amount`=14560  WHERE  (  id="263" ) [ RunTime:0.004017s ]
[ sql ] [ SQL ] INSERT INTO `pml_consumption` (`order_sn` , `channel_id` , `channel_name` , `keyword_id` , `ranking` , `money` , `user_id` , `user_name` , `projcet_id` , `projcet_name` , `status` , `is_qualified` , `order_id`) VALUES ( '86_20190701_Ex7T1Y_40',3,'百度移动',644,3,'5.00',40,'lnj',263,'飞流',1,1,3812 ) [ RunTime:0.004025s ]
[ sql ] [ SQL ] SELECT `user_id`,`id`,`reach_count` FROM `pml_order` WHERE  `channel_name` = '神马'  AND `keyword_name` = '飞客茶馆'  AND `project_id` = 263 LIMIT 1 [ RunTime:0.004071s ]
[ sql ] [ SQL ] UPDATE `pml_order`  SET `taday_ranking`=11,`complete_status`=0  WHERE  `channel_name` = '神马'  AND `keyword_name` = '飞客茶馆'  AND `project_id` = 263 [ RunTime:0.006348s ]
[ sql ] [ SQL ] SELECT `user_id`,`id`,`reach_count` FROM `pml_order` WHERE  `channel_name` = '搜狗PC'  AND `keyword_name` = '飞客茶馆'  AND `project_id` = 263 LIMIT 1 [ RunTime:0.004059s ]
[ sql ] [ SQL ] UPDATE `pml_order`  SET `taday_ranking`=1,`reach_count`=66,`complete_status`=1  WHERE  `channel_name` = '搜狗PC'  AND `keyword_name` = '飞客茶馆'  AND `project_id` = 263 [ RunTime:0.006271s ]
[ sql ] [ SQL ] SELECT b.id as order_id,`b`.`project_num`,`b`.`channel_id`,`b`.`channel_name`,`b`.`keyword_id`,`b`.`keyword_name`,`b`.`taday_ranking`,`b`.`price`,`b`.`project_id`,`a`.`name`,`b`.`user_id`,`a`.`amount` FROM `pml_projcet` `a` INNER JOIN `pml_order` `b` ON `a`.`id`=`b`.`project_id` WHERE  (  b.id="3813" ) [ RunTime:0.004089s ]
[ sql ] [ SQL ] SELECT `username` FROM `pml_user` WHERE  (  id="40" ) LIMIT 1 [ RunTime:0.003997s ]
[ sql ] [ SQL ] UPDATE `pml_projcet`  SET `amount`=14555  WHERE  (  id="263" ) [ RunTime:0.004036s ]
[ sql ] [ SQL ] INSERT INTO `pml_consumption` (`order_sn` , `channel_id` , `channel_name` , `keyword_id` , `ranking` , `money` , `user_id` , `user_name` , `projcet_id` , `projcet_name` , `status` , `is_qualified` , `order_id`) VALUES ( '86_20190701_Ex7T1Y_40',2,'搜狗PC',644,1,'5.00',40,'lnj',263,'飞流',1,1,3813 ) [ RunTime:0.004010s ]
[ sql ] [ SQL ] SELECT * FROM `pml_consumption` WHERE  `projcet_id` = 265  AND (  '2019-09-02 00:00:00'< create_time and create_time < '2019-09-02 23:59:59' ) LIMIT 1 [ RunTime:0.005131s ]
[ sql ] [ SQL ] SELECT * FROM `pml_projcet` WHERE  `id` = 265  AND `pay_status` = '1' LIMIT 1 [ RunTime:0.004088s ]
[ sql ] [ SQL ] SELECT `b`.`id`,`b`.`keyword_name`,`b`.`channel_name`,`channel_id`,`a`.`address`,`a`.`days`,`b`.`create_time`,`project_id`,`b`.`reach_count`,`b`.`user_id` FROM `pml_projcet` `a` INNER JOIN `pml_order` `b` ON `a`.`id`=`b`.`project_id` WHERE  (  project_id="265" ) [ RunTime:0.004430s ]
[ sql ] [ SQL ] SELECT `user_id`,`id`,`reach_count` FROM `pml_order` WHERE  `channel_name` = '360PC'  AND `keyword_name` = '飞客茶馆'  AND `project_id` = 265 LIMIT 1 [ RunTime:0.004263s ]
[ sql ] [ SQL ] UPDATE `pml_order`  SET `taday_ranking`=1,`reach_count`=64,`complete_status`=1  WHERE  `channel_name` = '360PC'  AND `keyword_name` = '飞客茶馆'  AND `project_id` = 265 [ RunTime:0.006529s ]
[ sql ] [ SQL ] SELECT b.id as order_id,`b`.`project_num`,`b`.`channel_id`,`b`.`channel_name`,`b`.`keyword_id`,`b`.`keyword_name`,`b`.`taday_ranking`,`b`.`price`,`b`.`project_id`,`a`.`name`,`b`.`user_id`,`a`.`amount` FROM `pml_projcet` `a` INNER JOIN `pml_order` `b` ON `a`.`id`=`b`.`project_id` WHERE  (  b.id="3864" ) [ RunTime:0.004155s ]
[ sql ] [ SQL ] SELECT `username` FROM `pml_user` WHERE  (  id="41" ) LIMIT 1 [ RunTime:0.004021s ]
[ sql ] [ SQL ] UPDATE `pml_projcet`  SET `amount`=9185  WHERE  (  id="265" ) [ RunTime:0.004170s ]
[ sql ] [ SQL ] INSERT INTO `pml_consumption` (`order_sn` , `channel_id` , `channel_name` , `keyword_id` , `ranking` , `money` , `user_id` , `user_name` , `projcet_id` , `projcet_name` , `status` , `is_qualified` , `order_id`) VALUES ( '86_20190701_NfRubK_41',5,'360PC',651,1,'5.00',41,'zhaobin',265,'飞客茶馆',1,1,3864 ) [ RunTime:0.004074s ]
[ sql ] [ SQL ] SELECT `user_id`,`id`,`reach_count` FROM `pml_order` WHERE  `channel_name` = '百度PC'  AND `keyword_name` = '飞客'  AND `project_id` = 265 LIMIT 1 [ RunTime:0.004139s ]
[ sql ] [ SQL ] UPDATE `pml_order`  SET `taday_ranking`=1,`reach_count`=66,`complete_status`=1  WHERE  `channel_name` = '百度PC'  AND `keyword_name` = '飞客'  AND `project_id` = 265 [ RunTime:0.006298s ]
[ sql ] [ SQL ] SELECT b.id as order_id,`b`.`project_num`,`b`.`channel_id`,`b`.`channel_name`,`b`.`keyword_id`,`b`.`keyword_name`,`b`.`taday_ranking`,`b`.`price`,`b`.`project_id`,`a`.`name`,`b`.`user_id`,`a`.`amount` FROM `pml_projcet` `a` INNER JOIN `pml_order` `b` ON `a`.`id`=`b`.`project_id` WHERE  (  b.id="3846" ) [ RunTime:0.004080s ]
[ sql ] [ SQL ] SELECT `username` FROM `pml_user` WHERE  (  id="41" ) LIMIT 1 [ RunTime:0.003920s ]
[ sql ] [ SQL ] UPDATE `pml_projcet`  SET `amount`=9180  WHERE  (  id="265" ) [ RunTime:0.004048s ]
[ sql ] [ SQL ] INSERT INTO `pml_consumption` (`order_sn` , `channel_id` , `channel_name` , `keyword_id` , `ranking` , `money` , `user_id` , `user_name` , `projcet_id` , `projcet_name` , `status` , `is_qualified` , `order_id`) VALUES ( '86_20190701_NfRubK_41',1,'百度PC',649,1,'5.00',41,'zhaobin',265,'飞客茶馆',1,1,3846 ) [ RunTime:0.004033s ]
[ sql ] [ SQL ] SELECT `user_id`,`id`,`reach_count` FROM `pml_order` WHERE  `channel_name` = '百度PC'  AND `keyword_name` = '飞客茶馆'  AND `project_id` = 265 LIMIT 1 [ RunTime:0.004138s ]
[ sql ] [ SQL ] UPDATE `pml_order`  SET `taday_ranking`=1,`reach_count`=66,`complete_status`=1  WHERE  `channel_name` = '百度PC'  AND `keyword_name` = '飞客茶馆'  AND `project_id` = 265 [ RunTime:0.006322s ]
[ sql ] [ SQL ] SELECT b.id as order_id,`b`.`project_num`,`b`.`channel_id`,`b`.`channel_name`,`b`.`keyword_id`,`b`.`keyword_name`,`b`.`taday_ranking`,`b`.`price`,`b`.`project_id`,`a`.`name`,`b`.`user_id`,`a`.`amount` FROM `pml_projcet` `a` INNER JOIN `pml_order` `b` ON `a`.`id`=`b`.`project_id` WHERE  (  b.id="3860" ) [ RunTime:0.004075s ]
[ sql ] [ SQL ] SELECT `username` FROM `pml_user` WHERE  (  id="41" ) LIMIT 1 [ RunTime:0.004063s ]
[ sql ] [ SQL ] UPDATE `pml_projcet`  SET `amount`=9175  WHERE  (  id="265" ) [ RunTime:0.004025s ]
[ sql ] [ SQL ] INSERT INTO `pml_consumption` (`order_sn` , `channel_id` , `channel_name` , `keyword_id` , `ranking` , `money` , `user_id` , `user_name` , `projcet_id` , `projcet_name` , `status` , `is_qualified` , `order_id`) VALUES ( '86_20190701_NfRubK_41',1,'百度PC',651,1,'5.00',41,'zhaobin',265,'飞客茶馆',1,1,3860 ) [ RunTime:0.004058s ]
[ sql ] [ SQL ] SELECT `user_id`,`id`,`reach_count` FROM `pml_order` WHERE  `channel_name` = '搜狗PC'  AND `keyword_name` = '飞客'  AND `project_id` = 265 LIMIT 1 [ RunTime:0.004128s ]
[ sql ] [ SQL ] UPDATE `pml_order`  SET `taday_ranking`=2,`reach_count`=66,`complete_status`=1  WHERE  `channel_name` = '搜狗PC'  AND `keyword_name` = '飞客'  AND `project_id` = 265 [ RunTime:0.006271s ]
[ sql ] [ SQL ] SELECT b.id as order_id,`b`.`project_num`,`b`.`channel_id`,`b`.`channel_name`,`b`.`keyword_id`,`b`.`keyword_name`,`b`.`taday_ranking`,`b`.`price`,`b`.`project_id`,`a`.`name`,`b`.`user_id`,`a`.`amount` FROM `pml_projcet` `a` INNER JOIN `pml_order` `b` ON `a`.`id`=`b`.`project_id` WHERE  (  b.id="3848" ) [ RunTime:0.004146s ]
[ sql ] [ SQL ] SELECT `username` FROM `pml_user` WHERE  (  id="41" ) LIMIT 1 [ RunTime:0.003948s ]
[ sql ] [ SQL ] UPDATE `pml_projcet`  SET `amount`=9170  WHERE  (  id="265" ) [ RunTime:0.004041s ]
[ sql ] [ SQL ] INSERT INTO `pml_consumption` (`order_sn` , `channel_id` , `channel_name` , `keyword_id` , `ranking` , `money` , `user_id` , `user_name` , `projcet_id` , `projcet_name` , `status` , `is_qualified` , `order_id`) VALUES ( '86_20190701_NfRubK_41',2,'搜狗PC',649,2,'5.00',41,'zhaobin',265,'飞客茶馆',1,1,3848 ) [ RunTime:0.004036s ]
[ sql ] [ SQL ] SELECT `user_id`,`id`,`reach_count` FROM `pml_order` WHERE  `channel_name` = '搜狗移动'  AND `keyword_name` = '飞客'  AND `project_id` = 265 LIMIT 1 [ RunTime:0.004084s ]
[ sql ] [ SQL ] UPDATE `pml_order`  SET `taday_ranking`=1,`reach_count`=59,`complete_status`=1  WHERE  `channel_name` = '搜狗移动'  AND `keyword_name` = '飞客'  AND `project_id` = 265 [ RunTime:0.006283s ]
[ sql ] [ SQL ] SELECT b.id as order_id,`b`.`project_num`,`b`.`channel_id`,`b`.`channel_name`,`b`.`keyword_id`,`b`.`keyword_name`,`b`.`taday_ranking`,`b`.`price`,`b`.`project_id`,`a`.`name`,`b`.`user_id`,`a`.`amount` FROM `pml_projcet` `a` INNER JOIN `pml_order` `b` ON `a`.`id`=`b`.`project_id` WHERE  (  b.id="3849" ) [ RunTime:0.004075s ]
[ sql ] [ SQL ] SELECT `username` FROM `pml_user` WHERE  (  id="41" ) LIMIT 1 [ RunTime:0.003921s ]
[ sql ] [ SQL ] UPDATE `pml_projcet`  SET `amount`=9165  WHERE  (  id="265" ) [ RunTime:0.004029s ]
[ sql ] [ SQL ] INSERT INTO `pml_consumption` (`order_sn` , `channel_id` , `channel_name` , `keyword_id` , `ranking` , `money` , `user_id` , `user_name` , `projcet_id` , `projcet_name` , `status` , `is_qualified` , `order_id`) VALUES ( '86_20190701_NfRubK_41',4,'搜狗移动',649,1,'5.00',41,'zhaobin',265,'飞客茶馆',1,1,3849 ) [ RunTime:0.004014s ]
[ sql ] [ SQL ] SELECT `user_id`,`id`,`reach_count` FROM `pml_order` WHERE  `channel_name` = '360PC'  AND `keyword_name` = '飞客'  AND `project_id` = 265 LIMIT 1 [ RunTime:0.004086s ]
[ sql ] [ SQL ] UPDATE `pml_order`  SET `taday_ranking`=1,`reach_count`=64,`complete_status`=1  WHERE  `channel_name` = '360PC'  AND `keyword_name` = '飞客'  AND `project_id` = 265 [ RunTime:0.006281s ]
[ sql ] [ SQL ] SELECT b.id as order_id,`b`.`project_num`,`b`.`channel_id`,`b`.`channel_name`,`b`.`keyword_id`,`b`.`keyword_name`,`b`.`taday_ranking`,`b`.`price`,`b`.`project_id`,`a`.`name`,`b`.`user_id`,`a`.`amount` FROM `pml_projcet` `a` INNER JOIN `pml_order` `b` ON `a`.`id`=`b`.`project_id` WHERE  (  b.id="3850" ) [ RunTime:0.004119s ]
[ sql ] [ SQL ] SELECT `username` FROM `pml_user` WHERE  (  id="41" ) LIMIT 1 [ RunTime:0.003963s ]
[ sql ] [ SQL ] UPDATE `pml_projcet`  SET `amount`=9160  WHERE  (  id="265" ) [ RunTime:0.004075s ]
[ sql ] [ SQL ] INSERT INTO `pml_consumption` (`order_sn` , `channel_id` , `channel_name` , `keyword_id` , `ranking` , `money` , `user_id` , `user_name` , `projcet_id` , `projcet_name` , `status` , `is_qualified` , `order_id`) VALUES ( '86_20190701_NfRubK_41',5,'360PC',649,1,'5.00',41,'zhaobin',265,'飞客茶馆',1,1,3850 ) [ RunTime:0.004020s ]
[ sql ] [ SQL ] SELECT `user_id`,`id`,`reach_count` FROM `pml_order` WHERE  `channel_name` = '360移动'  AND `keyword_name` = '飞客'  AND `project_id` = 265 LIMIT 1 [ RunTime:0.004193s ]
[ sql ] [ SQL ] UPDATE `pml_order`  SET `taday_ranking`=1,`reach_count`=66,`complete_status`=1  WHERE  `channel_name` = '360移动'  AND `keyword_name` = '飞客'  AND `project_id` = 265 [ RunTime:0.006266s ]
[ sql ] [ SQL ] SELECT b.id as order_id,`b`.`project_num`,`b`.`channel_id`,`b`.`channel_name`,`b`.`keyword_id`,`b`.`keyword_name`,`b`.`taday_ranking`,`b`.`price`,`b`.`project_id`,`a`.`name`,`b`.`user_id`,`a`.`amount` FROM `pml_projcet` `a` INNER JOIN `pml_order` `b` ON `a`.`id`=`b`.`project_id` WHERE  (  b.id="3851" ) [ RunTime:0.004099s ]
[ sql ] [ SQL ] SELECT `username` FROM `pml_user` WHERE  (  id="41" ) LIMIT 1 [ RunTime:0.003948s ]
[ sql ] [ SQL ] UPDATE `pml_projcet`  SET `amount`=9155  WHERE  (  id="265" ) [ RunTime:0.004042s ]
[ sql ] [ SQL ] INSERT INTO `pml_consumption` (`order_sn` , `channel_id` , `channel_name` , `keyword_id` , `ranking` , `money` , `user_id` , `user_name` , `projcet_id` , `projcet_name` , `status` , `is_qualified` , `order_id`) VALUES ( '86_20190701_NfRubK_41',7,'360移动',649,1,'5.00',41,'zhaobin',265,'飞客茶馆',1,1,3851 ) [ RunTime:0.004018s ]
[ sql ] [ SQL ] SELECT `user_id`,`id`,`reach_count` FROM `pml_order` WHERE  `channel_name` = '神马'  AND `keyword_name` = '飞客'  AND `project_id` = 265 LIMIT 1 [ RunTime:0.004124s ]
[ sql ] [ SQL ] UPDATE `pml_order`  SET `taday_ranking`=11,`complete_status`=0  WHERE  `channel_name` = '神马'  AND `keyword_name` = '飞客'  AND `project_id` = 265 [ RunTime:0.006276s ]
[ sql ] [ SQL ] SELECT `user_id`,`id`,`reach_count` FROM `pml_order` WHERE  `channel_name` = '百度移动'  AND `keyword_name` = '飞客'  AND `project_id` = 265 LIMIT 1 [ RunTime:0.004092s ]
[ sql ] [ SQL ] UPDATE `pml_order`  SET `taday_ranking`=7,`reach_count`=66,`complete_status`=1  WHERE  `channel_name` = '百度移动'  AND `keyword_name` = '飞客'  AND `project_id` = 265 [ RunTime:0.006244s ]
[ sql ] [ SQL ] SELECT b.id as order_id,`b`.`project_num`,`b`.`channel_id`,`b`.`channel_name`,`b`.`keyword_id`,`b`.`keyword_name`,`b`.`taday_ranking`,`b`.`price`,`b`.`project_id`,`a`.`name`,`b`.`user_id`,`a`.`amount` FROM `pml_projcet` `a` INNER JOIN `pml_order` `b` ON `a`.`id`=`b`.`project_id` WHERE  (  b.id="3847" ) [ RunTime:0.004214s ]
[ sql ] [ SQL ] SELECT `username` FROM `pml_user` WHERE  (  id="41" ) LIMIT 1 [ RunTime:0.003915s ]
[ sql ] [ SQL ] UPDATE `pml_projcet`  SET `amount`=9150  WHERE  (  id="265" ) [ RunTime:0.004064s ]
[ sql ] [ SQL ] INSERT INTO `pml_consumption` (`order_sn` , `channel_id` , `channel_name` , `keyword_id` , `ranking` , `money` , `user_id` , `user_name` , `projcet_id` , `projcet_name` , `status` , `is_qualified` , `order_id`) VALUES ( '86_20190701_NfRubK_41',3,'百度移动',649,7,'5.00',41,'zhaobin',265,'飞客茶馆',1,1,3847 ) [ RunTime:0.004037s ]
[ sql ] [ SQL ] SELECT `user_id`,`id`,`reach_count` FROM `pml_order` WHERE  `channel_name` = '360移动'  AND `keyword_name` = '飞客茶馆'  AND `project_id` = 265 LIMIT 1 [ RunTime:0.004158s ]
[ sql ] [ SQL ] UPDATE `pml_order`  SET `taday_ranking`=1,`reach_count`=66,`complete_status`=1  WHERE  `channel_name` = '360移动'  AND `keyword_name` = '飞客茶馆'  AND `project_id` = 265 [ RunTime:0.010852s ]
[ sql ] [ SQL ] SELECT b.id as order_id,`b`.`project_num`,`b`.`channel_id`,`b`.`channel_name`,`b`.`keyword_id`,`b`.`keyword_name`,`b`.`taday_ranking`,`b`.`price`,`b`.`project_id`,`a`.`name`,`b`.`user_id`,`a`.`amount` FROM `pml_projcet` `a` INNER JOIN `pml_order` `b` ON `a`.`id`=`b`.`project_id` WHERE  (  b.id="3865" ) [ RunTime:0.004269s ]
[ sql ] [ SQL ] SELECT `username` FROM `pml_user` WHERE  (  id="41" ) LIMIT 1 [ RunTime:0.004007s ]
[ sql ] [ SQL ] UPDATE `pml_projcet`  SET `amount`=9145  WHERE  (  id="265" ) [ RunTime:0.007335s ]
[ sql ] [ SQL ] INSERT INTO `pml_consumption` (`order_sn` , `channel_id` , `channel_name` , `keyword_id` , `ranking` , `money` , `user_id` , `user_name` , `projcet_id` , `projcet_name` , `status` , `is_qualified` , `order_id`) VALUES ( '86_20190701_NfRubK_41',7,'360移动',651,1,'5.00',41,'zhaobin',265,'飞客茶馆',1,1,3865 ) [ RunTime:0.007568s ]
[ sql ] [ SQL ] SELECT `user_id`,`id`,`reach_count` FROM `pml_order` WHERE  `channel_name` = '百度移动'  AND `keyword_name` = '飞客茶馆'  AND `project_id` = 265 LIMIT 1 [ RunTime:0.010965s ]
[ sql ] [ SQL ] UPDATE `pml_order`  SET `taday_ranking`=3,`reach_count`=64,`complete_status`=1  WHERE  `channel_name` = '百度移动'  AND `keyword_name` = '飞客茶馆'  AND `project_id` = 265 [ RunTime:0.006798s ]
[ sql ] [ SQL ] SELECT b.id as order_id,`b`.`project_num`,`b`.`channel_id`,`b`.`channel_name`,`b`.`keyword_id`,`b`.`keyword_name`,`b`.`taday_ranking`,`b`.`price`,`b`.`project_id`,`a`.`name`,`b`.`user_id`,`a`.`amount` FROM `pml_projcet` `a` INNER JOIN `pml_order` `b` ON `a`.`id`=`b`.`project_id` WHERE  (  b.id="3861" ) [ RunTime:0.004158s ]
[ sql ] [ SQL ] SELECT `username` FROM `pml_user` WHERE  (  id="41" ) LIMIT 1 [ RunTime:0.003942s ]
[ sql ] [ SQL ] UPDATE `pml_projcet`  SET `amount`=9140  WHERE  (  id="265" ) [ RunTime:0.004048s ]
[ sql ] [ SQL ] INSERT INTO `pml_consumption` (`order_sn` , `channel_id` , `channel_name` , `keyword_id` , `ranking` , `money` , `user_id` , `user_name` , `projcet_id` , `projcet_name` , `status` , `is_qualified` , `order_id`) VALUES ( '86_20190701_NfRubK_41',3,'百度移动',651,3,'5.00',41,'zhaobin',265,'飞客茶馆',1,1,3861 ) [ RunTime:0.004040s ]
[ sql ] [ SQL ] SELECT `user_id`,`id`,`reach_count` FROM `pml_order` WHERE  `channel_name` = '神马'  AND `keyword_name` = '飞客茶馆'  AND `project_id` = 265 LIMIT 1 [ RunTime:0.004141s ]
[ sql ] [ SQL ] UPDATE `pml_order`  SET `taday_ranking`=11,`complete_status`=0  WHERE  `channel_name` = '神马'  AND `keyword_name` = '飞客茶馆'  AND `project_id` = 265 [ RunTime:0.006229s ]
[ sql ] [ SQL ] SELECT `user_id`,`id`,`reach_count` FROM `pml_order` WHERE  `channel_name` = '百度PC'  AND `keyword_name` = '茶馆'  AND `project_id` = 265 LIMIT 1 [ RunTime:0.004088s ]
[ sql ] [ SQL ] UPDATE `pml_order`  SET `taday_ranking`=100,`complete_status`=0  WHERE  `channel_name` = '百度PC'  AND `keyword_name` = '茶馆'  AND `project_id` = 265 [ RunTime:0.006182s ]
[ sql ] [ SQL ] SELECT `user_id`,`id`,`reach_count` FROM `pml_order` WHERE  `channel_name` = '神马'  AND `keyword_name` = '茶馆'  AND `project_id` = 265 LIMIT 1 [ RunTime:0.004136s ]
[ sql ] [ SQL ] UPDATE `pml_order`  SET `taday_ranking`=100,`complete_status`=0  WHERE  `channel_name` = '神马'  AND `keyword_name` = '茶馆'  AND `project_id` = 265 [ RunTime:0.005898s ]
[ sql ] [ SQL ] SELECT `user_id`,`id`,`reach_count` FROM `pml_order` WHERE  `channel_name` = '百度移动'  AND `keyword_name` = '茶馆'  AND `project_id` = 265 LIMIT 1 [ RunTime:0.004063s ]
[ sql ] [ SQL ] UPDATE `pml_order`  SET `taday_ranking`=39,`complete_status`=0  WHERE  `channel_name` = '百度移动'  AND `keyword_name` = '茶馆'  AND `project_id` = 265 [ RunTime:0.006289s ]
[ sql ] [ SQL ] SELECT `user_id`,`id`,`reach_count` FROM `pml_order` WHERE  `channel_name` = '360PC'  AND `keyword_name` = '茶馆'  AND `project_id` = 265 LIMIT 1 [ RunTime:0.004076s ]
[ sql ] [ SQL ] UPDATE `pml_order`  SET `taday_ranking`=17,`complete_status`=0  WHERE  `channel_name` = '360PC'  AND `keyword_name` = '茶馆'  AND `project_id` = 265 [ RunTime:0.005804s ]
[ sql ] [ SQL ] SELECT `user_id`,`id`,`reach_count` FROM `pml_order` WHERE  `channel_name` = '神马'  AND `keyword_name` = '阿斯顿'  AND `project_id` = 265 LIMIT 1 [ RunTime:0.004100s ]
[ sql ] [ SQL ] UPDATE `pml_order`  SET `taday_ranking`=100,`complete_status`=0  WHERE  `channel_name` = '神马'  AND `keyword_name` = '阿斯顿'  AND `project_id` = 265 [ RunTime:0.005846s ]
[ sql ] [ SQL ] SELECT `user_id`,`id`,`reach_count` FROM `pml_order` WHERE  `channel_name` = '搜狗PC'  AND `keyword_name` = '飞客茶馆'  AND `project_id` = 265 LIMIT 1 [ RunTime:0.004041s ]
[ sql ] [ SQL ] UPDATE `pml_order`  SET `taday_ranking`=1,`reach_count`=66,`complete_status`=1  WHERE  `channel_name` = '搜狗PC'  AND `keyword_name` = '飞客茶馆'  AND `project_id` = 265 [ RunTime:0.006319s ]
[ sql ] [ SQL ] SELECT b.id as order_id,`b`.`project_num`,`b`.`channel_id`,`b`.`channel_name`,`b`.`keyword_id`,`b`.`keyword_name`,`b`.`taday_ranking`,`b`.`price`,`b`.`project_id`,`a`.`name`,`b`.`user_id`,`a`.`amount` FROM `pml_projcet` `a` INNER JOIN `pml_order` `b` ON `a`.`id`=`b`.`project_id` WHERE  (  b.id="3862" ) [ RunTime:0.004156s ]
[ sql ] [ SQL ] SELECT `username` FROM `pml_user` WHERE  (  id="41" ) LIMIT 1 [ RunTime:0.003936s ]
[ sql ] [ SQL ] UPDATE `pml_projcet`  SET `amount`=9135  WHERE  (  id="265" ) [ RunTime:0.004034s ]
[ sql ] [ SQL ] INSERT INTO `pml_consumption` (`order_sn` , `channel_id` , `channel_name` , `keyword_id` , `ranking` , `money` , `user_id` , `user_name` , `projcet_id` , `projcet_name` , `status` , `is_qualified` , `order_id`) VALUES ( '86_20190701_NfRubK_41',2,'搜狗PC',651,1,'5.00',41,'zhaobin',265,'飞客茶馆',1,1,3862 ) [ RunTime:0.004031s ]
[ sql ] [ SQL ] SELECT `user_id`,`id`,`reach_count` FROM `pml_order` WHERE  `channel_name` = '搜狗移动'  AND `keyword_name` = '飞客茶馆'  AND `project_id` = 265 LIMIT 1 [ RunTime:0.004110s ]
[ sql ] [ SQL ] UPDATE `pml_order`  SET `taday_ranking`=3,`reach_count`=59,`complete_status`=1  WHERE  `channel_name` = '搜狗移动'  AND `keyword_name` = '飞客茶馆'  AND `project_id` = 265 [ RunTime:0.006271s ]
[ sql ] [ SQL ] SELECT b.id as order_id,`b`.`project_num`,`b`.`channel_id`,`b`.`channel_name`,`b`.`keyword_id`,`b`.`keyword_name`,`b`.`taday_ranking`,`b`.`price`,`b`.`project_id`,`a`.`name`,`b`.`user_id`,`a`.`amount` FROM `pml_projcet` `a` INNER JOIN `pml_order` `b` ON `a`.`id`=`b`.`project_id` WHERE  (  b.id="3863" ) [ RunTime:0.004081s ]
[ sql ] [ SQL ] SELECT `username` FROM `pml_user` WHERE  (  id="41" ) LIMIT 1 [ RunTime:0.003937s ]
[ sql ] [ SQL ] UPDATE `pml_projcet`  SET `amount`=9130  WHERE  (  id="265" ) [ RunTime:0.004034s ]
[ sql ] [ SQL ] INSERT INTO `pml_consumption` (`order_sn` , `channel_id` , `channel_name` , `keyword_id` , `ranking` , `money` , `user_id` , `user_name` , `projcet_id` , `projcet_name` , `status` , `is_qualified` , `order_id`) VALUES ( '86_20190701_NfRubK_41',4,'搜狗移动',651,3,'5.00',41,'zhaobin',265,'飞客茶馆',1,1,3863 ) [ RunTime:0.004035s ]
[ sql ] [ SQL ] SELECT `user_id`,`id`,`reach_count` FROM `pml_order` WHERE  `channel_name` = '百度PC'  AND `keyword_name` = '阿斯顿'  AND `project_id` = 265 LIMIT 1 [ RunTime:0.004140s ]
[ sql ] [ SQL ] UPDATE `pml_order`  SET `taday_ranking`=100,`complete_status`=0  WHERE  `channel_name` = '百度PC'  AND `keyword_name` = '阿斯顿'  AND `project_id` = 265 [ RunTime:0.005840s ]
[ sql ] [ SQL ] SELECT `user_id`,`id`,`reach_count` FROM `pml_order` WHERE  `channel_name` = '360PC'  AND `keyword_name` = '阿斯顿'  AND `project_id` = 265 LIMIT 1 [ RunTime:0.004066s ]
[ sql ] [ SQL ] UPDATE `pml_order`  SET `taday_ranking`=100,`complete_status`=0  WHERE  `channel_name` = '360PC'  AND `keyword_name` = '阿斯顿'  AND `project_id` = 265 [ RunTime:0.005869s ]
[ sql ] [ SQL ] SELECT `user_id`,`id`,`reach_count` FROM `pml_order` WHERE  `channel_name` = '百度PC'  AND `keyword_name` = '旅行'  AND `project_id` = 265 LIMIT 1 [ RunTime:0.004079s ]
[ sql ] [ SQL ] UPDATE `pml_order`  SET `taday_ranking`=100,`complete_status`=0  WHERE  `channel_name` = '百度PC'  AND `keyword_name` = '旅行'  AND `project_id` = 265 [ RunTime:0.005799s ]
[ sql ] [ SQL ] SELECT `user_id`,`id`,`reach_count` FROM `pml_order` WHERE  `channel_name` = '百度移动'  AND `keyword_name` = '阿斯顿'  AND `project_id` = 265 LIMIT 1 [ RunTime:0.004172s ]
[ sql ] [ SQL ] UPDATE `pml_order`  SET `taday_ranking`=100,`complete_status`=0  WHERE  `channel_name` = '百度移动'  AND `keyword_name` = '阿斯顿'  AND `project_id` = 265 [ RunTime:0.008175s ]
[ sql ] [ SQL ] SELECT `user_id`,`id`,`reach_count` FROM `pml_order` WHERE  `channel_name` = '360移动'  AND `keyword_name` = '茶馆'  AND `project_id` = 265 LIMIT 1 [ RunTime:0.004328s ]
[ sql ] [ SQL ] UPDATE `pml_order`  SET `taday_ranking`=25,`complete_status`=0  WHERE  `channel_name` = '360移动'  AND `keyword_name` = '茶馆'  AND `project_id` = 265 [ RunTime:0.008429s ]
[ sql ] [ SQL ] SELECT `user_id`,`id`,`reach_count` FROM `pml_order` WHERE  `channel_name` = '搜狗PC'  AND `keyword_name` = '阿斯顿'  AND `project_id` = 265 LIMIT 1 [ RunTime:0.005451s ]
[ sql ] [ SQL ] UPDATE `pml_order`  SET `taday_ranking`=100,`complete_status`=0  WHERE  `channel_name` = '搜狗PC'  AND `keyword_name` = '阿斯顿'  AND `project_id` = 265 [ RunTime:0.011761s ]
[ sql ] [ SQL ] SELECT `user_id`,`id`,`reach_count` FROM `pml_order` WHERE  `channel_name` = '搜狗PC'  AND `keyword_name` = '茶馆'  AND `project_id` = 265 LIMIT 1 [ RunTime:0.004200s ]
[ sql ] [ SQL ] UPDATE `pml_order`  SET `taday_ranking`=66,`complete_status`=0  WHERE  `channel_name` = '搜狗PC'  AND `keyword_name` = '茶馆'  AND `project_id` = 265 [ RunTime:0.006807s ]
[ sql ] [ SQL ] SELECT `user_id`,`id`,`reach_count` FROM `pml_order` WHERE  `channel_name` = '360移动'  AND `keyword_name` = '阿斯顿'  AND `project_id` = 265 LIMIT 1 [ RunTime:0.004090s ]
[ sql ] [ SQL ] UPDATE `pml_order`  SET `taday_ranking`=100,`complete_status`=0  WHERE  `channel_name` = '360移动'  AND `keyword_name` = '阿斯顿'  AND `project_id` = 265 [ RunTime:0.005848s ]
[ sql ] [ SQL ] SELECT `user_id`,`id`,`reach_count` FROM `pml_order` WHERE  `channel_name` = '搜狗移动'  AND `keyword_name` = '茶馆'  AND `project_id` = 265 LIMIT 1 [ RunTime:0.004063s ]
[ sql ] [ SQL ] UPDATE `pml_order`  SET `taday_ranking`=100,`complete_status`=0  WHERE  `channel_name` = '搜狗移动'  AND `keyword_name` = '茶馆'  AND `project_id` = 265 [ RunTime:0.005836s ]
[ sql ] [ SQL ] SELECT `user_id`,`id`,`reach_count` FROM `pml_order` WHERE  `channel_name` = '搜狗移动'  AND `keyword_name` = '阿斯顿'  AND `project_id` = 265 LIMIT 1 [ RunTime:0.004064s ]
[ sql ] [ SQL ] UPDATE `pml_order`  SET `taday_ranking`=100,`complete_status`=0  WHERE  `channel_name` = '搜狗移动'  AND `keyword_name` = '阿斯顿'  AND `project_id` = 265 [ RunTime:0.005832s ]
[ sql ] [ SQL ] SELECT * FROM `pml_consumption` WHERE  `projcet_id` = 459  AND (  '2019-09-02 00:00:00'< create_time and create_time < '2019-09-02 23:59:59' ) LIMIT 1 [ RunTime:0.004940s ]
[ sql ] [ SQL ] SELECT * FROM `pml_projcet` WHERE  `id` = 459  AND `pay_status` = '1' LIMIT 1 [ RunTime:0.004244s ]
[ sql ] [ SQL ] SELECT `b`.`id`,`b`.`keyword_name`,`b`.`channel_name`,`channel_id`,`a`.`address`,`a`.`days`,`b`.`create_time`,`project_id`,`b`.`reach_count`,`b`.`user_id` FROM `pml_projcet` `a` INNER JOIN `pml_order` `b` ON `a`.`id`=`b`.`project_id` WHERE  (  project_id="459" ) [ RunTime:0.004546s ]
[ sql ] [ SQL ] SELECT `user_id`,`id`,`reach_count` FROM `pml_order` WHERE  `channel_name` = '360PC'  AND `keyword_name` = '上海知名SEO公司'  AND `project_id` = 459 LIMIT 1 [ RunTime:0.004554s ]
[ sql ] [ SQL ] UPDATE `pml_order`  SET `taday_ranking`=1,`reach_count`=53,`complete_status`=1  WHERE  `channel_name` = '360PC'  AND `keyword_name` = '上海知名SEO公司'  AND `project_id` = 459 [ RunTime:0.006134s ]
[ sql ] [ SQL ] SELECT b.id as order_id,`b`.`project_num`,`b`.`channel_id`,`b`.`channel_name`,`b`.`keyword_id`,`b`.`keyword_name`,`b`.`taday_ranking`,`b`.`price`,`b`.`project_id`,`a`.`name`,`b`.`user_id`,`a`.`amount` FROM `pml_projcet` `a` INNER JOIN `pml_order` `b` ON `a`.`id`=`b`.`project_id` WHERE  (  b.id="5204" ) [ RunTime:0.004237s ]
[ sql ] [ SQL ] SELECT `username` FROM `pml_user` WHERE  (  id="47" ) LIMIT 1 [ RunTime:0.004052s ]
[ sql ] [ SQL ] UPDATE `pml_projcet`  SET `amount`=5080  WHERE  (  id="459" ) [ RunTime:0.004058s ]
[ sql ] [ SQL ] INSERT INTO `pml_consumption` (`order_sn` , `channel_id` , `channel_name` , `keyword_id` , `ranking` , `money` , `user_id` , `user_name` , `projcet_id` , `projcet_name` , `status` , `is_qualified` , `order_id`) VALUES ( '862019070923585147',5,'360PC',1005,1,'5.00',47,'eden',459,'智火SEO',1,1,5204 ) [ RunTime:0.004060s ]
[ sql ] [ SQL ] SELECT `user_id`,`id`,`reach_count` FROM `pml_order` WHERE  `channel_name` = '百度PC'  AND `keyword_name` = '上海知名SEO公司'  AND `project_id` = 459 LIMIT 1 [ RunTime:0.004401s ]
[ sql ] [ SQL ] UPDATE `pml_order`  SET `taday_ranking`=9,`reach_count`=49,`complete_status`=1  WHERE  `channel_name` = '百度PC'  AND `keyword_name` = '上海知名SEO公司'  AND `project_id` = 459 [ RunTime:0.005939s ]
[ sql ] [ SQL ] SELECT b.id as order_id,`b`.`project_num`,`b`.`channel_id`,`b`.`channel_name`,`b`.`keyword_id`,`b`.`keyword_name`,`b`.`taday_ranking`,`b`.`price`,`b`.`project_id`,`a`.`name`,`b`.`user_id`,`a`.`amount` FROM `pml_projcet` `a` INNER JOIN `pml_order` `b` ON `a`.`id`=`b`.`project_id` WHERE  (  b.id="5200" ) [ RunTime:0.004133s ]
[ sql ] [ SQL ] SELECT `username` FROM `pml_user` WHERE  (  id="47" ) LIMIT 1 [ RunTime:0.003948s ]
[ sql ] [ SQL ] UPDATE `pml_projcet`  SET `amount`=5075  WHERE  (  id="459" ) [ RunTime:0.004038s ]
[ sql ] [ SQL ] INSERT INTO `pml_consumption` (`order_sn` , `channel_id` , `channel_name` , `keyword_id` , `ranking` , `money` , `user_id` , `user_name` , `projcet_id` , `projcet_name` , `status` , `is_qualified` , `order_id`) VALUES ( '862019070923585147',1,'百度PC',1005,9,'5.00',47,'eden',459,'智火SEO',1,1,5200 ) [ RunTime:0.004061s ]
[ sql ] [ SQL ] SELECT `user_id`,`id`,`reach_count` FROM `pml_order` WHERE  `channel_name` = '360移动'  AND `keyword_name` = '上海知名SEO公司'  AND `project_id` = 459 LIMIT 1 [ RunTime:0.004347s ]
[ sql ] [ SQL ] UPDATE `pml_order`  SET `taday_ranking`=1,`reach_count`=52,`complete_status`=1  WHERE  `channel_name` = '360移动'  AND `keyword_name` = '上海知名SEO公司'  AND `project_id` = 459 [ RunTime:0.005940s ]
[ sql ] [ SQL ] SELECT b.id as order_id,`b`.`project_num`,`b`.`channel_id`,`b`.`channel_name`,`b`.`keyword_id`,`b`.`keyword_name`,`b`.`taday_ranking`,`b`.`price`,`b`.`project_id`,`a`.`name`,`b`.`user_id`,`a`.`amount` FROM `pml_projcet` `a` INNER JOIN `pml_order` `b` ON `a`.`id`=`b`.`project_id` WHERE  (  b.id="5205" ) [ RunTime:0.004144s ]
[ sql ] [ SQL ] SELECT `username` FROM `pml_user` WHERE  (  id="47" ) LIMIT 1 [ RunTime:0.003971s ]
[ sql ] [ SQL ] UPDATE `pml_projcet`  SET `amount`=5070  WHERE  (  id="459" ) [ RunTime:0.004018s ]
[ sql ] [ SQL ] INSERT INTO `pml_consumption` (`order_sn` , `channel_id` , `channel_name` , `keyword_id` , `ranking` , `money` , `user_id` , `user_name` , `projcet_id` , `projcet_name` , `status` , `is_qualified` , `order_id`) VALUES ( '862019070923585147',7,'360移动',1005,1,'5.00',47,'eden',459,'智火SEO',1,1,5205 ) [ RunTime:0.004018s ]
[ sql ] [ SQL ] SELECT `user_id`,`id`,`reach_count` FROM `pml_order` WHERE  `channel_name` = '神马'  AND `keyword_name` = '上海知名SEO公司'  AND `project_id` = 459 LIMIT 1 [ RunTime:0.004526s ]
[ sql ] [ SQL ] UPDATE `pml_order`  SET `taday_ranking`=100,`complete_status`=0  WHERE  `channel_name` = '神马'  AND `keyword_name` = '上海知名SEO公司'  AND `project_id` = 459 [ RunTime:0.005824s ]
[ sql ] [ SQL ] SELECT `user_id`,`id`,`reach_count` FROM `pml_order` WHERE  `channel_name` = '搜狗PC'  AND `keyword_name` = '上海知名SEO公司'  AND `project_id` = 459 LIMIT 1 [ RunTime:0.004379s ]
[ sql ] [ SQL ] UPDATE `pml_order`  SET `taday_ranking`=100,`complete_status`=0  WHERE  `channel_name` = '搜狗PC'  AND `keyword_name` = '上海知名SEO公司'  AND `project_id` = 459 [ RunTime:0.005918s ]
[ sql ] [ SQL ] SELECT `user_id`,`id`,`reach_count` FROM `pml_order` WHERE  `channel_name` = '百度移动'  AND `keyword_name` = '上海知名SEO公司'  AND `project_id` = 459 LIMIT 1 [ RunTime:0.004380s ]
[ sql ] [ SQL ] UPDATE `pml_order`  SET `taday_ranking`=100,`complete_status`=0  WHERE  `channel_name` = '百度移动'  AND `keyword_name` = '上海知名SEO公司'  AND `project_id` = 459 [ RunTime:0.005792s ]
[ sql ] [ SQL ] SELECT `user_id`,`id`,`reach_count` FROM `pml_order` WHERE  `channel_name` = '搜狗移动'  AND `keyword_name` = '上海知名SEO公司'  AND `project_id` = 459 LIMIT 1 [ RunTime:0.004337s ]
[ sql ] [ SQL ] UPDATE `pml_order`  SET `taday_ranking`=43,`complete_status`=0  WHERE  `channel_name` = '搜狗移动'  AND `keyword_name` = '上海知名SEO公司'  AND `project_id` = 459 [ RunTime:0.005903s ]
---------------------------------------------------------------
[ 2019-09-02T09:56:31+08:00 ] 47.98.103.82 GET pml.zhihuo.com.cn/
[运行时间：0.216751s] [吞吐率：4.61req/s] [内存消耗：2,579.38kb] [文件加载：67]
[ info ] [ BEHAVIOR ] Run Closure @app_init [ RunTime:0.000025s ]
[ info ] [ CACHE ] INIT File
[ info ] [ BEHAVIOR ] Run Closure @app_init [ RunTime:0.002139s ]
[ info ] [ LANG ] /www/wwwroot/pml_zhihuo_com_cn/pml/thinkphp/lang/zh-cn.php
[ info ] [ ROUTE ] array (
  'type' => 'module',
  'module' => 
  array (
    0 => '',
    1 => NULL,
    2 => NULL,
  ),
)
[ info ] [ HEADER ] array (
  'accept-encoding' => 'gzip',
  'connection' => 'Keep-Alive',
  'host' => 'pml.zhihuo.com.cn',
  'user-agent' => 'Mozilla/5.0 (X11; Ubuntu; Linux x86_64; rv:36.0) Gecko/20100101 Firefox/36.0',
  'content-type' => '',
  'content-length' => '',
)
[ info ] [ PARAM ] array (
)
[ info ] [ LANG ] /www/wwwroot/pml_zhihuo_com_cn/pml/public/../application/admin/lang/zh-cn.php
[ info ] [ BEHAVIOR ] Run app\common\behavior\Common @module_init [ RunTime:0.075441s ]
[ info ] [ SESSION ] INIT array (
  'id' => '',
  'var_session_id' => '',
  'prefix' => 'think',
  'type' => '',
  'auto_start' => true,
)
[ info ] [ VIEW ] /www/wwwroot/pml_zhihuo_com_cn/pml/public/../application/common/view/tpl/dispatch_jump.tpl [ array (
  0 => 'code',
  1 => 'msg',
  2 => 'data',
  3 => 'url',
  4 => 'wait',
) ]
[ info ] [ BEHAVIOR ] Run app\admin\behavior\AdminLog @app_end [ RunTime:0.000336s ]
[ info ] [ LOG ] INIT File
---------------------------------------------------------------
[ 2019-09-02T09:56:32+08:00 ] 47.98.103.82 GET pml.zhihuo.com.cn/admin/index/login?url=%2F
[运行时间：0.029842s] [吞吐率：33.51req/s] [内存消耗：2,936.06kb] [文件加载：70]
[ info ] [ BEHAVIOR ] Run Closure @app_init [ RunTime:0.000030s ]
[ info ] [ CACHE ] INIT File
[ info ] [ BEHAVIOR ] Run Closure @app_init [ RunTime:0.001118s ]
[ info ] [ LANG ] /www/wwwroot/pml_zhihuo_com_cn/pml/thinkphp/lang/zh-cn.php
[ info ] [ ROUTE ] array (
  'type' => 'module',
  'module' => 
  array (
    0 => 'admin',
    1 => 'index',
    2 => 'login',
  ),
)
[ info ] [ HEADER ] array (
  'accept-encoding' => 'gzip',
  'connection' => 'Keep-Alive',
  'host' => 'pml.zhihuo.com.cn',
  'user-agent' => 'Mozilla/5.0 (X11; Ubuntu; Linux x86_64; rv:36.0) Gecko/20100101 Firefox/36.0',
  'content-type' => '',
  'content-length' => '',
)
[ info ] [ PARAM ] array (
  'url' => '/',
)
[ info ] [ LANG ] /www/wwwroot/pml_zhihuo_com_cn/pml/public/../application/admin/lang/zh-cn.php
[ info ] [ BEHAVIOR ] Run app\common\behavior\Common @module_init [ RunTime:0.001705s ]
[ info ] [ SESSION ] INIT array (
  'id' => '',
  'var_session_id' => '',
  'prefix' => 'think',
  'type' => '',
  'auto_start' => true,
)
[ info ] [ LANG ] /www/wwwroot/pml_zhihuo_com_cn/pml/public/../application/admin/lang/zh-cn/index.php
[ info ] [ RUN ] app\admin\controller\Index->login[ /www/wwwroot/pml_zhihuo_com_cn/pml/application/admin/controller/Index.php ]
[ info ] [ VIEW ] /www/wwwroot/pml_zhihuo_com_cn/pml/public/../application/admin/view/index/login.html [ array (
  0 => 'breadcrumb',
  1 => 'site',
  2 => 'config',
  3 => 'auth',
  4 => 'admin',
  5 => 'background',
  6 => 'title',
) ]
[ info ] [ BEHAVIOR ] Run app\admin\behavior\AdminLog @app_end [ RunTime:0.000065s ]
[ info ] [ LOG ] INIT File
---------------------------------------------------------------
[ 2019-09-02T13:15:33+08:00 ] 66.249.71.54 GET pml.zhihuo.com.cn/admin/worder/worderrecord?ids=
[运行时间：0.114483s] [吞吐率：8.73req/s] [内存消耗：2,591.27kb] [文件加载：67]
[ info ] [ BEHAVIOR ] Run Closure @app_init [ RunTime:0.000074s ]
[ info ] [ CACHE ] INIT File
[ info ] [ BEHAVIOR ] Run Closure @app_init [ RunTime:0.001915s ]
[ info ] [ LANG ] /www/wwwroot/pml_zhihuo_com_cn/pml/thinkphp/lang/zh-cn.php
[ info ] [ ROUTE ] array (
  'type' => 'module',
  'module' => 
  array (
    0 => 'admin',
    1 => 'worder',
    2 => 'worderrecord',
  ),
)
[ info ] [ HEADER ] array (
  'accept-encoding' => 'gzip,deflate,br',
  'user-agent' => 'Mozilla/5.0 (Linux; Android 6.0.1; Nexus 5X Build/MMB29P) AppleWebKit/537.36 (KHTML, like Gecko) Chrome/41.0.2272.96 Mobile Safari/537.36 (compatible; Googlebot/2.1; +http://www.google.com/bot.html)',
  'from' => 'googlebot(at)googlebot.com',
  'accept' => 'text/html,application/xhtml+xml,application/xml;q=0.9,*/*;q=0.8,text/html,application/xhtml+xml,application/signed-exchange;v=b3,application/xml;q=0.9,*/*;q=0.8',
  'connection' => 'keep-alive',
  'amp-cache-transform' => 'google;v="1..2"',
  'host' => 'pml.zhihuo.com.cn',
  'content-type' => '',
  'content-length' => '',
)
[ info ] [ PARAM ] array (
  'ids' => '',
)
[ info ] [ LANG ] /www/wwwroot/pml_zhihuo_com_cn/pml/public/../application/admin/lang/zh-cn.php
[ info ] [ BEHAVIOR ] Run app\common\behavior\Common @module_init [ RunTime:0.073296s ]
[ info ] [ SESSION ] INIT array (
  'id' => '',
  'var_session_id' => '',
  'prefix' => 'think',
  'type' => '',
  'auto_start' => true,
)
[ info ] [ VIEW ] /www/wwwroot/pml_zhihuo_com_cn/pml/public/../application/common/view/tpl/dispatch_jump.tpl [ array (
  0 => 'code',
  1 => 'msg',
  2 => 'data',
  3 => 'url',
  4 => 'wait',
) ]
[ info ] [ BEHAVIOR ] Run app\admin\behavior\AdminLog @app_end [ RunTime:0.000355s ]
[ info ] [ LOG ] INIT File
---------------------------------------------------------------
[ 2019-09-02T13:15:36+08:00 ] 66.249.71.54 GET pml.zhihuo.com.cn/admin/index/login?url=%2Fadmin%2Fworder%2Fworderrecord%3Fids%3D
[运行时间：0.029275s] [吞吐率：34.16req/s] [内存消耗：2,889.37kb] [文件加载：67]
[ info ] [ BEHAVIOR ] Run Closure @app_init [ RunTime:0.000070s ]
[ info ] [ CACHE ] INIT File
[ info ] [ BEHAVIOR ] Run Closure @app_init [ RunTime:0.000901s ]
[ info ] [ ROUTE ] array (
  'type' => 'module',
  'module' => 
  array (
    0 => 'admin',
    1 => 'index',
    2 => 'login',
  ),
)
[ info ] [ HEADER ] array (
  'accept-encoding' => 'gzip,deflate,br',
  'user-agent' => 'Mozilla/5.0 (Linux; Android 6.0.1; Nexus 5X Build/MMB29P) AppleWebKit/537.36 (KHTML, like Gecko) Chrome/41.0.2272.96 Mobile Safari/537.36 (compatible; Googlebot/2.1; +http://www.google.com/bot.html)',
  'from' => 'googlebot(at)googlebot.com',
  'accept' => 'text/html,application/xhtml+xml,application/xml;q=0.9,image/webp,image/apng,*/*;q=0.8,application/signed-exchange;v=b3',
  'connection' => 'keep-alive',
  'upgrade-insecure-requests' => '1',
  'referer' => 'http://pml.zhihuo.com.cn/admin/worder/worderrecord?ids=',
  'cookie' => 'PHPSESSID=jh9mrvuu8vnh52k3jbjq0rs05m',
  'accept-language' => 'en-US',
  'host' => 'pml.zhihuo.com.cn',
  'content-type' => '',
  'content-length' => '',
)
[ info ] [ PARAM ] array (
  'url' => '/admin/worder/worderrecord?ids=',
)
[ info ] [ BEHAVIOR ] Run app\common\behavior\Common @module_init [ RunTime:0.001819s ]
[ info ] [ SESSION ] INIT array (
  'id' => '',
  'var_session_id' => '',
  'prefix' => 'think',
  'type' => '',
  'auto_start' => true,
)
[ info ] [ RUN ] app\admin\controller\Index->login[ /www/wwwroot/pml_zhihuo_com_cn/pml/application/admin/controller/Index.php ]
[ info ] [ VIEW ] /www/wwwroot/pml_zhihuo_com_cn/pml/public/../application/admin/view/index/login.html [ array (
  0 => 'breadcrumb',
  1 => 'site',
  2 => 'config',
  3 => 'auth',
  4 => 'admin',
  5 => 'background',
  6 => 'title',
) ]
[ info ] [ BEHAVIOR ] Run app\admin\behavior\AdminLog @app_end [ RunTime:0.000086s ]
[ info ] [ LOG ] INIT File
---------------------------------------------------------------
[ 2019-09-02T18:45:17+08:00 ] 103.214.85.216 GET pml.zhihuo.com.cn/admin/index/index
[运行时间：0.033462s] [吞吐率：29.88req/s] [内存消耗：2,581.75kb] [文件加载：67]
[ info ] [ BEHAVIOR ] Run Closure @app_init [ RunTime:0.000150s ]
[ info ] [ CACHE ] INIT File
[ info ] [ BEHAVIOR ] Run Closure @app_init [ RunTime:0.001331s ]
[ info ] [ LANG ] /www/wwwroot/pml_zhihuo_com_cn/pml/thinkphp/lang/zh-cn.php
[ info ] [ ROUTE ] array (
  'type' => 'module',
  'module' => 
  array (
    0 => 'admin',
    1 => 'index',
    2 => 'index',
  ),
)
[ info ] [ HEADER ] array (
  'cache-control' => 'no-cache',
  'host' => 'pml.zhihuo.com.cn',
  'user-agent' => 'Mozilla/5.0 (Windows; U; MSIE 6.0; Windows NT 5.1; SV1; .NET CLR 2.0.50727; BIDUBrowser 8.7)',
  'accept-encoding' => 'gzip,deflate',
  'content-type' => '',
  'content-length' => '',
)
[ info ] [ PARAM ] array (
)
[ info ] [ LANG ] /www/wwwroot/pml_zhihuo_com_cn/pml/public/../application/admin/lang/zh-cn.php
[ info ] [ BEHAVIOR ] Run app\common\behavior\Common @module_init [ RunTime:0.002142s ]
[ info ] [ SESSION ] INIT array (
  'id' => '',
  'var_session_id' => '',
  'prefix' => 'think',
  'type' => '',
  'auto_start' => true,
)
[ info ] [ VIEW ] /www/wwwroot/pml_zhihuo_com_cn/pml/public/../application/common/view/tpl/dispatch_jump.tpl [ array (
  0 => 'code',
  1 => 'msg',
  2 => 'data',
  3 => 'url',
  4 => 'wait',
) ]
[ info ] [ BEHAVIOR ] Run app\admin\behavior\AdminLog @app_end [ RunTime:0.000202s ]
[ info ] [ LOG ] INIT File
---------------------------------------------------------------
[ 2019-09-02T18:45:19+08:00 ] 103.214.85.216 GET pml.zhihuo.com.cn/favicon.ico
[运行时间：0.032519s] [吞吐率：30.75req/s] [内存消耗：1,790.09kb] [文件加载：49]
[ info ] [ BEHAVIOR ] Run Closure @app_init [ RunTime:0.000136s ]
[ info ] [ CACHE ] INIT File
[ info ] [ BEHAVIOR ] Run Closure @app_init [ RunTime:0.001160s ]
[ info ] [ LANG ] /www/wwwroot/pml_zhihuo_com_cn/pml/thinkphp/lang/zh-cn.php
[ info ] [ ROUTE ] array (
  'type' => 'module',
  'module' => 
  array (
    0 => 'favicon.ico',
    1 => NULL,
    2 => NULL,
  ),
)
[ info ] [ HEADER ] array (
  'cookie' => 'PHPSESSID=8r2tjk1rt8cn25tacf78t5kn26',
  'cache-control' => 'no-cache',
  'host' => 'pml.zhihuo.com.cn',
  'user-agent' => 'Mozilla/5.0 (Windows; U; MSIE 6.0; Windows NT 5.1; SV1; .NET CLR 2.0.50727; BIDUBrowser 8.7)',
  'accept-encoding' => 'gzip,deflate',
  'content-type' => '',
  'content-length' => '',
)
[ info ] [ PARAM ] array (
)
[ info ] [ LOG ] INIT File
---------------------------------------------------------------
[ 2019-09-02T18:45:19+08:00 ] 103.214.85.216 GET pml.zhihuo.com.cn/favicon.ico
[运行时间：0.020598s] [吞吐率：48.55req/s] [内存消耗：1,790.13kb] [文件加载：49]
[ info ] [ BEHAVIOR ] Run Closure @app_init [ RunTime:0.000098s ]
[ info ] [ CACHE ] INIT File
[ info ] [ BEHAVIOR ] Run Closure @app_init [ RunTime:0.001168s ]
[ info ] [ LANG ] /www/wwwroot/pml_zhihuo_com_cn/pml/thinkphp/lang/zh-cn.php
[ info ] [ ROUTE ] array (
  'type' => 'module',
  'module' => 
  array (
    0 => '404',
    1 => NULL,
    2 => NULL,
  ),
)
[ info ] [ HEADER ] array (
  'cookie' => 'PHPSESSID=8r2tjk1rt8cn25tacf78t5kn26',
  'cache-control' => 'no-cache',
  'host' => 'pml.zhihuo.com.cn',
  'user-agent' => 'Mozilla/5.0 (Windows; U; MSIE 6.0; Windows NT 5.1; SV1; .NET CLR 2.0.50727; BIDUBrowser 8.7)',
  'accept-encoding' => 'gzip,deflate',
  'content-type' => '',
  'content-length' => '',
)
[ info ] [ PARAM ] array (
)
[ info ] [ LOG ] INIT File
---------------------------------------------------------------
[ 2019-09-02T18:46:17+08:00 ] 61.129.6.251 GET pml.zhihuo.com.cn/admin/index/index
[运行时间：0.025991s] [吞吐率：38.47req/s] [内存消耗：2,582.11kb] [文件加载：67]
[ info ] [ BEHAVIOR ] Run Closure @app_init [ RunTime:0.000086s ]
[ info ] [ CACHE ] INIT File
[ info ] [ BEHAVIOR ] Run Closure @app_init [ RunTime:0.000864s ]
[ info ] [ LANG ] /www/wwwroot/pml_zhihuo_com_cn/pml/thinkphp/lang/zh-cn.php
[ info ] [ ROUTE ] array (
  'type' => 'module',
  'module' => 
  array (
    0 => 'admin',
    1 => 'index',
    2 => 'index',
  ),
)
[ info ] [ HEADER ] array (
  'connection' => 'keep-alive',
  'host' => 'pml.zhihuo.com.cn',
  'accept-language' => 'zh-CN,zh;q=0.8,en-US;q=0.6,en;q=0.4',
  'accept' => '*/*',
  'user-agent' => 'Mozilla/5.0 (Windows NT 6.1; WOW64) AppleWebKit/537.36 (KHTML, like Gecko) Chrome/56.0.2924.87 Safari/537.36',
  'content-type' => '',
  'content-length' => '',
)
[ info ] [ PARAM ] array (
)
[ info ] [ LANG ] /www/wwwroot/pml_zhihuo_com_cn/pml/public/../application/admin/lang/zh-cn.php
[ info ] [ BEHAVIOR ] Run app\common\behavior\Common @module_init [ RunTime:0.001817s ]
[ info ] [ SESSION ] INIT array (
  'id' => '',
  'var_session_id' => '',
  'prefix' => 'think',
  'type' => '',
  'auto_start' => true,
)
[ info ] [ VIEW ] /www/wwwroot/pml_zhihuo_com_cn/pml/public/../application/common/view/tpl/dispatch_jump.tpl [ array (
  0 => 'code',
  1 => 'msg',
  2 => 'data',
  3 => 'url',
  4 => 'wait',
) ]
[ info ] [ BEHAVIOR ] Run app\admin\behavior\AdminLog @app_end [ RunTime:0.000082s ]
[ info ] [ LOG ] INIT File
