---------------------------------------------------------------
[ 2019-05-13T14:42:58+08:00 ] 106.15.201.111 GET pml.zhihuo.com.cn/
[运行时间：0.031060s] [吞吐率：32.20req/s] [内存消耗：2,718.44kb] [文件加载：64]
[ info ] [ BEHAVIOR ] Run Closure @app_init [ RunTime:0.000017s ]
[ info ] [ CACHE ] INIT File
[ info ] [ BEHAVIOR ] Run Closure @app_init [ RunTime:0.001658s ]
[ info ] [ LANG ] /www/wwwroot/pml_zhihuo_com_cn/pml/thinkphp/lang/zh-cn.php
[ info ] [ ROUTE ] array (
  'type' => 'module',
  'module' => 
  array (
    0 => '',
    1 => NULL,
    2 => NULL,
  ),
)
[ info ] [ HEADER ] array (
  'connection' => 'keep-alive',
  'accept' => 'text/html, image/gif, image/jpeg, *; q=.2, */*; q=.2',
  'host' => 'pml.zhihuo.com.cn',
  'user-agent' => 'Mozilla/5.0 (Linux; Android 4.1.1; Nexus 7 Build/JRO03D))',
  'content-type' => '',
  'content-length' => '',
)
[ info ] [ PARAM ] array (
)
[ info ] [ LANG ] /www/wwwroot/pml_zhihuo_com_cn/pml/public/../application/index/lang/zh-cn.php
[ info ] [ BEHAVIOR ] Run app\common\behavior\Common @module_init [ RunTime:0.001706s ]
[ info ] [ LANG ] /www/wwwroot/pml_zhihuo_com_cn/pml/public/../application/index/lang/zh-cn/index.php
[ info ] [ RUN ] app\index\controller\Index->index[ /www/wwwroot/pml_zhihuo_com_cn/pml/application/index/controller/Index.php ]
[ info ] [ VIEW ] /www/wwwroot/pml_zhihuo_com_cn/pml/public/../application/index/view/index/index.html [ array (
  0 => 'user',
  1 => 'site',
  2 => 'config',
) ]
[ info ] [ LOG ] INIT File
---------------------------------------------------------------
[ 2019-05-13T17:07:10+08:00 ] 47.92.102.179 GET pml.zhihuo.com.cn/
[运行时间：0.022276s] [吞吐率：44.89req/s] [内存消耗：2,718.45kb] [文件加载：64]
[ info ] [ BEHAVIOR ] Run Closure @app_init [ RunTime:0.000019s ]
[ info ] [ CACHE ] INIT File
[ info ] [ BEHAVIOR ] Run Closure @app_init [ RunTime:0.000843s ]
[ info ] [ LANG ] /www/wwwroot/pml_zhihuo_com_cn/pml/thinkphp/lang/zh-cn.php
[ info ] [ ROUTE ] array (
  'type' => 'module',
  'module' => 
  array (
    0 => '',
    1 => NULL,
    2 => NULL,
  ),
)
[ info ] [ HEADER ] array (
  'connection' => 'keep-alive',
  'accept' => 'text/html, image/gif, image/jpeg, *; q=.2, */*; q=.2',
  'host' => 'pml.zhihuo.com.cn',
  'user-agent' => 'Mozilla/5.0 (Linux; Android 4.1.1; Nexus 7 Build/JRO03D))',
  'content-type' => '',
  'content-length' => '',
)
[ info ] [ PARAM ] array (
)
[ info ] [ LANG ] /www/wwwroot/pml_zhihuo_com_cn/pml/public/../application/index/lang/zh-cn.php
[ info ] [ BEHAVIOR ] Run app\common\behavior\Common @module_init [ RunTime:0.001253s ]
[ info ] [ LANG ] /www/wwwroot/pml_zhihuo_com_cn/pml/public/../application/index/lang/zh-cn/index.php
[ info ] [ RUN ] app\index\controller\Index->index[ /www/wwwroot/pml_zhihuo_com_cn/pml/application/index/controller/Index.php ]
[ info ] [ VIEW ] /www/wwwroot/pml_zhihuo_com_cn/pml/public/../application/index/view/index/index.html [ array (
  0 => 'user',
  1 => 'site',
  2 => 'config',
) ]
[ info ] [ LOG ] INIT File
---------------------------------------------------------------
[ 2019-05-13T19:43:40+08:00 ] 103.214.85.218 GET pml.zhihuo.com.cn/admin/worder?ref=addtabs
[运行时间：0.063907s] [吞吐率：15.65req/s] [内存消耗：2,580.33kb] [文件加载：67]
[ info ] [ BEHAVIOR ] Run Closure @app_init [ RunTime:0.000019s ]
[ info ] [ CACHE ] INIT File
[ info ] [ BEHAVIOR ] Run Closure @app_init [ RunTime:0.000847s ]
[ info ] [ LANG ] /www/wwwroot/pml_zhihuo_com_cn/pml/thinkphp/lang/zh-cn.php
[ info ] [ ROUTE ] array (
  'type' => 'module',
  'module' => 
  array (
    0 => 'admin',
    1 => 'worder',
    2 => NULL,
  ),
)
[ info ] [ HEADER ] array (
  'cache-control' => 'no-cache',
  'connection' => 'Keep-Alive',
  'host' => 'pml.zhihuo.com.cn',
  'user-agent' => 'Mozilla/4.0 (compatible; MSIE 7.0; Windows NT 5.1; .NET CLR 2.0.50727)',
  'accept' => '*/*',
  'content-type' => '',
  'content-length' => '',
)
[ info ] [ PARAM ] array (
  'ref' => 'addtabs',
)
[ info ] [ LANG ] /www/wwwroot/pml_zhihuo_com_cn/pml/public/../application/admin/lang/zh-cn.php
[ info ] [ BEHAVIOR ] Run app\common\behavior\Common @module_init [ RunTime:0.001278s ]
[ info ] [ SESSION ] INIT array (
  'id' => '',
  'var_session_id' => '',
  'prefix' => 'think',
  'type' => '',
  'auto_start' => true,
)
[ info ] [ VIEW ] /www/wwwroot/pml_zhihuo_com_cn/pml/public/../application/common/view/tpl/dispatch_jump.tpl [ array (
  0 => 'code',
  1 => 'msg',
  2 => 'data',
  3 => 'url',
  4 => 'wait',
) ]
[ info ] [ BEHAVIOR ] Run app\admin\behavior\AdminLog @app_end [ RunTime:0.000411s ]
[ info ] [ LOG ] INIT File
---------------------------------------------------------------
[ 2019-05-13T19:43:40+08:00 ] 103.214.85.218 GET pml.zhihuo.com.cn/favicon.ico
[运行时间：0.033210s] [吞吐率：30.11req/s] [内存消耗：1,789.94kb] [文件加载：49]
[ info ] [ BEHAVIOR ] Run Closure @app_init [ RunTime:0.000026s ]
[ info ] [ CACHE ] INIT File
[ info ] [ BEHAVIOR ] Run Closure @app_init [ RunTime:0.001283s ]
[ info ] [ LANG ] /www/wwwroot/pml_zhihuo_com_cn/pml/thinkphp/lang/zh-cn.php
[ info ] [ ROUTE ] array (
  'type' => 'module',
  'module' => 
  array (
    0 => 'favicon.ico',
    1 => NULL,
    2 => NULL,
  ),
)
[ info ] [ HEADER ] array (
  'cache-control' => 'no-cache',
  'connection' => 'Keep-Alive',
  'host' => 'pml.zhihuo.com.cn',
  'user-agent' => 'Mozilla/4.0 (compatible; MSIE 7.0; Windows NT 5.1; .NET CLR 2.0.50727)',
  'accept' => '*/*',
  'content-type' => '',
  'content-length' => '',
)
[ info ] [ PARAM ] array (
)
[ info ] [ LOG ] INIT File
---------------------------------------------------------------
[ 2019-05-13T19:43:40+08:00 ] 103.214.85.218 GET pml.zhihuo.com.cn/favicon.ico
[运行时间：0.023939s] [吞吐率：41.77req/s] [内存消耗：1,789.97kb] [文件加载：49]
[ info ] [ BEHAVIOR ] Run Closure @app_init [ RunTime:0.000020s ]
[ info ] [ CACHE ] INIT File
[ info ] [ BEHAVIOR ] Run Closure @app_init [ RunTime:0.001262s ]
[ info ] [ LANG ] /www/wwwroot/pml_zhihuo_com_cn/pml/thinkphp/lang/zh-cn.php
[ info ] [ ROUTE ] array (
  'type' => 'module',
  'module' => 
  array (
    0 => '404',
    1 => NULL,
    2 => NULL,
  ),
)
[ info ] [ HEADER ] array (
  'cache-control' => 'no-cache',
  'connection' => 'Keep-Alive',
  'host' => 'pml.zhihuo.com.cn',
  'user-agent' => 'Mozilla/4.0 (compatible; MSIE 7.0; Windows NT 5.1; .NET CLR 2.0.50727)',
  'accept' => '*/*',
  'content-type' => '',
  'content-length' => '',
)
[ info ] [ PARAM ] array (
)
[ info ] [ LOG ] INIT File
