---------------------------------------------------------------
[ 2019-05-15T20:11:58+08:00 ] 103.214.85.218 GET pml.zhihuo.com.cn/
[运行时间：0.032591s] [吞吐率：30.68req/s] [内存消耗：2,721.90kb] [文件加载：64]
[ info ] [ BEHAVIOR ] Run Closure @app_init [ RunTime:0.000023s ]
[ info ] [ CACHE ] INIT File
[ info ] [ BEHAVIOR ] Run Closure @app_init [ RunTime:0.001238s ]
[ info ] [ LANG ] /www/wwwroot/pml_zhihuo_com_cn/pml/thinkphp/lang/zh-cn.php
[ info ] [ ROUTE ] array (
  'type' => 'module',
  'module' => 
  array (
    0 => '',
    1 => NULL,
    2 => NULL,
  ),
)
[ info ] [ HEADER ] array (
  'cookie' => 'Hm_lvt_f8d0a8c400404989e195270b0bbf060a=1557107333,1557563539,1557818828',
  'accept-language' => 'zh-CN,zh;q=0.9',
  'accept-encoding' => 'gzip, deflate',
  'referer' => 'http://127.0.0.1:8080/',
  'accept' => 'image/webp,image/apng,image/*,*/*;q=0.8',
  'user-agent' => 'Mozilla/5.0 (Windows NT 10.0; Win64; x64) AppleWebKit/537.36 (KHTML, like Gecko) Chrome/73.0.3683.86 Safari/537.36',
  'connection' => 'keep-alive',
  'host' => 'pml.zhihuo.com.cn',
  'content-type' => '',
  'content-length' => '',
)
[ info ] [ PARAM ] array (
)
[ info ] [ LANG ] /www/wwwroot/pml_zhihuo_com_cn/pml/public/../application/index/lang/zh-cn.php
[ info ] [ BEHAVIOR ] Run app\common\behavior\Common @module_init [ RunTime:0.001860s ]
[ info ] [ LANG ] /www/wwwroot/pml_zhihuo_com_cn/pml/public/../application/index/lang/zh-cn/index.php
[ info ] [ RUN ] app\index\controller\Index->index[ /www/wwwroot/pml_zhihuo_com_cn/pml/application/index/controller/Index.php ]
[ info ] [ VIEW ] /www/wwwroot/pml_zhihuo_com_cn/pml/public/../application/index/view/index/index.html [ array (
  0 => 'user',
  1 => 'site',
  2 => 'config',
) ]
[ info ] [ LOG ] INIT File
---------------------------------------------------------------
[ 2019-05-15T20:11:58+08:00 ] 103.214.85.218 POST pml.zhihuo.com.cn/api/user/get_userinfo
[运行时间：0.059747s] [吞吐率：16.74req/s] [内存消耗：3,264.97kb] [文件加载：70]
[ info ] [ BEHAVIOR ] Run Closure @app_init [ RunTime:0.000023s ]
[ info ] [ CACHE ] INIT File
[ info ] [ BEHAVIOR ] Run Closure @app_init [ RunTime:0.001222s ]
[ info ] [ LANG ] /www/wwwroot/pml_zhihuo_com_cn/pml/thinkphp/lang/zh-cn.php
[ info ] [ ROUTE ] array (
  'type' => 'module',
  'module' => 
  array (
    0 => 'api',
    1 => 'user',
    2 => 'get_userinfo',
  ),
)
[ info ] [ HEADER ] array (
  'accept-language' => 'zh-CN,zh;q=0.9',
  'accept-encoding' => 'gzip, deflate',
  'referer' => 'http://127.0.0.1:8080/',
  'content-type' => 'application/x-www-form-urlencoded',
  'user-agent' => 'Mozilla/5.0 (Windows NT 10.0; Win64; x64) AppleWebKit/537.36 (KHTML, like Gecko) Chrome/73.0.3683.86 Safari/537.36',
  'origin' => 'http://127.0.0.1:8080',
  'accept' => 'application/json, text/plain, */*',
  'content-length' => '42',
  'connection' => 'keep-alive',
  'host' => 'pml.zhihuo.com.cn',
)
[ info ] [ PARAM ] array (
  'token' => 'e0d83c6f-07b8-4a89-9343-04ee6d64c118',
)
[ info ] [ LANG ] /www/wwwroot/pml_zhihuo_com_cn/pml/public/../application/api/lang/zh-cn.php
[ info ] [ BEHAVIOR ] Run app\common\behavior\Common @module_init [ RunTime:0.001783s ]
[ info ] [ DB ] INIT mysql
[ info ] [ TOKEN ] INIT Mysql
[ info ] [ LANG ] /www/wwwroot/pml_zhihuo_com_cn/pml/public/../application/api/lang/zh-cn/user.php
[ info ] [ RUN ] app\api\controller\User->get_userinfo[ /www/wwwroot/pml_zhihuo_com_cn/pml/application/api/controller/User.php ]
[ info ] [ LOG ] INIT File
[ sql ] [ DB ] CONNECT:[ UseTime:0.004833s ] mysql:host=106.15.230.197;dbname=pml_zhihuo_com_c;charset=utf8
[ sql ] [ SQL ] SHOW COLUMNS FROM `pml_user_token` [ RunTime:0.003629s ]
[ sql ] [ SQL ] SELECT * FROM `pml_user_token` WHERE  `token` = 'def4bafc10c3783bf705d5532ad0c5c83d7f41ce' LIMIT 1 [ RunTime:0.003225s ]
[ sql ] [ SQL ] SHOW COLUMNS FROM `pml_user` [ RunTime:0.003639s ]
[ sql ] [ SQL ] SELECT * FROM `pml_user` WHERE  `id` = 12 LIMIT 1 [ RunTime:0.003200s ]
[ sql ] [ SQL ] SELECT * FROM `pml_user_token` WHERE  `token` = 'def4bafc10c3783bf705d5532ad0c5c83d7f41ce' LIMIT 1 [ RunTime:0.003135s ]
