---------------------------------------------------------------
[ 2019-03-18T09:36:33+08:00 ] 127.0.0.1 GET www.pml.com/
[运行时间：0.847851s] [吞吐率：1.18req/s] [内存消耗：2,182.84kb] [文件加载：64]
[ info ] [ BEHAVIOR ] Run Closure @app_init [ RunTime:0.000169s ]
[ info ] [ CACHE ] INIT File
[ info ] [ BEHAVIOR ] Run Closure @app_init [ RunTime:0.012290s ]
[ info ] [ LANG ] F:\phpStudys\PHPTutorial\WWW\ranking\thinkphp\lang\zh-cn.php
[ info ] [ ROUTE ] array (
  'type' => 'module',
  'module' => 
  array (
    0 => '',
    1 => NULL,
    2 => NULL,
  ),
)
[ info ] [ HEADER ] array (
  'cookie' => 'Hm_lvt_f8d0a8c400404989e195270b0bbf060a=1552098604,1552534138',
  'accept-language' => 'zh-CN,zh;q=0.9',
  'accept-encoding' => 'gzip, deflate',
  'accept' => 'text/html,application/xhtml+xml,application/xml;q=0.9,image/webp,image/apng,*/*;q=0.8',
  'user-agent' => 'Mozilla/5.0 (Windows NT 10.0; Win64; x64) AppleWebKit/537.36 (KHTML, like Gecko) Chrome/68.0.3440.75 Safari/537.36',
  'upgrade-insecure-requests' => '1',
  'connection' => 'close',
  'host' => 'www.pml.com',
)
[ info ] [ PARAM ] array (
)
[ info ] [ LANG ] F:\phpStudys\PHPTutorial\WWW\ranking\public/../application/index\lang\zh-cn.php
[ info ] [ BEHAVIOR ] Run app\common\behavior\Common @module_init [ RunTime:0.013568s ]
[ info ] [ LANG ] F:\phpStudys\PHPTutorial\WWW\ranking\public/../application/index/lang/zh-cn/index.php
[ info ] [ RUN ] app\index\controller\Index->index[ F:\phpStudys\PHPTutorial\WWW\ranking\application\index\controller\Index.php ]
[ info ] [ VIEW ] F:\phpStudys\PHPTutorial\WWW\ranking\public/../application/index\view\index\index.html [ array (
  0 => 'user',
  1 => 'site',
  2 => 'config',
) ]
[ info ] [ LOG ] INIT File
---------------------------------------------------------------
[ 2019-03-18T09:36:34+08:00 ] 127.0.0.1 GET www.pml.com/favicon.ico
[运行时间：0.073405s] [吞吐率：13.62req/s] [内存消耗：1,396.11kb] [文件加载：49]
[ info ] [ BEHAVIOR ] Run Closure @app_init [ RunTime:0.000049s ]
[ info ] [ CACHE ] INIT File
[ info ] [ BEHAVIOR ] Run Closure @app_init [ RunTime:0.001841s ]
[ info ] [ LANG ] F:\phpStudys\PHPTutorial\WWW\ranking\thinkphp\lang\zh-cn.php
[ info ] [ ROUTE ] array (
  'type' => 'module',
  'module' => 
  array (
    0 => 'favicon.ico',
    1 => NULL,
    2 => NULL,
  ),
)
[ info ] [ HEADER ] array (
  'cookie' => 'Hm_lvt_f8d0a8c400404989e195270b0bbf060a=1552098604,1552534138,1552872995; Hm_lpvt_f8d0a8c400404989e195270b0bbf060a=1552872995',
  'accept-language' => 'zh-CN,zh;q=0.9',
  'accept-encoding' => 'gzip, deflate',
  'referer' => 'http://www.pml.com/',
  'accept' => 'image/webp,image/apng,image/*,*/*;q=0.8',
  'user-agent' => 'Mozilla/5.0 (Windows NT 10.0; Win64; x64) AppleWebKit/537.36 (KHTML, like Gecko) Chrome/68.0.3440.75 Safari/537.36',
  'connection' => 'close',
  'host' => 'www.pml.com',
)
[ info ] [ PARAM ] array (
)
[ info ] [ LOG ] INIT File
