---------------------------------------------------------------
[ 2019-03-28T08:57:46+08:00 ] 103.214.85.216 GET pml.zhihuo.com.cn/api/Finance/wexinaps
[运行时间：0.028600s] [吞吐率：34.97req/s] [内存消耗：3,116.80kb] [文件加载：64]
[ info ] [ BEHAVIOR ] Run Closure @app_init [ RunTime:0.000017s ]
[ info ] [ CACHE ] INIT File
[ info ] [ BEHAVIOR ] Run Closure @app_init [ RunTime:0.000959s ]
[ info ] [ LANG ] /www/wwwroot/pml_zhihuo_com_cn/pml/thinkphp/lang/zh-cn.php
[ info ] [ ROUTE ] array (
  'type' => 'module',
  'module' => 
  array (
    0 => 'api',
    1 => 'Finance',
    2 => 'wexinaps',
  ),
)
[ info ] [ HEADER ] array (
  'cookie' => 'PHPSESSID=br7p6qlrpbmrgnctvnfc71bgg8; Hm_lvt_f8d0a8c400404989e195270b0bbf060a=1553651363; Hm_lpvt_f8d0a8c400404989e195270b0bbf060a=1553651363',
  'accept-language' => 'zh-CN,zh;q=0.9',
  'accept-encoding' => 'gzip, deflate',
  'accept' => 'text/html,application/xhtml+xml,application/xml;q=0.9,image/webp,image/apng,*/*;q=0.8',
  'user-agent' => 'Mozilla/5.0 (Windows NT 10.0; Win64; x64) AppleWebKit/537.36 (KHTML, like Gecko) Chrome/68.0.3440.75 Safari/537.36',
  'upgrade-insecure-requests' => '1',
  'connection' => 'keep-alive',
  'host' => 'pml.zhihuo.com.cn',
  'content-type' => '',
  'content-length' => '',
)
[ info ] [ PARAM ] array (
)
[ info ] [ LANG ] /www/wwwroot/pml_zhihuo_com_cn/pml/public/../application/api/lang/zh-cn.php
[ info ] [ BEHAVIOR ] Run app\common\behavior\Common @module_init [ RunTime:0.001494s ]
[ info ] [ DB ] INIT mysql
[ info ] [ RUN ] app\api\controller\Finance->wexinaps[ /www/wwwroot/pml_zhihuo_com_cn/pml/application/api/controller/Finance.php ]
[ info ] [ LOG ] INIT File
---------------------------------------------------------------
[ 2019-03-28T08:57:47+08:00 ] 103.214.85.216 GET pml.zhihuo.com.cn/api/Finance/codeImg
[运行时间：0.038430s] [吞吐率：26.02req/s] [内存消耗：3,803.41kb] [文件加载：63]
[ info ] [ BEHAVIOR ] Run Closure @app_init [ RunTime:0.000020s ]
[ info ] [ CACHE ] INIT File
[ info ] [ BEHAVIOR ] Run Closure @app_init [ RunTime:0.000952s ]
[ info ] [ LANG ] /www/wwwroot/pml_zhihuo_com_cn/pml/thinkphp/lang/zh-cn.php
[ info ] [ ROUTE ] array (
  'type' => 'module',
  'module' => 
  array (
    0 => 'api',
    1 => 'Finance',
    2 => 'codeImg',
  ),
)
[ info ] [ HEADER ] array (
  'cookie' => 'PHPSESSID=br7p6qlrpbmrgnctvnfc71bgg8; Hm_lvt_f8d0a8c400404989e195270b0bbf060a=1553651363; Hm_lpvt_f8d0a8c400404989e195270b0bbf060a=1553651363',
  'accept-language' => 'zh-CN,zh;q=0.9',
  'accept-encoding' => 'gzip, deflate',
  'accept' => 'text/html,application/xhtml+xml,application/xml;q=0.9,image/webp,image/apng,*/*;q=0.8',
  'user-agent' => 'Mozilla/5.0 (Windows NT 10.0; Win64; x64) AppleWebKit/537.36 (KHTML, like Gecko) Chrome/68.0.3440.75 Safari/537.36',
  'upgrade-insecure-requests' => '1',
  'connection' => 'keep-alive',
  'host' => 'pml.zhihuo.com.cn',
  'content-type' => '',
  'content-length' => '',
)
[ info ] [ PARAM ] array (
)
[ info ] [ LANG ] /www/wwwroot/pml_zhihuo_com_cn/pml/public/../application/api/lang/zh-cn.php
[ info ] [ BEHAVIOR ] Run app\common\behavior\Common @module_init [ RunTime:0.001530s ]
[ info ] [ DB ] INIT mysql
[ info ] [ RUN ] app\api\controller\Finance->codeImg[ /www/wwwroot/pml_zhihuo_com_cn/pml/application/api/controller/Finance.php ]
[ info ] [ LOG ] INIT File
---------------------------------------------------------------
[ 2019-03-28T08:57:47+08:00 ] 103.214.85.216 GET pml.zhihuo.com.cn/favicon.ico
[运行时间：0.017229s] [吞吐率：58.04req/s] [内存消耗：1,790.95kb] [文件加载：49]
[ info ] [ BEHAVIOR ] Run Closure @app_init [ RunTime:0.000016s ]
[ info ] [ CACHE ] INIT File
[ info ] [ BEHAVIOR ] Run Closure @app_init [ RunTime:0.000942s ]
[ info ] [ LANG ] /www/wwwroot/pml_zhihuo_com_cn/pml/thinkphp/lang/zh-cn.php
[ info ] [ ROUTE ] array (
  'type' => 'module',
  'module' => 
  array (
    0 => 'favicon.ico',
    1 => NULL,
    2 => NULL,
  ),
)
[ info ] [ HEADER ] array (
  'cookie' => 'PHPSESSID=br7p6qlrpbmrgnctvnfc71bgg8; Hm_lvt_f8d0a8c400404989e195270b0bbf060a=1553651363; Hm_lpvt_f8d0a8c400404989e195270b0bbf060a=1553651363',
  'accept-language' => 'zh-CN,zh;q=0.9',
  'accept-encoding' => 'gzip, deflate',
  'referer' => 'http://pml.zhihuo.com.cn/api/Finance/wexinaps',
  'accept' => 'image/webp,image/apng,image/*,*/*;q=0.8',
  'user-agent' => 'Mozilla/5.0 (Windows NT 10.0; Win64; x64) AppleWebKit/537.36 (KHTML, like Gecko) Chrome/68.0.3440.75 Safari/537.36',
  'connection' => 'keep-alive',
  'host' => 'pml.zhihuo.com.cn',
  'content-type' => '',
  'content-length' => '',
)
[ info ] [ PARAM ] array (
)
[ info ] [ LOG ] INIT File
---------------------------------------------------------------
[ 2019-03-28T08:57:47+08:00 ] 103.214.85.216 GET pml.zhihuo.com.cn/favicon.ico
[运行时间：0.017027s] [吞吐率：58.73req/s] [内存消耗：1,790.98kb] [文件加载：49]
[ info ] [ BEHAVIOR ] Run Closure @app_init [ RunTime:0.000015s ]
[ info ] [ CACHE ] INIT File
[ info ] [ BEHAVIOR ] Run Closure @app_init [ RunTime:0.001010s ]
[ info ] [ LANG ] /www/wwwroot/pml_zhihuo_com_cn/pml/thinkphp/lang/zh-cn.php
[ info ] [ ROUTE ] array (
  'type' => 'module',
  'module' => 
  array (
    0 => '404',
    1 => NULL,
    2 => NULL,
  ),
)
[ info ] [ HEADER ] array (
  'cookie' => 'PHPSESSID=br7p6qlrpbmrgnctvnfc71bgg8; Hm_lvt_f8d0a8c400404989e195270b0bbf060a=1553651363; Hm_lpvt_f8d0a8c400404989e195270b0bbf060a=1553651363',
  'accept-language' => 'zh-CN,zh;q=0.9',
  'accept-encoding' => 'gzip, deflate',
  'referer' => 'http://pml.zhihuo.com.cn/api/Finance/wexinaps',
  'accept' => 'image/webp,image/apng,image/*,*/*;q=0.8',
  'user-agent' => 'Mozilla/5.0 (Windows NT 10.0; Win64; x64) AppleWebKit/537.36 (KHTML, like Gecko) Chrome/68.0.3440.75 Safari/537.36',
  'connection' => 'keep-alive',
  'host' => 'pml.zhihuo.com.cn',
  'content-type' => '',
  'content-length' => '',
)
[ info ] [ PARAM ] array (
)
[ info ] [ LOG ] INIT File
---------------------------------------------------------------
[ 2019-03-28T08:57:48+08:00 ] 103.214.85.216 GET pml.zhihuo.com.cn/admin/invoice?ref=addtabs
[运行时间：0.025604s] [吞吐率：39.06req/s] [内存消耗：2,578.30kb] [文件加载：67]
[ info ] [ BEHAVIOR ] Run Closure @app_init [ RunTime:0.000017s ]
[ info ] [ CACHE ] INIT File
[ info ] [ BEHAVIOR ] Run Closure @app_init [ RunTime:0.000946s ]
[ info ] [ LANG ] /www/wwwroot/pml_zhihuo_com_cn/pml/thinkphp/lang/zh-cn.php
[ info ] [ ROUTE ] array (
  'type' => 'module',
  'module' => 
  array (
    0 => 'admin',
    1 => 'invoice',
    2 => NULL,
  ),
)
[ info ] [ HEADER ] array (
  'cookie' => 'PHPSESSID=br7p6qlrpbmrgnctvnfc71bgg8; Hm_lvt_f8d0a8c400404989e195270b0bbf060a=1553651363; Hm_lpvt_f8d0a8c400404989e195270b0bbf060a=1553651363',
  'accept-language' => 'zh-CN,zh;q=0.9',
  'accept-encoding' => 'gzip, deflate',
  'referer' => 'http://pml.zhihuo.com.cn/admin/index/login.html',
  'accept' => 'text/html,application/xhtml+xml,application/xml;q=0.9,image/webp,image/apng,*/*;q=0.8',
  'user-agent' => 'Mozilla/5.0 (Windows NT 10.0; Win64; x64) AppleWebKit/537.36 (KHTML, like Gecko) Chrome/68.0.3440.75 Safari/537.36',
  'upgrade-insecure-requests' => '1',
  'connection' => 'keep-alive',
  'host' => 'pml.zhihuo.com.cn',
  'content-type' => '',
  'content-length' => '',
)
[ info ] [ PARAM ] array (
  'ref' => 'addtabs',
)
[ info ] [ LANG ] /www/wwwroot/pml_zhihuo_com_cn/pml/public/../application/admin/lang/zh-cn.php
[ info ] [ BEHAVIOR ] Run app\common\behavior\Common @module_init [ RunTime:0.001473s ]
[ info ] [ SESSION ] INIT array (
  'id' => '',
  'var_session_id' => '',
  'prefix' => 'think',
  'type' => '',
  'auto_start' => true,
)
[ info ] [ VIEW ] /www/wwwroot/pml_zhihuo_com_cn/pml/public/../application/common/view/tpl/dispatch_jump.tpl [ array (
  0 => 'code',
  1 => 'msg',
  2 => 'data',
  3 => 'url',
  4 => 'wait',
) ]
[ info ] [ BEHAVIOR ] Run app\admin\behavior\AdminLog @app_end [ RunTime:0.000058s ]
[ info ] [ LOG ] INIT File
---------------------------------------------------------------
[ 2019-03-28T08:57:52+08:00 ] 103.214.85.216 GET pml.zhihuo.com.cn/admin/index/login?url=%2Fadmin%2Finvoice%3Fref%3Daddtabs
[运行时间：0.027917s] [吞吐率：35.82req/s] [内存消耗：2,942.13kb] [文件加载：70]
[ info ] [ BEHAVIOR ] Run Closure @app_init [ RunTime:0.000016s ]
[ info ] [ CACHE ] INIT File
[ info ] [ BEHAVIOR ] Run Closure @app_init [ RunTime:0.000962s ]
[ info ] [ LANG ] /www/wwwroot/pml_zhihuo_com_cn/pml/thinkphp/lang/zh-cn.php
[ info ] [ ROUTE ] array (
  'type' => 'module',
  'module' => 
  array (
    0 => 'admin',
    1 => 'index',
    2 => 'login',
  ),
)
[ info ] [ HEADER ] array (
  'cookie' => 'PHPSESSID=br7p6qlrpbmrgnctvnfc71bgg8; Hm_lvt_f8d0a8c400404989e195270b0bbf060a=1553651363; Hm_lpvt_f8d0a8c400404989e195270b0bbf060a=1553651363',
  'accept-language' => 'zh-CN,zh;q=0.9',
  'accept-encoding' => 'gzip, deflate',
  'referer' => 'http://pml.zhihuo.com.cn/admin/invoice?ref=addtabs',
  'accept' => 'text/html,application/xhtml+xml,application/xml;q=0.9,image/webp,image/apng,*/*;q=0.8',
  'user-agent' => 'Mozilla/5.0 (Windows NT 10.0; Win64; x64) AppleWebKit/537.36 (KHTML, like Gecko) Chrome/68.0.3440.75 Safari/537.36',
  'upgrade-insecure-requests' => '1',
  'connection' => 'keep-alive',
  'host' => 'pml.zhihuo.com.cn',
  'content-type' => '',
  'content-length' => '',
)
[ info ] [ PARAM ] array (
  'url' => '/admin/invoice?ref=addtabs',
)
[ info ] [ LANG ] /www/wwwroot/pml_zhihuo_com_cn/pml/public/../application/admin/lang/zh-cn.php
[ info ] [ BEHAVIOR ] Run app\common\behavior\Common @module_init [ RunTime:0.001464s ]
[ info ] [ SESSION ] INIT array (
  'id' => '',
  'var_session_id' => '',
  'prefix' => 'think',
  'type' => '',
  'auto_start' => true,
)
[ info ] [ LANG ] /www/wwwroot/pml_zhihuo_com_cn/pml/public/../application/admin/lang/zh-cn/index.php
[ info ] [ RUN ] app\admin\controller\Index->login[ /www/wwwroot/pml_zhihuo_com_cn/pml/application/admin/controller/Index.php ]
[ info ] [ VIEW ] /www/wwwroot/pml_zhihuo_com_cn/pml/public/../application/admin/view/index/login.html [ array (
  0 => 'breadcrumb',
  1 => 'site',
  2 => 'config',
  3 => 'auth',
  4 => 'admin',
  5 => 'background',
  6 => 'title',
) ]
[ info ] [ BEHAVIOR ] Run app\admin\behavior\AdminLog @app_end [ RunTime:0.000064s ]
[ info ] [ LOG ] INIT File
---------------------------------------------------------------
[ 2019-03-28T08:58:02+08:00 ] 103.214.85.216 GET pml.zhihuo.com.cn/admin/ajax/lang?callback=define&controllername=index&v=1553734672
[运行时间：0.028151s] [吞吐率：35.52req/s] [内存消耗：2,946.10kb] [文件加载：70]
[ info ] [ BEHAVIOR ] Run Closure @app_init [ RunTime:0.000016s ]
[ info ] [ CACHE ] INIT File
[ info ] [ BEHAVIOR ] Run Closure @app_init [ RunTime:0.000996s ]
[ info ] [ LANG ] /www/wwwroot/pml_zhihuo_com_cn/pml/thinkphp/lang/zh-cn.php
[ info ] [ ROUTE ] array (
  'type' => 'module',
  'module' => 
  array (
    0 => 'admin',
    1 => 'ajax',
    2 => 'lang',
  ),
)
[ info ] [ HEADER ] array (
  'cookie' => 'PHPSESSID=br7p6qlrpbmrgnctvnfc71bgg8; Hm_lvt_f8d0a8c400404989e195270b0bbf060a=1553651363; Hm_lpvt_f8d0a8c400404989e195270b0bbf060a=1553651363',
  'accept-language' => 'zh-CN,zh;q=0.9',
  'accept-encoding' => 'gzip, deflate',
  'referer' => 'http://pml.zhihuo.com.cn/admin/index/login?url=%2Fadmin%2Finvoice%3Fref%3Daddtabs',
  'accept' => '*/*',
  'user-agent' => 'Mozilla/5.0 (Windows NT 10.0; Win64; x64) AppleWebKit/537.36 (KHTML, like Gecko) Chrome/68.0.3440.75 Safari/537.36',
  'connection' => 'keep-alive',
  'host' => 'pml.zhihuo.com.cn',
  'content-type' => '',
  'content-length' => '',
)
[ info ] [ PARAM ] array (
  'callback' => 'define',
  'controllername' => 'index',
  'v' => '1553734672',
)
[ info ] [ LANG ] /www/wwwroot/pml_zhihuo_com_cn/pml/public/../application/admin/lang/zh-cn.php
[ info ] [ BEHAVIOR ] Run app\common\behavior\Common @module_init [ RunTime:0.001497s ]
[ info ] [ SESSION ] INIT array (
  'id' => '',
  'var_session_id' => '',
  'prefix' => 'think',
  'type' => '',
  'auto_start' => true,
)
[ info ] [ LANG ] /www/wwwroot/pml_zhihuo_com_cn/pml/public/../application/admin/lang/zh-cn/ajax.php
[ info ] [ RUN ] app\admin\controller\Ajax->lang[ /www/wwwroot/pml_zhihuo_com_cn/pml/application/admin/controller/Ajax.php ]
[ info ] [ LANG ] /www/wwwroot/pml_zhihuo_com_cn/pml/public/../application/admin/lang/zh-cn/index.php
[ info ] [ BEHAVIOR ] Run app\admin\behavior\AdminLog @app_end [ RunTime:0.000065s ]
[ info ] [ LOG ] INIT File
---------------------------------------------------------------
[ 2019-03-28T10:15:40+08:00 ] 103.214.85.216 POST pml.zhihuo.com.cn/api/user/login?account=xiaoshuai&password=123456
[运行时间：0.109150s] [吞吐率：9.16req/s] [内存消耗：3,383.07kb] [文件加载：72]
[ info ] [ BEHAVIOR ] Run Closure @app_init [ RunTime:0.000019s ]
[ info ] [ CACHE ] INIT File
[ info ] [ BEHAVIOR ] Run Closure @app_init [ RunTime:0.000955s ]
[ info ] [ LANG ] /www/wwwroot/pml_zhihuo_com_cn/pml/thinkphp/lang/zh-cn.php
[ info ] [ ROUTE ] array (
  'type' => 'module',
  'module' => 
  array (
    0 => 'api',
    1 => 'user',
    2 => 'login',
  ),
)
[ info ] [ HEADER ] array (
  'accept-language' => 'zh-CN,zh;q=0.9',
  'accept-encoding' => 'gzip, deflate',
  'referer' => 'http://127.0.0.1:8080/',
  'user-agent' => 'Mozilla/5.0 (Windows NT 10.0; Win64; x64) AppleWebKit/537.36 (KHTML, like Gecko) Chrome/73.0.3683.86 Safari/537.36',
  'origin' => 'http://127.0.0.1:8080',
  'accept' => 'application/json, text/plain, */*',
  'content-length' => '0',
  'connection' => 'keep-alive',
  'host' => 'pml.zhihuo.com.cn',
  'content-type' => '',
)
[ info ] [ PARAM ] array (
  'account' => 'xiaoshuai',
  'password' => '123456',
)
[ info ] [ LANG ] /www/wwwroot/pml_zhihuo_com_cn/pml/public/../application/api/lang/zh-cn.php
[ info ] [ BEHAVIOR ] Run app\common\behavior\Common @module_init [ RunTime:0.001604s ]
[ info ] [ DB ] INIT mysql
[ info ] [ LANG ] /www/wwwroot/pml_zhihuo_com_cn/pml/public/../application/api/lang/zh-cn/user.php
[ info ] [ RUN ] app\api\controller\User->login[ /www/wwwroot/pml_zhihuo_com_cn/pml/application/api/controller/User.php ]
[ info ] [ TOKEN ] INIT Mysql
[ info ] [ LOG ] INIT File
[ sql ] [ DB ] CONNECT:[ UseTime:0.005719s ] mysql:host=106.15.230.197;dbname=pml_zhihuo_com_c;charset=utf8
[ sql ] [ SQL ] SHOW COLUMNS FROM `pml_user` [ RunTime:0.017243s ]
[ sql ] [ SQL ] SELECT * FROM `pml_user` WHERE  `username` = 'xiaoshuai' LIMIT 1 [ RunTime:0.004013s ]
[ sql ] [ SQL ] SELECT * FROM `pml_user` WHERE  `id` = 2 LIMIT 1 [ RunTime:0.003801s ]
[ sql ] [ SQL ] UPDATE `pml_user`  SET `successions`=4,`maxsuccessions`=4,`prevtime`=1553670799,`logintime`=1553739340,`updatetime`=1553739340  WHERE  `id` = 2 [ RunTime:0.009643s ]
[ sql ] [ SQL ] SHOW COLUMNS FROM `pml_user_token` [ RunTime:0.018209s ]
[ sql ] [ SQL ] INSERT INTO `pml_user_token` (`token` , `user_id` , `createtime` , `expiretime`) VALUES ('a581a478be6a0b682914ddfd0333a3157e1d957a' , 2 , 1553739340 , 1556331340) [ RunTime:0.012680s ]
[ sql ] [ SQL ] SELECT * FROM `pml_user_token` WHERE  `token` = 'a581a478be6a0b682914ddfd0333a3157e1d957a' LIMIT 1 [ RunTime:0.003781s ]
---------------------------------------------------------------
[ 2019-03-28T10:19:26+08:00 ] 103.214.85.216 POST pml.zhihuo.com.cn/api/user/login?account=xiaoshuai&password=123456
[运行时间：0.070946s] [吞吐率：14.10req/s] [内存消耗：2,123.91kb] [文件加载：57]
[ info ] [ BEHAVIOR ] Run Closure @app_init [ RunTime:0.000023s ]
[ info ] [ CACHE ] INIT File
[ info ] [ BEHAVIOR ] Run Closure @app_init [ RunTime:0.001014s ]
[ info ] [ LANG ] /www/wwwroot/pml_zhihuo_com_cn/pml/thinkphp/lang/zh-cn.php
[ info ] [ ROUTE ] array (
  'type' => 'module',
  'module' => 
  array (
    0 => 'api',
    1 => 'user',
    2 => 'login',
  ),
)
[ info ] [ HEADER ] array (
  'accept-language' => 'zh-CN,zh;q=0.9',
  'accept-encoding' => 'gzip, deflate',
  'referer' => 'http://127.0.0.1:8080/',
  'user-agent' => 'Mozilla/5.0 (Windows NT 10.0; Win64; x64) AppleWebKit/537.36 (KHTML, like Gecko) Chrome/73.0.3683.86 Safari/537.36',
  'origin' => 'http://127.0.0.1:8080',
  'accept' => 'application/json, text/plain, */*',
  'content-length' => '0',
  'connection' => 'keep-alive',
  'host' => 'pml.zhihuo.com.cn',
  'content-type' => '',
)
[ info ] [ PARAM ] array (
  'account' => 'xiaoshuai',
  'password' => '123456',
)
[ info ] [ LANG ] /www/wwwroot/pml_zhihuo_com_cn/pml/public/../application/api/lang/zh-cn.php
[ info ] [ BEHAVIOR ] Run app\common\behavior\Common @module_init [ RunTime:0.001533s ]
[ info ] [ LOG ] INIT File
---------------------------------------------------------------
[ 2019-03-28T10:19:26+08:00 ] 103.214.85.216 GET pml.zhihuo.com.cn/api/user/login?account=xiaoshuai&password=123456
[运行时间：0.034300s] [吞吐率：29.15req/s] [内存消耗：1,790.31kb] [文件加载：49]
[ info ] [ BEHAVIOR ] Run Closure @app_init [ RunTime:0.000018s ]
[ info ] [ CACHE ] INIT File
[ info ] [ BEHAVIOR ] Run Closure @app_init [ RunTime:0.000931s ]
[ info ] [ LANG ] /www/wwwroot/pml_zhihuo_com_cn/pml/thinkphp/lang/zh-cn.php
[ info ] [ ROUTE ] array (
  'type' => 'module',
  'module' => 
  array (
    0 => '404',
    1 => NULL,
    2 => NULL,
  ),
)
[ info ] [ HEADER ] array (
  'accept-language' => 'zh-CN,zh;q=0.9',
  'accept-encoding' => 'gzip, deflate',
  'referer' => 'http://127.0.0.1:8080/',
  'user-agent' => 'Mozilla/5.0 (Windows NT 10.0; Win64; x64) AppleWebKit/537.36 (KHTML, like Gecko) Chrome/73.0.3683.86 Safari/537.36',
  'origin' => 'http://127.0.0.1:8080',
  'accept' => 'application/json, text/plain, */*',
  'content-length' => '0',
  'connection' => 'keep-alive',
  'host' => 'pml.zhihuo.com.cn',
  'content-type' => '',
)
[ info ] [ PARAM ] array (
)
[ info ] [ LOG ] INIT File
---------------------------------------------------------------
[ 2019-03-28T10:19:46+08:00 ] 103.214.85.216 POST pml.zhihuo.com.cn/api/user/login?account=xiaoshuai&password=123456
[运行时间：0.021824s] [吞吐率：45.82req/s] [内存消耗：2,123.91kb] [文件加载：57]
[ info ] [ BEHAVIOR ] Run Closure @app_init [ RunTime:0.000019s ]
[ info ] [ CACHE ] INIT File
[ info ] [ BEHAVIOR ] Run Closure @app_init [ RunTime:0.000997s ]
[ info ] [ LANG ] /www/wwwroot/pml_zhihuo_com_cn/pml/thinkphp/lang/zh-cn.php
[ info ] [ ROUTE ] array (
  'type' => 'module',
  'module' => 
  array (
    0 => 'api',
    1 => 'user',
    2 => 'login',
  ),
)
[ info ] [ HEADER ] array (
  'accept-language' => 'zh-CN,zh;q=0.9',
  'accept-encoding' => 'gzip, deflate',
  'referer' => 'http://127.0.0.1:8080/',
  'user-agent' => 'Mozilla/5.0 (Windows NT 10.0; Win64; x64) AppleWebKit/537.36 (KHTML, like Gecko) Chrome/73.0.3683.86 Safari/537.36',
  'origin' => 'http://127.0.0.1:8080',
  'accept' => 'application/json, text/plain, */*',
  'content-length' => '0',
  'connection' => 'keep-alive',
  'host' => 'pml.zhihuo.com.cn',
  'content-type' => '',
)
[ info ] [ PARAM ] array (
  'account' => 'xiaoshuai',
  'password' => '123456',
)
[ info ] [ LANG ] /www/wwwroot/pml_zhihuo_com_cn/pml/public/../application/api/lang/zh-cn.php
[ info ] [ BEHAVIOR ] Run app\common\behavior\Common @module_init [ RunTime:0.001545s ]
[ info ] [ LOG ] INIT File
---------------------------------------------------------------
[ 2019-03-28T10:19:46+08:00 ] 103.214.85.216 GET pml.zhihuo.com.cn/api/user/login?account=xiaoshuai&password=123456
[运行时间：0.017833s] [吞吐率：56.08req/s] [内存消耗：1,790.31kb] [文件加载：49]
[ info ] [ BEHAVIOR ] Run Closure @app_init [ RunTime:0.000029s ]
[ info ] [ CACHE ] INIT File
[ info ] [ BEHAVIOR ] Run Closure @app_init [ RunTime:0.000983s ]
[ info ] [ LANG ] /www/wwwroot/pml_zhihuo_com_cn/pml/thinkphp/lang/zh-cn.php
[ info ] [ ROUTE ] array (
  'type' => 'module',
  'module' => 
  array (
    0 => '404',
    1 => NULL,
    2 => NULL,
  ),
)
[ info ] [ HEADER ] array (
  'accept-language' => 'zh-CN,zh;q=0.9',
  'accept-encoding' => 'gzip, deflate',
  'referer' => 'http://127.0.0.1:8080/',
  'user-agent' => 'Mozilla/5.0 (Windows NT 10.0; Win64; x64) AppleWebKit/537.36 (KHTML, like Gecko) Chrome/73.0.3683.86 Safari/537.36',
  'origin' => 'http://127.0.0.1:8080',
  'accept' => 'application/json, text/plain, */*',
  'content-length' => '0',
  'connection' => 'keep-alive',
  'host' => 'pml.zhihuo.com.cn',
  'content-type' => '',
)
[ info ] [ PARAM ] array (
)
[ info ] [ LOG ] INIT File
---------------------------------------------------------------
[ 2019-03-28T10:21:04+08:00 ] 103.214.85.216 GET pml.zhihuo.com.cn/api/user/login?account=xiaoshuai&password=123456
[运行时间：0.021034s] [吞吐率：47.54req/s] [内存消耗：2,125.25kb] [文件加载：57]
[ info ] [ BEHAVIOR ] Run Closure @app_init [ RunTime:0.000019s ]
[ info ] [ CACHE ] INIT File
[ info ] [ BEHAVIOR ] Run Closure @app_init [ RunTime:0.000924s ]
[ info ] [ LANG ] /www/wwwroot/pml_zhihuo_com_cn/pml/thinkphp/lang/zh-cn.php
[ info ] [ ROUTE ] array (
  'type' => 'module',
  'module' => 
  array (
    0 => 'api',
    1 => 'user',
    2 => 'login',
  ),
)
[ info ] [ HEADER ] array (
  'cookie' => 'Hm_lvt_f8d0a8c400404989e195270b0bbf060a=1553327948,1553500638',
  'accept-language' => 'zh-CN,zh;q=0.9',
  'accept-encoding' => 'gzip, deflate',
  'accept' => 'text/html,application/xhtml+xml,application/xml;q=0.9,image/webp,image/apng,*/*;q=0.8,application/signed-exchange;v=b3',
  'user-agent' => 'Mozilla/5.0 (Windows NT 10.0; Win64; x64) AppleWebKit/537.36 (KHTML, like Gecko) Chrome/73.0.3683.86 Safari/537.36',
  'upgrade-insecure-requests' => '1',
  'connection' => 'keep-alive',
  'host' => 'pml.zhihuo.com.cn',
  'content-type' => '',
  'content-length' => '',
)
[ info ] [ PARAM ] array (
  'account' => 'xiaoshuai',
  'password' => '123456',
)
[ info ] [ LANG ] /www/wwwroot/pml_zhihuo_com_cn/pml/public/../application/api/lang/zh-cn.php
[ info ] [ BEHAVIOR ] Run app\common\behavior\Common @module_init [ RunTime:0.001532s ]
[ info ] [ LOG ] INIT File
---------------------------------------------------------------
[ 2019-03-28T10:21:04+08:00 ] 103.214.85.216 GET pml.zhihuo.com.cn/api/user/login?account=xiaoshuai&password=123456
[运行时间：0.017255s] [吞吐率：57.95req/s] [内存消耗：1,790.77kb] [文件加载：49]
[ info ] [ BEHAVIOR ] Run Closure @app_init [ RunTime:0.000018s ]
[ info ] [ CACHE ] INIT File
[ info ] [ BEHAVIOR ] Run Closure @app_init [ RunTime:0.000973s ]
[ info ] [ LANG ] /www/wwwroot/pml_zhihuo_com_cn/pml/thinkphp/lang/zh-cn.php
[ info ] [ ROUTE ] array (
  'type' => 'module',
  'module' => 
  array (
    0 => '404',
    1 => NULL,
    2 => NULL,
  ),
)
[ info ] [ HEADER ] array (
  'cookie' => 'Hm_lvt_f8d0a8c400404989e195270b0bbf060a=1553327948,1553500638',
  'accept-language' => 'zh-CN,zh;q=0.9',
  'accept-encoding' => 'gzip, deflate',
  'accept' => 'text/html,application/xhtml+xml,application/xml;q=0.9,image/webp,image/apng,*/*;q=0.8,application/signed-exchange;v=b3',
  'user-agent' => 'Mozilla/5.0 (Windows NT 10.0; Win64; x64) AppleWebKit/537.36 (KHTML, like Gecko) Chrome/73.0.3683.86 Safari/537.36',
  'upgrade-insecure-requests' => '1',
  'connection' => 'keep-alive',
  'host' => 'pml.zhihuo.com.cn',
  'content-type' => '',
  'content-length' => '',
)
[ info ] [ PARAM ] array (
)
[ info ] [ LOG ] INIT File
---------------------------------------------------------------
[ 2019-03-28T10:21:04+08:00 ] 103.214.85.216 GET pml.zhihuo.com.cn/favicon.ico
[运行时间：0.019034s] [吞吐率：52.54req/s] [内存消耗：1,790.57kb] [文件加载：49]
[ info ] [ BEHAVIOR ] Run Closure @app_init [ RunTime:0.000021s ]
[ info ] [ CACHE ] INIT File
[ info ] [ BEHAVIOR ] Run Closure @app_init [ RunTime:0.000948s ]
[ info ] [ LANG ] /www/wwwroot/pml_zhihuo_com_cn/pml/thinkphp/lang/zh-cn.php
[ info ] [ ROUTE ] array (
  'type' => 'module',
  'module' => 
  array (
    0 => 'favicon.ico',
    1 => NULL,
    2 => NULL,
  ),
)
[ info ] [ HEADER ] array (
  'cookie' => 'Hm_lvt_f8d0a8c400404989e195270b0bbf060a=1553327948,1553500638',
  'accept-language' => 'zh-CN,zh;q=0.9',
  'accept-encoding' => 'gzip, deflate',
  'referer' => 'http://pml.zhihuo.com.cn/api/user/login?account=xiaoshuai&password=123456',
  'accept' => 'image/webp,image/apng,image/*,*/*;q=0.8',
  'user-agent' => 'Mozilla/5.0 (Windows NT 10.0; Win64; x64) AppleWebKit/537.36 (KHTML, like Gecko) Chrome/73.0.3683.86 Safari/537.36',
  'connection' => 'keep-alive',
  'host' => 'pml.zhihuo.com.cn',
  'content-type' => '',
  'content-length' => '',
)
[ info ] [ PARAM ] array (
)
[ info ] [ LOG ] INIT File
---------------------------------------------------------------
[ 2019-03-28T10:21:04+08:00 ] 103.214.85.216 GET pml.zhihuo.com.cn/favicon.ico
[运行时间：0.017093s] [吞吐率：58.50req/s] [内存消耗：1,790.60kb] [文件加载：49]
[ info ] [ BEHAVIOR ] Run Closure @app_init [ RunTime:0.000018s ]
[ info ] [ CACHE ] INIT File
[ info ] [ BEHAVIOR ] Run Closure @app_init [ RunTime:0.000919s ]
[ info ] [ LANG ] /www/wwwroot/pml_zhihuo_com_cn/pml/thinkphp/lang/zh-cn.php
[ info ] [ ROUTE ] array (
  'type' => 'module',
  'module' => 
  array (
    0 => '404',
    1 => NULL,
    2 => NULL,
  ),
)
[ info ] [ HEADER ] array (
  'cookie' => 'Hm_lvt_f8d0a8c400404989e195270b0bbf060a=1553327948,1553500638',
  'accept-language' => 'zh-CN,zh;q=0.9',
  'accept-encoding' => 'gzip, deflate',
  'referer' => 'http://pml.zhihuo.com.cn/api/user/login?account=xiaoshuai&password=123456',
  'accept' => 'image/webp,image/apng,image/*,*/*;q=0.8',
  'user-agent' => 'Mozilla/5.0 (Windows NT 10.0; Win64; x64) AppleWebKit/537.36 (KHTML, like Gecko) Chrome/73.0.3683.86 Safari/537.36',
  'connection' => 'keep-alive',
  'host' => 'pml.zhihuo.com.cn',
  'content-type' => '',
  'content-length' => '',
)
[ info ] [ PARAM ] array (
)
[ info ] [ LOG ] INIT File
---------------------------------------------------------------
[ 2019-03-28T10:21:18+08:00 ] 103.214.85.216 GET pml.zhihuo.com.cn/api/user/login
[运行时间：0.020548s] [吞吐率：48.67req/s] [内存消耗：2,124.43kb] [文件加载：57]
[ info ] [ BEHAVIOR ] Run Closure @app_init [ RunTime:0.000019s ]
[ info ] [ CACHE ] INIT File
[ info ] [ BEHAVIOR ] Run Closure @app_init [ RunTime:0.000907s ]
[ info ] [ LANG ] /www/wwwroot/pml_zhihuo_com_cn/pml/thinkphp/lang/zh-cn.php
[ info ] [ ROUTE ] array (
  'type' => 'module',
  'module' => 
  array (
    0 => 'api',
    1 => 'user',
    2 => 'login',
  ),
)
[ info ] [ HEADER ] array (
  'cookie' => 'Hm_lvt_f8d0a8c400404989e195270b0bbf060a=1553327948,1553500638',
  'accept-language' => 'zh-CN,zh;q=0.9',
  'accept-encoding' => 'gzip, deflate',
  'accept' => 'text/html,application/xhtml+xml,application/xml;q=0.9,image/webp,image/apng,*/*;q=0.8,application/signed-exchange;v=b3',
  'user-agent' => 'Mozilla/5.0 (Windows NT 10.0; Win64; x64) AppleWebKit/537.36 (KHTML, like Gecko) Chrome/73.0.3683.86 Safari/537.36',
  'upgrade-insecure-requests' => '1',
  'connection' => 'keep-alive',
  'host' => 'pml.zhihuo.com.cn',
  'content-type' => '',
  'content-length' => '',
)
[ info ] [ PARAM ] array (
)
[ info ] [ LANG ] /www/wwwroot/pml_zhihuo_com_cn/pml/public/../application/api/lang/zh-cn.php
[ info ] [ BEHAVIOR ] Run app\common\behavior\Common @module_init [ RunTime:0.001600s ]
[ info ] [ LOG ] INIT File
---------------------------------------------------------------
[ 2019-03-28T10:21:18+08:00 ] 103.214.85.216 GET pml.zhihuo.com.cn/api/user/login
[运行时间：0.016931s] [吞吐率：59.06req/s] [内存消耗：1,790.69kb] [文件加载：49]
[ info ] [ BEHAVIOR ] Run Closure @app_init [ RunTime:0.000016s ]
[ info ] [ CACHE ] INIT File
[ info ] [ BEHAVIOR ] Run Closure @app_init [ RunTime:0.000904s ]
[ info ] [ LANG ] /www/wwwroot/pml_zhihuo_com_cn/pml/thinkphp/lang/zh-cn.php
[ info ] [ ROUTE ] array (
  'type' => 'module',
  'module' => 
  array (
    0 => '404',
    1 => NULL,
    2 => NULL,
  ),
)
[ info ] [ HEADER ] array (
  'cookie' => 'Hm_lvt_f8d0a8c400404989e195270b0bbf060a=1553327948,1553500638',
  'accept-language' => 'zh-CN,zh;q=0.9',
  'accept-encoding' => 'gzip, deflate',
  'accept' => 'text/html,application/xhtml+xml,application/xml;q=0.9,image/webp,image/apng,*/*;q=0.8,application/signed-exchange;v=b3',
  'user-agent' => 'Mozilla/5.0 (Windows NT 10.0; Win64; x64) AppleWebKit/537.36 (KHTML, like Gecko) Chrome/73.0.3683.86 Safari/537.36',
  'upgrade-insecure-requests' => '1',
  'connection' => 'keep-alive',
  'host' => 'pml.zhihuo.com.cn',
  'content-type' => '',
  'content-length' => '',
)
[ info ] [ PARAM ] array (
)
[ info ] [ LOG ] INIT File
---------------------------------------------------------------
[ 2019-03-28T10:21:22+08:00 ] 103.214.85.216 GET pml.zhihuo.com.cn/
[运行时间：0.129120s] [吞吐率：7.74req/s] [内存消耗：2,717.25kb] [文件加载：64]
[ info ] [ BEHAVIOR ] Run Closure @app_init [ RunTime:0.000019s ]
[ info ] [ CACHE ] INIT File
[ info ] [ BEHAVIOR ] Run Closure @app_init [ RunTime:0.000954s ]
[ info ] [ LANG ] /www/wwwroot/pml_zhihuo_com_cn/pml/thinkphp/lang/zh-cn.php
[ info ] [ ROUTE ] array (
  'type' => 'module',
  'module' => 
  array (
    0 => '',
    1 => NULL,
    2 => NULL,
  ),
)
[ info ] [ HEADER ] array (
  'cookie' => 'Hm_lvt_f8d0a8c400404989e195270b0bbf060a=1553327948,1553500638',
  'accept-language' => 'zh-CN,zh;q=0.9',
  'accept-encoding' => 'gzip, deflate',
  'accept' => 'text/html,application/xhtml+xml,application/xml;q=0.9,image/webp,image/apng,*/*;q=0.8,application/signed-exchange;v=b3',
  'user-agent' => 'Mozilla/5.0 (Windows NT 10.0; Win64; x64) AppleWebKit/537.36 (KHTML, like Gecko) Chrome/73.0.3683.86 Safari/537.36',
  'upgrade-insecure-requests' => '1',
  'connection' => 'keep-alive',
  'host' => 'pml.zhihuo.com.cn',
  'content-type' => '',
  'content-length' => '',
)
[ info ] [ PARAM ] array (
)
[ info ] [ LANG ] /www/wwwroot/pml_zhihuo_com_cn/pml/public/../application/index/lang/zh-cn.php
[ info ] [ BEHAVIOR ] Run app\common\behavior\Common @module_init [ RunTime:0.001641s ]
[ info ] [ LANG ] /www/wwwroot/pml_zhihuo_com_cn/pml/public/../application/index/lang/zh-cn/index.php
[ info ] [ RUN ] app\index\controller\Index->index[ /www/wwwroot/pml_zhihuo_com_cn/pml/application/index/controller/Index.php ]
[ info ] [ VIEW ] /www/wwwroot/pml_zhihuo_com_cn/pml/public/../application/index/view/index/index.html [ array (
  0 => 'user',
  1 => 'site',
  2 => 'config',
) ]
[ info ] [ LOG ] INIT File
---------------------------------------------------------------
[ 2019-03-28T10:21:40+08:00 ] 103.214.85.216 GET pml.zhihuo.com.cn/api/user/login?account=xiaoshuai&password=123456
[运行时间：0.067984s] [吞吐率：14.71req/s] [内存消耗：3,384.72kb] [文件加载：72]
[ info ] [ BEHAVIOR ] Run Closure @app_init [ RunTime:0.000019s ]
[ info ] [ CACHE ] INIT File
[ info ] [ BEHAVIOR ] Run Closure @app_init [ RunTime:0.000923s ]
[ info ] [ LANG ] /www/wwwroot/pml_zhihuo_com_cn/pml/thinkphp/lang/zh-cn.php
[ info ] [ ROUTE ] array (
  'type' => 'module',
  'module' => 
  array (
    0 => 'api',
    1 => 'user',
    2 => 'login',
  ),
)
[ info ] [ HEADER ] array (
  'cookie' => 'Hm_lvt_f8d0a8c400404989e195270b0bbf060a=1553327948,1553500638,1553739685; Hm_lpvt_f8d0a8c400404989e195270b0bbf060a=1553739685',
  'accept-language' => 'zh-CN,zh;q=0.9',
  'accept-encoding' => 'gzip, deflate',
  'accept' => 'text/html,application/xhtml+xml,application/xml;q=0.9,image/webp,image/apng,*/*;q=0.8,application/signed-exchange;v=b3',
  'user-agent' => 'Mozilla/5.0 (Windows NT 10.0; Win64; x64) AppleWebKit/537.36 (KHTML, like Gecko) Chrome/73.0.3683.86 Safari/537.36',
  'upgrade-insecure-requests' => '1',
  'connection' => 'keep-alive',
  'host' => 'pml.zhihuo.com.cn',
  'content-type' => '',
  'content-length' => '',
)
[ info ] [ PARAM ] array (
  'account' => 'xiaoshuai',
  'password' => '123456',
)
[ info ] [ LANG ] /www/wwwroot/pml_zhihuo_com_cn/pml/public/../application/api/lang/zh-cn.php
[ info ] [ BEHAVIOR ] Run app\common\behavior\Common @module_init [ RunTime:0.001523s ]
[ info ] [ DB ] INIT mysql
[ info ] [ LANG ] /www/wwwroot/pml_zhihuo_com_cn/pml/public/../application/api/lang/zh-cn/user.php
[ info ] [ RUN ] app\api\controller\User->login[ /www/wwwroot/pml_zhihuo_com_cn/pml/application/api/controller/User.php ]
[ info ] [ TOKEN ] INIT Mysql
[ info ] [ LOG ] INIT File
[ sql ] [ DB ] CONNECT:[ UseTime:0.003270s ] mysql:host=106.15.230.197;dbname=pml_zhihuo_com_c;charset=utf8
[ sql ] [ SQL ] SHOW COLUMNS FROM `pml_user` [ RunTime:0.002753s ]
[ sql ] [ SQL ] SELECT * FROM `pml_user` WHERE  `username` = 'xiaoshuai' LIMIT 1 [ RunTime:0.002353s ]
[ sql ] [ SQL ] SELECT * FROM `pml_user` WHERE  `id` = 2 LIMIT 1 [ RunTime:0.002243s ]
[ sql ] [ SQL ] UPDATE `pml_user`  SET `prevtime`=1553739340,`logintime`=1553739700,`updatetime`=1553739700  WHERE  `id` = 2 [ RunTime:0.011773s ]
[ sql ] [ SQL ] SHOW COLUMNS FROM `pml_user_token` [ RunTime:0.002576s ]
[ sql ] [ SQL ] INSERT INTO `pml_user_token` (`token` , `user_id` , `createtime` , `expiretime`) VALUES ('cf5464d44970c786a1137f3814a8e199ffda8331' , 2 , 1553739700 , 1556331700) [ RunTime:0.008548s ]
[ sql ] [ SQL ] SELECT * FROM `pml_user_token` WHERE  `token` = 'cf5464d44970c786a1137f3814a8e199ffda8331' LIMIT 1 [ RunTime:0.002221s ]
---------------------------------------------------------------
[ 2019-03-28T10:21:47+08:00 ] 103.214.85.216 POST pml.zhihuo.com.cn/api/user/login?account=xiaoshuai&password=123456
[运行时间：0.064429s] [吞吐率：15.52req/s] [内存消耗：3,383.01kb] [文件加载：72]
[ info ] [ BEHAVIOR ] Run Closure @app_init [ RunTime:0.000071s ]
[ info ] [ CACHE ] INIT File
[ info ] [ BEHAVIOR ] Run Closure @app_init [ RunTime:0.000940s ]
[ info ] [ LANG ] /www/wwwroot/pml_zhihuo_com_cn/pml/thinkphp/lang/zh-cn.php
[ info ] [ ROUTE ] array (
  'type' => 'module',
  'module' => 
  array (
    0 => 'api',
    1 => 'user',
    2 => 'login',
  ),
)
[ info ] [ HEADER ] array (
  'accept-language' => 'zh-CN,zh;q=0.9',
  'accept-encoding' => 'gzip, deflate',
  'referer' => 'http://127.0.0.1:8080/',
  'user-agent' => 'Mozilla/5.0 (Windows NT 10.0; Win64; x64) AppleWebKit/537.36 (KHTML, like Gecko) Chrome/73.0.3683.86 Safari/537.36',
  'origin' => 'http://127.0.0.1:8080',
  'accept' => 'application/json, text/plain, */*',
  'content-length' => '0',
  'connection' => 'keep-alive',
  'host' => 'pml.zhihuo.com.cn',
  'content-type' => '',
)
[ info ] [ PARAM ] array (
  'account' => 'xiaoshuai',
  'password' => '123456',
)
[ info ] [ LANG ] /www/wwwroot/pml_zhihuo_com_cn/pml/public/../application/api/lang/zh-cn.php
[ info ] [ BEHAVIOR ] Run app\common\behavior\Common @module_init [ RunTime:0.001527s ]
[ info ] [ DB ] INIT mysql
[ info ] [ LANG ] /www/wwwroot/pml_zhihuo_com_cn/pml/public/../application/api/lang/zh-cn/user.php
[ info ] [ RUN ] app\api\controller\User->login[ /www/wwwroot/pml_zhihuo_com_cn/pml/application/api/controller/User.php ]
[ info ] [ TOKEN ] INIT Mysql
[ info ] [ LOG ] INIT File
[ sql ] [ DB ] CONNECT:[ UseTime:0.003596s ] mysql:host=106.15.230.197;dbname=pml_zhihuo_com_c;charset=utf8
[ sql ] [ SQL ] SHOW COLUMNS FROM `pml_user` [ RunTime:0.003058s ]
[ sql ] [ SQL ] SELECT * FROM `pml_user` WHERE  `username` = 'xiaoshuai' LIMIT 1 [ RunTime:0.002641s ]
[ sql ] [ SQL ] SELECT * FROM `pml_user` WHERE  `id` = 2 LIMIT 1 [ RunTime:0.002498s ]
[ sql ] [ SQL ] UPDATE `pml_user`  SET `prevtime`=1553739700,`logintime`=1553739707,`updatetime`=1553739707  WHERE  `id` = 2 [ RunTime:0.008044s ]
[ sql ] [ SQL ] SHOW COLUMNS FROM `pml_user_token` [ RunTime:0.002706s ]
[ sql ] [ SQL ] INSERT INTO `pml_user_token` (`token` , `user_id` , `createtime` , `expiretime`) VALUES ('88aef93be49dbd090317c61c348964842271f72f' , 2 , 1553739707 , 1556331707) [ RunTime:0.006332s ]
[ sql ] [ SQL ] SELECT * FROM `pml_user_token` WHERE  `token` = '88aef93be49dbd090317c61c348964842271f72f' LIMIT 1 [ RunTime:0.002384s ]
---------------------------------------------------------------
[ 2019-03-28T10:31:56+08:00 ] 103.214.85.216 GET pml.zhihuo.com.cn/api/user/login?account=xiaoshuai&password=123456
[运行时间：0.077217s] [吞吐率：12.95req/s] [内存消耗：3,384.28kb] [文件加载：72]
[ info ] [ BEHAVIOR ] Run Closure @app_init [ RunTime:0.000016s ]
[ info ] [ CACHE ] INIT File
[ info ] [ BEHAVIOR ] Run Closure @app_init [ RunTime:0.001032s ]
[ info ] [ LANG ] /www/wwwroot/pml_zhihuo_com_cn/pml/thinkphp/lang/zh-cn.php
[ info ] [ ROUTE ] array (
  'type' => 'module',
  'module' => 
  array (
    0 => 'api',
    1 => 'user',
    2 => 'login',
  ),
)
[ info ] [ HEADER ] array (
  'cookie' => 'Hm_lvt_f8d0a8c400404989e195270b0bbf060a=1553327948,1553500638,1553739685; Hm_lpvt_f8d0a8c400404989e195270b0bbf060a=1553739685',
  'accept-language' => 'zh-CN,zh;q=0.9',
  'accept-encoding' => 'gzip, deflate',
  'accept' => 'text/html,application/xhtml+xml,application/xml;q=0.9,image/webp,image/apng,*/*;q=0.8,application/signed-exchange;v=b3',
  'user-agent' => 'Mozilla/5.0 (Windows NT 10.0; Win64; x64) AppleWebKit/537.36 (KHTML, like Gecko) Chrome/73.0.3683.86 Safari/537.36',
  'upgrade-insecure-requests' => '1',
  'connection' => 'keep-alive',
  'host' => 'pml.zhihuo.com.cn',
  'content-type' => '',
  'content-length' => '',
)
[ info ] [ PARAM ] array (
  'account' => 'xiaoshuai',
  'password' => '123456',
)
[ info ] [ LANG ] /www/wwwroot/pml_zhihuo_com_cn/pml/public/../application/api/lang/zh-cn.php
[ info ] [ BEHAVIOR ] Run app\common\behavior\Common @module_init [ RunTime:0.001553s ]
[ info ] [ DB ] INIT mysql
[ info ] [ LANG ] /www/wwwroot/pml_zhihuo_com_cn/pml/public/../application/api/lang/zh-cn/user.php
[ info ] [ RUN ] app\api\controller\User->login[ /www/wwwroot/pml_zhihuo_com_cn/pml/application/api/controller/User.php ]
[ info ] [ TOKEN ] INIT Mysql
[ info ] [ LOG ] INIT File
[ sql ] [ DB ] CONNECT:[ UseTime:0.005538s ] mysql:host=106.15.230.197;dbname=pml_zhihuo_com_c;charset=utf8
[ sql ] [ SQL ] SHOW COLUMNS FROM `pml_user` [ RunTime:0.004501s ]
[ sql ] [ SQL ] SELECT * FROM `pml_user` WHERE  `username` = 'xiaoshuai' LIMIT 1 [ RunTime:0.003919s ]
[ sql ] [ SQL ] SELECT * FROM `pml_user` WHERE  `id` = 2 LIMIT 1 [ RunTime:0.003785s ]
[ sql ] [ SQL ] UPDATE `pml_user`  SET `prevtime`=1553739707,`logintime`=1553740316,`updatetime`=1553740316  WHERE  `id` = 2 [ RunTime:0.010597s ]
[ sql ] [ SQL ] SHOW COLUMNS FROM `pml_user_token` [ RunTime:0.004069s ]
[ sql ] [ SQL ] INSERT INTO `pml_user_token` (`token` , `user_id` , `createtime` , `expiretime`) VALUES ('deae2f6809c6d4cb2c590ac7adaba7c086dd7009' , 2 , 1553740316 , 1556332316) [ RunTime:0.007872s ]
[ sql ] [ SQL ] SELECT * FROM `pml_user_token` WHERE  `token` = 'deae2f6809c6d4cb2c590ac7adaba7c086dd7009' LIMIT 1 [ RunTime:0.003679s ]
---------------------------------------------------------------
[ 2019-03-28T10:32:45+08:00 ] 103.214.85.216 POST pml.zhihuo.com.cn/api/user/login?account=xiaoshuai&password=123456
[运行时间：0.108228s] [吞吐率：9.24req/s] [内存消耗：3,382.57kb] [文件加载：72]
[ info ] [ BEHAVIOR ] Run Closure @app_init [ RunTime:0.000016s ]
[ info ] [ CACHE ] INIT File
[ info ] [ BEHAVIOR ] Run Closure @app_init [ RunTime:0.001076s ]
[ info ] [ LANG ] /www/wwwroot/pml_zhihuo_com_cn/pml/thinkphp/lang/zh-cn.php
[ info ] [ ROUTE ] array (
  'type' => 'module',
  'module' => 
  array (
    0 => 'api',
    1 => 'user',
    2 => 'login',
  ),
)
[ info ] [ HEADER ] array (
  'accept-language' => 'zh-CN,zh;q=0.9',
  'accept-encoding' => 'gzip, deflate',
  'referer' => 'http://127.0.0.1:8080/',
  'user-agent' => 'Mozilla/5.0 (Windows NT 10.0; Win64; x64) AppleWebKit/537.36 (KHTML, like Gecko) Chrome/73.0.3683.86 Safari/537.36',
  'origin' => 'http://127.0.0.1:8080',
  'accept' => 'application/json, text/plain, */*',
  'content-length' => '0',
  'connection' => 'keep-alive',
  'host' => 'pml.zhihuo.com.cn',
  'content-type' => '',
)
[ info ] [ PARAM ] array (
  'account' => 'xiaoshuai',
  'password' => '123456',
)
[ info ] [ LANG ] /www/wwwroot/pml_zhihuo_com_cn/pml/public/../application/api/lang/zh-cn.php
[ info ] [ BEHAVIOR ] Run app\common\behavior\Common @module_init [ RunTime:0.001475s ]
[ info ] [ DB ] INIT mysql
[ info ] [ LANG ] /www/wwwroot/pml_zhihuo_com_cn/pml/public/../application/api/lang/zh-cn/user.php
[ info ] [ RUN ] app\api\controller\User->login[ /www/wwwroot/pml_zhihuo_com_cn/pml/application/api/controller/User.php ]
[ info ] [ TOKEN ] INIT Mysql
[ info ] [ LOG ] INIT File
[ sql ] [ DB ] CONNECT:[ UseTime:0.003505s ] mysql:host=106.15.230.197;dbname=pml_zhihuo_com_c;charset=utf8
[ sql ] [ SQL ] SHOW COLUMNS FROM `pml_user` [ RunTime:0.003197s ]
[ sql ] [ SQL ] SELECT * FROM `pml_user` WHERE  `username` = 'xiaoshuai' LIMIT 1 [ RunTime:0.002566s ]
[ sql ] [ SQL ] SELECT * FROM `pml_user` WHERE  `id` = 2 LIMIT 1 [ RunTime:0.002358s ]
[ sql ] [ SQL ] UPDATE `pml_user`  SET `prevtime`=1553740316,`logintime`=1553740365,`updatetime`=1553740365  WHERE  `id` = 2 [ RunTime:0.050541s ]
[ sql ] [ SQL ] SHOW COLUMNS FROM `pml_user_token` [ RunTime:0.002854s ]
[ sql ] [ SQL ] INSERT INTO `pml_user_token` (`token` , `user_id` , `createtime` , `expiretime`) VALUES ('57839597abc404ee710ad521b09527a6d5b17b8d' , 2 , 1553740365 , 1556332365) [ RunTime:0.006359s ]
[ sql ] [ SQL ] SELECT * FROM `pml_user_token` WHERE  `token` = '57839597abc404ee710ad521b09527a6d5b17b8d' LIMIT 1 [ RunTime:0.002444s ]
---------------------------------------------------------------
[ 2019-03-28T10:35:38+08:00 ] 103.214.85.216 POST pml.zhihuo.com.cn/api/user/login?account=xiaoshuai&password=123456
[运行时间：0.029048s] [吞吐率：34.43req/s] [内存消耗：3,102.10kb] [文件加载：66]
[ info ] [ BEHAVIOR ] Run Closure @app_init [ RunTime:0.000019s ]
[ info ] [ CACHE ] INIT File
[ info ] [ BEHAVIOR ] Run Closure @app_init [ RunTime:0.000974s ]
[ info ] [ LANG ] /www/wwwroot/pml_zhihuo_com_cn/pml/thinkphp/lang/zh-cn.php
[ info ] [ ROUTE ] array (
  'type' => 'module',
  'module' => 
  array (
    0 => 'api',
    1 => 'user',
    2 => 'login',
  ),
)
[ info ] [ HEADER ] array (
  'accept-language' => 'zh-CN,zh;q=0.9',
  'accept-encoding' => 'gzip, deflate',
  'referer' => 'http://127.0.0.1:8080/',
  'user-agent' => 'Mozilla/5.0 (Windows NT 10.0; Win64; x64) AppleWebKit/537.36 (KHTML, like Gecko) Chrome/73.0.3683.86 Safari/537.36',
  'origin' => 'http://127.0.0.1:8080',
  'accept' => 'application/json, text/plain, */*',
  'content-length' => '0',
  'connection' => 'keep-alive',
  'host' => 'pml.zhihuo.com.cn',
  'content-type' => '',
)
[ info ] [ PARAM ] array (
  'account' => 'xiaoshuai',
  'password' => '123456',
)
[ info ] [ LANG ] /www/wwwroot/pml_zhihuo_com_cn/pml/public/../application/api/lang/zh-cn.php
[ info ] [ BEHAVIOR ] Run app\common\behavior\Common @module_init [ RunTime:0.001422s ]
[ info ] [ DB ] INIT mysql
[ info ] [ LOG ] INIT File
[ error ] [0]致命错误: Class 'app\common\http\CrossDomain' not found[/www/wwwroot/pml_zhihuo_com_cn/pml/application/api/controller/User.php:27]
---------------------------------------------------------------
[ 2019-03-28T10:36:06+08:00 ] 103.214.85.216 POST pml.zhihuo.com.cn/api/user/login?account=xiaoshuai&password=123456
[运行时间：0.030438s] [吞吐率：32.85req/s] [内存消耗：3,102.10kb] [文件加载：66]
[ info ] [ BEHAVIOR ] Run Closure @app_init [ RunTime:0.000020s ]
[ info ] [ CACHE ] INIT File
[ info ] [ BEHAVIOR ] Run Closure @app_init [ RunTime:0.000948s ]
[ info ] [ LANG ] /www/wwwroot/pml_zhihuo_com_cn/pml/thinkphp/lang/zh-cn.php
[ info ] [ ROUTE ] array (
  'type' => 'module',
  'module' => 
  array (
    0 => 'api',
    1 => 'user',
    2 => 'login',
  ),
)
[ info ] [ HEADER ] array (
  'accept-language' => 'zh-CN,zh;q=0.9',
  'accept-encoding' => 'gzip, deflate',
  'referer' => 'http://127.0.0.1:8081/',
  'user-agent' => 'Mozilla/5.0 (Windows NT 10.0; Win64; x64) AppleWebKit/537.36 (KHTML, like Gecko) Chrome/73.0.3683.86 Safari/537.36',
  'origin' => 'http://127.0.0.1:8081',
  'accept' => 'application/json, text/plain, */*',
  'content-length' => '0',
  'connection' => 'keep-alive',
  'host' => 'pml.zhihuo.com.cn',
  'content-type' => '',
)
[ info ] [ PARAM ] array (
  'account' => 'xiaoshuai',
  'password' => '123456',
)
[ info ] [ LANG ] /www/wwwroot/pml_zhihuo_com_cn/pml/public/../application/api/lang/zh-cn.php
[ info ] [ BEHAVIOR ] Run app\common\behavior\Common @module_init [ RunTime:0.001554s ]
[ info ] [ DB ] INIT mysql
[ info ] [ LOG ] INIT File
[ error ] [0]致命错误: Class 'app\common\http\CrossDomain' not found[/www/wwwroot/pml_zhihuo_com_cn/pml/application/api/controller/User.php:27]
---------------------------------------------------------------
[ 2019-03-28T10:36:10+08:00 ] 103.214.85.216 POST pml.zhihuo.com.cn/api/user/login?account=xiaoshuai&password=123456
[运行时间：0.030258s] [吞吐率：33.05req/s] [内存消耗：3,102.10kb] [文件加载：66]
[ info ] [ BEHAVIOR ] Run Closure @app_init [ RunTime:0.000016s ]
[ info ] [ CACHE ] INIT File
[ info ] [ BEHAVIOR ] Run Closure @app_init [ RunTime:0.000947s ]
[ info ] [ LANG ] /www/wwwroot/pml_zhihuo_com_cn/pml/thinkphp/lang/zh-cn.php
[ info ] [ ROUTE ] array (
  'type' => 'module',
  'module' => 
  array (
    0 => 'api',
    1 => 'user',
    2 => 'login',
  ),
)
[ info ] [ HEADER ] array (
  'accept-language' => 'zh-CN,zh;q=0.9',
  'accept-encoding' => 'gzip, deflate',
  'referer' => 'http://127.0.0.1:8081/',
  'user-agent' => 'Mozilla/5.0 (Windows NT 10.0; Win64; x64) AppleWebKit/537.36 (KHTML, like Gecko) Chrome/73.0.3683.86 Safari/537.36',
  'origin' => 'http://127.0.0.1:8081',
  'accept' => 'application/json, text/plain, */*',
  'content-length' => '0',
  'connection' => 'keep-alive',
  'host' => 'pml.zhihuo.com.cn',
  'content-type' => '',
)
[ info ] [ PARAM ] array (
  'account' => 'xiaoshuai',
  'password' => '123456',
)
[ info ] [ LANG ] /www/wwwroot/pml_zhihuo_com_cn/pml/public/../application/api/lang/zh-cn.php
[ info ] [ BEHAVIOR ] Run app\common\behavior\Common @module_init [ RunTime:0.001469s ]
[ info ] [ DB ] INIT mysql
[ info ] [ LOG ] INIT File
[ error ] [0]致命错误: Class 'app\common\http\CrossDomain' not found[/www/wwwroot/pml_zhihuo_com_cn/pml/application/api/controller/User.php:27]
---------------------------------------------------------------
[ 2019-03-28T10:36:30+08:00 ] 103.214.85.216 POST pml.zhihuo.com.cn/api/user/login?account=xiaoshuai&password=123456
[运行时间：0.074898s] [吞吐率：13.35req/s] [内存消耗：3,383.70kb] [文件加载：72]
[ info ] [ BEHAVIOR ] Run Closure @app_init [ RunTime:0.000019s ]
[ info ] [ CACHE ] INIT File
[ info ] [ BEHAVIOR ] Run Closure @app_init [ RunTime:0.000968s ]
[ info ] [ LANG ] /www/wwwroot/pml_zhihuo_com_cn/pml/thinkphp/lang/zh-cn.php
[ info ] [ ROUTE ] array (
  'type' => 'module',
  'module' => 
  array (
    0 => 'api',
    1 => 'user',
    2 => 'login',
  ),
)
[ info ] [ HEADER ] array (
  'accept-language' => 'zh-CN,zh;q=0.9',
  'accept-encoding' => 'gzip, deflate',
  'referer' => 'http://127.0.0.1:8080/',
  'user-agent' => 'Mozilla/5.0 (Windows NT 10.0; Win64; x64) AppleWebKit/537.36 (KHTML, like Gecko) Chrome/73.0.3683.86 Safari/537.36',
  'origin' => 'http://127.0.0.1:8080',
  'accept' => 'application/json, text/plain, */*',
  'content-length' => '0',
  'connection' => 'keep-alive',
  'host' => 'pml.zhihuo.com.cn',
  'content-type' => '',
)
[ info ] [ PARAM ] array (
  'account' => 'xiaoshuai',
  'password' => '123456',
)
[ info ] [ LANG ] /www/wwwroot/pml_zhihuo_com_cn/pml/public/../application/api/lang/zh-cn.php
[ info ] [ BEHAVIOR ] Run app\common\behavior\Common @module_init [ RunTime:0.001578s ]
[ info ] [ DB ] INIT mysql
[ info ] [ LANG ] /www/wwwroot/pml_zhihuo_com_cn/pml/public/../application/api/lang/zh-cn/user.php
[ info ] [ RUN ] app\api\controller\User->login[ /www/wwwroot/pml_zhihuo_com_cn/pml/application/api/controller/User.php ]
[ info ] [ TOKEN ] INIT Mysql
[ info ] [ LOG ] INIT File
[ sql ] [ DB ] CONNECT:[ UseTime:0.005351s ] mysql:host=106.15.230.197;dbname=pml_zhihuo_com_c;charset=utf8
[ sql ] [ SQL ] SHOW COLUMNS FROM `pml_user` [ RunTime:0.004266s ]
[ sql ] [ SQL ] SELECT * FROM `pml_user` WHERE  `username` = 'xiaoshuai' LIMIT 1 [ RunTime:0.003758s ]
[ sql ] [ SQL ] SELECT * FROM `pml_user` WHERE  `id` = 2 LIMIT 1 [ RunTime:0.003677s ]
[ sql ] [ SQL ] UPDATE `pml_user`  SET `prevtime`=1553740365,`logintime`=1553740590,`updatetime`=1553740590  WHERE  `id` = 2 [ RunTime:0.008792s ]
[ sql ] [ SQL ] SHOW COLUMNS FROM `pml_user_token` [ RunTime:0.004018s ]
[ sql ] [ SQL ] INSERT INTO `pml_user_token` (`token` , `user_id` , `createtime` , `expiretime`) VALUES ('bc8ef1f5a06435cc7ffd90ba77d8b5372a55dd0d' , 2 , 1553740590 , 1556332590) [ RunTime:0.008218s ]
[ sql ] [ SQL ] SELECT * FROM `pml_user_token` WHERE  `token` = 'bc8ef1f5a06435cc7ffd90ba77d8b5372a55dd0d' LIMIT 1 [ RunTime:0.003648s ]
---------------------------------------------------------------
[ 2019-03-28T10:36:35+08:00 ] 103.214.85.216 POST pml.zhihuo.com.cn/api/user/login?account=xiaoshuai&password=123456
[运行时间：0.071871s] [吞吐率：13.91req/s] [内存消耗：3,383.70kb] [文件加载：72]
[ info ] [ BEHAVIOR ] Run Closure @app_init [ RunTime:0.000018s ]
[ info ] [ CACHE ] INIT File
[ info ] [ BEHAVIOR ] Run Closure @app_init [ RunTime:0.000933s ]
[ info ] [ LANG ] /www/wwwroot/pml_zhihuo_com_cn/pml/thinkphp/lang/zh-cn.php
[ info ] [ ROUTE ] array (
  'type' => 'module',
  'module' => 
  array (
    0 => 'api',
    1 => 'user',
    2 => 'login',
  ),
)
[ info ] [ HEADER ] array (
  'accept-language' => 'zh-CN,zh;q=0.9',
  'accept-encoding' => 'gzip, deflate',
  'referer' => 'http://127.0.0.1:8080/',
  'user-agent' => 'Mozilla/5.0 (Windows NT 10.0; Win64; x64) AppleWebKit/537.36 (KHTML, like Gecko) Chrome/73.0.3683.86 Safari/537.36',
  'origin' => 'http://127.0.0.1:8080',
  'accept' => 'application/json, text/plain, */*',
  'content-length' => '0',
  'connection' => 'keep-alive',
  'host' => 'pml.zhihuo.com.cn',
  'content-type' => '',
)
[ info ] [ PARAM ] array (
  'account' => 'xiaoshuai',
  'password' => '123456',
)
[ info ] [ LANG ] /www/wwwroot/pml_zhihuo_com_cn/pml/public/../application/api/lang/zh-cn.php
[ info ] [ BEHAVIOR ] Run app\common\behavior\Common @module_init [ RunTime:0.001538s ]
[ info ] [ DB ] INIT mysql
[ info ] [ LANG ] /www/wwwroot/pml_zhihuo_com_cn/pml/public/../application/api/lang/zh-cn/user.php
[ info ] [ RUN ] app\api\controller\User->login[ /www/wwwroot/pml_zhihuo_com_cn/pml/application/api/controller/User.php ]
[ info ] [ TOKEN ] INIT Mysql
[ info ] [ LOG ] INIT File
[ sql ] [ DB ] CONNECT:[ UseTime:0.003856s ] mysql:host=106.15.230.197;dbname=pml_zhihuo_com_c;charset=utf8
[ sql ] [ SQL ] SHOW COLUMNS FROM `pml_user` [ RunTime:0.003148s ]
[ sql ] [ SQL ] SELECT * FROM `pml_user` WHERE  `username` = 'xiaoshuai' LIMIT 1 [ RunTime:0.002723s ]
[ sql ] [ SQL ] SELECT * FROM `pml_user` WHERE  `id` = 2 LIMIT 1 [ RunTime:0.002568s ]
[ sql ] [ SQL ] UPDATE `pml_user`  SET `prevtime`=1553740590,`logintime`=1553740595,`updatetime`=1553740595  WHERE  `id` = 2 [ RunTime:0.014228s ]
[ sql ] [ SQL ] SHOW COLUMNS FROM `pml_user_token` [ RunTime:0.003008s ]
[ sql ] [ SQL ] INSERT INTO `pml_user_token` (`token` , `user_id` , `createtime` , `expiretime`) VALUES ('5b83de074a7e8b249c40fdca9c95a3e3005c2510' , 2 , 1553740595 , 1556332595) [ RunTime:0.006703s ]
[ sql ] [ SQL ] SELECT * FROM `pml_user_token` WHERE  `token` = '5b83de074a7e8b249c40fdca9c95a3e3005c2510' LIMIT 1 [ RunTime:0.002611s ]
---------------------------------------------------------------
[ 2019-03-28T11:19:10+08:00 ] 103.214.85.216 POST pml.zhihuo.com.cn/api/user/login?account=xiaoshuai&password=123456
[运行时间：0.661440s] [吞吐率：1.51req/s] [内存消耗：3,382.57kb] [文件加载：72]
[ info ] [ BEHAVIOR ] Run Closure @app_init [ RunTime:0.000017s ]
[ info ] [ CACHE ] INIT File
[ info ] [ BEHAVIOR ] Run Closure @app_init [ RunTime:0.000966s ]
[ info ] [ LANG ] /www/wwwroot/pml_zhihuo_com_cn/pml/thinkphp/lang/zh-cn.php
[ info ] [ ROUTE ] array (
  'type' => 'module',
  'module' => 
  array (
    0 => 'api',
    1 => 'user',
    2 => 'login',
  ),
)
[ info ] [ HEADER ] array (
  'accept-language' => 'zh-CN,zh;q=0.9',
  'accept-encoding' => 'gzip, deflate',
  'referer' => 'http://127.0.0.1:8081/',
  'user-agent' => 'Mozilla/5.0 (Windows NT 10.0; Win64; x64) AppleWebKit/537.36 (KHTML, like Gecko) Chrome/73.0.3683.86 Safari/537.36',
  'origin' => 'http://127.0.0.1:8081',
  'accept' => 'application/json, text/plain, */*',
  'content-length' => '0',
  'connection' => 'keep-alive',
  'host' => 'pml.zhihuo.com.cn',
  'content-type' => '',
)
[ info ] [ PARAM ] array (
  'account' => 'xiaoshuai',
  'password' => '123456',
)
[ info ] [ LANG ] /www/wwwroot/pml_zhihuo_com_cn/pml/public/../application/api/lang/zh-cn.php
[ info ] [ BEHAVIOR ] Run app\common\behavior\Common @module_init [ RunTime:0.009781s ]
[ info ] [ DB ] INIT mysql
[ info ] [ LANG ] /www/wwwroot/pml_zhihuo_com_cn/pml/public/../application/api/lang/zh-cn/user.php
[ info ] [ RUN ] app\api\controller\User->login[ /www/wwwroot/pml_zhihuo_com_cn/pml/application/api/controller/User.php ]
[ info ] [ TOKEN ] INIT Mysql
[ info ] [ LOG ] INIT File
[ sql ] [ DB ] CONNECT:[ UseTime:0.003732s ] mysql:host=106.15.230.197;dbname=pml_zhihuo_com_c;charset=utf8
[ sql ] [ SQL ] SHOW COLUMNS FROM `pml_user` [ RunTime:0.003416s ]
[ sql ] [ SQL ] SELECT * FROM `pml_user` WHERE  `username` = 'xiaoshuai' LIMIT 1 [ RunTime:0.002755s ]
[ sql ] [ SQL ] SELECT * FROM `pml_user` WHERE  `id` = 2 LIMIT 1 [ RunTime:0.002601s ]
[ sql ] [ SQL ] UPDATE `pml_user`  SET `prevtime`=1553740595,`logintime`=1553743149,`updatetime`=1553743149  WHERE  `id` = 2 [ RunTime:0.515442s ]
[ sql ] [ SQL ] SHOW COLUMNS FROM `pml_user_token` [ RunTime:0.002883s ]
[ sql ] [ SQL ] INSERT INTO `pml_user_token` (`token` , `user_id` , `createtime` , `expiretime`) VALUES ('706ce560ca1b5524504657401db050c5b7647d11' , 2 , 1553743150 , 1556335150) [ RunTime:0.007455s ]
[ sql ] [ SQL ] SELECT * FROM `pml_user_token` WHERE  `token` = '706ce560ca1b5524504657401db050c5b7647d11' LIMIT 1 [ RunTime:0.002476s ]
---------------------------------------------------------------
[ 2019-03-28T11:20:02+08:00 ] 103.214.85.216 POST pml.zhihuo.com.cn/api/user/login?account=xiaoshuai&password=123456
[运行时间：0.029124s] [吞吐率：34.34req/s] [内存消耗：3,100.79kb] [文件加载：65]
[ info ] [ BEHAVIOR ] Run Closure @app_init [ RunTime:0.000016s ]
[ info ] [ CACHE ] INIT File
[ info ] [ BEHAVIOR ] Run Closure @app_init [ RunTime:0.000957s ]
[ info ] [ LANG ] /www/wwwroot/pml_zhihuo_com_cn/pml/thinkphp/lang/zh-cn.php
[ info ] [ ROUTE ] array (
  'type' => 'module',
  'module' => 
  array (
    0 => 'api',
    1 => 'user',
    2 => 'login',
  ),
)
[ info ] [ HEADER ] array (
  'accept-language' => 'zh-CN,zh;q=0.9',
  'accept-encoding' => 'gzip, deflate',
  'referer' => 'http://127.0.0.1:8081/',
  'user-agent' => 'Mozilla/5.0 (Windows NT 10.0; Win64; x64) AppleWebKit/537.36 (KHTML, like Gecko) Chrome/73.0.3683.86 Safari/537.36',
  'origin' => 'http://127.0.0.1:8081',
  'accept' => 'application/json, text/plain, */*',
  'content-length' => '0',
  'connection' => 'keep-alive',
  'host' => 'pml.zhihuo.com.cn',
  'content-type' => '',
)
[ info ] [ PARAM ] array (
  'account' => 'xiaoshuai',
  'password' => '123456',
)
[ info ] [ LANG ] /www/wwwroot/pml_zhihuo_com_cn/pml/public/../application/api/lang/zh-cn.php
[ info ] [ BEHAVIOR ] Run app\common\behavior\Common @module_init [ RunTime:0.001570s ]
[ info ] [ DB ] INIT mysql
[ info ] [ LOG ] INIT File
[ error ] [0]致命错误: Class 'appn\common\http\CrossDomain' not found[/www/wwwroot/pml_zhihuo_com_cn/pml/application/api/controller/User.php:30]
---------------------------------------------------------------
[ 2019-03-28T11:20:37+08:00 ] 103.214.85.216 POST pml.zhihuo.com.cn/api/user/login?account=xiaoshuai&password=123456
[运行时间：0.091434s] [吞吐率：10.94req/s] [内存消耗：3,383.70kb] [文件加载：72]
[ info ] [ BEHAVIOR ] Run Closure @app_init [ RunTime:0.000017s ]
[ info ] [ CACHE ] INIT File
[ info ] [ BEHAVIOR ] Run Closure @app_init [ RunTime:0.000943s ]
[ info ] [ LANG ] /www/wwwroot/pml_zhihuo_com_cn/pml/thinkphp/lang/zh-cn.php
[ info ] [ ROUTE ] array (
  'type' => 'module',
  'module' => 
  array (
    0 => 'api',
    1 => 'user',
    2 => 'login',
  ),
)
[ info ] [ HEADER ] array (
  'accept-language' => 'zh-CN,zh;q=0.9',
  'accept-encoding' => 'gzip, deflate',
  'referer' => 'http://127.0.0.1:8081/',
  'user-agent' => 'Mozilla/5.0 (Windows NT 10.0; Win64; x64) AppleWebKit/537.36 (KHTML, like Gecko) Chrome/73.0.3683.86 Safari/537.36',
  'origin' => 'http://127.0.0.1:8081',
  'accept' => 'application/json, text/plain, */*',
  'content-length' => '0',
  'connection' => 'keep-alive',
  'host' => 'pml.zhihuo.com.cn',
  'content-type' => '',
)
[ info ] [ PARAM ] array (
  'account' => 'xiaoshuai',
  'password' => '123456',
)
[ info ] [ LANG ] /www/wwwroot/pml_zhihuo_com_cn/pml/public/../application/api/lang/zh-cn.php
[ info ] [ BEHAVIOR ] Run app\common\behavior\Common @module_init [ RunTime:0.001453s ]
[ info ] [ DB ] INIT mysql
[ info ] [ LANG ] /www/wwwroot/pml_zhihuo_com_cn/pml/public/../application/api/lang/zh-cn/user.php
[ info ] [ RUN ] app\api\controller\User->login[ /www/wwwroot/pml_zhihuo_com_cn/pml/application/api/controller/User.php ]
[ info ] [ TOKEN ] INIT Mysql
[ info ] [ LOG ] INIT File
[ sql ] [ DB ] CONNECT:[ UseTime:0.003486s ] mysql:host=106.15.230.197;dbname=pml_zhihuo_com_c;charset=utf8
[ sql ] [ SQL ] SHOW COLUMNS FROM `pml_user` [ RunTime:0.002937s ]
[ sql ] [ SQL ] SELECT * FROM `pml_user` WHERE  `username` = 'xiaoshuai' LIMIT 1 [ RunTime:0.002526s ]
[ sql ] [ SQL ] SELECT * FROM `pml_user` WHERE  `id` = 2 LIMIT 1 [ RunTime:0.002405s ]
[ sql ] [ SQL ] UPDATE `pml_user`  SET `prevtime`=1553743149,`logintime`=1553743237,`updatetime`=1553743237  WHERE  `id` = 2 [ RunTime:0.007085s ]
[ sql ] [ SQL ] SHOW COLUMNS FROM `pml_user_token` [ RunTime:0.002661s ]
[ sql ] [ SQL ] INSERT INTO `pml_user_token` (`token` , `user_id` , `createtime` , `expiretime`) VALUES ('2bca29c26400dedab4a20a46dd1276644535ea1b' , 2 , 1553743237 , 1556335237) [ RunTime:0.034812s ]
[ sql ] [ SQL ] SELECT * FROM `pml_user_token` WHERE  `token` = '2bca29c26400dedab4a20a46dd1276644535ea1b' LIMIT 1 [ RunTime:0.002456s ]
---------------------------------------------------------------
[ 2019-03-28T11:20:40+08:00 ] 103.214.85.216 POST pml.zhihuo.com.cn/api/user/login?account=xiaoshuai&password=123456
[运行时间：0.063222s] [吞吐率：15.82req/s] [内存消耗：3,383.70kb] [文件加载：72]
[ info ] [ BEHAVIOR ] Run Closure @app_init [ RunTime:0.000017s ]
[ info ] [ CACHE ] INIT File
[ info ] [ BEHAVIOR ] Run Closure @app_init [ RunTime:0.000952s ]
[ info ] [ LANG ] /www/wwwroot/pml_zhihuo_com_cn/pml/thinkphp/lang/zh-cn.php
[ info ] [ ROUTE ] array (
  'type' => 'module',
  'module' => 
  array (
    0 => 'api',
    1 => 'user',
    2 => 'login',
  ),
)
[ info ] [ HEADER ] array (
  'accept-language' => 'zh-CN,zh;q=0.9',
  'accept-encoding' => 'gzip, deflate',
  'referer' => 'http://127.0.0.1:8081/',
  'user-agent' => 'Mozilla/5.0 (Windows NT 10.0; Win64; x64) AppleWebKit/537.36 (KHTML, like Gecko) Chrome/73.0.3683.86 Safari/537.36',
  'origin' => 'http://127.0.0.1:8081',
  'accept' => 'application/json, text/plain, */*',
  'content-length' => '0',
  'connection' => 'keep-alive',
  'host' => 'pml.zhihuo.com.cn',
  'content-type' => '',
)
[ info ] [ PARAM ] array (
  'account' => 'xiaoshuai',
  'password' => '123456',
)
[ info ] [ LANG ] /www/wwwroot/pml_zhihuo_com_cn/pml/public/../application/api/lang/zh-cn.php
[ info ] [ BEHAVIOR ] Run app\common\behavior\Common @module_init [ RunTime:0.001478s ]
[ info ] [ DB ] INIT mysql
[ info ] [ LANG ] /www/wwwroot/pml_zhihuo_com_cn/pml/public/../application/api/lang/zh-cn/user.php
[ info ] [ RUN ] app\api\controller\User->login[ /www/wwwroot/pml_zhihuo_com_cn/pml/application/api/controller/User.php ]
[ info ] [ TOKEN ] INIT Mysql
[ info ] [ LOG ] INIT File
[ sql ] [ DB ] CONNECT:[ UseTime:0.003601s ] mysql:host=106.15.230.197;dbname=pml_zhihuo_com_c;charset=utf8
[ sql ] [ SQL ] SHOW COLUMNS FROM `pml_user` [ RunTime:0.003072s ]
[ sql ] [ SQL ] SELECT * FROM `pml_user` WHERE  `username` = 'xiaoshuai' LIMIT 1 [ RunTime:0.002624s ]
[ sql ] [ SQL ] SELECT * FROM `pml_user` WHERE  `id` = 2 LIMIT 1 [ RunTime:0.002508s ]
[ sql ] [ SQL ] UPDATE `pml_user`  SET `prevtime`=1553743237,`logintime`=1553743240,`updatetime`=1553743240  WHERE  `id` = 2 [ RunTime:0.007029s ]
[ sql ] [ SQL ] SHOW COLUMNS FROM `pml_user_token` [ RunTime:0.002720s ]
[ sql ] [ SQL ] INSERT INTO `pml_user_token` (`token` , `user_id` , `createtime` , `expiretime`) VALUES ('e6fd7de7638286fe0f81abd28904b53fe5392a13' , 2 , 1553743240 , 1556335240) [ RunTime:0.007425s ]
[ sql ] [ SQL ] SELECT * FROM `pml_user_token` WHERE  `token` = 'e6fd7de7638286fe0f81abd28904b53fe5392a13' LIMIT 1 [ RunTime:0.002393s ]
---------------------------------------------------------------
[ 2019-03-28T11:34:48+08:00 ] 103.214.85.216 POST pml.zhihuo.com.cn/api/user/login?account=xiaoshuai&password=123456
[运行时间：0.074723s] [吞吐率：13.38req/s] [内存消耗：3,383.84kb] [文件加载：72]
[ info ] [ BEHAVIOR ] Run Closure @app_init [ RunTime:0.000035s ]
[ info ] [ CACHE ] INIT File
[ info ] [ BEHAVIOR ] Run Closure @app_init [ RunTime:0.000972s ]
[ info ] [ LANG ] /www/wwwroot/pml_zhihuo_com_cn/pml/thinkphp/lang/zh-cn.php
[ info ] [ ROUTE ] array (
  'type' => 'module',
  'module' => 
  array (
    0 => 'api',
    1 => 'user',
    2 => 'login',
  ),
)
[ info ] [ HEADER ] array (
  'content-length' => '0',
  'connection' => 'keep-alive',
  'origin' => 'http://localhost:8080',
  'referer' => 'http://localhost:8080/',
  'accept-encoding' => 'gzip, deflate',
  'accept-language' => 'zh-CN,zh;q=0.8,zh-TW;q=0.7,zh-HK;q=0.5,en-US;q=0.3,en;q=0.2',
  'accept' => 'application/json, text/plain, */*',
  'user-agent' => 'Mozilla/5.0 (Windows NT 10.0; Win64; x64; rv:62.0) Gecko/20100101 Firefox/62.0',
  'host' => 'pml.zhihuo.com.cn',
  'content-type' => '',
)
[ info ] [ PARAM ] array (
  'account' => 'xiaoshuai',
  'password' => '123456',
)
[ info ] [ LANG ] /www/wwwroot/pml_zhihuo_com_cn/pml/public/../application/api/lang/zh-cn.php
[ info ] [ BEHAVIOR ] Run app\common\behavior\Common @module_init [ RunTime:0.001530s ]
[ info ] [ DB ] INIT mysql
[ info ] [ LANG ] /www/wwwroot/pml_zhihuo_com_cn/pml/public/../application/api/lang/zh-cn/user.php
[ info ] [ RUN ] app\api\controller\User->login[ /www/wwwroot/pml_zhihuo_com_cn/pml/application/api/controller/User.php ]
[ info ] [ TOKEN ] INIT Mysql
[ info ] [ LOG ] INIT File
[ sql ] [ DB ] CONNECT:[ UseTime:0.005306s ] mysql:host=106.15.230.197;dbname=pml_zhihuo_com_c;charset=utf8
[ sql ] [ SQL ] SHOW COLUMNS FROM `pml_user` [ RunTime:0.004093s ]
[ sql ] [ SQL ] SELECT * FROM `pml_user` WHERE  `username` = 'xiaoshuai' LIMIT 1 [ RunTime:0.003774s ]
[ sql ] [ SQL ] SELECT * FROM `pml_user` WHERE  `id` = 2 LIMIT 1 [ RunTime:0.003600s ]
[ sql ] [ SQL ] UPDATE `pml_user`  SET `prevtime`=1553743240,`logintime`=1553744088,`updatetime`=1553744088  WHERE  `id` = 2 [ RunTime:0.010400s ]
[ sql ] [ SQL ] SHOW COLUMNS FROM `pml_user_token` [ RunTime:0.003861s ]
[ sql ] [ SQL ] INSERT INTO `pml_user_token` (`token` , `user_id` , `createtime` , `expiretime`) VALUES ('e4514c3a2713997fb3af3e16264b8aabf1554943' , 2 , 1553744088 , 1556336088) [ RunTime:0.007926s ]
[ sql ] [ SQL ] SELECT * FROM `pml_user_token` WHERE  `token` = 'e4514c3a2713997fb3af3e16264b8aabf1554943' LIMIT 1 [ RunTime:0.003590s ]
---------------------------------------------------------------
[ 2019-03-28T11:39:40+08:00 ] 103.214.85.216 POST pml.zhihuo.com.cn/api/user/login?account=xiaoshuai&password=123456
[运行时间：0.078691s] [吞吐率：12.71req/s] [内存消耗：3,385.91kb] [文件加载：72]
[ info ] [ BEHAVIOR ] Run Closure @app_init [ RunTime:0.000016s ]
[ info ] [ CACHE ] INIT File
[ info ] [ BEHAVIOR ] Run Closure @app_init [ RunTime:0.000956s ]
[ info ] [ LANG ] /www/wwwroot/pml_zhihuo_com_cn/pml/thinkphp/lang/zh-cn.php
[ info ] [ ROUTE ] array (
  'type' => 'module',
  'module' => 
  array (
    0 => 'api',
    1 => 'user',
    2 => 'login',
  ),
)
[ info ] [ HEADER ] array (
  'content-length' => '0',
  'cache-control' => 'no-cache',
  'pragma' => 'no-cache',
  'connection' => 'keep-alive',
  'dnt' => '1',
  'origin' => 'http://localhost:8080',
  'referer' => 'http://localhost:8080/',
  'accept-encoding' => 'gzip, deflate',
  'accept-language' => 'zh-CN,zh;q=0.8,zh-TW;q=0.7,zh-HK;q=0.5,en-US;q=0.3,en;q=0.2',
  'accept' => 'application/json, text/plain, */*',
  'user-agent' => 'Mozilla/5.0 (Windows NT 10.0; Win64; x64; rv:62.0) Gecko/20100101 Firefox/62.0',
  'host' => 'pml.zhihuo.com.cn',
  'content-type' => '',
)
[ info ] [ PARAM ] array (
  'account' => 'xiaoshuai',
  'password' => '123456',
)
[ info ] [ LANG ] /www/wwwroot/pml_zhihuo_com_cn/pml/public/../application/api/lang/zh-cn.php
[ info ] [ BEHAVIOR ] Run app\common\behavior\Common @module_init [ RunTime:0.001393s ]
[ info ] [ DB ] INIT mysql
[ info ] [ LANG ] /www/wwwroot/pml_zhihuo_com_cn/pml/public/../application/api/lang/zh-cn/user.php
[ info ] [ RUN ] app\api\controller\User->login[ /www/wwwroot/pml_zhihuo_com_cn/pml/application/api/controller/User.php ]
[ info ] [ TOKEN ] INIT Mysql
[ info ] [ LOG ] INIT File
[ sql ] [ DB ] CONNECT:[ UseTime:0.006068s ] mysql:host=106.15.230.197;dbname=pml_zhihuo_com_c;charset=utf8
[ sql ] [ SQL ] SHOW COLUMNS FROM `pml_user` [ RunTime:0.004766s ]
[ sql ] [ SQL ] SELECT * FROM `pml_user` WHERE  `username` = 'xiaoshuai' LIMIT 1 [ RunTime:0.004288s ]
[ sql ] [ SQL ] SELECT * FROM `pml_user` WHERE  `id` = 2 LIMIT 1 [ RunTime:0.004150s ]
[ sql ] [ SQL ] UPDATE `pml_user`  SET `prevtime`=1553744088,`logintime`=1553744380,`updatetime`=1553744380  WHERE  `id` = 2 [ RunTime:0.009723s ]
[ sql ] [ SQL ] SHOW COLUMNS FROM `pml_user_token` [ RunTime:0.004416s ]
[ sql ] [ SQL ] INSERT INTO `pml_user_token` (`token` , `user_id` , `createtime` , `expiretime`) VALUES ('f61c6f49e5bc2dadf27d8f9fca0c227a3c07d523' , 2 , 1553744380 , 1556336380) [ RunTime:0.009206s ]
[ sql ] [ SQL ] SELECT * FROM `pml_user_token` WHERE  `token` = 'f61c6f49e5bc2dadf27d8f9fca0c227a3c07d523' LIMIT 1 [ RunTime:0.004060s ]
---------------------------------------------------------------
[ 2019-03-28T15:21:32+08:00 ] 103.214.85.216 POST pml.zhihuo.com.cn/api/user/login?account=xiaoshuai&password=123456
[运行时间：1.145289s] [吞吐率：0.87req/s] [内存消耗：3,383.84kb] [文件加载：72]
[ info ] [ BEHAVIOR ] Run Closure @app_init [ RunTime:0.000170s ]
[ info ] [ CACHE ] INIT File
[ info ] [ BEHAVIOR ] Run Closure @app_init [ RunTime:0.005368s ]
[ info ] [ LANG ] /www/wwwroot/pml_zhihuo_com_cn/pml/thinkphp/lang/zh-cn.php
[ info ] [ ROUTE ] array (
  'type' => 'module',
  'module' => 
  array (
    0 => 'api',
    1 => 'user',
    2 => 'login',
  ),
)
[ info ] [ HEADER ] array (
  'content-length' => '0',
  'connection' => 'keep-alive',
  'origin' => 'http://localhost:8080',
  'referer' => 'http://localhost:8080/',
  'accept-encoding' => 'gzip, deflate',
  'accept-language' => 'zh-CN,zh;q=0.8,zh-TW;q=0.7,zh-HK;q=0.5,en-US;q=0.3,en;q=0.2',
  'accept' => 'application/json, text/plain, */*',
  'user-agent' => 'Mozilla/5.0 (Windows NT 10.0; Win64; x64; rv:66.0) Gecko/20100101 Firefox/66.0',
  'host' => 'pml.zhihuo.com.cn',
  'content-type' => '',
)
[ info ] [ PARAM ] array (
  'account' => 'xiaoshuai',
  'password' => '123456',
)
[ info ] [ LANG ] /www/wwwroot/pml_zhihuo_com_cn/pml/public/../application/api/lang/zh-cn.php
[ info ] [ BEHAVIOR ] Run app\common\behavior\Common @module_init [ RunTime:0.058456s ]
[ info ] [ DB ] INIT mysql
[ info ] [ LANG ] /www/wwwroot/pml_zhihuo_com_cn/pml/public/../application/api/lang/zh-cn/user.php
[ info ] [ RUN ] app\api\controller\User->login[ /www/wwwroot/pml_zhihuo_com_cn/pml/application/api/controller/User.php ]
[ info ] [ TOKEN ] INIT Mysql
[ info ] [ LOG ] INIT File
[ sql ] [ DB ] CONNECT:[ UseTime:0.034677s ] mysql:host=106.15.230.197;dbname=pml_zhihuo_com_c;charset=utf8
[ sql ] [ SQL ] SHOW COLUMNS FROM `pml_user` [ RunTime:0.073703s ]
[ sql ] [ SQL ] SELECT * FROM `pml_user` WHERE  `username` = 'xiaoshuai' LIMIT 1 [ RunTime:0.004297s ]
[ sql ] [ SQL ] SELECT * FROM `pml_user` WHERE  `id` = 2 LIMIT 1 [ RunTime:0.004076s ]
[ sql ] [ SQL ] UPDATE `pml_user`  SET `prevtime`=1553744380,`logintime`=1553757692,`updatetime`=1553757692  WHERE  `id` = 2 [ RunTime:0.028208s ]
[ sql ] [ SQL ] SHOW COLUMNS FROM `pml_user_token` [ RunTime:0.017519s ]
[ sql ] [ SQL ] INSERT INTO `pml_user_token` (`token` , `user_id` , `createtime` , `expiretime`) VALUES ('feaa46e7b2972ff0da44233022c8f0fcff602e24' , 2 , 1553757692 , 1556349692) [ RunTime:0.009239s ]
[ sql ] [ SQL ] SELECT * FROM `pml_user_token` WHERE  `token` = 'feaa46e7b2972ff0da44233022c8f0fcff602e24' LIMIT 1 [ RunTime:0.004043s ]
