---------------------------------------------------------------
[ 2019-08-07T01:00:03+08:00 ] 106.15.230.197 GET pml.zhihuo.com.cn/api/Startreptile/index
[运行时间：1.550690s] [吞吐率：0.64req/s] [内存消耗：3,952.39kb] [文件加载：75]
[ info ] [ BEHAVIOR ] Run Closure @app_init [ RunTime:0.000194s ]
[ info ] [ CACHE ] INIT File
[ info ] [ BEHAVIOR ] Run Closure @app_init [ RunTime:0.002158s ]
[ info ] [ LANG ] /www/wwwroot/pml_zhihuo_com_cn/pml/thinkphp/lang/zh-cn.php
[ info ] [ ROUTE ] array (
  'type' => 'module',
  'module' => 
  array (
    0 => 'api',
    1 => 'Startreptile',
    2 => 'index',
  ),
)
[ info ] [ HEADER ] array (
  'accept' => '*/*',
  'host' => 'pml.zhihuo.com.cn',
  'user-agent' => 'curl/7.29.0',
  'content-type' => '',
  'content-length' => '',
)
[ info ] [ PARAM ] array (
)
[ info ] [ LANG ] /www/wwwroot/pml_zhihuo_com_cn/pml/public/../application/api/lang/zh-cn.php
[ info ] [ BEHAVIOR ] Run app\common\behavior\Common @module_init [ RunTime:0.003081s ]
[ info ] [ RUN ] app\api\controller\Startreptile->index[ /www/wwwroot/pml_zhihuo_com_cn/pml/application/api/controller/Startreptile.php ]
[ info ] [ DB ] INIT mysql
[ info ] [ LOG ] INIT File
[ sql ] [ DB ] CONNECT:[ UseTime:0.008514s ] mysql:host=106.15.230.197;dbname=pml_zhihuo_com_c;charset=utf8
[ sql ] [ SQL ] SHOW COLUMNS FROM `pml_projcet` [ RunTime:0.006294s ]
[ sql ] [ SQL ] SELECT `b`.`id`,`b`.`keyword_name`,`b`.`channel_name`,`channel_id`,`a`.`address`,`b`.`project_id` FROM `pml_projcet` `a` INNER JOIN `pml_order` `b` ON `a`.`id`=`b`.`project_id` WHERE  (  a.status="1" ) [ RunTime:0.007342s ]
---------------------------------------------------------------
[ 2019-08-07T07:00:05+08:00 ] 106.15.230.197 GET pml.zhihuo.com.cn/api/Startranking/index
[运行时间：3.526250s] [吞吐率：0.28req/s] [内存消耗：4,239.00kb] [文件加载：73]
[ info ] [ BEHAVIOR ] Run Closure @app_init [ RunTime:0.000108s ]
[ info ] [ CACHE ] INIT File
[ info ] [ BEHAVIOR ] Run Closure @app_init [ RunTime:0.001267s ]
[ info ] [ LANG ] /www/wwwroot/pml_zhihuo_com_cn/pml/thinkphp/lang/zh-cn.php
[ info ] [ ROUTE ] array (
  'type' => 'module',
  'module' => 
  array (
    0 => 'api',
    1 => 'Startranking',
    2 => 'index',
  ),
)
[ info ] [ HEADER ] array (
  'accept' => '*/*',
  'host' => 'pml.zhihuo.com.cn',
  'user-agent' => 'curl/7.29.0',
  'content-type' => '',
  'content-length' => '',
)
[ info ] [ PARAM ] array (
)
[ info ] [ LANG ] /www/wwwroot/pml_zhihuo_com_cn/pml/public/../application/api/lang/zh-cn.php
[ info ] [ BEHAVIOR ] Run app\common\behavior\Common @module_init [ RunTime:0.001638s ]
[ info ] [ RUN ] app\api\controller\Startranking->index[ /www/wwwroot/pml_zhihuo_com_cn/pml/application/api/controller/Startranking.php ]
[ info ] [ DB ] INIT mysql
[ info ] [ LOG ] INIT File
[ sql ] [ DB ] CONNECT:[ UseTime:0.007132s ] mysql:host=106.15.230.197;dbname=pml_zhihuo_com_c;charset=utf8
[ sql ] [ SQL ] SHOW COLUMNS FROM `pml_projcet` [ RunTime:0.005571s ]
[ sql ] [ SQL ] SELECT `id` FROM `pml_projcet` WHERE  (  status="1" ) [ RunTime:0.005117s ]
[ sql ] [ SQL ] SHOW COLUMNS FROM `pml_consumption` [ RunTime:0.005807s ]
[ sql ] [ SQL ] SELECT * FROM `pml_consumption` WHERE  `projcet_id` = 263  AND (  '2019-08-07 00:00:00'< create_time and create_time < '2019-08-07 23:59:59' ) LIMIT 1 [ RunTime:0.006361s ]
[ sql ] [ SQL ] SELECT * FROM `pml_projcet` WHERE  `id` = 263  AND `pay_status` = '1' LIMIT 1 [ RunTime:0.004889s ]
[ sql ] [ SQL ] SELECT `b`.`id`,`b`.`keyword_name`,`b`.`channel_name`,`channel_id`,`a`.`address`,`a`.`days`,`b`.`create_time`,`project_id`,`b`.`reach_count`,`b`.`user_id` FROM `pml_projcet` `a` INNER JOIN `pml_order` `b` ON `a`.`id`=`b`.`project_id` WHERE  (  project_id="263" ) [ RunTime:0.005902s ]
[ sql ] [ SQL ] SHOW COLUMNS FROM `pml_order` [ RunTime:0.005248s ]
[ sql ] [ SQL ] SELECT `user_id`,`id`,`reach_count` FROM `pml_order` WHERE  `channel_name` = '百度PC'  AND `keyword_name` = '飞客'  AND `project_id` = 263 LIMIT 1 [ RunTime:0.004797s ]
[ sql ] [ SQL ] UPDATE `pml_order`  SET `taday_ranking`=1,`reach_count`=42,`complete_status`=1  WHERE  `channel_name` = '百度PC'  AND `keyword_name` = '飞客'  AND `project_id` = 263 [ RunTime:0.007751s ]
[ sql ] [ SQL ] SELECT b.id as order_id,`b`.`project_num`,`b`.`channel_id`,`b`.`channel_name`,`b`.`keyword_id`,`b`.`keyword_name`,`b`.`taday_ranking`,`b`.`price`,`b`.`project_id`,`a`.`name`,`b`.`user_id`,`a`.`amount` FROM `pml_projcet` `a` INNER JOIN `pml_order` `b` ON `a`.`id`=`b`.`project_id` WHERE  (  b.id="3804" ) [ RunTime:0.004839s ]
[ sql ] [ SQL ] SHOW COLUMNS FROM `pml_user` [ RunTime:0.005513s ]
[ sql ] [ SQL ] SELECT `username` FROM `pml_user` WHERE  (  id="40" ) LIMIT 1 [ RunTime:0.004701s ]
[ sql ] [ SQL ] UPDATE `pml_projcet`  SET `amount`=16035  WHERE  (  id="263" ) [ RunTime:0.004817s ]
[ sql ] [ SQL ] INSERT INTO `pml_consumption` (`order_sn` , `channel_id` , `channel_name` , `keyword_id` , `ranking` , `money` , `user_id` , `user_name` , `projcet_id` , `projcet_name` , `status` , `is_qualified` , `order_id`) VALUES ( '86_20190701_Ex7T1Y_40',1,'百度PC',643,1,'5.00',40,'lnj',263,'飞流',1,1,3804 ) [ RunTime:0.004899s ]
[ sql ] [ SQL ] SELECT `user_id`,`id`,`reach_count` FROM `pml_order` WHERE  `channel_name` = '搜狗移动'  AND `keyword_name` = '飞客'  AND `project_id` = 263 LIMIT 1 [ RunTime:0.004783s ]
[ sql ] [ SQL ] UPDATE `pml_order`  SET `taday_ranking`=1,`reach_count`=33,`complete_status`=1  WHERE  `channel_name` = '搜狗移动'  AND `keyword_name` = '飞客'  AND `project_id` = 263 [ RunTime:0.007464s ]
[ sql ] [ SQL ] SELECT b.id as order_id,`b`.`project_num`,`b`.`channel_id`,`b`.`channel_name`,`b`.`keyword_id`,`b`.`keyword_name`,`b`.`taday_ranking`,`b`.`price`,`b`.`project_id`,`a`.`name`,`b`.`user_id`,`a`.`amount` FROM `pml_projcet` `a` INNER JOIN `pml_order` `b` ON `a`.`id`=`b`.`project_id` WHERE  (  b.id="3807" ) [ RunTime:0.004792s ]
[ sql ] [ SQL ] SELECT `username` FROM `pml_user` WHERE  (  id="40" ) LIMIT 1 [ RunTime:0.207633s ]
[ sql ] [ SQL ] UPDATE `pml_projcet`  SET `amount`=16030  WHERE  (  id="263" ) [ RunTime:0.005161s ]
[ sql ] [ SQL ] INSERT INTO `pml_consumption` (`order_sn` , `channel_id` , `channel_name` , `keyword_id` , `ranking` , `money` , `user_id` , `user_name` , `projcet_id` , `projcet_name` , `status` , `is_qualified` , `order_id`) VALUES ( '86_20190701_Ex7T1Y_40',4,'搜狗移动',643,1,'5.00',40,'lnj',263,'飞流',1,1,3807 ) [ RunTime:0.004728s ]
[ sql ] [ SQL ] SELECT `user_id`,`id`,`reach_count` FROM `pml_order` WHERE  `channel_name` = '百度PC'  AND `keyword_name` = '飞客茶馆'  AND `project_id` = 263 LIMIT 1 [ RunTime:0.004825s ]
[ sql ] [ SQL ] UPDATE `pml_order`  SET `taday_ranking`=1,`reach_count`=42,`complete_status`=1  WHERE  `channel_name` = '百度PC'  AND `keyword_name` = '飞客茶馆'  AND `project_id` = 263 [ RunTime:0.007458s ]
[ sql ] [ SQL ] SELECT b.id as order_id,`b`.`project_num`,`b`.`channel_id`,`b`.`channel_name`,`b`.`keyword_id`,`b`.`keyword_name`,`b`.`taday_ranking`,`b`.`price`,`b`.`project_id`,`a`.`name`,`b`.`user_id`,`a`.`amount` FROM `pml_projcet` `a` INNER JOIN `pml_order` `b` ON `a`.`id`=`b`.`project_id` WHERE  (  b.id="3811" ) [ RunTime:0.004856s ]
[ sql ] [ SQL ] SELECT `username` FROM `pml_user` WHERE  (  id="40" ) LIMIT 1 [ RunTime:0.004687s ]
[ sql ] [ SQL ] UPDATE `pml_projcet`  SET `amount`=16025  WHERE  (  id="263" ) [ RunTime:0.004793s ]
[ sql ] [ SQL ] INSERT INTO `pml_consumption` (`order_sn` , `channel_id` , `channel_name` , `keyword_id` , `ranking` , `money` , `user_id` , `user_name` , `projcet_id` , `projcet_name` , `status` , `is_qualified` , `order_id`) VALUES ( '86_20190701_Ex7T1Y_40',1,'百度PC',644,1,'5.00',40,'lnj',263,'飞流',1,1,3811 ) [ RunTime:0.004664s ]
[ sql ] [ SQL ] SELECT `user_id`,`id`,`reach_count` FROM `pml_order` WHERE  `channel_name` = '神马'  AND `keyword_name` = '飞客茶馆'  AND `project_id` = 263 LIMIT 1 [ RunTime:0.004797s ]
[ sql ] [ SQL ] UPDATE `pml_order`  SET `taday_ranking`=12,`complete_status`=0  WHERE  `channel_name` = '神马'  AND `keyword_name` = '飞客茶馆'  AND `project_id` = 263 [ RunTime:0.007392s ]
[ sql ] [ SQL ] SELECT `user_id`,`id`,`reach_count` FROM `pml_order` WHERE  `channel_name` = '360PC'  AND `keyword_name` = '飞客茶馆'  AND `project_id` = 263 LIMIT 1 [ RunTime:0.004827s ]
[ sql ] [ SQL ] UPDATE `pml_order`  SET `taday_ranking`=1,`reach_count`=42,`complete_status`=1  WHERE  `channel_name` = '360PC'  AND `keyword_name` = '飞客茶馆'  AND `project_id` = 263 [ RunTime:0.007392s ]
[ sql ] [ SQL ] SELECT b.id as order_id,`b`.`project_num`,`b`.`channel_id`,`b`.`channel_name`,`b`.`keyword_id`,`b`.`keyword_name`,`b`.`taday_ranking`,`b`.`price`,`b`.`project_id`,`a`.`name`,`b`.`user_id`,`a`.`amount` FROM `pml_projcet` `a` INNER JOIN `pml_order` `b` ON `a`.`id`=`b`.`project_id` WHERE  (  b.id="3815" ) [ RunTime:0.004824s ]
[ sql ] [ SQL ] SELECT `username` FROM `pml_user` WHERE  (  id="40" ) LIMIT 1 [ RunTime:0.004645s ]
[ sql ] [ SQL ] UPDATE `pml_projcet`  SET `amount`=16020  WHERE  (  id="263" ) [ RunTime:0.004916s ]
[ sql ] [ SQL ] INSERT INTO `pml_consumption` (`order_sn` , `channel_id` , `channel_name` , `keyword_id` , `ranking` , `money` , `user_id` , `user_name` , `projcet_id` , `projcet_name` , `status` , `is_qualified` , `order_id`) VALUES ( '86_20190701_Ex7T1Y_40',5,'360PC',644,1,'5.00',40,'lnj',263,'飞流',1,1,3815 ) [ RunTime:0.004708s ]
[ sql ] [ SQL ] SELECT `user_id`,`id`,`reach_count` FROM `pml_order` WHERE  `channel_name` = '搜狗PC'  AND `keyword_name` = '飞客茶馆'  AND `project_id` = 263 LIMIT 1 [ RunTime:0.004835s ]
[ sql ] [ SQL ] UPDATE `pml_order`  SET `taday_ranking`=1,`reach_count`=42,`complete_status`=1  WHERE  `channel_name` = '搜狗PC'  AND `keyword_name` = '飞客茶馆'  AND `project_id` = 263 [ RunTime:0.007401s ]
[ sql ] [ SQL ] SELECT b.id as order_id,`b`.`project_num`,`b`.`channel_id`,`b`.`channel_name`,`b`.`keyword_id`,`b`.`keyword_name`,`b`.`taday_ranking`,`b`.`price`,`b`.`project_id`,`a`.`name`,`b`.`user_id`,`a`.`amount` FROM `pml_projcet` `a` INNER JOIN `pml_order` `b` ON `a`.`id`=`b`.`project_id` WHERE  (  b.id="3813" ) [ RunTime:0.004785s ]
[ sql ] [ SQL ] SELECT `username` FROM `pml_user` WHERE  (  id="40" ) LIMIT 1 [ RunTime:0.004640s ]
[ sql ] [ SQL ] UPDATE `pml_projcet`  SET `amount`=16015  WHERE  (  id="263" ) [ RunTime:0.004828s ]
[ sql ] [ SQL ] INSERT INTO `pml_consumption` (`order_sn` , `channel_id` , `channel_name` , `keyword_id` , `ranking` , `money` , `user_id` , `user_name` , `projcet_id` , `projcet_name` , `status` , `is_qualified` , `order_id`) VALUES ( '86_20190701_Ex7T1Y_40',2,'搜狗PC',644,1,'5.00',40,'lnj',263,'飞流',1,1,3813 ) [ RunTime:0.004700s ]
[ sql ] [ SQL ] SELECT `user_id`,`id`,`reach_count` FROM `pml_order` WHERE  `channel_name` = '百度移动'  AND `keyword_name` = '飞客'  AND `project_id` = 263 LIMIT 1 [ RunTime:0.004793s ]
[ sql ] [ SQL ] UPDATE `pml_order`  SET `taday_ranking`=6,`reach_count`=42,`complete_status`=1  WHERE  `channel_name` = '百度移动'  AND `keyword_name` = '飞客'  AND `project_id` = 263 [ RunTime:0.007390s ]
[ sql ] [ SQL ] SELECT b.id as order_id,`b`.`project_num`,`b`.`channel_id`,`b`.`channel_name`,`b`.`keyword_id`,`b`.`keyword_name`,`b`.`taday_ranking`,`b`.`price`,`b`.`project_id`,`a`.`name`,`b`.`user_id`,`a`.`amount` FROM `pml_projcet` `a` INNER JOIN `pml_order` `b` ON `a`.`id`=`b`.`project_id` WHERE  (  b.id="3805" ) [ RunTime:0.004797s ]
[ sql ] [ SQL ] SELECT `username` FROM `pml_user` WHERE  (  id="40" ) LIMIT 1 [ RunTime:0.004644s ]
[ sql ] [ SQL ] UPDATE `pml_projcet`  SET `amount`=16010  WHERE  (  id="263" ) [ RunTime:0.004777s ]
[ sql ] [ SQL ] INSERT INTO `pml_consumption` (`order_sn` , `channel_id` , `channel_name` , `keyword_id` , `ranking` , `money` , `user_id` , `user_name` , `projcet_id` , `projcet_name` , `status` , `is_qualified` , `order_id`) VALUES ( '86_20190701_Ex7T1Y_40',3,'百度移动',643,6,'5.00',40,'lnj',263,'飞流',1,1,3805 ) [ RunTime:0.004674s ]
[ sql ] [ SQL ] SELECT `user_id`,`id`,`reach_count` FROM `pml_order` WHERE  `channel_name` = '360PC'  AND `keyword_name` = '飞客'  AND `project_id` = 263 LIMIT 1 [ RunTime:0.004744s ]
[ sql ] [ SQL ] UPDATE `pml_order`  SET `taday_ranking`=1,`reach_count`=42,`complete_status`=1  WHERE  `channel_name` = '360PC'  AND `keyword_name` = '飞客'  AND `project_id` = 263 [ RunTime:0.007343s ]
[ sql ] [ SQL ] SELECT b.id as order_id,`b`.`project_num`,`b`.`channel_id`,`b`.`channel_name`,`b`.`keyword_id`,`b`.`keyword_name`,`b`.`taday_ranking`,`b`.`price`,`b`.`project_id`,`a`.`name`,`b`.`user_id`,`a`.`amount` FROM `pml_projcet` `a` INNER JOIN `pml_order` `b` ON `a`.`id`=`b`.`project_id` WHERE  (  b.id="3808" ) [ RunTime:0.004824s ]
[ sql ] [ SQL ] SELECT `username` FROM `pml_user` WHERE  (  id="40" ) LIMIT 1 [ RunTime:0.004634s ]
[ sql ] [ SQL ] UPDATE `pml_projcet`  SET `amount`=16005  WHERE  (  id="263" ) [ RunTime:0.004794s ]
[ sql ] [ SQL ] INSERT INTO `pml_consumption` (`order_sn` , `channel_id` , `channel_name` , `keyword_id` , `ranking` , `money` , `user_id` , `user_name` , `projcet_id` , `projcet_name` , `status` , `is_qualified` , `order_id`) VALUES ( '86_20190701_Ex7T1Y_40',5,'360PC',643,1,'5.00',40,'lnj',263,'飞流',1,1,3808 ) [ RunTime:0.004691s ]
[ sql ] [ SQL ] SELECT `user_id`,`id`,`reach_count` FROM `pml_order` WHERE  `channel_name` = '神马'  AND `keyword_name` = '飞客'  AND `project_id` = 263 LIMIT 1 [ RunTime:0.004774s ]
[ sql ] [ SQL ] UPDATE `pml_order`  SET `taday_ranking`=12,`complete_status`=0  WHERE  `channel_name` = '神马'  AND `keyword_name` = '飞客'  AND `project_id` = 263 [ RunTime:0.008962s ]
[ sql ] [ SQL ] SELECT `user_id`,`id`,`reach_count` FROM `pml_order` WHERE  `channel_name` = '搜狗PC'  AND `keyword_name` = '飞客'  AND `project_id` = 263 LIMIT 1 [ RunTime:0.004955s ]
[ sql ] [ SQL ] UPDATE `pml_order`  SET `taday_ranking`=3,`reach_count`=42,`complete_status`=1  WHERE  `channel_name` = '搜狗PC'  AND `keyword_name` = '飞客'  AND `project_id` = 263 [ RunTime:0.007989s ]
[ sql ] [ SQL ] SELECT b.id as order_id,`b`.`project_num`,`b`.`channel_id`,`b`.`channel_name`,`b`.`keyword_id`,`b`.`keyword_name`,`b`.`taday_ranking`,`b`.`price`,`b`.`project_id`,`a`.`name`,`b`.`user_id`,`a`.`amount` FROM `pml_projcet` `a` INNER JOIN `pml_order` `b` ON `a`.`id`=`b`.`project_id` WHERE  (  b.id="3806" ) [ RunTime:0.006388s ]
[ sql ] [ SQL ] SELECT `username` FROM `pml_user` WHERE  (  id="40" ) LIMIT 1 [ RunTime:0.011618s ]
[ sql ] [ SQL ] UPDATE `pml_projcet`  SET `amount`=16000  WHERE  (  id="263" ) [ RunTime:0.004997s ]
[ sql ] [ SQL ] INSERT INTO `pml_consumption` (`order_sn` , `channel_id` , `channel_name` , `keyword_id` , `ranking` , `money` , `user_id` , `user_name` , `projcet_id` , `projcet_name` , `status` , `is_qualified` , `order_id`) VALUES ( '86_20190701_Ex7T1Y_40',2,'搜狗PC',643,3,'5.00',40,'lnj',263,'飞流',1,1,3806 ) [ RunTime:0.004743s ]
[ sql ] [ SQL ] SELECT `user_id`,`id`,`reach_count` FROM `pml_order` WHERE  `channel_name` = '搜狗移动'  AND `keyword_name` = '飞客茶馆'  AND `project_id` = 263 LIMIT 1 [ RunTime:0.004790s ]
[ sql ] [ SQL ] UPDATE `pml_order`  SET `taday_ranking`=4,`reach_count`=39,`complete_status`=1  WHERE  `channel_name` = '搜狗移动'  AND `keyword_name` = '飞客茶馆'  AND `project_id` = 263 [ RunTime:0.007829s ]
[ sql ] [ SQL ] SELECT b.id as order_id,`b`.`project_num`,`b`.`channel_id`,`b`.`channel_name`,`b`.`keyword_id`,`b`.`keyword_name`,`b`.`taday_ranking`,`b`.`price`,`b`.`project_id`,`a`.`name`,`b`.`user_id`,`a`.`amount` FROM `pml_projcet` `a` INNER JOIN `pml_order` `b` ON `a`.`id`=`b`.`project_id` WHERE  (  b.id="3814" ) [ RunTime:0.004921s ]
[ sql ] [ SQL ] SELECT `username` FROM `pml_user` WHERE  (  id="40" ) LIMIT 1 [ RunTime:0.004710s ]
[ sql ] [ SQL ] UPDATE `pml_projcet`  SET `amount`=15995  WHERE  (  id="263" ) [ RunTime:0.004922s ]
[ sql ] [ SQL ] INSERT INTO `pml_consumption` (`order_sn` , `channel_id` , `channel_name` , `keyword_id` , `ranking` , `money` , `user_id` , `user_name` , `projcet_id` , `projcet_name` , `status` , `is_qualified` , `order_id`) VALUES ( '86_20190701_Ex7T1Y_40',4,'搜狗移动',644,4,'5.00',40,'lnj',263,'飞流',1,1,3814 ) [ RunTime:0.004750s ]
[ sql ] [ SQL ] SELECT `user_id`,`id`,`reach_count` FROM `pml_order` WHERE  `channel_name` = '百度移动'  AND `keyword_name` = '飞客茶馆'  AND `project_id` = 263 LIMIT 1 [ RunTime:0.004847s ]
[ sql ] [ SQL ] UPDATE `pml_order`  SET `taday_ranking`=2,`reach_count`=42,`complete_status`=1  WHERE  `channel_name` = '百度移动'  AND `keyword_name` = '飞客茶馆'  AND `project_id` = 263 [ RunTime:0.007398s ]
[ sql ] [ SQL ] SELECT b.id as order_id,`b`.`project_num`,`b`.`channel_id`,`b`.`channel_name`,`b`.`keyword_id`,`b`.`keyword_name`,`b`.`taday_ranking`,`b`.`price`,`b`.`project_id`,`a`.`name`,`b`.`user_id`,`a`.`amount` FROM `pml_projcet` `a` INNER JOIN `pml_order` `b` ON `a`.`id`=`b`.`project_id` WHERE  (  b.id="3812" ) [ RunTime:0.004823s ]
[ sql ] [ SQL ] SELECT `username` FROM `pml_user` WHERE  (  id="40" ) LIMIT 1 [ RunTime:0.004658s ]
[ sql ] [ SQL ] UPDATE `pml_projcet`  SET `amount`=15990  WHERE  (  id="263" ) [ RunTime:0.004806s ]
[ sql ] [ SQL ] INSERT INTO `pml_consumption` (`order_sn` , `channel_id` , `channel_name` , `keyword_id` , `ranking` , `money` , `user_id` , `user_name` , `projcet_id` , `projcet_name` , `status` , `is_qualified` , `order_id`) VALUES ( '86_20190701_Ex7T1Y_40',3,'百度移动',644,2,'5.00',40,'lnj',263,'飞流',1,1,3812 ) [ RunTime:0.004675s ]
[ sql ] [ SQL ] SELECT `user_id`,`id`,`reach_count` FROM `pml_order` WHERE  `channel_name` = '360移动'  AND `keyword_name` = '飞客'  AND `project_id` = 263 LIMIT 1 [ RunTime:0.004759s ]
[ sql ] [ SQL ] UPDATE `pml_order`  SET `taday_ranking`=1,`reach_count`=42,`complete_status`=1  WHERE  `channel_name` = '360移动'  AND `keyword_name` = '飞客'  AND `project_id` = 263 [ RunTime:0.007409s ]
[ sql ] [ SQL ] SELECT b.id as order_id,`b`.`project_num`,`b`.`channel_id`,`b`.`channel_name`,`b`.`keyword_id`,`b`.`keyword_name`,`b`.`taday_ranking`,`b`.`price`,`b`.`project_id`,`a`.`name`,`b`.`user_id`,`a`.`amount` FROM `pml_projcet` `a` INNER JOIN `pml_order` `b` ON `a`.`id`=`b`.`project_id` WHERE  (  b.id="3809" ) [ RunTime:0.004794s ]
[ sql ] [ SQL ] SELECT `username` FROM `pml_user` WHERE  (  id="40" ) LIMIT 1 [ RunTime:0.004664s ]
[ sql ] [ SQL ] UPDATE `pml_projcet`  SET `amount`=15985  WHERE  (  id="263" ) [ RunTime:0.207457s ]
[ sql ] [ SQL ] INSERT INTO `pml_consumption` (`order_sn` , `channel_id` , `channel_name` , `keyword_id` , `ranking` , `money` , `user_id` , `user_name` , `projcet_id` , `projcet_name` , `status` , `is_qualified` , `order_id`) VALUES ( '86_20190701_Ex7T1Y_40',7,'360移动',643,1,'5.00',40,'lnj',263,'飞流',1,1,3809 ) [ RunTime:0.004778s ]
[ sql ] [ SQL ] SELECT `user_id`,`id`,`reach_count` FROM `pml_order` WHERE  `channel_name` = '360移动'  AND `keyword_name` = '飞客茶馆'  AND `project_id` = 263 LIMIT 1 [ RunTime:0.004898s ]
[ sql ] [ SQL ] UPDATE `pml_order`  SET `taday_ranking`=1,`reach_count`=42,`complete_status`=1  WHERE  `channel_name` = '360移动'  AND `keyword_name` = '飞客茶馆'  AND `project_id` = 263 [ RunTime:0.007416s ]
[ sql ] [ SQL ] SELECT b.id as order_id,`b`.`project_num`,`b`.`channel_id`,`b`.`channel_name`,`b`.`keyword_id`,`b`.`keyword_name`,`b`.`taday_ranking`,`b`.`price`,`b`.`project_id`,`a`.`name`,`b`.`user_id`,`a`.`amount` FROM `pml_projcet` `a` INNER JOIN `pml_order` `b` ON `a`.`id`=`b`.`project_id` WHERE  (  b.id="3816" ) [ RunTime:0.004905s ]
[ sql ] [ SQL ] SELECT `username` FROM `pml_user` WHERE  (  id="40" ) LIMIT 1 [ RunTime:0.004709s ]
[ sql ] [ SQL ] UPDATE `pml_projcet`  SET `amount`=15980  WHERE  (  id="263" ) [ RunTime:0.004974s ]
[ sql ] [ SQL ] INSERT INTO `pml_consumption` (`order_sn` , `channel_id` , `channel_name` , `keyword_id` , `ranking` , `money` , `user_id` , `user_name` , `projcet_id` , `projcet_name` , `status` , `is_qualified` , `order_id`) VALUES ( '86_20190701_Ex7T1Y_40',7,'360移动',644,1,'5.00',40,'lnj',263,'飞流',1,1,3816 ) [ RunTime:0.004766s ]
[ sql ] [ SQL ] SELECT * FROM `pml_consumption` WHERE  `projcet_id` = 265  AND (  '2019-08-07 00:00:00'< create_time and create_time < '2019-08-07 23:59:59' ) LIMIT 1 [ RunTime:0.005585s ]
[ sql ] [ SQL ] SELECT * FROM `pml_projcet` WHERE  `id` = 265  AND `pay_status` = '1' LIMIT 1 [ RunTime:0.004751s ]
[ sql ] [ SQL ] SELECT `b`.`id`,`b`.`keyword_name`,`b`.`channel_name`,`channel_id`,`a`.`address`,`a`.`days`,`b`.`create_time`,`project_id`,`b`.`reach_count`,`b`.`user_id` FROM `pml_projcet` `a` INNER JOIN `pml_order` `b` ON `a`.`id`=`b`.`project_id` WHERE  (  project_id="265" ) [ RunTime:0.005625s ]
[ sql ] [ SQL ] SELECT `user_id`,`id`,`reach_count` FROM `pml_order` WHERE  `channel_name` = '神马'  AND `keyword_name` = '飞客'  AND `project_id` = 265 LIMIT 1 [ RunTime:0.005245s ]
[ sql ] [ SQL ] UPDATE `pml_order`  SET `taday_ranking`=12,`complete_status`=0  WHERE  `channel_name` = '神马'  AND `keyword_name` = '飞客'  AND `project_id` = 265 [ RunTime:0.007837s ]
[ sql ] [ SQL ] SELECT `user_id`,`id`,`reach_count` FROM `pml_order` WHERE  `channel_name` = '百度PC'  AND `keyword_name` = '飞客'  AND `project_id` = 265 LIMIT 1 [ RunTime:0.004807s ]
[ sql ] [ SQL ] UPDATE `pml_order`  SET `taday_ranking`=1,`reach_count`=42,`complete_status`=1  WHERE  `channel_name` = '百度PC'  AND `keyword_name` = '飞客'  AND `project_id` = 265 [ RunTime:0.007782s ]
[ sql ] [ SQL ] SELECT b.id as order_id,`b`.`project_num`,`b`.`channel_id`,`b`.`channel_name`,`b`.`keyword_id`,`b`.`keyword_name`,`b`.`taday_ranking`,`b`.`price`,`b`.`project_id`,`a`.`name`,`b`.`user_id`,`a`.`amount` FROM `pml_projcet` `a` INNER JOIN `pml_order` `b` ON `a`.`id`=`b`.`project_id` WHERE  (  b.id="3846" ) [ RunTime:0.004799s ]
[ sql ] [ SQL ] SELECT `username` FROM `pml_user` WHERE  (  id="41" ) LIMIT 1 [ RunTime:0.004703s ]
[ sql ] [ SQL ] UPDATE `pml_projcet`  SET `amount`=10590  WHERE  (  id="265" ) [ RunTime:0.004835s ]
[ sql ] [ SQL ] INSERT INTO `pml_consumption` (`order_sn` , `channel_id` , `channel_name` , `keyword_id` , `ranking` , `money` , `user_id` , `user_name` , `projcet_id` , `projcet_name` , `status` , `is_qualified` , `order_id`) VALUES ( '86_20190701_NfRubK_41',1,'百度PC',649,1,'5.00',41,'zhaobin',265,'飞客茶馆',1,1,3846 ) [ RunTime:0.004709s ]
[ sql ] [ SQL ] SELECT `user_id`,`id`,`reach_count` FROM `pml_order` WHERE  `channel_name` = '百度移动'  AND `keyword_name` = '飞客茶馆'  AND `project_id` = 265 LIMIT 1 [ RunTime:0.004754s ]
[ sql ] [ SQL ] UPDATE `pml_order`  SET `taday_ranking`=2,`reach_count`=40,`complete_status`=1  WHERE  `channel_name` = '百度移动'  AND `keyword_name` = '飞客茶馆'  AND `project_id` = 265 [ RunTime:0.007439s ]
[ sql ] [ SQL ] SELECT b.id as order_id,`b`.`project_num`,`b`.`channel_id`,`b`.`channel_name`,`b`.`keyword_id`,`b`.`keyword_name`,`b`.`taday_ranking`,`b`.`price`,`b`.`project_id`,`a`.`name`,`b`.`user_id`,`a`.`amount` FROM `pml_projcet` `a` INNER JOIN `pml_order` `b` ON `a`.`id`=`b`.`project_id` WHERE  (  b.id="3861" ) [ RunTime:0.004763s ]
[ sql ] [ SQL ] SELECT `username` FROM `pml_user` WHERE  (  id="41" ) LIMIT 1 [ RunTime:0.004636s ]
[ sql ] [ SQL ] UPDATE `pml_projcet`  SET `amount`=10585  WHERE  (  id="265" ) [ RunTime:0.004788s ]
[ sql ] [ SQL ] INSERT INTO `pml_consumption` (`order_sn` , `channel_id` , `channel_name` , `keyword_id` , `ranking` , `money` , `user_id` , `user_name` , `projcet_id` , `projcet_name` , `status` , `is_qualified` , `order_id`) VALUES ( '86_20190701_NfRubK_41',3,'百度移动',651,2,'5.00',41,'zhaobin',265,'飞客茶馆',1,1,3861 ) [ RunTime:0.004671s ]
[ sql ] [ SQL ] SELECT `user_id`,`id`,`reach_count` FROM `pml_order` WHERE  `channel_name` = '搜狗PC'  AND `keyword_name` = '飞客茶馆'  AND `project_id` = 265 LIMIT 1 [ RunTime:0.004797s ]
[ sql ] [ SQL ] UPDATE `pml_order`  SET `taday_ranking`=1,`reach_count`=42,`complete_status`=1  WHERE  `channel_name` = '搜狗PC'  AND `keyword_name` = '飞客茶馆'  AND `project_id` = 265 [ RunTime:0.007457s ]
[ sql ] [ SQL ] SELECT b.id as order_id,`b`.`project_num`,`b`.`channel_id`,`b`.`channel_name`,`b`.`keyword_id`,`b`.`keyword_name`,`b`.`taday_ranking`,`b`.`price`,`b`.`project_id`,`a`.`name`,`b`.`user_id`,`a`.`amount` FROM `pml_projcet` `a` INNER JOIN `pml_order` `b` ON `a`.`id`=`b`.`project_id` WHERE  (  b.id="3862" ) [ RunTime:0.004783s ]
[ sql ] [ SQL ] SELECT `username` FROM `pml_user` WHERE  (  id="41" ) LIMIT 1 [ RunTime:0.004647s ]
[ sql ] [ SQL ] UPDATE `pml_projcet`  SET `amount`=10580  WHERE  (  id="265" ) [ RunTime:0.004813s ]
[ sql ] [ SQL ] INSERT INTO `pml_consumption` (`order_sn` , `channel_id` , `channel_name` , `keyword_id` , `ranking` , `money` , `user_id` , `user_name` , `projcet_id` , `projcet_name` , `status` , `is_qualified` , `order_id`) VALUES ( '86_20190701_NfRubK_41',2,'搜狗PC',651,1,'5.00',41,'zhaobin',265,'飞客茶馆',1,1,3862 ) [ RunTime:0.004670s ]
[ sql ] [ SQL ] SELECT `user_id`,`id`,`reach_count` FROM `pml_order` WHERE  `channel_name` = '360PC'  AND `keyword_name` = '飞客茶馆'  AND `project_id` = 265 LIMIT 1 [ RunTime:0.004800s ]
[ sql ] [ SQL ] UPDATE `pml_order`  SET `taday_ranking`=1,`reach_count`=40,`complete_status`=1  WHERE  `channel_name` = '360PC'  AND `keyword_name` = '飞客茶馆'  AND `project_id` = 265 [ RunTime:0.007548s ]
[ sql ] [ SQL ] SELECT b.id as order_id,`b`.`project_num`,`b`.`channel_id`,`b`.`channel_name`,`b`.`keyword_id`,`b`.`keyword_name`,`b`.`taday_ranking`,`b`.`price`,`b`.`project_id`,`a`.`name`,`b`.`user_id`,`a`.`amount` FROM `pml_projcet` `a` INNER JOIN `pml_order` `b` ON `a`.`id`=`b`.`project_id` WHERE  (  b.id="3864" ) [ RunTime:0.004807s ]
[ sql ] [ SQL ] SELECT `username` FROM `pml_user` WHERE  (  id="41" ) LIMIT 1 [ RunTime:0.004618s ]
[ sql ] [ SQL ] UPDATE `pml_projcet`  SET `amount`=10575  WHERE  (  id="265" ) [ RunTime:0.004873s ]
[ sql ] [ SQL ] INSERT INTO `pml_consumption` (`order_sn` , `channel_id` , `channel_name` , `keyword_id` , `ranking` , `money` , `user_id` , `user_name` , `projcet_id` , `projcet_name` , `status` , `is_qualified` , `order_id`) VALUES ( '86_20190701_NfRubK_41',5,'360PC',651,1,'5.00',41,'zhaobin',265,'飞客茶馆',1,1,3864 ) [ RunTime:0.004667s ]
[ sql ] [ SQL ] SELECT `user_id`,`id`,`reach_count` FROM `pml_order` WHERE  `channel_name` = '神马'  AND `keyword_name` = '飞客茶馆'  AND `project_id` = 265 LIMIT 1 [ RunTime:0.004802s ]
[ sql ] [ SQL ] UPDATE `pml_order`  SET `taday_ranking`=12,`complete_status`=0  WHERE  `channel_name` = '神马'  AND `keyword_name` = '飞客茶馆'  AND `project_id` = 265 [ RunTime:0.007413s ]
[ sql ] [ SQL ] SELECT `user_id`,`id`,`reach_count` FROM `pml_order` WHERE  `channel_name` = '360PC'  AND `keyword_name` = '飞客'  AND `project_id` = 265 LIMIT 1 [ RunTime:0.004769s ]
[ sql ] [ SQL ] UPDATE `pml_order`  SET `taday_ranking`=1,`reach_count`=40,`complete_status`=1  WHERE  `channel_name` = '360PC'  AND `keyword_name` = '飞客'  AND `project_id` = 265 [ RunTime:0.007580s ]
[ sql ] [ SQL ] SELECT b.id as order_id,`b`.`project_num`,`b`.`channel_id`,`b`.`channel_name`,`b`.`keyword_id`,`b`.`keyword_name`,`b`.`taday_ranking`,`b`.`price`,`b`.`project_id`,`a`.`name`,`b`.`user_id`,`a`.`amount` FROM `pml_projcet` `a` INNER JOIN `pml_order` `b` ON `a`.`id`=`b`.`project_id` WHERE  (  b.id="3850" ) [ RunTime:0.004797s ]
[ sql ] [ SQL ] SELECT `username` FROM `pml_user` WHERE  (  id="41" ) LIMIT 1 [ RunTime:0.004649s ]
[ sql ] [ SQL ] UPDATE `pml_projcet`  SET `amount`=10570  WHERE  (  id="265" ) [ RunTime:0.004860s ]
[ sql ] [ SQL ] INSERT INTO `pml_consumption` (`order_sn` , `channel_id` , `channel_name` , `keyword_id` , `ranking` , `money` , `user_id` , `user_name` , `projcet_id` , `projcet_name` , `status` , `is_qualified` , `order_id`) VALUES ( '86_20190701_NfRubK_41',5,'360PC',649,1,'5.00',41,'zhaobin',265,'飞客茶馆',1,1,3850 ) [ RunTime:0.004694s ]
[ sql ] [ SQL ] SELECT `user_id`,`id`,`reach_count` FROM `pml_order` WHERE  `channel_name` = '百度PC'  AND `keyword_name` = '飞客茶馆'  AND `project_id` = 265 LIMIT 1 [ RunTime:0.004820s ]
[ sql ] [ SQL ] UPDATE `pml_order`  SET `taday_ranking`=1,`reach_count`=42,`complete_status`=1  WHERE  `channel_name` = '百度PC'  AND `keyword_name` = '飞客茶馆'  AND `project_id` = 265 [ RunTime:0.007518s ]
[ sql ] [ SQL ] SELECT b.id as order_id,`b`.`project_num`,`b`.`channel_id`,`b`.`channel_name`,`b`.`keyword_id`,`b`.`keyword_name`,`b`.`taday_ranking`,`b`.`price`,`b`.`project_id`,`a`.`name`,`b`.`user_id`,`a`.`amount` FROM `pml_projcet` `a` INNER JOIN `pml_order` `b` ON `a`.`id`=`b`.`project_id` WHERE  (  b.id="3860" ) [ RunTime:0.004790s ]
[ sql ] [ SQL ] SELECT `username` FROM `pml_user` WHERE  (  id="41" ) LIMIT 1 [ RunTime:0.004618s ]
[ sql ] [ SQL ] UPDATE `pml_projcet`  SET `amount`=10565  WHERE  (  id="265" ) [ RunTime:0.004798s ]
[ sql ] [ SQL ] INSERT INTO `pml_consumption` (`order_sn` , `channel_id` , `channel_name` , `keyword_id` , `ranking` , `money` , `user_id` , `user_name` , `projcet_id` , `projcet_name` , `status` , `is_qualified` , `order_id`) VALUES ( '86_20190701_NfRubK_41',1,'百度PC',651,1,'5.00',41,'zhaobin',265,'飞客茶馆',1,1,3860 ) [ RunTime:0.004703s ]
[ sql ] [ SQL ] SELECT `user_id`,`id`,`reach_count` FROM `pml_order` WHERE  `channel_name` = '360PC'  AND `keyword_name` = '茶馆'  AND `project_id` = 265 LIMIT 1 [ RunTime:0.004751s ]
[ sql ] [ SQL ] UPDATE `pml_order`  SET `taday_ranking`=16,`complete_status`=0  WHERE  `channel_name` = '360PC'  AND `keyword_name` = '茶馆'  AND `project_id` = 265 [ RunTime:0.007346s ]
[ sql ] [ SQL ] SELECT `user_id`,`id`,`reach_count` FROM `pml_order` WHERE  `channel_name` = '搜狗PC'  AND `keyword_name` = '飞客'  AND `project_id` = 265 LIMIT 1 [ RunTime:0.004765s ]
[ sql ] [ SQL ] UPDATE `pml_order`  SET `taday_ranking`=3,`reach_count`=42,`complete_status`=1  WHERE  `channel_name` = '搜狗PC'  AND `keyword_name` = '飞客'  AND `project_id` = 265 [ RunTime:0.008113s ]
[ sql ] [ SQL ] SELECT b.id as order_id,`b`.`project_num`,`b`.`channel_id`,`b`.`channel_name`,`b`.`keyword_id`,`b`.`keyword_name`,`b`.`taday_ranking`,`b`.`price`,`b`.`project_id`,`a`.`name`,`b`.`user_id`,`a`.`amount` FROM `pml_projcet` `a` INNER JOIN `pml_order` `b` ON `a`.`id`=`b`.`project_id` WHERE  (  b.id="3848" ) [ RunTime:0.004805s ]
[ sql ] [ SQL ] SELECT `username` FROM `pml_user` WHERE  (  id="41" ) LIMIT 1 [ RunTime:0.004740s ]
[ sql ] [ SQL ] UPDATE `pml_projcet`  SET `amount`=10560  WHERE  (  id="265" ) [ RunTime:0.004988s ]
[ sql ] [ SQL ] INSERT INTO `pml_consumption` (`order_sn` , `channel_id` , `channel_name` , `keyword_id` , `ranking` , `money` , `user_id` , `user_name` , `projcet_id` , `projcet_name` , `status` , `is_qualified` , `order_id`) VALUES ( '86_20190701_NfRubK_41',2,'搜狗PC',649,3,'5.00',41,'zhaobin',265,'飞客茶馆',1,1,3848 ) [ RunTime:0.004788s ]
[ sql ] [ SQL ] SELECT `user_id`,`id`,`reach_count` FROM `pml_order` WHERE  `channel_name` = '百度移动'  AND `keyword_name` = '飞客'  AND `project_id` = 265 LIMIT 1 [ RunTime:0.004908s ]
[ sql ] [ SQL ] UPDATE `pml_order`  SET `taday_ranking`=6,`reach_count`=42,`complete_status`=1  WHERE  `channel_name` = '百度移动'  AND `keyword_name` = '飞客'  AND `project_id` = 265 [ RunTime:0.009064s ]
[ sql ] [ SQL ] SELECT b.id as order_id,`b`.`project_num`,`b`.`channel_id`,`b`.`channel_name`,`b`.`keyword_id`,`b`.`keyword_name`,`b`.`taday_ranking`,`b`.`price`,`b`.`project_id`,`a`.`name`,`b`.`user_id`,`a`.`amount` FROM `pml_projcet` `a` INNER JOIN `pml_order` `b` ON `a`.`id`=`b`.`project_id` WHERE  (  b.id="3847" ) [ RunTime:0.004903s ]
[ sql ] [ SQL ] SELECT `username` FROM `pml_user` WHERE  (  id="41" ) LIMIT 1 [ RunTime:0.004671s ]
[ sql ] [ SQL ] UPDATE `pml_projcet`  SET `amount`=10555  WHERE  (  id="265" ) [ RunTime:0.004849s ]
[ sql ] [ SQL ] INSERT INTO `pml_consumption` (`order_sn` , `channel_id` , `channel_name` , `keyword_id` , `ranking` , `money` , `user_id` , `user_name` , `projcet_id` , `projcet_name` , `status` , `is_qualified` , `order_id`) VALUES ( '86_20190701_NfRubK_41',3,'百度移动',649,6,'5.00',41,'zhaobin',265,'飞客茶馆',1,1,3847 ) [ RunTime:0.004664s ]
[ sql ] [ SQL ] SELECT `user_id`,`id`,`reach_count` FROM `pml_order` WHERE  `channel_name` = '神马'  AND `keyword_name` = '阿斯顿'  AND `project_id` = 265 LIMIT 1 [ RunTime:0.004788s ]
[ sql ] [ SQL ] UPDATE `pml_order`  SET `taday_ranking`=100,`complete_status`=0  WHERE  `channel_name` = '神马'  AND `keyword_name` = '阿斯顿'  AND `project_id` = 265 [ RunTime:0.007359s ]
[ sql ] [ SQL ] SELECT `user_id`,`id`,`reach_count` FROM `pml_order` WHERE  `channel_name` = '百度PC'  AND `keyword_name` = '茶馆'  AND `project_id` = 265 LIMIT 1 [ RunTime:0.004764s ]
[ sql ] [ SQL ] UPDATE `pml_order`  SET `taday_ranking`=41,`complete_status`=0  WHERE  `channel_name` = '百度PC'  AND `keyword_name` = '茶馆'  AND `project_id` = 265 [ RunTime:0.007463s ]
[ sql ] [ SQL ] SELECT `user_id`,`id`,`reach_count` FROM `pml_order` WHERE  `channel_name` = '百度PC'  AND `keyword_name` = '阿斯顿'  AND `project_id` = 265 LIMIT 1 [ RunTime:0.004776s ]
[ sql ] [ SQL ] UPDATE `pml_order`  SET `taday_ranking`=100,`complete_status`=0  WHERE  `channel_name` = '百度PC'  AND `keyword_name` = '阿斯顿'  AND `project_id` = 265 [ RunTime:0.007366s ]
[ sql ] [ SQL ] SELECT `user_id`,`id`,`reach_count` FROM `pml_order` WHERE  `channel_name` = '百度移动'  AND `keyword_name` = '茶馆'  AND `project_id` = 265 LIMIT 1 [ RunTime:0.004815s ]
[ sql ] [ SQL ] UPDATE `pml_order`  SET `taday_ranking`=53,`complete_status`=0  WHERE  `channel_name` = '百度移动'  AND `keyword_name` = '茶馆'  AND `project_id` = 265 [ RunTime:0.007497s ]
[ sql ] [ SQL ] SELECT `user_id`,`id`,`reach_count` FROM `pml_order` WHERE  `channel_name` = '神马'  AND `keyword_name` = '茶馆'  AND `project_id` = 265 LIMIT 1 [ RunTime:0.004803s ]
[ sql ] [ SQL ] UPDATE `pml_order`  SET `taday_ranking`=100,`complete_status`=0  WHERE  `channel_name` = '神马'  AND `keyword_name` = '茶馆'  AND `project_id` = 265 [ RunTime:0.007348s ]
[ sql ] [ SQL ] SELECT `user_id`,`id`,`reach_count` FROM `pml_order` WHERE  `channel_name` = '360移动'  AND `keyword_name` = '飞客茶馆'  AND `project_id` = 265 LIMIT 1 [ RunTime:0.004759s ]
[ sql ] [ SQL ] UPDATE `pml_order`  SET `taday_ranking`=1,`reach_count`=42,`complete_status`=1  WHERE  `channel_name` = '360移动'  AND `keyword_name` = '飞客茶馆'  AND `project_id` = 265 [ RunTime:0.007497s ]
[ sql ] [ SQL ] SELECT b.id as order_id,`b`.`project_num`,`b`.`channel_id`,`b`.`channel_name`,`b`.`keyword_id`,`b`.`keyword_name`,`b`.`taday_ranking`,`b`.`price`,`b`.`project_id`,`a`.`name`,`b`.`user_id`,`a`.`amount` FROM `pml_projcet` `a` INNER JOIN `pml_order` `b` ON `a`.`id`=`b`.`project_id` WHERE  (  b.id="3865" ) [ RunTime:0.004831s ]
[ sql ] [ SQL ] SELECT `username` FROM `pml_user` WHERE  (  id="41" ) LIMIT 1 [ RunTime:0.004675s ]
[ sql ] [ SQL ] UPDATE `pml_projcet`  SET `amount`=10550  WHERE  (  id="265" ) [ RunTime:0.004954s ]
[ sql ] [ SQL ] INSERT INTO `pml_consumption` (`order_sn` , `channel_id` , `channel_name` , `keyword_id` , `ranking` , `money` , `user_id` , `user_name` , `projcet_id` , `projcet_name` , `status` , `is_qualified` , `order_id`) VALUES ( '86_20190701_NfRubK_41',7,'360移动',651,1,'5.00',41,'zhaobin',265,'飞客茶馆',1,1,3865 ) [ RunTime:0.004708s ]
[ sql ] [ SQL ] SELECT `user_id`,`id`,`reach_count` FROM `pml_order` WHERE  `channel_name` = '百度PC'  AND `keyword_name` = '旅行'  AND `project_id` = 265 LIMIT 1 [ RunTime:0.004784s ]
[ sql ] [ SQL ] UPDATE `pml_order`  SET `taday_ranking`=100,`complete_status`=0  WHERE  `channel_name` = '百度PC'  AND `keyword_name` = '旅行'  AND `project_id` = 265 [ RunTime:0.007440s ]
[ sql ] [ SQL ] SELECT `user_id`,`id`,`reach_count` FROM `pml_order` WHERE  `channel_name` = '百度移动'  AND `keyword_name` = '阿斯顿'  AND `project_id` = 265 LIMIT 1 [ RunTime:0.004780s ]
[ sql ] [ SQL ] UPDATE `pml_order`  SET `taday_ranking`=100,`complete_status`=0  WHERE  `channel_name` = '百度移动'  AND `keyword_name` = '阿斯顿'  AND `project_id` = 265 [ RunTime:0.007366s ]
[ sql ] [ SQL ] SELECT `user_id`,`id`,`reach_count` FROM `pml_order` WHERE  `channel_name` = '360PC'  AND `keyword_name` = '阿斯顿'  AND `project_id` = 265 LIMIT 1 [ RunTime:0.004757s ]
[ sql ] [ SQL ] UPDATE `pml_order`  SET `taday_ranking`=100,`complete_status`=0  WHERE  `channel_name` = '360PC'  AND `keyword_name` = '阿斯顿'  AND `project_id` = 265 [ RunTime:0.007359s ]
[ sql ] [ SQL ] SELECT `user_id`,`id`,`reach_count` FROM `pml_order` WHERE  `channel_name` = '360移动'  AND `keyword_name` = '飞客'  AND `project_id` = 265 LIMIT 1 [ RunTime:0.004818s ]
[ sql ] [ SQL ] UPDATE `pml_order`  SET `taday_ranking`=1,`reach_count`=42,`complete_status`=1  WHERE  `channel_name` = '360移动'  AND `keyword_name` = '飞客'  AND `project_id` = 265 [ RunTime:0.007584s ]
[ sql ] [ SQL ] SELECT b.id as order_id,`b`.`project_num`,`b`.`channel_id`,`b`.`channel_name`,`b`.`keyword_id`,`b`.`keyword_name`,`b`.`taday_ranking`,`b`.`price`,`b`.`project_id`,`a`.`name`,`b`.`user_id`,`a`.`amount` FROM `pml_projcet` `a` INNER JOIN `pml_order` `b` ON `a`.`id`=`b`.`project_id` WHERE  (  b.id="3851" ) [ RunTime:0.004805s ]
[ sql ] [ SQL ] SELECT `username` FROM `pml_user` WHERE  (  id="41" ) LIMIT 1 [ RunTime:0.004666s ]
[ sql ] [ SQL ] UPDATE `pml_projcet`  SET `amount`=10545  WHERE  (  id="265" ) [ RunTime:0.004919s ]
[ sql ] [ SQL ] INSERT INTO `pml_consumption` (`order_sn` , `channel_id` , `channel_name` , `keyword_id` , `ranking` , `money` , `user_id` , `user_name` , `projcet_id` , `projcet_name` , `status` , `is_qualified` , `order_id`) VALUES ( '86_20190701_NfRubK_41',7,'360移动',649,1,'5.00',41,'zhaobin',265,'飞客茶馆',1,1,3851 ) [ RunTime:0.004702s ]
[ sql ] [ SQL ] SELECT `user_id`,`id`,`reach_count` FROM `pml_order` WHERE  `channel_name` = '360移动'  AND `keyword_name` = '茶馆'  AND `project_id` = 265 LIMIT 1 [ RunTime:0.004764s ]
[ sql ] [ SQL ] UPDATE `pml_order`  SET `taday_ranking`=23,`complete_status`=0  WHERE  `channel_name` = '360移动'  AND `keyword_name` = '茶馆'  AND `project_id` = 265 [ RunTime:0.007366s ]
[ sql ] [ SQL ] SELECT `user_id`,`id`,`reach_count` FROM `pml_order` WHERE  `channel_name` = '搜狗PC'  AND `keyword_name` = '阿斯顿'  AND `project_id` = 265 LIMIT 1 [ RunTime:0.004762s ]
[ sql ] [ SQL ] UPDATE `pml_order`  SET `taday_ranking`=100,`complete_status`=0  WHERE  `channel_name` = '搜狗PC'  AND `keyword_name` = '阿斯顿'  AND `project_id` = 265 [ RunTime:0.007401s ]
[ sql ] [ SQL ] SELECT `user_id`,`id`,`reach_count` FROM `pml_order` WHERE  `channel_name` = '搜狗PC'  AND `keyword_name` = '茶馆'  AND `project_id` = 265 LIMIT 1 [ RunTime:0.004790s ]
[ sql ] [ SQL ] UPDATE `pml_order`  SET `taday_ranking`=100,`complete_status`=0  WHERE  `channel_name` = '搜狗PC'  AND `keyword_name` = '茶馆'  AND `project_id` = 265 [ RunTime:0.007449s ]
[ sql ] [ SQL ] SELECT `user_id`,`id`,`reach_count` FROM `pml_order` WHERE  `channel_name` = '搜狗移动'  AND `keyword_name` = '阿斯顿'  AND `project_id` = 265 LIMIT 1 [ RunTime:0.004779s ]
[ sql ] [ SQL ] UPDATE `pml_order`  SET `taday_ranking`=100,`complete_status`=0  WHERE  `channel_name` = '搜狗移动'  AND `keyword_name` = '阿斯顿'  AND `project_id` = 265 [ RunTime:0.007377s ]
[ sql ] [ SQL ] SELECT `user_id`,`id`,`reach_count` FROM `pml_order` WHERE  `channel_name` = '360移动'  AND `keyword_name` = '阿斯顿'  AND `project_id` = 265 LIMIT 1 [ RunTime:0.004808s ]
[ sql ] [ SQL ] UPDATE `pml_order`  SET `taday_ranking`=100,`complete_status`=0  WHERE  `channel_name` = '360移动'  AND `keyword_name` = '阿斯顿'  AND `project_id` = 265 [ RunTime:0.007381s ]
[ sql ] [ SQL ] SELECT `user_id`,`id`,`reach_count` FROM `pml_order` WHERE  `channel_name` = '搜狗移动'  AND `keyword_name` = '茶馆'  AND `project_id` = 265 LIMIT 1 [ RunTime:0.004780s ]
[ sql ] [ SQL ] UPDATE `pml_order`  SET `taday_ranking`=100,`complete_status`=0  WHERE  `channel_name` = '搜狗移动'  AND `keyword_name` = '茶馆'  AND `project_id` = 265 [ RunTime:0.007338s ]
[ sql ] [ SQL ] SELECT `user_id`,`id`,`reach_count` FROM `pml_order` WHERE  `channel_name` = '搜狗移动'  AND `keyword_name` = '飞客'  AND `project_id` = 265 LIMIT 1 [ RunTime:0.004763s ]
[ sql ] [ SQL ] UPDATE `pml_order`  SET `taday_ranking`=1,`reach_count`=38,`complete_status`=1  WHERE  `channel_name` = '搜狗移动'  AND `keyword_name` = '飞客'  AND `project_id` = 265 [ RunTime:0.007643s ]
[ sql ] [ SQL ] SELECT b.id as order_id,`b`.`project_num`,`b`.`channel_id`,`b`.`channel_name`,`b`.`keyword_id`,`b`.`keyword_name`,`b`.`taday_ranking`,`b`.`price`,`b`.`project_id`,`a`.`name`,`b`.`user_id`,`a`.`amount` FROM `pml_projcet` `a` INNER JOIN `pml_order` `b` ON `a`.`id`=`b`.`project_id` WHERE  (  b.id="3849" ) [ RunTime:0.004806s ]
[ sql ] [ SQL ] SELECT `username` FROM `pml_user` WHERE  (  id="41" ) LIMIT 1 [ RunTime:0.004628s ]
[ sql ] [ SQL ] UPDATE `pml_projcet`  SET `amount`=10540  WHERE  (  id="265" ) [ RunTime:0.004902s ]
[ sql ] [ SQL ] INSERT INTO `pml_consumption` (`order_sn` , `channel_id` , `channel_name` , `keyword_id` , `ranking` , `money` , `user_id` , `user_name` , `projcet_id` , `projcet_name` , `status` , `is_qualified` , `order_id`) VALUES ( '86_20190701_NfRubK_41',4,'搜狗移动',649,1,'5.00',41,'zhaobin',265,'飞客茶馆',1,1,3849 ) [ RunTime:0.004660s ]
[ sql ] [ SQL ] SELECT `user_id`,`id`,`reach_count` FROM `pml_order` WHERE  `channel_name` = '搜狗移动'  AND `keyword_name` = '飞客茶馆'  AND `project_id` = 265 LIMIT 1 [ RunTime:0.004730s ]
[ sql ] [ SQL ] UPDATE `pml_order`  SET `taday_ranking`=4,`reach_count`=39,`complete_status`=1  WHERE  `channel_name` = '搜狗移动'  AND `keyword_name` = '飞客茶馆'  AND `project_id` = 265 [ RunTime:0.007365s ]
[ sql ] [ SQL ] SELECT b.id as order_id,`b`.`project_num`,`b`.`channel_id`,`b`.`channel_name`,`b`.`keyword_id`,`b`.`keyword_name`,`b`.`taday_ranking`,`b`.`price`,`b`.`project_id`,`a`.`name`,`b`.`user_id`,`a`.`amount` FROM `pml_projcet` `a` INNER JOIN `pml_order` `b` ON `a`.`id`=`b`.`project_id` WHERE  (  b.id="3863" ) [ RunTime:0.004752s ]
[ sql ] [ SQL ] SELECT `username` FROM `pml_user` WHERE  (  id="41" ) LIMIT 1 [ RunTime:0.004610s ]
[ sql ] [ SQL ] UPDATE `pml_projcet`  SET `amount`=10535  WHERE  (  id="265" ) [ RunTime:0.004858s ]
[ sql ] [ SQL ] INSERT INTO `pml_consumption` (`order_sn` , `channel_id` , `channel_name` , `keyword_id` , `ranking` , `money` , `user_id` , `user_name` , `projcet_id` , `projcet_name` , `status` , `is_qualified` , `order_id`) VALUES ( '86_20190701_NfRubK_41',4,'搜狗移动',651,4,'5.00',41,'zhaobin',265,'飞客茶馆',1,1,3863 ) [ RunTime:0.004630s ]
[ sql ] [ SQL ] SELECT * FROM `pml_consumption` WHERE  `projcet_id` = 466  AND (  '2019-08-07 00:00:00'< create_time and create_time < '2019-08-07 23:59:59' ) LIMIT 1 [ RunTime:0.019184s ]
[ sql ] [ SQL ] SELECT * FROM `pml_projcet` WHERE  `id` = 466  AND `pay_status` = '1' LIMIT 1 [ RunTime:0.004774s ]
[ sql ] [ SQL ] SELECT `b`.`id`,`b`.`keyword_name`,`b`.`channel_name`,`channel_id`,`a`.`address`,`a`.`days`,`b`.`create_time`,`project_id`,`b`.`reach_count`,`b`.`user_id` FROM `pml_projcet` `a` INNER JOIN `pml_order` `b` ON `a`.`id`=`b`.`project_id` WHERE  (  project_id="466" ) [ RunTime:0.005091s ]
[ sql ] [ SQL ] SELECT `user_id`,`id`,`reach_count` FROM `pml_order` WHERE  `channel_name` = '百度PC'  AND `keyword_name` = '百度'  AND `project_id` = 466 LIMIT 1 [ RunTime:0.005202s ]
[ sql ] [ SQL ] UPDATE `pml_order`  SET `taday_ranking`=1,`reach_count`=18,`complete_status`=1  WHERE  `channel_name` = '百度PC'  AND `keyword_name` = '百度'  AND `project_id` = 466 [ RunTime:0.008052s ]
[ sql ] [ SQL ] SELECT b.id as order_id,`b`.`project_num`,`b`.`channel_id`,`b`.`channel_name`,`b`.`keyword_id`,`b`.`keyword_name`,`b`.`taday_ranking`,`b`.`price`,`b`.`project_id`,`a`.`name`,`b`.`user_id`,`a`.`amount` FROM `pml_projcet` `a` INNER JOIN `pml_order` `b` ON `a`.`id`=`b`.`project_id` WHERE  (  b.id="5208" ) [ RunTime:0.005059s ]
[ sql ] [ SQL ] SELECT `username` FROM `pml_user` WHERE  (  id="40" ) LIMIT 1 [ RunTime:0.004671s ]
[ sql ] [ SQL ] UPDATE `pml_projcet`  SET `amount`=21880  WHERE  (  id="466" ) [ RunTime:0.004755s ]
[ sql ] [ SQL ] INSERT INTO `pml_consumption` (`order_sn` , `channel_id` , `channel_name` , `keyword_id` , `ranking` , `money` , `user_id` , `user_name` , `projcet_id` , `projcet_name` , `status` , `is_qualified` , `order_id`) VALUES ( '862019072017480740',1,'百度PC',1007,1,'40.00',40,'lnj',466,'百度',1,1,5208 ) [ RunTime:0.004811s ]
[ sql ] [ SQL ] SELECT `user_id`,`id`,`reach_count` FROM `pml_order` WHERE  `channel_name` = '360PC'  AND `keyword_name` = '百度'  AND `project_id` = 466 LIMIT 1 [ RunTime:0.005069s ]
[ sql ] [ SQL ] UPDATE `pml_order`  SET `taday_ranking`=1,`reach_count`=18,`complete_status`=1  WHERE  `channel_name` = '360PC'  AND `keyword_name` = '百度'  AND `project_id` = 466 [ RunTime:0.007413s ]
[ sql ] [ SQL ] SELECT b.id as order_id,`b`.`project_num`,`b`.`channel_id`,`b`.`channel_name`,`b`.`keyword_id`,`b`.`keyword_name`,`b`.`taday_ranking`,`b`.`price`,`b`.`project_id`,`a`.`name`,`b`.`user_id`,`a`.`amount` FROM `pml_projcet` `a` INNER JOIN `pml_order` `b` ON `a`.`id`=`b`.`project_id` WHERE  (  b.id="5212" ) [ RunTime:0.004788s ]
[ sql ] [ SQL ] SELECT `username` FROM `pml_user` WHERE  (  id="40" ) LIMIT 1 [ RunTime:0.004643s ]
[ sql ] [ SQL ] UPDATE `pml_projcet`  SET `amount`=21840  WHERE  (  id="466" ) [ RunTime:0.004828s ]
[ sql ] [ SQL ] INSERT INTO `pml_consumption` (`order_sn` , `channel_id` , `channel_name` , `keyword_id` , `ranking` , `money` , `user_id` , `user_name` , `projcet_id` , `projcet_name` , `status` , `is_qualified` , `order_id`) VALUES ( '862019072017480740',5,'360PC',1007,1,'40.00',40,'lnj',466,'百度',1,1,5212 ) [ RunTime:0.004689s ]
[ sql ] [ SQL ] SELECT `user_id`,`id`,`reach_count` FROM `pml_order` WHERE  `channel_name` = '神马'  AND `keyword_name` = '百度'  AND `project_id` = 466 LIMIT 1 [ RunTime:0.004978s ]
[ sql ] [ SQL ] UPDATE `pml_order`  SET `taday_ranking`=12,`complete_status`=0  WHERE  `channel_name` = '神马'  AND `keyword_name` = '百度'  AND `project_id` = 466 [ RunTime:0.007346s ]
[ sql ] [ SQL ] SELECT `user_id`,`id`,`reach_count` FROM `pml_order` WHERE  `channel_name` = '搜狗PC'  AND `keyword_name` = '百度'  AND `project_id` = 466 LIMIT 1 [ RunTime:0.005022s ]
[ sql ] [ SQL ] UPDATE `pml_order`  SET `taday_ranking`=1,`reach_count`=18,`complete_status`=1  WHERE  `channel_name` = '搜狗PC'  AND `keyword_name` = '百度'  AND `project_id` = 466 [ RunTime:0.007430s ]
[ sql ] [ SQL ] SELECT b.id as order_id,`b`.`project_num`,`b`.`channel_id`,`b`.`channel_name`,`b`.`keyword_id`,`b`.`keyword_name`,`b`.`taday_ranking`,`b`.`price`,`b`.`project_id`,`a`.`name`,`b`.`user_id`,`a`.`amount` FROM `pml_projcet` `a` INNER JOIN `pml_order` `b` ON `a`.`id`=`b`.`project_id` WHERE  (  b.id="5210" ) [ RunTime:0.004814s ]
[ sql ] [ SQL ] SELECT `username` FROM `pml_user` WHERE  (  id="40" ) LIMIT 1 [ RunTime:0.004622s ]
[ sql ] [ SQL ] UPDATE `pml_projcet`  SET `amount`=21800  WHERE  (  id="466" ) [ RunTime:0.004835s ]
[ sql ] [ SQL ] INSERT INTO `pml_consumption` (`order_sn` , `channel_id` , `channel_name` , `keyword_id` , `ranking` , `money` , `user_id` , `user_name` , `projcet_id` , `projcet_name` , `status` , `is_qualified` , `order_id`) VALUES ( '862019072017480740',2,'搜狗PC',1007,1,'40.00',40,'lnj',466,'百度',1,1,5210 ) [ RunTime:0.004693s ]
[ sql ] [ SQL ] SELECT `user_id`,`id`,`reach_count` FROM `pml_order` WHERE  `channel_name` = '搜狗PC'  AND `keyword_name` = '百度贴吧'  AND `project_id` = 466 LIMIT 1 [ RunTime:0.005050s ]
[ sql ] [ SQL ] UPDATE `pml_order`  SET `taday_ranking`=5,`reach_count`=18,`complete_status`=1  WHERE  `channel_name` = '搜狗PC'  AND `keyword_name` = '百度贴吧'  AND `project_id` = 466 [ RunTime:0.007429s ]
[ sql ] [ SQL ] SELECT b.id as order_id,`b`.`project_num`,`b`.`channel_id`,`b`.`channel_name`,`b`.`keyword_id`,`b`.`keyword_name`,`b`.`taday_ranking`,`b`.`price`,`b`.`project_id`,`a`.`name`,`b`.`user_id`,`a`.`amount` FROM `pml_projcet` `a` INNER JOIN `pml_order` `b` ON `a`.`id`=`b`.`project_id` WHERE  (  b.id="5224" ) [ RunTime:0.004789s ]
[ sql ] [ SQL ] SELECT `username` FROM `pml_user` WHERE  (  id="40" ) LIMIT 1 [ RunTime:0.004638s ]
[ sql ] [ SQL ] UPDATE `pml_projcet`  SET `amount`=21760  WHERE  (  id="466" ) [ RunTime:0.004824s ]
[ sql ] [ SQL ] INSERT INTO `pml_consumption` (`order_sn` , `channel_id` , `channel_name` , `keyword_id` , `ranking` , `money` , `user_id` , `user_name` , `projcet_id` , `projcet_name` , `status` , `is_qualified` , `order_id`) VALUES ( '862019072017480740',2,'搜狗PC',1009,5,'40.00',40,'lnj',466,'百度',1,1,5224 ) [ RunTime:0.004673s ]
[ sql ] [ SQL ] SELECT `user_id`,`id`,`reach_count` FROM `pml_order` WHERE  `channel_name` = '神马'  AND `keyword_name` = '百度图片'  AND `project_id` = 466 LIMIT 1 [ RunTime:0.005002s ]
[ sql ] [ SQL ] UPDATE `pml_order`  SET `taday_ranking`=13,`complete_status`=0  WHERE  `channel_name` = '神马'  AND `keyword_name` = '百度图片'  AND `project_id` = 466 [ RunTime:0.007334s ]
[ sql ] [ SQL ] SELECT `user_id`,`id`,`reach_count` FROM `pml_order` WHERE  `channel_name` = '百度移动'  AND `keyword_name` = '百度'  AND `project_id` = 466 LIMIT 1 [ RunTime:0.005033s ]
[ sql ] [ SQL ] UPDATE `pml_order`  SET `taday_ranking`=1,`reach_count`=2,`complete_status`=1  WHERE  `channel_name` = '百度移动'  AND `keyword_name` = '百度'  AND `project_id` = 466 [ RunTime:0.007506s ]
[ sql ] [ SQL ] SELECT b.id as order_id,`b`.`project_num`,`b`.`channel_id`,`b`.`channel_name`,`b`.`keyword_id`,`b`.`keyword_name`,`b`.`taday_ranking`,`b`.`price`,`b`.`project_id`,`a`.`name`,`b`.`user_id`,`a`.`amount` FROM `pml_projcet` `a` INNER JOIN `pml_order` `b` ON `a`.`id`=`b`.`project_id` WHERE  (  b.id="5209" ) [ RunTime:0.004846s ]
[ sql ] [ SQL ] SELECT `username` FROM `pml_user` WHERE  (  id="40" ) LIMIT 1 [ RunTime:0.004655s ]
[ sql ] [ SQL ] UPDATE `pml_projcet`  SET `amount`=21720  WHERE  (  id="466" ) [ RunTime:0.004853s ]
[ sql ] [ SQL ] INSERT INTO `pml_consumption` (`order_sn` , `channel_id` , `channel_name` , `keyword_id` , `ranking` , `money` , `user_id` , `user_name` , `projcet_id` , `projcet_name` , `status` , `is_qualified` , `order_id`) VALUES ( '862019072017480740',3,'百度移动',1007,1,'40.00',40,'lnj',466,'百度',1,1,5209 ) [ RunTime:0.004658s ]
[ sql ] [ SQL ] SELECT `user_id`,`id`,`reach_count` FROM `pml_order` WHERE  `channel_name` = '百度移动'  AND `keyword_name` = '百度图片'  AND `project_id` = 466 LIMIT 1 [ RunTime:0.005027s ]
[ sql ] [ SQL ] UPDATE `pml_order`  SET `taday_ranking`=72,`complete_status`=0  WHERE  `channel_name` = '百度移动'  AND `keyword_name` = '百度图片'  AND `project_id` = 466 [ RunTime:0.007502s ]
[ sql ] [ SQL ] SELECT `user_id`,`id`,`reach_count` FROM `pml_order` WHERE  `channel_name` = '搜狗移动'  AND `keyword_name` = '百度贴吧'  AND `project_id` = 466 LIMIT 1 [ RunTime:0.004984s ]
[ sql ] [ SQL ] UPDATE `pml_order`  SET `taday_ranking`=9,`reach_count`=14,`complete_status`=1  WHERE  `channel_name` = '搜狗移动'  AND `keyword_name` = '百度贴吧'  AND `project_id` = 466 [ RunTime:0.007375s ]
[ sql ] [ SQL ] SELECT b.id as order_id,`b`.`project_num`,`b`.`channel_id`,`b`.`channel_name`,`b`.`keyword_id`,`b`.`keyword_name`,`b`.`taday_ranking`,`b`.`price`,`b`.`project_id`,`a`.`name`,`b`.`user_id`,`a`.`amount` FROM `pml_projcet` `a` INNER JOIN `pml_order` `b` ON `a`.`id`=`b`.`project_id` WHERE  (  b.id="5225" ) [ RunTime:0.004792s ]
[ sql ] [ SQL ] SELECT `username` FROM `pml_user` WHERE  (  id="40" ) LIMIT 1 [ RunTime:0.004626s ]
[ sql ] [ SQL ] UPDATE `pml_projcet`  SET `amount`=21680  WHERE  (  id="466" ) [ RunTime:0.004857s ]
[ sql ] [ SQL ] INSERT INTO `pml_consumption` (`order_sn` , `channel_id` , `channel_name` , `keyword_id` , `ranking` , `money` , `user_id` , `user_name` , `projcet_id` , `projcet_name` , `status` , `is_qualified` , `order_id`) VALUES ( '862019072017480740',4,'搜狗移动',1009,9,'40.00',40,'lnj',466,'百度',1,1,5225 ) [ RunTime:0.004660s ]
[ sql ] [ SQL ] SELECT `user_id`,`id`,`reach_count` FROM `pml_order` WHERE  `channel_name` = '百度PC'  AND `keyword_name` = '百度贴吧'  AND `project_id` = 466 LIMIT 1 [ RunTime:0.004993s ]
[ sql ] [ SQL ] UPDATE `pml_order`  SET `taday_ranking`=100,`complete_status`=0  WHERE  `channel_name` = '百度PC'  AND `keyword_name` = '百度贴吧'  AND `project_id` = 466 [ RunTime:0.007366s ]
[ sql ] [ SQL ] SELECT `user_id`,`id`,`reach_count` FROM `pml_order` WHERE  `channel_name` = '百度PC'  AND `keyword_name` = '百度图片'  AND `project_id` = 466 LIMIT 1 [ RunTime:0.004951s ]
[ sql ] [ SQL ] UPDATE `pml_order`  SET `taday_ranking`=52,`complete_status`=0  WHERE  `channel_name` = '百度PC'  AND `keyword_name` = '百度图片'  AND `project_id` = 466 [ RunTime:0.007422s ]
[ sql ] [ SQL ] SELECT `user_id`,`id`,`reach_count` FROM `pml_order` WHERE  `channel_name` = '百度移动'  AND `keyword_name` = '百度贴吧'  AND `project_id` = 466 LIMIT 1 [ RunTime:0.005027s ]
[ sql ] [ SQL ] UPDATE `pml_order`  SET `taday_ranking`=100,`complete_status`=0  WHERE  `channel_name` = '百度移动'  AND `keyword_name` = '百度贴吧'  AND `project_id` = 466 [ RunTime:0.007364s ]
[ sql ] [ SQL ] SELECT `user_id`,`id`,`reach_count` FROM `pml_order` WHERE  `channel_name` = '360PC'  AND `keyword_name` = '百度贴吧'  AND `project_id` = 466 LIMIT 1 [ RunTime:0.004886s ]
[ sql ] [ SQL ] UPDATE `pml_order`  SET `taday_ranking`=100,`complete_status`=0  WHERE  `channel_name` = '360PC'  AND `keyword_name` = '百度贴吧'  AND `project_id` = 466 [ RunTime:0.007445s ]
[ sql ] [ SQL ] SELECT `user_id`,`id`,`reach_count` FROM `pml_order` WHERE  `channel_name` = '神马'  AND `keyword_name` = '百度贴吧'  AND `project_id` = 466 LIMIT 1 [ RunTime:0.004953s ]
[ sql ] [ SQL ] UPDATE `pml_order`  SET `taday_ranking`=100,`complete_status`=0  WHERE  `channel_name` = '神马'  AND `keyword_name` = '百度贴吧'  AND `project_id` = 466 [ RunTime:0.007474s ]
[ sql ] [ SQL ] SELECT `user_id`,`id`,`reach_count` FROM `pml_order` WHERE  `channel_name` = '360PC'  AND `keyword_name` = '百度图片'  AND `project_id` = 466 LIMIT 1 [ RunTime:0.004977s ]
[ sql ] [ SQL ] UPDATE `pml_order`  SET `taday_ranking`=100,`complete_status`=0  WHERE  `channel_name` = '360PC'  AND `keyword_name` = '百度图片'  AND `project_id` = 466 [ RunTime:0.007271s ]
[ sql ] [ SQL ] SELECT `user_id`,`id`,`reach_count` FROM `pml_order` WHERE  `channel_name` = '搜狗PC'  AND `keyword_name` = '百度图片'  AND `project_id` = 466 LIMIT 1 [ RunTime:0.004965s ]
[ sql ] [ SQL ] UPDATE `pml_order`  SET `taday_ranking`=12,`complete_status`=0  WHERE  `channel_name` = '搜狗PC'  AND `keyword_name` = '百度图片'  AND `project_id` = 466 [ RunTime:0.007514s ]
[ sql ] [ SQL ] SELECT `user_id`,`id`,`reach_count` FROM `pml_order` WHERE  `channel_name` = '搜狗移动'  AND `keyword_name` = '百度图片'  AND `project_id` = 466 LIMIT 1 [ RunTime:0.005007s ]
[ sql ] [ SQL ] UPDATE `pml_order`  SET `taday_ranking`=37,`complete_status`=0  WHERE  `channel_name` = '搜狗移动'  AND `keyword_name` = '百度图片'  AND `project_id` = 466 [ RunTime:0.007388s ]
[ sql ] [ SQL ] SELECT `user_id`,`id`,`reach_count` FROM `pml_order` WHERE  `channel_name` = '360移动'  AND `keyword_name` = '百度图片'  AND `project_id` = 466 LIMIT 1 [ RunTime:0.005058s ]
[ sql ] [ SQL ] UPDATE `pml_order`  SET `taday_ranking`=100,`complete_status`=0  WHERE  `channel_name` = '360移动'  AND `keyword_name` = '百度图片'  AND `project_id` = 466 [ RunTime:0.007297s ]
[ sql ] [ SQL ] SELECT `user_id`,`id`,`reach_count` FROM `pml_order` WHERE  `channel_name` = '360移动'  AND `keyword_name` = '百度贴吧'  AND `project_id` = 466 LIMIT 1 [ RunTime:0.004888s ]
[ sql ] [ SQL ] UPDATE `pml_order`  SET `taday_ranking`=100,`complete_status`=0  WHERE  `channel_name` = '360移动'  AND `keyword_name` = '百度贴吧'  AND `project_id` = 466 [ RunTime:0.007335s ]
[ sql ] [ SQL ] SELECT `user_id`,`id`,`reach_count` FROM `pml_order` WHERE  `channel_name` = '360移动'  AND `keyword_name` = '百度'  AND `project_id` = 466 LIMIT 1 [ RunTime:0.004947s ]
[ sql ] [ SQL ] UPDATE `pml_order`  SET `taday_ranking`=100,`complete_status`=0  WHERE  `channel_name` = '360移动'  AND `keyword_name` = '百度'  AND `project_id` = 466 [ RunTime:0.007366s ]
[ sql ] [ SQL ] SELECT `user_id`,`id`,`reach_count` FROM `pml_order` WHERE  `channel_name` = '搜狗移动'  AND `keyword_name` = '百度'  AND `project_id` = 466 LIMIT 1 [ RunTime:0.004950s ]
[ sql ] [ SQL ] UPDATE `pml_order`  SET `taday_ranking`=100,`complete_status`=0  WHERE  `channel_name` = '搜狗移动'  AND `keyword_name` = '百度'  AND `project_id` = 466 [ RunTime:0.007429s ]
[ sql ] [ SQL ] SELECT * FROM `pml_consumption` WHERE  `projcet_id` = 459  AND (  '2019-08-07 00:00:00'< create_time and create_time < '2019-08-07 23:59:59' ) LIMIT 1 [ RunTime:0.005391s ]
[ sql ] [ SQL ] SELECT * FROM `pml_projcet` WHERE  `id` = 459  AND `pay_status` = '1' LIMIT 1 [ RunTime:0.004771s ]
[ sql ] [ SQL ] SELECT `b`.`id`,`b`.`keyword_name`,`b`.`channel_name`,`channel_id`,`a`.`address`,`a`.`days`,`b`.`create_time`,`project_id`,`b`.`reach_count`,`b`.`user_id` FROM `pml_projcet` `a` INNER JOIN `pml_order` `b` ON `a`.`id`=`b`.`project_id` WHERE  (  project_id="459" ) [ RunTime:0.005013s ]
[ sql ] [ SQL ] SELECT `user_id`,`id`,`reach_count` FROM `pml_order` WHERE  `channel_name` = '360PC'  AND `keyword_name` = '上海知名SEO公司'  AND `project_id` = 459 LIMIT 1 [ RunTime:0.005114s ]
[ sql ] [ SQL ] UPDATE `pml_order`  SET `taday_ranking`=1,`reach_count`=29,`complete_status`=1  WHERE  `channel_name` = '360PC'  AND `keyword_name` = '上海知名SEO公司'  AND `project_id` = 459 [ RunTime:0.008102s ]
[ sql ] [ SQL ] SELECT b.id as order_id,`b`.`project_num`,`b`.`channel_id`,`b`.`channel_name`,`b`.`keyword_id`,`b`.`keyword_name`,`b`.`taday_ranking`,`b`.`price`,`b`.`project_id`,`a`.`name`,`b`.`user_id`,`a`.`amount` FROM `pml_projcet` `a` INNER JOIN `pml_order` `b` ON `a`.`id`=`b`.`project_id` WHERE  (  b.id="5204" ) [ RunTime:0.004823s ]
[ sql ] [ SQL ] SELECT `username` FROM `pml_user` WHERE  (  id="47" ) LIMIT 1 [ RunTime:0.004831s ]
[ sql ] [ SQL ] UPDATE `pml_projcet`  SET `amount`=5650  WHERE  (  id="459" ) [ RunTime:0.004938s ]
[ sql ] [ SQL ] INSERT INTO `pml_consumption` (`order_sn` , `channel_id` , `channel_name` , `keyword_id` , `ranking` , `money` , `user_id` , `user_name` , `projcet_id` , `projcet_name` , `status` , `is_qualified` , `order_id`) VALUES ( '862019070923585147',5,'360PC',1005,1,'5.00',47,'eden',459,'智火SEO',1,1,5204 ) [ RunTime:0.004875s ]
[ sql ] [ SQL ] SELECT `user_id`,`id`,`reach_count` FROM `pml_order` WHERE  `channel_name` = '搜狗PC'  AND `keyword_name` = '上海知名SEO公司'  AND `project_id` = 459 LIMIT 1 [ RunTime:0.005354s ]
[ sql ] [ SQL ] UPDATE `pml_order`  SET `taday_ranking`=1,`reach_count`=28,`complete_status`=1  WHERE  `channel_name` = '搜狗PC'  AND `keyword_name` = '上海知名SEO公司'  AND `project_id` = 459 [ RunTime:0.007456s ]
[ sql ] [ SQL ] SELECT b.id as order_id,`b`.`project_num`,`b`.`channel_id`,`b`.`channel_name`,`b`.`keyword_id`,`b`.`keyword_name`,`b`.`taday_ranking`,`b`.`price`,`b`.`project_id`,`a`.`name`,`b`.`user_id`,`a`.`amount` FROM `pml_projcet` `a` INNER JOIN `pml_order` `b` ON `a`.`id`=`b`.`project_id` WHERE  (  b.id="5202" ) [ RunTime:0.004802s ]
[ sql ] [ SQL ] SELECT `username` FROM `pml_user` WHERE  (  id="47" ) LIMIT 1 [ RunTime:0.004642s ]
[ sql ] [ SQL ] UPDATE `pml_projcet`  SET `amount`=5645  WHERE  (  id="459" ) [ RunTime:0.004914s ]
[ sql ] [ SQL ] INSERT INTO `pml_consumption` (`order_sn` , `channel_id` , `channel_name` , `keyword_id` , `ranking` , `money` , `user_id` , `user_name` , `projcet_id` , `projcet_name` , `status` , `is_qualified` , `order_id`) VALUES ( '862019070923585147',2,'搜狗PC',1005,1,'5.00',47,'eden',459,'智火SEO',1,1,5202 ) [ RunTime:0.004685s ]
[ sql ] [ SQL ] SELECT `user_id`,`id`,`reach_count` FROM `pml_order` WHERE  `channel_name` = '百度PC'  AND `keyword_name` = '上海知名SEO公司'  AND `project_id` = 459 LIMIT 1 [ RunTime:0.005048s ]
[ sql ] [ SQL ] UPDATE `pml_order`  SET `taday_ranking`=5,`reach_count`=25,`complete_status`=1  WHERE  `channel_name` = '百度PC'  AND `keyword_name` = '上海知名SEO公司'  AND `project_id` = 459 [ RunTime:0.007524s ]
[ sql ] [ SQL ] SELECT b.id as order_id,`b`.`project_num`,`b`.`channel_id`,`b`.`channel_name`,`b`.`keyword_id`,`b`.`keyword_name`,`b`.`taday_ranking`,`b`.`price`,`b`.`project_id`,`a`.`name`,`b`.`user_id`,`a`.`amount` FROM `pml_projcet` `a` INNER JOIN `pml_order` `b` ON `a`.`id`=`b`.`project_id` WHERE  (  b.id="5200" ) [ RunTime:0.004781s ]
[ sql ] [ SQL ] SELECT `username` FROM `pml_user` WHERE  (  id="47" ) LIMIT 1 [ RunTime:0.004600s ]
[ sql ] [ SQL ] UPDATE `pml_projcet`  SET `amount`=5640  WHERE  (  id="459" ) [ RunTime:0.004875s ]
[ sql ] [ SQL ] INSERT INTO `pml_consumption` (`order_sn` , `channel_id` , `channel_name` , `keyword_id` , `ranking` , `money` , `user_id` , `user_name` , `projcet_id` , `projcet_name` , `status` , `is_qualified` , `order_id`) VALUES ( '862019070923585147',1,'百度PC',1005,5,'5.00',47,'eden',459,'智火SEO',1,1,5200 ) [ RunTime:0.004682s ]
[ sql ] [ SQL ] SELECT `user_id`,`id`,`reach_count` FROM `pml_order` WHERE  `channel_name` = '搜狗移动'  AND `keyword_name` = '上海知名SEO公司'  AND `project_id` = 459 LIMIT 1 [ RunTime:0.005107s ]
[ sql ] [ SQL ] UPDATE `pml_order`  SET `taday_ranking`=1,`reach_count`=7,`complete_status`=1  WHERE  `channel_name` = '搜狗移动'  AND `keyword_name` = '上海知名SEO公司'  AND `project_id` = 459 [ RunTime:0.007461s ]
[ sql ] [ SQL ] SELECT b.id as order_id,`b`.`project_num`,`b`.`channel_id`,`b`.`channel_name`,`b`.`keyword_id`,`b`.`keyword_name`,`b`.`taday_ranking`,`b`.`price`,`b`.`project_id`,`a`.`name`,`b`.`user_id`,`a`.`amount` FROM `pml_projcet` `a` INNER JOIN `pml_order` `b` ON `a`.`id`=`b`.`project_id` WHERE  (  b.id="5203" ) [ RunTime:0.004860s ]
[ sql ] [ SQL ] SELECT `username` FROM `pml_user` WHERE  (  id="47" ) LIMIT 1 [ RunTime:0.004635s ]
[ sql ] [ SQL ] UPDATE `pml_projcet`  SET `amount`=5635  WHERE  (  id="459" ) [ RunTime:0.004771s ]
[ sql ] [ SQL ] INSERT INTO `pml_consumption` (`order_sn` , `channel_id` , `channel_name` , `keyword_id` , `ranking` , `money` , `user_id` , `user_name` , `projcet_id` , `projcet_name` , `status` , `is_qualified` , `order_id`) VALUES ( '862019070923585147',4,'搜狗移动',1005,1,'5.00',47,'eden',459,'智火SEO',1,1,5203 ) [ RunTime:0.004701s ]
[ sql ] [ SQL ] SELECT `user_id`,`id`,`reach_count` FROM `pml_order` WHERE  `channel_name` = '神马'  AND `keyword_name` = '上海知名SEO公司'  AND `project_id` = 459 LIMIT 1 [ RunTime:0.005128s ]
[ sql ] [ SQL ] UPDATE `pml_order`  SET `taday_ranking`=100,`complete_status`=0  WHERE  `channel_name` = '神马'  AND `keyword_name` = '上海知名SEO公司'  AND `project_id` = 459 [ RunTime:0.007344s ]
[ sql ] [ SQL ] SELECT `user_id`,`id`,`reach_count` FROM `pml_order` WHERE  `channel_name` = '百度移动'  AND `keyword_name` = '上海知名SEO公司'  AND `project_id` = 459 LIMIT 1 [ RunTime:0.004992s ]
[ sql ] [ SQL ] UPDATE `pml_order`  SET `taday_ranking`=100,`complete_status`=0  WHERE  `channel_name` = '百度移动'  AND `keyword_name` = '上海知名SEO公司'  AND `project_id` = 459 [ RunTime:0.007379s ]
[ sql ] [ SQL ] SELECT `user_id`,`id`,`reach_count` FROM `pml_order` WHERE  `channel_name` = '360移动'  AND `keyword_name` = '上海知名SEO公司'  AND `project_id` = 459 LIMIT 1 [ RunTime:0.005012s ]
[ sql ] [ SQL ] UPDATE `pml_order`  SET `taday_ranking`=1,`reach_count`=28,`complete_status`=1  WHERE  `channel_name` = '360移动'  AND `keyword_name` = '上海知名SEO公司'  AND `project_id` = 459 [ RunTime:0.007360s ]
[ sql ] [ SQL ] SELECT b.id as order_id,`b`.`project_num`,`b`.`channel_id`,`b`.`channel_name`,`b`.`keyword_id`,`b`.`keyword_name`,`b`.`taday_ranking`,`b`.`price`,`b`.`project_id`,`a`.`name`,`b`.`user_id`,`a`.`amount` FROM `pml_projcet` `a` INNER JOIN `pml_order` `b` ON `a`.`id`=`b`.`project_id` WHERE  (  b.id="5205" ) [ RunTime:0.004878s ]
[ sql ] [ SQL ] SELECT `username` FROM `pml_user` WHERE  (  id="47" ) LIMIT 1 [ RunTime:0.004603s ]
[ sql ] [ SQL ] UPDATE `pml_projcet`  SET `amount`=5630  WHERE  (  id="459" ) [ RunTime:0.004824s ]
[ sql ] [ SQL ] INSERT INTO `pml_consumption` (`order_sn` , `channel_id` , `channel_name` , `keyword_id` , `ranking` , `money` , `user_id` , `user_name` , `projcet_id` , `projcet_name` , `status` , `is_qualified` , `order_id`) VALUES ( '862019070923585147',7,'360移动',1005,1,'5.00',47,'eden',459,'智火SEO',1,1,5205 ) [ RunTime:0.004659s ]
