---------------------------------------------------------------
[ 2019-08-28T01:00:02+08:00 ] 106.15.230.197 GET pml.zhihuo.com.cn/api/Startreptile/index
[运行时间：1.194240s] [吞吐率：0.84req/s] [内存消耗：3,949.35kb] [文件加载：75]
[ info ] [ BEHAVIOR ] Run Closure @app_init [ RunTime:0.000026s ]
[ info ] [ CACHE ] INIT File
[ info ] [ BEHAVIOR ] Run Closure @app_init [ RunTime:0.001801s ]
[ info ] [ LANG ] /www/wwwroot/pml_zhihuo_com_cn/pml/thinkphp/lang/zh-cn.php
[ info ] [ ROUTE ] array (
  'type' => 'module',
  'module' => 
  array (
    0 => 'api',
    1 => 'Startreptile',
    2 => 'index',
  ),
)
[ info ] [ HEADER ] array (
  'accept' => '*/*',
  'host' => 'pml.zhihuo.com.cn',
  'user-agent' => 'curl/7.29.0',
  'content-type' => '',
  'content-length' => '',
)
[ info ] [ PARAM ] array (
)
[ info ] [ LANG ] /www/wwwroot/pml_zhihuo_com_cn/pml/public/../application/api/lang/zh-cn.php
[ info ] [ BEHAVIOR ] Run app\common\behavior\Common @module_init [ RunTime:0.001913s ]
[ info ] [ RUN ] app\api\controller\Startreptile->index[ /www/wwwroot/pml_zhihuo_com_cn/pml/application/api/controller/Startreptile.php ]
[ info ] [ DB ] INIT mysql
[ info ] [ LOG ] INIT File
[ sql ] [ DB ] CONNECT:[ UseTime:0.005811s ] mysql:host=106.15.230.197;dbname=pml_zhihuo_com_c;charset=utf8
[ sql ] [ SQL ] SHOW COLUMNS FROM `pml_projcet` [ RunTime:0.031988s ]
[ sql ] [ SQL ] SELECT `b`.`id`,`b`.`keyword_name`,`b`.`channel_name`,`channel_id`,`a`.`address`,`b`.`project_id` FROM `pml_projcet` `a` INNER JOIN `pml_order` `b` ON `a`.`id`=`b`.`project_id` WHERE  (  a.status="1" ) [ RunTime:0.029015s ]
---------------------------------------------------------------
[ 2019-08-28T07:00:03+08:00 ] 106.15.230.197 GET pml.zhihuo.com.cn/api/Startranking/index
[运行时间：1.726087s] [吞吐率：0.58req/s] [内存消耗：4,153.50kb] [文件加载：73]
[ info ] [ BEHAVIOR ] Run Closure @app_init [ RunTime:0.000024s ]
[ info ] [ CACHE ] INIT File
[ info ] [ BEHAVIOR ] Run Closure @app_init [ RunTime:0.001306s ]
[ info ] [ LANG ] /www/wwwroot/pml_zhihuo_com_cn/pml/thinkphp/lang/zh-cn.php
[ info ] [ ROUTE ] array (
  'type' => 'module',
  'module' => 
  array (
    0 => 'api',
    1 => 'Startranking',
    2 => 'index',
  ),
)
[ info ] [ HEADER ] array (
  'accept' => '*/*',
  'host' => 'pml.zhihuo.com.cn',
  'user-agent' => 'curl/7.29.0',
  'content-type' => '',
  'content-length' => '',
)
[ info ] [ PARAM ] array (
)
[ info ] [ LANG ] /www/wwwroot/pml_zhihuo_com_cn/pml/public/../application/api/lang/zh-cn.php
[ info ] [ BEHAVIOR ] Run app\common\behavior\Common @module_init [ RunTime:0.001665s ]
[ info ] [ RUN ] app\api\controller\Startranking->index[ /www/wwwroot/pml_zhihuo_com_cn/pml/application/api/controller/Startranking.php ]
[ info ] [ DB ] INIT mysql
[ info ] [ LOG ] INIT File
[ sql ] [ DB ] CONNECT:[ UseTime:0.005230s ] mysql:host=106.15.230.197;dbname=pml_zhihuo_com_c;charset=utf8
[ sql ] [ SQL ] SHOW COLUMNS FROM `pml_projcet` [ RunTime:0.004042s ]
[ sql ] [ SQL ] SELECT `id` FROM `pml_projcet` WHERE  (  status="1" ) [ RunTime:0.003535s ]
[ sql ] [ SQL ] SHOW COLUMNS FROM `pml_consumption` [ RunTime:0.030473s ]
[ sql ] [ SQL ] SELECT * FROM `pml_consumption` WHERE  `projcet_id` = 263  AND (  '2019-08-28 00:00:00'< create_time and create_time < '2019-08-28 23:59:59' ) LIMIT 1 [ RunTime:0.112236s ]
[ sql ] [ SQL ] SELECT * FROM `pml_projcet` WHERE  `id` = 263  AND `pay_status` = '1' LIMIT 1 [ RunTime:0.003651s ]
[ sql ] [ SQL ] SELECT `b`.`id`,`b`.`keyword_name`,`b`.`channel_name`,`channel_id`,`a`.`address`,`a`.`days`,`b`.`create_time`,`project_id`,`b`.`reach_count`,`b`.`user_id` FROM `pml_projcet` `a` INNER JOIN `pml_order` `b` ON `a`.`id`=`b`.`project_id` WHERE  (  project_id="263" ) [ RunTime:0.004101s ]
[ sql ] [ SQL ] SHOW COLUMNS FROM `pml_order` [ RunTime:0.004056s ]
[ sql ] [ SQL ] SELECT `user_id`,`id`,`reach_count` FROM `pml_order` WHERE  `channel_name` = '百度PC'  AND `keyword_name` = '飞客茶馆'  AND `project_id` = 263 LIMIT 1 [ RunTime:0.003608s ]
[ sql ] [ SQL ] UPDATE `pml_order`  SET `taday_ranking`=1,`reach_count`=63,`complete_status`=1  WHERE  `channel_name` = '百度PC'  AND `keyword_name` = '飞客茶馆'  AND `project_id` = 263 [ RunTime:0.006484s ]
[ sql ] [ SQL ] SELECT b.id as order_id,`b`.`project_num`,`b`.`channel_id`,`b`.`channel_name`,`b`.`keyword_id`,`b`.`keyword_name`,`b`.`taday_ranking`,`b`.`price`,`b`.`project_id`,`a`.`name`,`b`.`user_id`,`a`.`amount` FROM `pml_projcet` `a` INNER JOIN `pml_order` `b` ON `a`.`id`=`b`.`project_id` WHERE  (  b.id="3811" ) [ RunTime:0.003446s ]
[ sql ] [ SQL ] SHOW COLUMNS FROM `pml_user` [ RunTime:0.004148s ]
[ sql ] [ SQL ] SELECT `username` FROM `pml_user` WHERE  (  id="40" ) LIMIT 1 [ RunTime:0.003363s ]
[ sql ] [ SQL ] UPDATE `pml_projcet`  SET `amount`=14785  WHERE  (  id="263" ) [ RunTime:0.003435s ]
[ sql ] [ SQL ] INSERT INTO `pml_consumption` (`order_sn` , `channel_id` , `channel_name` , `keyword_id` , `ranking` , `money` , `user_id` , `user_name` , `projcet_id` , `projcet_name` , `status` , `is_qualified` , `order_id`) VALUES ( '86_20190701_Ex7T1Y_40',1,'百度PC',644,1,'5.00',40,'lnj',263,'飞流',1,1,3811 ) [ RunTime:0.003518s ]
[ sql ] [ SQL ] SELECT `user_id`,`id`,`reach_count` FROM `pml_order` WHERE  `channel_name` = '搜狗PC'  AND `keyword_name` = '飞客'  AND `project_id` = 263 LIMIT 1 [ RunTime:0.003481s ]
[ sql ] [ SQL ] UPDATE `pml_order`  SET `taday_ranking`=2,`reach_count`=63,`complete_status`=1  WHERE  `channel_name` = '搜狗PC'  AND `keyword_name` = '飞客'  AND `project_id` = 263 [ RunTime:0.006074s ]
[ sql ] [ SQL ] SELECT b.id as order_id,`b`.`project_num`,`b`.`channel_id`,`b`.`channel_name`,`b`.`keyword_id`,`b`.`keyword_name`,`b`.`taday_ranking`,`b`.`price`,`b`.`project_id`,`a`.`name`,`b`.`user_id`,`a`.`amount` FROM `pml_projcet` `a` INNER JOIN `pml_order` `b` ON `a`.`id`=`b`.`project_id` WHERE  (  b.id="3806" ) [ RunTime:0.003528s ]
[ sql ] [ SQL ] SELECT `username` FROM `pml_user` WHERE  (  id="40" ) LIMIT 1 [ RunTime:0.003316s ]
[ sql ] [ SQL ] UPDATE `pml_projcet`  SET `amount`=14780  WHERE  (  id="263" ) [ RunTime:0.003514s ]
[ sql ] [ SQL ] INSERT INTO `pml_consumption` (`order_sn` , `channel_id` , `channel_name` , `keyword_id` , `ranking` , `money` , `user_id` , `user_name` , `projcet_id` , `projcet_name` , `status` , `is_qualified` , `order_id`) VALUES ( '86_20190701_Ex7T1Y_40',2,'搜狗PC',643,2,'5.00',40,'lnj',263,'飞流',1,1,3806 ) [ RunTime:0.003390s ]
[ sql ] [ SQL ] SELECT `user_id`,`id`,`reach_count` FROM `pml_order` WHERE  `channel_name` = '搜狗移动'  AND `keyword_name` = '飞客'  AND `project_id` = 263 LIMIT 1 [ RunTime:0.003460s ]
[ sql ] [ SQL ] UPDATE `pml_order`  SET `taday_ranking`=1,`reach_count`=54,`complete_status`=1  WHERE  `channel_name` = '搜狗移动'  AND `keyword_name` = '飞客'  AND `project_id` = 263 [ RunTime:0.006113s ]
[ sql ] [ SQL ] SELECT b.id as order_id,`b`.`project_num`,`b`.`channel_id`,`b`.`channel_name`,`b`.`keyword_id`,`b`.`keyword_name`,`b`.`taday_ranking`,`b`.`price`,`b`.`project_id`,`a`.`name`,`b`.`user_id`,`a`.`amount` FROM `pml_projcet` `a` INNER JOIN `pml_order` `b` ON `a`.`id`=`b`.`project_id` WHERE  (  b.id="3807" ) [ RunTime:0.003451s ]
[ sql ] [ SQL ] SELECT `username` FROM `pml_user` WHERE  (  id="40" ) LIMIT 1 [ RunTime:0.003297s ]
[ sql ] [ SQL ] UPDATE `pml_projcet`  SET `amount`=14775  WHERE  (  id="263" ) [ RunTime:0.003443s ]
[ sql ] [ SQL ] INSERT INTO `pml_consumption` (`order_sn` , `channel_id` , `channel_name` , `keyword_id` , `ranking` , `money` , `user_id` , `user_name` , `projcet_id` , `projcet_name` , `status` , `is_qualified` , `order_id`) VALUES ( '86_20190701_Ex7T1Y_40',4,'搜狗移动',643,1,'5.00',40,'lnj',263,'飞流',1,1,3807 ) [ RunTime:0.003352s ]
[ sql ] [ SQL ] SELECT `user_id`,`id`,`reach_count` FROM `pml_order` WHERE  `channel_name` = '神马'  AND `keyword_name` = '飞客茶馆'  AND `project_id` = 263 LIMIT 1 [ RunTime:0.003427s ]
[ sql ] [ SQL ] UPDATE `pml_order`  SET `taday_ranking`=13,`complete_status`=0  WHERE  `channel_name` = '神马'  AND `keyword_name` = '飞客茶馆'  AND `project_id` = 263 [ RunTime:0.006096s ]
[ sql ] [ SQL ] SELECT `user_id`,`id`,`reach_count` FROM `pml_order` WHERE  `channel_name` = '搜狗PC'  AND `keyword_name` = '飞客茶馆'  AND `project_id` = 263 LIMIT 1 [ RunTime:0.003427s ]
[ sql ] [ SQL ] UPDATE `pml_order`  SET `taday_ranking`=1,`reach_count`=63,`complete_status`=1  WHERE  `channel_name` = '搜狗PC'  AND `keyword_name` = '飞客茶馆'  AND `project_id` = 263 [ RunTime:0.006159s ]
[ sql ] [ SQL ] SELECT b.id as order_id,`b`.`project_num`,`b`.`channel_id`,`b`.`channel_name`,`b`.`keyword_id`,`b`.`keyword_name`,`b`.`taday_ranking`,`b`.`price`,`b`.`project_id`,`a`.`name`,`b`.`user_id`,`a`.`amount` FROM `pml_projcet` `a` INNER JOIN `pml_order` `b` ON `a`.`id`=`b`.`project_id` WHERE  (  b.id="3813" ) [ RunTime:0.003452s ]
[ sql ] [ SQL ] SELECT `username` FROM `pml_user` WHERE  (  id="40" ) LIMIT 1 [ RunTime:0.003307s ]
[ sql ] [ SQL ] UPDATE `pml_projcet`  SET `amount`=14770  WHERE  (  id="263" ) [ RunTime:0.003624s ]
[ sql ] [ SQL ] INSERT INTO `pml_consumption` (`order_sn` , `channel_id` , `channel_name` , `keyword_id` , `ranking` , `money` , `user_id` , `user_name` , `projcet_id` , `projcet_name` , `status` , `is_qualified` , `order_id`) VALUES ( '86_20190701_Ex7T1Y_40',2,'搜狗PC',644,1,'5.00',40,'lnj',263,'飞流',1,1,3813 ) [ RunTime:0.003334s ]
[ sql ] [ SQL ] SELECT `user_id`,`id`,`reach_count` FROM `pml_order` WHERE  `channel_name` = '360PC'  AND `keyword_name` = '飞客茶馆'  AND `project_id` = 263 LIMIT 1 [ RunTime:0.003431s ]
[ sql ] [ SQL ] UPDATE `pml_order`  SET `taday_ranking`=1,`reach_count`=63,`complete_status`=1  WHERE  `channel_name` = '360PC'  AND `keyword_name` = '飞客茶馆'  AND `project_id` = 263 [ RunTime:0.006056s ]
[ sql ] [ SQL ] SELECT b.id as order_id,`b`.`project_num`,`b`.`channel_id`,`b`.`channel_name`,`b`.`keyword_id`,`b`.`keyword_name`,`b`.`taday_ranking`,`b`.`price`,`b`.`project_id`,`a`.`name`,`b`.`user_id`,`a`.`amount` FROM `pml_projcet` `a` INNER JOIN `pml_order` `b` ON `a`.`id`=`b`.`project_id` WHERE  (  b.id="3815" ) [ RunTime:0.003456s ]
[ sql ] [ SQL ] SELECT `username` FROM `pml_user` WHERE  (  id="40" ) LIMIT 1 [ RunTime:0.003308s ]
[ sql ] [ SQL ] UPDATE `pml_projcet`  SET `amount`=14765  WHERE  (  id="263" ) [ RunTime:0.003571s ]
[ sql ] [ SQL ] INSERT INTO `pml_consumption` (`order_sn` , `channel_id` , `channel_name` , `keyword_id` , `ranking` , `money` , `user_id` , `user_name` , `projcet_id` , `projcet_name` , `status` , `is_qualified` , `order_id`) VALUES ( '86_20190701_Ex7T1Y_40',5,'360PC',644,1,'5.00',40,'lnj',263,'飞流',1,1,3815 ) [ RunTime:0.003346s ]
[ sql ] [ SQL ] SELECT `user_id`,`id`,`reach_count` FROM `pml_order` WHERE  `channel_name` = '搜狗移动'  AND `keyword_name` = '飞客茶馆'  AND `project_id` = 263 LIMIT 1 [ RunTime:0.003423s ]
[ sql ] [ SQL ] UPDATE `pml_order`  SET `taday_ranking`=4,`reach_count`=58,`complete_status`=1  WHERE  `channel_name` = '搜狗移动'  AND `keyword_name` = '飞客茶馆'  AND `project_id` = 263 [ RunTime:0.006112s ]
[ sql ] [ SQL ] SELECT b.id as order_id,`b`.`project_num`,`b`.`channel_id`,`b`.`channel_name`,`b`.`keyword_id`,`b`.`keyword_name`,`b`.`taday_ranking`,`b`.`price`,`b`.`project_id`,`a`.`name`,`b`.`user_id`,`a`.`amount` FROM `pml_projcet` `a` INNER JOIN `pml_order` `b` ON `a`.`id`=`b`.`project_id` WHERE  (  b.id="3814" ) [ RunTime:0.003593s ]
[ sql ] [ SQL ] SELECT `username` FROM `pml_user` WHERE  (  id="40" ) LIMIT 1 [ RunTime:0.003296s ]
[ sql ] [ SQL ] UPDATE `pml_projcet`  SET `amount`=14760  WHERE  (  id="263" ) [ RunTime:0.003420s ]
[ sql ] [ SQL ] INSERT INTO `pml_consumption` (`order_sn` , `channel_id` , `channel_name` , `keyword_id` , `ranking` , `money` , `user_id` , `user_name` , `projcet_id` , `projcet_name` , `status` , `is_qualified` , `order_id`) VALUES ( '86_20190701_Ex7T1Y_40',4,'搜狗移动',644,4,'5.00',40,'lnj',263,'飞流',1,1,3814 ) [ RunTime:0.003381s ]
[ sql ] [ SQL ] SELECT `user_id`,`id`,`reach_count` FROM `pml_order` WHERE  `channel_name` = '360移动'  AND `keyword_name` = '飞客茶馆'  AND `project_id` = 263 LIMIT 1 [ RunTime:0.003394s ]
[ sql ] [ SQL ] UPDATE `pml_order`  SET `taday_ranking`=1,`reach_count`=63,`complete_status`=1  WHERE  `channel_name` = '360移动'  AND `keyword_name` = '飞客茶馆'  AND `project_id` = 263 [ RunTime:0.006057s ]
[ sql ] [ SQL ] SELECT b.id as order_id,`b`.`project_num`,`b`.`channel_id`,`b`.`channel_name`,`b`.`keyword_id`,`b`.`keyword_name`,`b`.`taday_ranking`,`b`.`price`,`b`.`project_id`,`a`.`name`,`b`.`user_id`,`a`.`amount` FROM `pml_projcet` `a` INNER JOIN `pml_order` `b` ON `a`.`id`=`b`.`project_id` WHERE  (  b.id="3816" ) [ RunTime:0.003411s ]
[ sql ] [ SQL ] SELECT `username` FROM `pml_user` WHERE  (  id="40" ) LIMIT 1 [ RunTime:0.003355s ]
[ sql ] [ SQL ] UPDATE `pml_projcet`  SET `amount`=14755  WHERE  (  id="263" ) [ RunTime:0.003456s ]
[ sql ] [ SQL ] INSERT INTO `pml_consumption` (`order_sn` , `channel_id` , `channel_name` , `keyword_id` , `ranking` , `money` , `user_id` , `user_name` , `projcet_id` , `projcet_name` , `status` , `is_qualified` , `order_id`) VALUES ( '86_20190701_Ex7T1Y_40',7,'360移动',644,1,'5.00',40,'lnj',263,'飞流',1,1,3816 ) [ RunTime:0.003304s ]
[ sql ] [ SQL ] SELECT `user_id`,`id`,`reach_count` FROM `pml_order` WHERE  `channel_name` = '百度移动'  AND `keyword_name` = '飞客茶馆'  AND `project_id` = 263 LIMIT 1 [ RunTime:0.003393s ]
[ sql ] [ SQL ] UPDATE `pml_order`  SET `taday_ranking`=2,`reach_count`=63,`complete_status`=1  WHERE  `channel_name` = '百度移动'  AND `keyword_name` = '飞客茶馆'  AND `project_id` = 263 [ RunTime:0.006025s ]
[ sql ] [ SQL ] SELECT b.id as order_id,`b`.`project_num`,`b`.`channel_id`,`b`.`channel_name`,`b`.`keyword_id`,`b`.`keyword_name`,`b`.`taday_ranking`,`b`.`price`,`b`.`project_id`,`a`.`name`,`b`.`user_id`,`a`.`amount` FROM `pml_projcet` `a` INNER JOIN `pml_order` `b` ON `a`.`id`=`b`.`project_id` WHERE  (  b.id="3812" ) [ RunTime:0.003423s ]
[ sql ] [ SQL ] SELECT `username` FROM `pml_user` WHERE  (  id="40" ) LIMIT 1 [ RunTime:0.003234s ]
[ sql ] [ SQL ] UPDATE `pml_projcet`  SET `amount`=14750  WHERE  (  id="263" ) [ RunTime:0.003394s ]
[ sql ] [ SQL ] INSERT INTO `pml_consumption` (`order_sn` , `channel_id` , `channel_name` , `keyword_id` , `ranking` , `money` , `user_id` , `user_name` , `projcet_id` , `projcet_name` , `status` , `is_qualified` , `order_id`) VALUES ( '86_20190701_Ex7T1Y_40',3,'百度移动',644,2,'5.00',40,'lnj',263,'飞流',1,1,3812 ) [ RunTime:0.003301s ]
[ sql ] [ SQL ] SELECT `user_id`,`id`,`reach_count` FROM `pml_order` WHERE  `channel_name` = '神马'  AND `keyword_name` = '飞客'  AND `project_id` = 263 LIMIT 1 [ RunTime:0.003414s ]
[ sql ] [ SQL ] UPDATE `pml_order`  SET `taday_ranking`=15,`complete_status`=0  WHERE  `channel_name` = '神马'  AND `keyword_name` = '飞客'  AND `project_id` = 263 [ RunTime:0.006092s ]
[ sql ] [ SQL ] SELECT `user_id`,`id`,`reach_count` FROM `pml_order` WHERE  `channel_name` = '360移动'  AND `keyword_name` = '飞客'  AND `project_id` = 263 LIMIT 1 [ RunTime:0.003377s ]
[ sql ] [ SQL ] UPDATE `pml_order`  SET `taday_ranking`=1,`reach_count`=63,`complete_status`=1  WHERE  `channel_name` = '360移动'  AND `keyword_name` = '飞客'  AND `project_id` = 263 [ RunTime:0.006037s ]
[ sql ] [ SQL ] SELECT b.id as order_id,`b`.`project_num`,`b`.`channel_id`,`b`.`channel_name`,`b`.`keyword_id`,`b`.`keyword_name`,`b`.`taday_ranking`,`b`.`price`,`b`.`project_id`,`a`.`name`,`b`.`user_id`,`a`.`amount` FROM `pml_projcet` `a` INNER JOIN `pml_order` `b` ON `a`.`id`=`b`.`project_id` WHERE  (  b.id="3809" ) [ RunTime:0.003435s ]
[ sql ] [ SQL ] SELECT `username` FROM `pml_user` WHERE  (  id="40" ) LIMIT 1 [ RunTime:0.003242s ]
[ sql ] [ SQL ] UPDATE `pml_projcet`  SET `amount`=14745  WHERE  (  id="263" ) [ RunTime:0.003362s ]
[ sql ] [ SQL ] INSERT INTO `pml_consumption` (`order_sn` , `channel_id` , `channel_name` , `keyword_id` , `ranking` , `money` , `user_id` , `user_name` , `projcet_id` , `projcet_name` , `status` , `is_qualified` , `order_id`) VALUES ( '86_20190701_Ex7T1Y_40',7,'360移动',643,1,'5.00',40,'lnj',263,'飞流',1,1,3809 ) [ RunTime:0.003317s ]
[ sql ] [ SQL ] SELECT `user_id`,`id`,`reach_count` FROM `pml_order` WHERE  `channel_name` = '360PC'  AND `keyword_name` = '飞客'  AND `project_id` = 263 LIMIT 1 [ RunTime:0.003355s ]
[ sql ] [ SQL ] UPDATE `pml_order`  SET `taday_ranking`=1,`reach_count`=63,`complete_status`=1  WHERE  `channel_name` = '360PC'  AND `keyword_name` = '飞客'  AND `project_id` = 263 [ RunTime:0.005992s ]
[ sql ] [ SQL ] SELECT b.id as order_id,`b`.`project_num`,`b`.`channel_id`,`b`.`channel_name`,`b`.`keyword_id`,`b`.`keyword_name`,`b`.`taday_ranking`,`b`.`price`,`b`.`project_id`,`a`.`name`,`b`.`user_id`,`a`.`amount` FROM `pml_projcet` `a` INNER JOIN `pml_order` `b` ON `a`.`id`=`b`.`project_id` WHERE  (  b.id="3808" ) [ RunTime:0.003401s ]
[ sql ] [ SQL ] SELECT `username` FROM `pml_user` WHERE  (  id="40" ) LIMIT 1 [ RunTime:0.003254s ]
[ sql ] [ SQL ] UPDATE `pml_projcet`  SET `amount`=14740  WHERE  (  id="263" ) [ RunTime:0.003388s ]
[ sql ] [ SQL ] INSERT INTO `pml_consumption` (`order_sn` , `channel_id` , `channel_name` , `keyword_id` , `ranking` , `money` , `user_id` , `user_name` , `projcet_id` , `projcet_name` , `status` , `is_qualified` , `order_id`) VALUES ( '86_20190701_Ex7T1Y_40',5,'360PC',643,1,'5.00',40,'lnj',263,'飞流',1,1,3808 ) [ RunTime:0.003320s ]
[ sql ] [ SQL ] SELECT `user_id`,`id`,`reach_count` FROM `pml_order` WHERE  `channel_name` = '百度移动'  AND `keyword_name` = '飞客'  AND `project_id` = 263 LIMIT 1 [ RunTime:0.003370s ]
[ sql ] [ SQL ] UPDATE `pml_order`  SET `taday_ranking`=4,`reach_count`=63,`complete_status`=1  WHERE  `channel_name` = '百度移动'  AND `keyword_name` = '飞客'  AND `project_id` = 263 [ RunTime:0.006032s ]
[ sql ] [ SQL ] SELECT b.id as order_id,`b`.`project_num`,`b`.`channel_id`,`b`.`channel_name`,`b`.`keyword_id`,`b`.`keyword_name`,`b`.`taday_ranking`,`b`.`price`,`b`.`project_id`,`a`.`name`,`b`.`user_id`,`a`.`amount` FROM `pml_projcet` `a` INNER JOIN `pml_order` `b` ON `a`.`id`=`b`.`project_id` WHERE  (  b.id="3805" ) [ RunTime:0.003410s ]
[ sql ] [ SQL ] SELECT `username` FROM `pml_user` WHERE  (  id="40" ) LIMIT 1 [ RunTime:0.003260s ]
[ sql ] [ SQL ] UPDATE `pml_projcet`  SET `amount`=14735  WHERE  (  id="263" ) [ RunTime:0.003366s ]
[ sql ] [ SQL ] INSERT INTO `pml_consumption` (`order_sn` , `channel_id` , `channel_name` , `keyword_id` , `ranking` , `money` , `user_id` , `user_name` , `projcet_id` , `projcet_name` , `status` , `is_qualified` , `order_id`) VALUES ( '86_20190701_Ex7T1Y_40',3,'百度移动',643,4,'5.00',40,'lnj',263,'飞流',1,1,3805 ) [ RunTime:0.003305s ]
[ sql ] [ SQL ] SELECT `user_id`,`id`,`reach_count` FROM `pml_order` WHERE  `channel_name` = '百度PC'  AND `keyword_name` = '飞客'  AND `project_id` = 263 LIMIT 1 [ RunTime:0.003389s ]
[ sql ] [ SQL ] UPDATE `pml_order`  SET `taday_ranking`=1,`reach_count`=63,`complete_status`=1  WHERE  `channel_name` = '百度PC'  AND `keyword_name` = '飞客'  AND `project_id` = 263 [ RunTime:0.006042s ]
[ sql ] [ SQL ] SELECT b.id as order_id,`b`.`project_num`,`b`.`channel_id`,`b`.`channel_name`,`b`.`keyword_id`,`b`.`keyword_name`,`b`.`taday_ranking`,`b`.`price`,`b`.`project_id`,`a`.`name`,`b`.`user_id`,`a`.`amount` FROM `pml_projcet` `a` INNER JOIN `pml_order` `b` ON `a`.`id`=`b`.`project_id` WHERE  (  b.id="3804" ) [ RunTime:0.003386s ]
[ sql ] [ SQL ] SELECT `username` FROM `pml_user` WHERE  (  id="40" ) LIMIT 1 [ RunTime:0.003269s ]
[ sql ] [ SQL ] UPDATE `pml_projcet`  SET `amount`=14730  WHERE  (  id="263" ) [ RunTime:0.003382s ]
[ sql ] [ SQL ] INSERT INTO `pml_consumption` (`order_sn` , `channel_id` , `channel_name` , `keyword_id` , `ranking` , `money` , `user_id` , `user_name` , `projcet_id` , `projcet_name` , `status` , `is_qualified` , `order_id`) VALUES ( '86_20190701_Ex7T1Y_40',1,'百度PC',643,1,'5.00',40,'lnj',263,'飞流',1,1,3804 ) [ RunTime:0.003310s ]
[ sql ] [ SQL ] SELECT * FROM `pml_consumption` WHERE  `projcet_id` = 265  AND (  '2019-08-28 00:00:00'< create_time and create_time < '2019-08-28 23:59:59' ) LIMIT 1 [ RunTime:0.004474s ]
[ sql ] [ SQL ] SELECT * FROM `pml_projcet` WHERE  `id` = 265  AND `pay_status` = '1' LIMIT 1 [ RunTime:0.003512s ]
[ sql ] [ SQL ] SELECT `b`.`id`,`b`.`keyword_name`,`b`.`channel_name`,`channel_id`,`a`.`address`,`a`.`days`,`b`.`create_time`,`project_id`,`b`.`reach_count`,`b`.`user_id` FROM `pml_projcet` `a` INNER JOIN `pml_order` `b` ON `a`.`id`=`b`.`project_id` WHERE  (  project_id="265" ) [ RunTime:0.003734s ]
[ sql ] [ SQL ] SELECT `user_id`,`id`,`reach_count` FROM `pml_order` WHERE  `channel_name` = '360移动'  AND `keyword_name` = '飞客'  AND `project_id` = 265 LIMIT 1 [ RunTime:0.003616s ]
[ sql ] [ SQL ] UPDATE `pml_order`  SET `taday_ranking`=1,`reach_count`=63,`complete_status`=1  WHERE  `channel_name` = '360移动'  AND `keyword_name` = '飞客'  AND `project_id` = 265 [ RunTime:0.006360s ]
[ sql ] [ SQL ] SELECT b.id as order_id,`b`.`project_num`,`b`.`channel_id`,`b`.`channel_name`,`b`.`keyword_id`,`b`.`keyword_name`,`b`.`taday_ranking`,`b`.`price`,`b`.`project_id`,`a`.`name`,`b`.`user_id`,`a`.`amount` FROM `pml_projcet` `a` INNER JOIN `pml_order` `b` ON `a`.`id`=`b`.`project_id` WHERE  (  b.id="3851" ) [ RunTime:0.003440s ]
[ sql ] [ SQL ] SELECT `username` FROM `pml_user` WHERE  (  id="41" ) LIMIT 1 [ RunTime:0.003339s ]
[ sql ] [ SQL ] UPDATE `pml_projcet`  SET `amount`=9365  WHERE  (  id="265" ) [ RunTime:0.003399s ]
[ sql ] [ SQL ] INSERT INTO `pml_consumption` (`order_sn` , `channel_id` , `channel_name` , `keyword_id` , `ranking` , `money` , `user_id` , `user_name` , `projcet_id` , `projcet_name` , `status` , `is_qualified` , `order_id`) VALUES ( '86_20190701_NfRubK_41',7,'360移动',649,1,'5.00',41,'zhaobin',265,'飞客茶馆',1,1,3851 ) [ RunTime:0.003394s ]
[ sql ] [ SQL ] SELECT `user_id`,`id`,`reach_count` FROM `pml_order` WHERE  `channel_name` = '百度移动'  AND `keyword_name` = '飞客'  AND `project_id` = 265 LIMIT 1 [ RunTime:0.003427s ]
[ sql ] [ SQL ] UPDATE `pml_order`  SET `taday_ranking`=4,`reach_count`=63,`complete_status`=1  WHERE  `channel_name` = '百度移动'  AND `keyword_name` = '飞客'  AND `project_id` = 265 [ RunTime:0.006033s ]
[ sql ] [ SQL ] SELECT b.id as order_id,`b`.`project_num`,`b`.`channel_id`,`b`.`channel_name`,`b`.`keyword_id`,`b`.`keyword_name`,`b`.`taday_ranking`,`b`.`price`,`b`.`project_id`,`a`.`name`,`b`.`user_id`,`a`.`amount` FROM `pml_projcet` `a` INNER JOIN `pml_order` `b` ON `a`.`id`=`b`.`project_id` WHERE  (  b.id="3847" ) [ RunTime:0.003420s ]
[ sql ] [ SQL ] SELECT `username` FROM `pml_user` WHERE  (  id="41" ) LIMIT 1 [ RunTime:0.003269s ]
[ sql ] [ SQL ] UPDATE `pml_projcet`  SET `amount`=9360  WHERE  (  id="265" ) [ RunTime:0.003422s ]
[ sql ] [ SQL ] INSERT INTO `pml_consumption` (`order_sn` , `channel_id` , `channel_name` , `keyword_id` , `ranking` , `money` , `user_id` , `user_name` , `projcet_id` , `projcet_name` , `status` , `is_qualified` , `order_id`) VALUES ( '86_20190701_NfRubK_41',3,'百度移动',649,4,'5.00',41,'zhaobin',265,'飞客茶馆',1,1,3847 ) [ RunTime:0.003310s ]
[ sql ] [ SQL ] SELECT `user_id`,`id`,`reach_count` FROM `pml_order` WHERE  `channel_name` = '360PC'  AND `keyword_name` = '飞客'  AND `project_id` = 265 LIMIT 1 [ RunTime:0.003430s ]
[ sql ] [ SQL ] UPDATE `pml_order`  SET `taday_ranking`=1,`reach_count`=61,`complete_status`=1  WHERE  `channel_name` = '360PC'  AND `keyword_name` = '飞客'  AND `project_id` = 265 [ RunTime:0.006073s ]
[ sql ] [ SQL ] SELECT b.id as order_id,`b`.`project_num`,`b`.`channel_id`,`b`.`channel_name`,`b`.`keyword_id`,`b`.`keyword_name`,`b`.`taday_ranking`,`b`.`price`,`b`.`project_id`,`a`.`name`,`b`.`user_id`,`a`.`amount` FROM `pml_projcet` `a` INNER JOIN `pml_order` `b` ON `a`.`id`=`b`.`project_id` WHERE  (  b.id="3850" ) [ RunTime:0.003452s ]
[ sql ] [ SQL ] SELECT `username` FROM `pml_user` WHERE  (  id="41" ) LIMIT 1 [ RunTime:0.003270s ]
[ sql ] [ SQL ] UPDATE `pml_projcet`  SET `amount`=9355  WHERE  (  id="265" ) [ RunTime:0.003408s ]
[ sql ] [ SQL ] INSERT INTO `pml_consumption` (`order_sn` , `channel_id` , `channel_name` , `keyword_id` , `ranking` , `money` , `user_id` , `user_name` , `projcet_id` , `projcet_name` , `status` , `is_qualified` , `order_id`) VALUES ( '86_20190701_NfRubK_41',5,'360PC',649,1,'5.00',41,'zhaobin',265,'飞客茶馆',1,1,3850 ) [ RunTime:0.003320s ]
[ sql ] [ SQL ] SELECT `user_id`,`id`,`reach_count` FROM `pml_order` WHERE  `channel_name` = '搜狗移动'  AND `keyword_name` = '飞客茶馆'  AND `project_id` = 265 LIMIT 1 [ RunTime:0.003424s ]
[ sql ] [ SQL ] UPDATE `pml_order`  SET `taday_ranking`=4,`reach_count`=56,`complete_status`=1  WHERE  `channel_name` = '搜狗移动'  AND `keyword_name` = '飞客茶馆'  AND `project_id` = 265 [ RunTime:0.006040s ]
[ sql ] [ SQL ] SELECT b.id as order_id,`b`.`project_num`,`b`.`channel_id`,`b`.`channel_name`,`b`.`keyword_id`,`b`.`keyword_name`,`b`.`taday_ranking`,`b`.`price`,`b`.`project_id`,`a`.`name`,`b`.`user_id`,`a`.`amount` FROM `pml_projcet` `a` INNER JOIN `pml_order` `b` ON `a`.`id`=`b`.`project_id` WHERE  (  b.id="3863" ) [ RunTime:0.003409s ]
[ sql ] [ SQL ] SELECT `username` FROM `pml_user` WHERE  (  id="41" ) LIMIT 1 [ RunTime:0.003273s ]
[ sql ] [ SQL ] UPDATE `pml_projcet`  SET `amount`=9350  WHERE  (  id="265" ) [ RunTime:0.003504s ]
[ sql ] [ SQL ] INSERT INTO `pml_consumption` (`order_sn` , `channel_id` , `channel_name` , `keyword_id` , `ranking` , `money` , `user_id` , `user_name` , `projcet_id` , `projcet_name` , `status` , `is_qualified` , `order_id`) VALUES ( '86_20190701_NfRubK_41',4,'搜狗移动',651,4,'5.00',41,'zhaobin',265,'飞客茶馆',1,1,3863 ) [ RunTime:0.003327s ]
[ sql ] [ SQL ] SELECT `user_id`,`id`,`reach_count` FROM `pml_order` WHERE  `channel_name` = '360PC'  AND `keyword_name` = '飞客茶馆'  AND `project_id` = 265 LIMIT 1 [ RunTime:0.003376s ]
[ sql ] [ SQL ] UPDATE `pml_order`  SET `taday_ranking`=1,`reach_count`=61,`complete_status`=1  WHERE  `channel_name` = '360PC'  AND `keyword_name` = '飞客茶馆'  AND `project_id` = 265 [ RunTime:0.006067s ]
[ sql ] [ SQL ] SELECT b.id as order_id,`b`.`project_num`,`b`.`channel_id`,`b`.`channel_name`,`b`.`keyword_id`,`b`.`keyword_name`,`b`.`taday_ranking`,`b`.`price`,`b`.`project_id`,`a`.`name`,`b`.`user_id`,`a`.`amount` FROM `pml_projcet` `a` INNER JOIN `pml_order` `b` ON `a`.`id`=`b`.`project_id` WHERE  (  b.id="3864" ) [ RunTime:0.003437s ]
[ sql ] [ SQL ] SELECT `username` FROM `pml_user` WHERE  (  id="41" ) LIMIT 1 [ RunTime:0.003304s ]
[ sql ] [ SQL ] UPDATE `pml_projcet`  SET `amount`=9345  WHERE  (  id="265" ) [ RunTime:0.003432s ]
[ sql ] [ SQL ] INSERT INTO `pml_consumption` (`order_sn` , `channel_id` , `channel_name` , `keyword_id` , `ranking` , `money` , `user_id` , `user_name` , `projcet_id` , `projcet_name` , `status` , `is_qualified` , `order_id`) VALUES ( '86_20190701_NfRubK_41',5,'360PC',651,1,'5.00',41,'zhaobin',265,'飞客茶馆',1,1,3864 ) [ RunTime:0.003310s ]
[ sql ] [ SQL ] SELECT `user_id`,`id`,`reach_count` FROM `pml_order` WHERE  `channel_name` = '搜狗移动'  AND `keyword_name` = '飞客'  AND `project_id` = 265 LIMIT 1 [ RunTime:0.003471s ]
[ sql ] [ SQL ] UPDATE `pml_order`  SET `taday_ranking`=1,`reach_count`=56,`complete_status`=1  WHERE  `channel_name` = '搜狗移动'  AND `keyword_name` = '飞客'  AND `project_id` = 265 [ RunTime:0.006057s ]
[ sql ] [ SQL ] SELECT b.id as order_id,`b`.`project_num`,`b`.`channel_id`,`b`.`channel_name`,`b`.`keyword_id`,`b`.`keyword_name`,`b`.`taday_ranking`,`b`.`price`,`b`.`project_id`,`a`.`name`,`b`.`user_id`,`a`.`amount` FROM `pml_projcet` `a` INNER JOIN `pml_order` `b` ON `a`.`id`=`b`.`project_id` WHERE  (  b.id="3849" ) [ RunTime:0.003438s ]
[ sql ] [ SQL ] SELECT `username` FROM `pml_user` WHERE  (  id="41" ) LIMIT 1 [ RunTime:0.003276s ]
[ sql ] [ SQL ] UPDATE `pml_projcet`  SET `amount`=9340  WHERE  (  id="265" ) [ RunTime:0.003441s ]
[ sql ] [ SQL ] INSERT INTO `pml_consumption` (`order_sn` , `channel_id` , `channel_name` , `keyword_id` , `ranking` , `money` , `user_id` , `user_name` , `projcet_id` , `projcet_name` , `status` , `is_qualified` , `order_id`) VALUES ( '86_20190701_NfRubK_41',4,'搜狗移动',649,1,'5.00',41,'zhaobin',265,'飞客茶馆',1,1,3849 ) [ RunTime:0.003329s ]
[ sql ] [ SQL ] SELECT `user_id`,`id`,`reach_count` FROM `pml_order` WHERE  `channel_name` = '百度PC'  AND `keyword_name` = '飞客茶馆'  AND `project_id` = 265 LIMIT 1 [ RunTime:0.003443s ]
[ sql ] [ SQL ] UPDATE `pml_order`  SET `taday_ranking`=1,`reach_count`=63,`complete_status`=1  WHERE  `channel_name` = '百度PC'  AND `keyword_name` = '飞客茶馆'  AND `project_id` = 265 [ RunTime:0.006044s ]
[ sql ] [ SQL ] SELECT b.id as order_id,`b`.`project_num`,`b`.`channel_id`,`b`.`channel_name`,`b`.`keyword_id`,`b`.`keyword_name`,`b`.`taday_ranking`,`b`.`price`,`b`.`project_id`,`a`.`name`,`b`.`user_id`,`a`.`amount` FROM `pml_projcet` `a` INNER JOIN `pml_order` `b` ON `a`.`id`=`b`.`project_id` WHERE  (  b.id="3860" ) [ RunTime:0.003437s ]
[ sql ] [ SQL ] SELECT `username` FROM `pml_user` WHERE  (  id="41" ) LIMIT 1 [ RunTime:0.003281s ]
[ sql ] [ SQL ] UPDATE `pml_projcet`  SET `amount`=9335  WHERE  (  id="265" ) [ RunTime:0.003454s ]
[ sql ] [ SQL ] INSERT INTO `pml_consumption` (`order_sn` , `channel_id` , `channel_name` , `keyword_id` , `ranking` , `money` , `user_id` , `user_name` , `projcet_id` , `projcet_name` , `status` , `is_qualified` , `order_id`) VALUES ( '86_20190701_NfRubK_41',1,'百度PC',651,1,'5.00',41,'zhaobin',265,'飞客茶馆',1,1,3860 ) [ RunTime:0.003312s ]
[ sql ] [ SQL ] SELECT `user_id`,`id`,`reach_count` FROM `pml_order` WHERE  `channel_name` = '百度移动'  AND `keyword_name` = '飞客茶馆'  AND `project_id` = 265 LIMIT 1 [ RunTime:0.003426s ]
[ sql ] [ SQL ] UPDATE `pml_order`  SET `taday_ranking`=2,`reach_count`=61,`complete_status`=1  WHERE  `channel_name` = '百度移动'  AND `keyword_name` = '飞客茶馆'  AND `project_id` = 265 [ RunTime:0.006085s ]
[ sql ] [ SQL ] SELECT b.id as order_id,`b`.`project_num`,`b`.`channel_id`,`b`.`channel_name`,`b`.`keyword_id`,`b`.`keyword_name`,`b`.`taday_ranking`,`b`.`price`,`b`.`project_id`,`a`.`name`,`b`.`user_id`,`a`.`amount` FROM `pml_projcet` `a` INNER JOIN `pml_order` `b` ON `a`.`id`=`b`.`project_id` WHERE  (  b.id="3861" ) [ RunTime:0.003402s ]
[ sql ] [ SQL ] SELECT `username` FROM `pml_user` WHERE  (  id="41" ) LIMIT 1 [ RunTime:0.003269s ]
[ sql ] [ SQL ] UPDATE `pml_projcet`  SET `amount`=9330  WHERE  (  id="265" ) [ RunTime:0.003435s ]
[ sql ] [ SQL ] INSERT INTO `pml_consumption` (`order_sn` , `channel_id` , `channel_name` , `keyword_id` , `ranking` , `money` , `user_id` , `user_name` , `projcet_id` , `projcet_name` , `status` , `is_qualified` , `order_id`) VALUES ( '86_20190701_NfRubK_41',3,'百度移动',651,2,'5.00',41,'zhaobin',265,'飞客茶馆',1,1,3861 ) [ RunTime:0.003378s ]
[ sql ] [ SQL ] SELECT `user_id`,`id`,`reach_count` FROM `pml_order` WHERE  `channel_name` = '神马'  AND `keyword_name` = '茶馆'  AND `project_id` = 265 LIMIT 1 [ RunTime:0.003514s ]
[ sql ] [ SQL ] UPDATE `pml_order`  SET `taday_ranking`=100,`complete_status`=0  WHERE  `channel_name` = '神马'  AND `keyword_name` = '茶馆'  AND `project_id` = 265 [ RunTime:0.007664s ]
[ sql ] [ SQL ] SELECT `user_id`,`id`,`reach_count` FROM `pml_order` WHERE  `channel_name` = '神马'  AND `keyword_name` = '飞客茶馆'  AND `project_id` = 265 LIMIT 1 [ RunTime:0.003528s ]
[ sql ] [ SQL ] UPDATE `pml_order`  SET `taday_ranking`=11,`complete_status`=0  WHERE  `channel_name` = '神马'  AND `keyword_name` = '飞客茶馆'  AND `project_id` = 265 [ RunTime:0.006443s ]
[ sql ] [ SQL ] SELECT `user_id`,`id`,`reach_count` FROM `pml_order` WHERE  `channel_name` = '360移动'  AND `keyword_name` = '飞客茶馆'  AND `project_id` = 265 LIMIT 1 [ RunTime:0.003561s ]
[ sql ] [ SQL ] UPDATE `pml_order`  SET `taday_ranking`=1,`reach_count`=63,`complete_status`=1  WHERE  `channel_name` = '360移动'  AND `keyword_name` = '飞客茶馆'  AND `project_id` = 265 [ RunTime:0.007811s ]
[ sql ] [ SQL ] SELECT b.id as order_id,`b`.`project_num`,`b`.`channel_id`,`b`.`channel_name`,`b`.`keyword_id`,`b`.`keyword_name`,`b`.`taday_ranking`,`b`.`price`,`b`.`project_id`,`a`.`name`,`b`.`user_id`,`a`.`amount` FROM `pml_projcet` `a` INNER JOIN `pml_order` `b` ON `a`.`id`=`b`.`project_id` WHERE  (  b.id="3865" ) [ RunTime:0.003548s ]
[ sql ] [ SQL ] SELECT `username` FROM `pml_user` WHERE  (  id="41" ) LIMIT 1 [ RunTime:0.003347s ]
[ sql ] [ SQL ] UPDATE `pml_projcet`  SET `amount`=9325  WHERE  (  id="265" ) [ RunTime:0.003679s ]
[ sql ] [ SQL ] INSERT INTO `pml_consumption` (`order_sn` , `channel_id` , `channel_name` , `keyword_id` , `ranking` , `money` , `user_id` , `user_name` , `projcet_id` , `projcet_name` , `status` , `is_qualified` , `order_id`) VALUES ( '86_20190701_NfRubK_41',7,'360移动',651,1,'5.00',41,'zhaobin',265,'飞客茶馆',1,1,3865 ) [ RunTime:0.003368s ]
[ sql ] [ SQL ] SELECT `user_id`,`id`,`reach_count` FROM `pml_order` WHERE  `channel_name` = '神马'  AND `keyword_name` = '飞客'  AND `project_id` = 265 LIMIT 1 [ RunTime:0.003394s ]
[ sql ] [ SQL ] UPDATE `pml_order`  SET `taday_ranking`=15,`complete_status`=0  WHERE  `channel_name` = '神马'  AND `keyword_name` = '飞客'  AND `project_id` = 265 [ RunTime:0.006073s ]
[ sql ] [ SQL ] SELECT `user_id`,`id`,`reach_count` FROM `pml_order` WHERE  `channel_name` = '搜狗PC'  AND `keyword_name` = '飞客'  AND `project_id` = 265 LIMIT 1 [ RunTime:0.003402s ]
[ sql ] [ SQL ] UPDATE `pml_order`  SET `taday_ranking`=2,`reach_count`=63,`complete_status`=1  WHERE  `channel_name` = '搜狗PC'  AND `keyword_name` = '飞客'  AND `project_id` = 265 [ RunTime:0.006045s ]
[ sql ] [ SQL ] SELECT b.id as order_id,`b`.`project_num`,`b`.`channel_id`,`b`.`channel_name`,`b`.`keyword_id`,`b`.`keyword_name`,`b`.`taday_ranking`,`b`.`price`,`b`.`project_id`,`a`.`name`,`b`.`user_id`,`a`.`amount` FROM `pml_projcet` `a` INNER JOIN `pml_order` `b` ON `a`.`id`=`b`.`project_id` WHERE  (  b.id="3848" ) [ RunTime:0.003428s ]
[ sql ] [ SQL ] SELECT `username` FROM `pml_user` WHERE  (  id="41" ) LIMIT 1 [ RunTime:0.003276s ]
[ sql ] [ SQL ] UPDATE `pml_projcet`  SET `amount`=9320  WHERE  (  id="265" ) [ RunTime:0.003403s ]
[ sql ] [ SQL ] INSERT INTO `pml_consumption` (`order_sn` , `channel_id` , `channel_name` , `keyword_id` , `ranking` , `money` , `user_id` , `user_name` , `projcet_id` , `projcet_name` , `status` , `is_qualified` , `order_id`) VALUES ( '86_20190701_NfRubK_41',2,'搜狗PC',649,2,'5.00',41,'zhaobin',265,'飞客茶馆',1,1,3848 ) [ RunTime:0.003332s ]
[ sql ] [ SQL ] SELECT `user_id`,`id`,`reach_count` FROM `pml_order` WHERE  `channel_name` = '百度PC'  AND `keyword_name` = '飞客'  AND `project_id` = 265 LIMIT 1 [ RunTime:0.003401s ]
[ sql ] [ SQL ] UPDATE `pml_order`  SET `taday_ranking`=1,`reach_count`=63,`complete_status`=1  WHERE  `channel_name` = '百度PC'  AND `keyword_name` = '飞客'  AND `project_id` = 265 [ RunTime:0.006048s ]
[ sql ] [ SQL ] SELECT b.id as order_id,`b`.`project_num`,`b`.`channel_id`,`b`.`channel_name`,`b`.`keyword_id`,`b`.`keyword_name`,`b`.`taday_ranking`,`b`.`price`,`b`.`project_id`,`a`.`name`,`b`.`user_id`,`a`.`amount` FROM `pml_projcet` `a` INNER JOIN `pml_order` `b` ON `a`.`id`=`b`.`project_id` WHERE  (  b.id="3846" ) [ RunTime:0.003412s ]
[ sql ] [ SQL ] SELECT `username` FROM `pml_user` WHERE  (  id="41" ) LIMIT 1 [ RunTime:0.003291s ]
[ sql ] [ SQL ] UPDATE `pml_projcet`  SET `amount`=9315  WHERE  (  id="265" ) [ RunTime:0.003399s ]
[ sql ] [ SQL ] INSERT INTO `pml_consumption` (`order_sn` , `channel_id` , `channel_name` , `keyword_id` , `ranking` , `money` , `user_id` , `user_name` , `projcet_id` , `projcet_name` , `status` , `is_qualified` , `order_id`) VALUES ( '86_20190701_NfRubK_41',1,'百度PC',649,1,'5.00',41,'zhaobin',265,'飞客茶馆',1,1,3846 ) [ RunTime:0.003317s ]
[ sql ] [ SQL ] SELECT `user_id`,`id`,`reach_count` FROM `pml_order` WHERE  `channel_name` = '360PC'  AND `keyword_name` = '茶馆'  AND `project_id` = 265 LIMIT 1 [ RunTime:0.003399s ]
[ sql ] [ SQL ] UPDATE `pml_order`  SET `taday_ranking`=18,`complete_status`=0  WHERE  `channel_name` = '360PC'  AND `keyword_name` = '茶馆'  AND `project_id` = 265 [ RunTime:0.006008s ]
[ sql ] [ SQL ] SELECT `user_id`,`id`,`reach_count` FROM `pml_order` WHERE  `channel_name` = '搜狗PC'  AND `keyword_name` = '飞客茶馆'  AND `project_id` = 265 LIMIT 1 [ RunTime:0.003481s ]
[ sql ] [ SQL ] UPDATE `pml_order`  SET `taday_ranking`=1,`reach_count`=63,`complete_status`=1  WHERE  `channel_name` = '搜狗PC'  AND `keyword_name` = '飞客茶馆'  AND `project_id` = 265 [ RunTime:0.006045s ]
[ sql ] [ SQL ] SELECT b.id as order_id,`b`.`project_num`,`b`.`channel_id`,`b`.`channel_name`,`b`.`keyword_id`,`b`.`keyword_name`,`b`.`taday_ranking`,`b`.`price`,`b`.`project_id`,`a`.`name`,`b`.`user_id`,`a`.`amount` FROM `pml_projcet` `a` INNER JOIN `pml_order` `b` ON `a`.`id`=`b`.`project_id` WHERE  (  b.id="3862" ) [ RunTime:0.003433s ]
[ sql ] [ SQL ] SELECT `username` FROM `pml_user` WHERE  (  id="41" ) LIMIT 1 [ RunTime:0.003288s ]
[ sql ] [ SQL ] UPDATE `pml_projcet`  SET `amount`=9310  WHERE  (  id="265" ) [ RunTime:0.003395s ]
[ sql ] [ SQL ] INSERT INTO `pml_consumption` (`order_sn` , `channel_id` , `channel_name` , `keyword_id` , `ranking` , `money` , `user_id` , `user_name` , `projcet_id` , `projcet_name` , `status` , `is_qualified` , `order_id`) VALUES ( '86_20190701_NfRubK_41',2,'搜狗PC',651,1,'5.00',41,'zhaobin',265,'飞客茶馆',1,1,3862 ) [ RunTime:0.003324s ]
[ sql ] [ SQL ] SELECT `user_id`,`id`,`reach_count` FROM `pml_order` WHERE  `channel_name` = '百度PC'  AND `keyword_name` = '旅行'  AND `project_id` = 265 LIMIT 1 [ RunTime:0.003436s ]
[ sql ] [ SQL ] UPDATE `pml_order`  SET `taday_ranking`=100,`complete_status`=0  WHERE  `channel_name` = '百度PC'  AND `keyword_name` = '旅行'  AND `project_id` = 265 [ RunTime:0.006024s ]
[ sql ] [ SQL ] SELECT `user_id`,`id`,`reach_count` FROM `pml_order` WHERE  `channel_name` = '百度PC'  AND `keyword_name` = '茶馆'  AND `project_id` = 265 LIMIT 1 [ RunTime:0.003421s ]
[ sql ] [ SQL ] UPDATE `pml_order`  SET `taday_ranking`=12,`complete_status`=0  WHERE  `channel_name` = '百度PC'  AND `keyword_name` = '茶馆'  AND `project_id` = 265 [ RunTime:0.007704s ]
[ sql ] [ SQL ] SELECT `user_id`,`id`,`reach_count` FROM `pml_order` WHERE  `channel_name` = '搜狗移动'  AND `keyword_name` = '阿斯顿'  AND `project_id` = 265 LIMIT 1 [ RunTime:0.003533s ]
[ sql ] [ SQL ] UPDATE `pml_order`  SET `taday_ranking`=100,`complete_status`=0  WHERE  `channel_name` = '搜狗移动'  AND `keyword_name` = '阿斯顿'  AND `project_id` = 265 [ RunTime:0.006802s ]
[ sql ] [ SQL ] SELECT `user_id`,`id`,`reach_count` FROM `pml_order` WHERE  `channel_name` = '神马'  AND `keyword_name` = '阿斯顿'  AND `project_id` = 265 LIMIT 1 [ RunTime:0.003475s ]
[ sql ] [ SQL ] UPDATE `pml_order`  SET `taday_ranking`=100,`complete_status`=0  WHERE  `channel_name` = '神马'  AND `keyword_name` = '阿斯顿'  AND `project_id` = 265 [ RunTime:0.007665s ]
[ sql ] [ SQL ] SELECT `user_id`,`id`,`reach_count` FROM `pml_order` WHERE  `channel_name` = '搜狗移动'  AND `keyword_name` = '茶馆'  AND `project_id` = 265 LIMIT 1 [ RunTime:0.003547s ]
[ sql ] [ SQL ] UPDATE `pml_order`  SET `taday_ranking`=100,`complete_status`=0  WHERE  `channel_name` = '搜狗移动'  AND `keyword_name` = '茶馆'  AND `project_id` = 265 [ RunTime:0.007691s ]
[ sql ] [ SQL ] SELECT `user_id`,`id`,`reach_count` FROM `pml_order` WHERE  `channel_name` = '百度PC'  AND `keyword_name` = '阿斯顿'  AND `project_id` = 265 LIMIT 1 [ RunTime:0.003540s ]
[ sql ] [ SQL ] UPDATE `pml_order`  SET `taday_ranking`=100,`complete_status`=0  WHERE  `channel_name` = '百度PC'  AND `keyword_name` = '阿斯顿'  AND `project_id` = 265 [ RunTime:0.006078s ]
[ sql ] [ SQL ] SELECT `user_id`,`id`,`reach_count` FROM `pml_order` WHERE  `channel_name` = '360移动'  AND `keyword_name` = '茶馆'  AND `project_id` = 265 LIMIT 1 [ RunTime:0.003439s ]
[ sql ] [ SQL ] UPDATE `pml_order`  SET `taday_ranking`=26,`complete_status`=0  WHERE  `channel_name` = '360移动'  AND `keyword_name` = '茶馆'  AND `project_id` = 265 [ RunTime:0.006022s ]
[ sql ] [ SQL ] SELECT `user_id`,`id`,`reach_count` FROM `pml_order` WHERE  `channel_name` = '360PC'  AND `keyword_name` = '阿斯顿'  AND `project_id` = 265 LIMIT 1 [ RunTime:0.003421s ]
[ sql ] [ SQL ] UPDATE `pml_order`  SET `taday_ranking`=100,`complete_status`=0  WHERE  `channel_name` = '360PC'  AND `keyword_name` = '阿斯顿'  AND `project_id` = 265 [ RunTime:0.006073s ]
[ sql ] [ SQL ] SELECT `user_id`,`id`,`reach_count` FROM `pml_order` WHERE  `channel_name` = '360移动'  AND `keyword_name` = '阿斯顿'  AND `project_id` = 265 LIMIT 1 [ RunTime:0.003435s ]
[ sql ] [ SQL ] UPDATE `pml_order`  SET `taday_ranking`=100,`complete_status`=0  WHERE  `channel_name` = '360移动'  AND `keyword_name` = '阿斯顿'  AND `project_id` = 265 [ RunTime:0.006042s ]
[ sql ] [ SQL ] SELECT `user_id`,`id`,`reach_count` FROM `pml_order` WHERE  `channel_name` = '百度移动'  AND `keyword_name` = '茶馆'  AND `project_id` = 265 LIMIT 1 [ RunTime:0.003432s ]
[ sql ] [ SQL ] UPDATE `pml_order`  SET `taday_ranking`=100,`complete_status`=0  WHERE  `channel_name` = '百度移动'  AND `keyword_name` = '茶馆'  AND `project_id` = 265 [ RunTime:0.006223s ]
[ sql ] [ SQL ] SELECT `user_id`,`id`,`reach_count` FROM `pml_order` WHERE  `channel_name` = '百度移动'  AND `keyword_name` = '阿斯顿'  AND `project_id` = 265 LIMIT 1 [ RunTime:0.003470s ]
[ sql ] [ SQL ] UPDATE `pml_order`  SET `taday_ranking`=100,`complete_status`=0  WHERE  `channel_name` = '百度移动'  AND `keyword_name` = '阿斯顿'  AND `project_id` = 265 [ RunTime:0.006089s ]
[ sql ] [ SQL ] SELECT `user_id`,`id`,`reach_count` FROM `pml_order` WHERE  `channel_name` = '搜狗PC'  AND `keyword_name` = '阿斯顿'  AND `project_id` = 265 LIMIT 1 [ RunTime:0.003416s ]
[ sql ] [ SQL ] UPDATE `pml_order`  SET `taday_ranking`=100,`complete_status`=0  WHERE  `channel_name` = '搜狗PC'  AND `keyword_name` = '阿斯顿'  AND `project_id` = 265 [ RunTime:0.006025s ]
[ sql ] [ SQL ] SELECT `user_id`,`id`,`reach_count` FROM `pml_order` WHERE  `channel_name` = '搜狗PC'  AND `keyword_name` = '茶馆'  AND `project_id` = 265 LIMIT 1 [ RunTime:0.003429s ]
[ sql ] [ SQL ] UPDATE `pml_order`  SET `taday_ranking`=68,`complete_status`=0  WHERE  `channel_name` = '搜狗PC'  AND `keyword_name` = '茶馆'  AND `project_id` = 265 [ RunTime:0.006082s ]
[ sql ] [ SQL ] SELECT * FROM `pml_consumption` WHERE  `projcet_id` = 459  AND (  '2019-08-28 00:00:00'< create_time and create_time < '2019-08-28 23:59:59' ) LIMIT 1 [ RunTime:0.004298s ]
[ sql ] [ SQL ] SELECT * FROM `pml_projcet` WHERE  `id` = 459  AND `pay_status` = '1' LIMIT 1 [ RunTime:0.003432s ]
[ sql ] [ SQL ] SELECT `b`.`id`,`b`.`keyword_name`,`b`.`channel_name`,`channel_id`,`a`.`address`,`a`.`days`,`b`.`create_time`,`project_id`,`b`.`reach_count`,`b`.`user_id` FROM `pml_projcet` `a` INNER JOIN `pml_order` `b` ON `a`.`id`=`b`.`project_id` WHERE  (  project_id="459" ) [ RunTime:0.003748s ]
[ sql ] [ SQL ] SELECT `user_id`,`id`,`reach_count` FROM `pml_order` WHERE  `channel_name` = '百度PC'  AND `keyword_name` = '上海知名SEO公司'  AND `project_id` = 459 LIMIT 1 [ RunTime:0.003892s ]
[ sql ] [ SQL ] UPDATE `pml_order`  SET `taday_ranking`=6,`reach_count`=46,`complete_status`=1  WHERE  `channel_name` = '百度PC'  AND `keyword_name` = '上海知名SEO公司'  AND `project_id` = 459 [ RunTime:0.006840s ]
[ sql ] [ SQL ] SELECT b.id as order_id,`b`.`project_num`,`b`.`channel_id`,`b`.`channel_name`,`b`.`keyword_id`,`b`.`keyword_name`,`b`.`taday_ranking`,`b`.`price`,`b`.`project_id`,`a`.`name`,`b`.`user_id`,`a`.`amount` FROM `pml_projcet` `a` INNER JOIN `pml_order` `b` ON `a`.`id`=`b`.`project_id` WHERE  (  b.id="5200" ) [ RunTime:0.003451s ]
[ sql ] [ SQL ] SELECT `username` FROM `pml_user` WHERE  (  id="47" ) LIMIT 1 [ RunTime:0.003365s ]
[ sql ] [ SQL ] UPDATE `pml_projcet`  SET `amount`=5140  WHERE  (  id="459" ) [ RunTime:0.003427s ]
[ sql ] [ SQL ] INSERT INTO `pml_consumption` (`order_sn` , `channel_id` , `channel_name` , `keyword_id` , `ranking` , `money` , `user_id` , `user_name` , `projcet_id` , `projcet_name` , `status` , `is_qualified` , `order_id`) VALUES ( '862019070923585147',1,'百度PC',1005,6,'5.00',47,'eden',459,'智火SEO',1,1,5200 ) [ RunTime:0.003384s ]
[ sql ] [ SQL ] SELECT `user_id`,`id`,`reach_count` FROM `pml_order` WHERE  `channel_name` = '360PC'  AND `keyword_name` = '上海知名SEO公司'  AND `project_id` = 459 LIMIT 1 [ RunTime:0.003639s ]
[ sql ] [ SQL ] UPDATE `pml_order`  SET `taday_ranking`=1,`reach_count`=50,`complete_status`=1  WHERE  `channel_name` = '360PC'  AND `keyword_name` = '上海知名SEO公司'  AND `project_id` = 459 [ RunTime:0.006022s ]
[ sql ] [ SQL ] SELECT b.id as order_id,`b`.`project_num`,`b`.`channel_id`,`b`.`channel_name`,`b`.`keyword_id`,`b`.`keyword_name`,`b`.`taday_ranking`,`b`.`price`,`b`.`project_id`,`a`.`name`,`b`.`user_id`,`a`.`amount` FROM `pml_projcet` `a` INNER JOIN `pml_order` `b` ON `a`.`id`=`b`.`project_id` WHERE  (  b.id="5204" ) [ RunTime:0.003413s ]
[ sql ] [ SQL ] SELECT `username` FROM `pml_user` WHERE  (  id="47" ) LIMIT 1 [ RunTime:0.003280s ]
[ sql ] [ SQL ] UPDATE `pml_projcet`  SET `amount`=5135  WHERE  (  id="459" ) [ RunTime:0.003399s ]
[ sql ] [ SQL ] INSERT INTO `pml_consumption` (`order_sn` , `channel_id` , `channel_name` , `keyword_id` , `ranking` , `money` , `user_id` , `user_name` , `projcet_id` , `projcet_name` , `status` , `is_qualified` , `order_id`) VALUES ( '862019070923585147',5,'360PC',1005,1,'5.00',47,'eden',459,'智火SEO',1,1,5204 ) [ RunTime:0.003339s ]
[ sql ] [ SQL ] SELECT `user_id`,`id`,`reach_count` FROM `pml_order` WHERE  `channel_name` = '搜狗PC'  AND `keyword_name` = '上海知名SEO公司'  AND `project_id` = 459 LIMIT 1 [ RunTime:0.003627s ]
[ sql ] [ SQL ] UPDATE `pml_order`  SET `taday_ranking`=6,`reach_count`=49,`complete_status`=1  WHERE  `channel_name` = '搜狗PC'  AND `keyword_name` = '上海知名SEO公司'  AND `project_id` = 459 [ RunTime:0.006074s ]
[ sql ] [ SQL ] SELECT b.id as order_id,`b`.`project_num`,`b`.`channel_id`,`b`.`channel_name`,`b`.`keyword_id`,`b`.`keyword_name`,`b`.`taday_ranking`,`b`.`price`,`b`.`project_id`,`a`.`name`,`b`.`user_id`,`a`.`amount` FROM `pml_projcet` `a` INNER JOIN `pml_order` `b` ON `a`.`id`=`b`.`project_id` WHERE  (  b.id="5202" ) [ RunTime:0.003426s ]
[ sql ] [ SQL ] SELECT `username` FROM `pml_user` WHERE  (  id="47" ) LIMIT 1 [ RunTime:0.003293s ]
[ sql ] [ SQL ] UPDATE `pml_projcet`  SET `amount`=5130  WHERE  (  id="459" ) [ RunTime:0.003422s ]
[ sql ] [ SQL ] INSERT INTO `pml_consumption` (`order_sn` , `channel_id` , `channel_name` , `keyword_id` , `ranking` , `money` , `user_id` , `user_name` , `projcet_id` , `projcet_name` , `status` , `is_qualified` , `order_id`) VALUES ( '862019070923585147',2,'搜狗PC',1005,6,'5.00',47,'eden',459,'智火SEO',1,1,5202 ) [ RunTime:0.003333s ]
[ sql ] [ SQL ] SELECT `user_id`,`id`,`reach_count` FROM `pml_order` WHERE  `channel_name` = '360移动'  AND `keyword_name` = '上海知名SEO公司'  AND `project_id` = 459 LIMIT 1 [ RunTime:0.003655s ]
[ sql ] [ SQL ] UPDATE `pml_order`  SET `taday_ranking`=1,`reach_count`=49,`complete_status`=1  WHERE  `channel_name` = '360移动'  AND `keyword_name` = '上海知名SEO公司'  AND `project_id` = 459 [ RunTime:0.006037s ]
[ sql ] [ SQL ] SELECT b.id as order_id,`b`.`project_num`,`b`.`channel_id`,`b`.`channel_name`,`b`.`keyword_id`,`b`.`keyword_name`,`b`.`taday_ranking`,`b`.`price`,`b`.`project_id`,`a`.`name`,`b`.`user_id`,`a`.`amount` FROM `pml_projcet` `a` INNER JOIN `pml_order` `b` ON `a`.`id`=`b`.`project_id` WHERE  (  b.id="5205" ) [ RunTime:0.003437s ]
[ sql ] [ SQL ] SELECT `username` FROM `pml_user` WHERE  (  id="47" ) LIMIT 1 [ RunTime:0.003290s ]
[ sql ] [ SQL ] UPDATE `pml_projcet`  SET `amount`=5125  WHERE  (  id="459" ) [ RunTime:0.003470s ]
[ sql ] [ SQL ] INSERT INTO `pml_consumption` (`order_sn` , `channel_id` , `channel_name` , `keyword_id` , `ranking` , `money` , `user_id` , `user_name` , `projcet_id` , `projcet_name` , `status` , `is_qualified` , `order_id`) VALUES ( '862019070923585147',7,'360移动',1005,1,'5.00',47,'eden',459,'智火SEO',1,1,5205 ) [ RunTime:0.003320s ]
[ sql ] [ SQL ] SELECT `user_id`,`id`,`reach_count` FROM `pml_order` WHERE  `channel_name` = '神马'  AND `keyword_name` = '上海知名SEO公司'  AND `project_id` = 459 LIMIT 1 [ RunTime:0.003748s ]
[ sql ] [ SQL ] UPDATE `pml_order`  SET `taday_ranking`=100,`complete_status`=0  WHERE  `channel_name` = '神马'  AND `keyword_name` = '上海知名SEO公司'  AND `project_id` = 459 [ RunTime:0.006025s ]
[ sql ] [ SQL ] SELECT `user_id`,`id`,`reach_count` FROM `pml_order` WHERE  `channel_name` = '搜狗移动'  AND `keyword_name` = '上海知名SEO公司'  AND `project_id` = 459 LIMIT 1 [ RunTime:0.003809s ]
[ sql ] [ SQL ] UPDATE `pml_order`  SET `taday_ranking`=47,`complete_status`=0  WHERE  `channel_name` = '搜狗移动'  AND `keyword_name` = '上海知名SEO公司'  AND `project_id` = 459 [ RunTime:0.006158s ]
[ sql ] [ SQL ] SELECT `user_id`,`id`,`reach_count` FROM `pml_order` WHERE  `channel_name` = '百度移动'  AND `keyword_name` = '上海知名SEO公司'  AND `project_id` = 459 LIMIT 1 [ RunTime:0.003644s ]
[ sql ] [ SQL ] UPDATE `pml_order`  SET `taday_ranking`=100,`complete_status`=0  WHERE  `channel_name` = '百度移动'  AND `keyword_name` = '上海知名SEO公司'  AND `project_id` = 459 [ RunTime:0.006017s ]
---------------------------------------------------------------
[ 2019-08-28T11:45:33+08:00 ] 47.98.103.6 GET pml.zhihuo.com.cn/
[运行时间：0.110987s] [吞吐率：9.01req/s] [内存消耗：2,579.38kb] [文件加载：67]
[ info ] [ BEHAVIOR ] Run Closure @app_init [ RunTime:0.000030s ]
[ info ] [ CACHE ] INIT File
[ info ] [ BEHAVIOR ] Run Closure @app_init [ RunTime:0.002289s ]
[ info ] [ LANG ] /www/wwwroot/pml_zhihuo_com_cn/pml/thinkphp/lang/zh-cn.php
[ info ] [ ROUTE ] array (
  'type' => 'module',
  'module' => 
  array (
    0 => '',
    1 => NULL,
    2 => NULL,
  ),
)
[ info ] [ HEADER ] array (
  'accept-encoding' => 'gzip',
  'connection' => 'Keep-Alive',
  'host' => 'pml.zhihuo.com.cn',
  'user-agent' => 'Mozilla/5.0 (X11; Ubuntu; Linux x86_64; rv:36.0) Gecko/20100101 Firefox/36.0',
  'content-type' => '',
  'content-length' => '',
)
[ info ] [ PARAM ] array (
)
[ info ] [ LANG ] /www/wwwroot/pml_zhihuo_com_cn/pml/public/../application/admin/lang/zh-cn.php
[ info ] [ BEHAVIOR ] Run app\common\behavior\Common @module_init [ RunTime:0.002208s ]
[ info ] [ SESSION ] INIT array (
  'id' => '',
  'var_session_id' => '',
  'prefix' => 'think',
  'type' => '',
  'auto_start' => true,
)
[ info ] [ VIEW ] /www/wwwroot/pml_zhihuo_com_cn/pml/public/../application/common/view/tpl/dispatch_jump.tpl [ array (
  0 => 'code',
  1 => 'msg',
  2 => 'data',
  3 => 'url',
  4 => 'wait',
) ]
[ info ] [ BEHAVIOR ] Run app\admin\behavior\AdminLog @app_end [ RunTime:0.000330s ]
[ info ] [ LOG ] INIT File
---------------------------------------------------------------
[ 2019-08-28T11:45:34+08:00 ] 47.98.103.6 GET pml.zhihuo.com.cn/admin/index/login?url=%2F
[运行时间：0.027441s] [吞吐率：36.44req/s] [内存消耗：2,936.06kb] [文件加载：70]
[ info ] [ BEHAVIOR ] Run Closure @app_init [ RunTime:0.000023s ]
[ info ] [ CACHE ] INIT File
[ info ] [ BEHAVIOR ] Run Closure @app_init [ RunTime:0.000836s ]
[ info ] [ LANG ] /www/wwwroot/pml_zhihuo_com_cn/pml/thinkphp/lang/zh-cn.php
[ info ] [ ROUTE ] array (
  'type' => 'module',
  'module' => 
  array (
    0 => 'admin',
    1 => 'index',
    2 => 'login',
  ),
)
[ info ] [ HEADER ] array (
  'accept-encoding' => 'gzip',
  'connection' => 'Keep-Alive',
  'host' => 'pml.zhihuo.com.cn',
  'user-agent' => 'Mozilla/5.0 (X11; Ubuntu; Linux x86_64; rv:36.0) Gecko/20100101 Firefox/36.0',
  'content-type' => '',
  'content-length' => '',
)
[ info ] [ PARAM ] array (
  'url' => '/',
)
[ info ] [ LANG ] /www/wwwroot/pml_zhihuo_com_cn/pml/public/../application/admin/lang/zh-cn.php
[ info ] [ BEHAVIOR ] Run app\common\behavior\Common @module_init [ RunTime:0.001222s ]
[ info ] [ SESSION ] INIT array (
  'id' => '',
  'var_session_id' => '',
  'prefix' => 'think',
  'type' => '',
  'auto_start' => true,
)
[ info ] [ LANG ] /www/wwwroot/pml_zhihuo_com_cn/pml/public/../application/admin/lang/zh-cn/index.php
[ info ] [ RUN ] app\admin\controller\Index->login[ /www/wwwroot/pml_zhihuo_com_cn/pml/application/admin/controller/Index.php ]
[ info ] [ VIEW ] /www/wwwroot/pml_zhihuo_com_cn/pml/public/../application/admin/view/index/login.html [ array (
  0 => 'breadcrumb',
  1 => 'site',
  2 => 'config',
  3 => 'auth',
  4 => 'admin',
  5 => 'background',
  6 => 'title',
) ]
[ info ] [ BEHAVIOR ] Run app\admin\behavior\AdminLog @app_end [ RunTime:0.000065s ]
[ info ] [ LOG ] INIT File
---------------------------------------------------------------
[ 2019-08-28T20:01:17+08:00 ] 103.214.85.218 GET pml.zhihuo.com.cn/favicon.ico
[运行时间：0.049730s] [吞吐率：20.11req/s] [内存消耗：1,793.76kb] [文件加载：49]
[ info ] [ BEHAVIOR ] Run Closure @app_init [ RunTime:0.000023s ]
[ info ] [ CACHE ] INIT File
[ info ] [ BEHAVIOR ] Run Closure @app_init [ RunTime:0.001751s ]
[ info ] [ LANG ] /www/wwwroot/pml_zhihuo_com_cn/pml/thinkphp/lang/zh-cn.php
[ info ] [ ROUTE ] array (
  'type' => 'module',
  'module' => 
  array (
    0 => 'favicon.ico',
    1 => NULL,
    2 => NULL,
  ),
)
[ info ] [ HEADER ] array (
  'cookie' => 'Hm_lvt_e0845fb1e119f3334dd0576bd5ee0260=1563350159',
  'accept-encoding' => 'gzip, deflate',
  'user-agent' => 'Mozilla/5.0 (Windows NT 6.1; WOW64) AppleWebKit/537.36 (KHTML, like Gecko) Chrome/49.0.2623.221 Safari/537.36 SE 2.X MetaSr 1.0',
  'cache-control' => 'no-cache',
  'pragma' => 'no-cache',
  'connection' => 'Keep-Alive',
  'host' => 'pml.zhihuo.com.cn',
  'content-type' => '',
  'content-length' => '',
)
[ info ] [ PARAM ] array (
)
[ info ] [ LOG ] INIT File
---------------------------------------------------------------
[ 2019-08-28T20:01:17+08:00 ] 103.214.85.218 GET pml.zhihuo.com.cn/favicon.ico
[运行时间：0.027218s] [吞吐率：36.74req/s] [内存消耗：1,793.79kb] [文件加载：49]
[ info ] [ BEHAVIOR ] Run Closure @app_init [ RunTime:0.000020s ]
[ info ] [ CACHE ] INIT File
[ info ] [ BEHAVIOR ] Run Closure @app_init [ RunTime:0.001215s ]
[ info ] [ LANG ] /www/wwwroot/pml_zhihuo_com_cn/pml/thinkphp/lang/zh-cn.php
[ info ] [ ROUTE ] array (
  'type' => 'module',
  'module' => 
  array (
    0 => '404',
    1 => NULL,
    2 => NULL,
  ),
)
[ info ] [ HEADER ] array (
  'cookie' => 'Hm_lvt_e0845fb1e119f3334dd0576bd5ee0260=1563350159',
  'accept-encoding' => 'gzip, deflate',
  'user-agent' => 'Mozilla/5.0 (Windows NT 6.1; WOW64) AppleWebKit/537.36 (KHTML, like Gecko) Chrome/49.0.2623.221 Safari/537.36 SE 2.X MetaSr 1.0',
  'cache-control' => 'no-cache',
  'pragma' => 'no-cache',
  'connection' => 'Keep-Alive',
  'host' => 'pml.zhihuo.com.cn',
  'content-type' => '',
  'content-length' => '',
)
[ info ] [ PARAM ] array (
)
[ info ] [ LOG ] INIT File
